::1 - - [18/Nov/2014:20:24:29 +0100] "GET / HTTP/1.1" 200 79116
::1 - - [18/Nov/2014:20:24:29 +0100] "GET /index.php?=PHPE9568F34-D428-11d2-A769-00AA001ACF42 HTTP/1.1" 200 2524
::1 - - [18/Nov/2014:20:24:29 +0100] "GET /index.php?=PHPE9568F35-D428-11d2-A769-00AA001ACF42 HTTP/1.1" 200 2146
::1 - - [18/Nov/2014:20:24:32 +0100] "GET /project/ HTTP/1.1" 200 538
::1 - - [18/Nov/2014:20:24:34 +0100] "GET /project/assignment1.html HTTP/1.1" 200 1761
::1 - - [18/Nov/2014:20:25:18 +0100] "GET /project/assignment1.html HTTP/1.1" 200 1757
::1 - - [18/Nov/2014:20:25:18 +0100] "GET /project/cities-geometry.json HTTP/1.1" 304 -
::1 - - [18/Nov/2014:20:25:18 +0100] "GET /project/cities-data.txt HTTP/1.1" 304 -
::1 - - [18/Nov/2014:20:26:02 +0100] "GET /project/ HTTP/1.1" 200 538
::1 - - [18/Nov/2014:20:26:03 +0100] "GET /project/bar_test.html HTTP/1.1" 200 1048
::1 - - [18/Nov/2014:20:34:36 +0100] "GET /project/bar_test.html HTTP/1.1" 304 -
::1 - - [18/Nov/2014:20:34:36 +0100] "GET /project/cities-data.txt HTTP/1.1" 304 -
::1 - - [18/Nov/2014:20:46:08 +0100] "GET / HTTP/1.1" 200 79116
::1 - - [18/Nov/2014:20:46:08 +0100] "GET /index.php?=PHPE9568F34-D428-11d2-A769-00AA001ACF42 HTTP/1.1" 200 2524
::1 - - [18/Nov/2014:20:46:08 +0100] "GET /index.php?=PHPE9568F35-D428-11d2-A769-00AA001ACF42 HTTP/1.1" 200 2146
::1 - - [18/Nov/2014:20:46:11 +0100] "GET /project/ HTTP/1.1" 200 538
::1 - - [18/Nov/2014:20:46:12 +0100] "GET /project/assignment1.html HTTP/1.1" 304 -
::1 - - [18/Nov/2014:20:58:56 +0100] "GET /project/assignment1.html HTTP/1.1" 304 -
::1 - - [18/Nov/2014:20:58:57 +0100] "GET /project/cities-geometry.json HTTP/1.1" 304 -
::1 - - [18/Nov/2014:20:58:57 +0100] "GET /project/cities-data.txt HTTP/1.1" 304 -
::1 - - [18/Nov/2014:20:58:59 +0100] "GET /project/ HTTP/1.1" 200 538
::1 - - [18/Nov/2014:20:59:00 +0100] "GET /project/bar_test.html HTTP/1.1" 200 1153
::1 - - [18/Nov/2014:21:03:42 +0100] "GET /project/bar_test.html HTTP/1.1" 200 1238
::1 - - [18/Nov/2014:21:04:04 +0100] "GET /project/bar_test.html HTTP/1.1" 200 1276
::1 - - [18/Nov/2014:21:04:04 +0100] "GET /project/cities-data.txt HTTP/1.1" 304 -
::1 - - [18/Nov/2014:21:06:32 +0100] "GET /project/bar_test.html HTTP/1.1" 200 1359
::1 - - [18/Nov/2014:21:06:33 +0100] "GET /project/cities-data.txt HTTP/1.1" 304 -
::1 - - [18/Nov/2014:21:07:41 +0100] "GET /project/bar_test.html HTTP/1.1" 200 1411
::1 - - [18/Nov/2014:21:07:52 +0100] "GET /project/bar_test.html HTTP/1.1" 304 -
::1 - - [18/Nov/2014:21:08:08 +0100] "GET /project/bar_test.html HTTP/1.1" 200 1390
::1 - - [18/Nov/2014:21:08:09 +0100] "GET /project/cities-data.txt HTTP/1.1" 304 -
::1 - - [18/Nov/2014:21:08:29 +0100] "GET /project/bar_test.html HTTP/1.1" 200 1427
::1 - - [18/Nov/2014:21:08:30 +0100] "GET /project/cities-data.txt HTTP/1.1" 304 -
::1 - - [18/Nov/2014:21:08:47 +0100] "GET /project/bar_test.html HTTP/1.1" 200 1399
::1 - - [18/Nov/2014:21:08:47 +0100] "GET /project/cities-data.txt HTTP/1.1" 304 -
::1 - - [18/Nov/2014:21:09:29 +0100] "GET /project/bar_test.html HTTP/1.1" 200 1319
::1 - - [18/Nov/2014:21:10:08 +0100] "GET /project/bar_test.html HTTP/1.1" 200 1366
::1 - - [18/Nov/2014:21:10:10 +0100] "GET /project/bar_test.html HTTP/1.1" 304 -
::1 - - [18/Nov/2014:21:10:13 +0100] "GET /project/bar_test.html HTTP/1.1" 304 -
::1 - - [18/Nov/2014:21:10:39 +0100] "GET /project/bar_test.html HTTP/1.1" 200 1354
::1 - - [18/Nov/2014:21:11:01 +0100] "GET /project/bar_test.html HTTP/1.1" 200 1498
::1 - - [18/Nov/2014:21:11:01 +0100] "GET /project/cities-data.txt HTTP/1.1" 304 -
::1 - - [18/Nov/2014:21:11:12 +0100] "GET /project/bar_test.html HTTP/1.1" 200 1323
::1 - - [18/Nov/2014:21:11:15 +0100] "GET /project/bar_test.html HTTP/1.1" 200 1500
::1 - - [18/Nov/2014:21:11:17 +0100] "GET /project/bar_test.html HTTP/1.1" 304 -
::1 - - [18/Nov/2014:21:11:24 +0100] "GET /project/bar_test.html HTTP/1.1" 200 1498
::1 - - [18/Nov/2014:21:11:24 +0100] "GET /project/cities-data.txt HTTP/1.1" 304 -
::1 - - [18/Nov/2014:21:11:31 +0100] "GET /project/bar_test.html HTTP/1.1" 200 1503
::1 - - [18/Nov/2014:21:11:31 +0100] "GET /project/cities-data.txt HTTP/1.1" 304 -
::1 - - [18/Nov/2014:21:11:41 +0100] "GET /project/bar_test.html HTTP/1.1" 200 1318
::1 - - [18/Nov/2014:21:11:41 +0100] "GET /project/cities-data.txt HTTP/1.1" 304 -
::1 - - [18/Nov/2014:21:11:50 +0100] "GET /project/bar_test.html HTTP/1.1" 200 1330
::1 - - [18/Nov/2014:21:11:50 +0100] "GET /project/cities-data.txt HTTP/1.1" 304 -
::1 - - [18/Nov/2014:21:12:01 +0100] "GET /project/bar_test.html HTTP/1.1" 200 1318
::1 - - [18/Nov/2014:21:12:02 +0100] "GET /project/cities-data.txt HTTP/1.1" 304 -
::1 - - [18/Nov/2014:21:12:21 +0100] "GET /project/bar_test.html HTTP/1.1" 200 1327
::1 - - [18/Nov/2014:21:12:21 +0100] "GET /project/cities-data.txt HTTP/1.1" 304 -
::1 - - [18/Nov/2014:21:12:32 +0100] "GET /project/bar_test.html HTTP/1.1" 200 1327
::1 - - [18/Nov/2014:21:12:33 +0100] "GET /project/cities-data.txt HTTP/1.1" 304 -
::1 - - [18/Nov/2014:21:12:44 +0100] "GET /project/bar_test.html HTTP/1.1" 200 1318
::1 - - [18/Nov/2014:21:12:45 +0100] "GET /project/cities-data.txt HTTP/1.1" 304 -
::1 - - [18/Nov/2014:21:13:16 +0100] "GET /project/bar_test.html HTTP/1.1" 200 1352
::1 - - [18/Nov/2014:21:13:16 +0100] "GET /project/cities-data.txt HTTP/1.1" 304 -
::1 - - [18/Nov/2014:21:13:59 +0100] "GET /project/bar_test.html HTTP/1.1" 200 1324
::1 - - [18/Nov/2014:21:13:59 +0100] "GET /project/cities-data.txt HTTP/1.1" 304 -
::1 - - [18/Nov/2014:21:15:01 +0100] "GET /project/bar_test.html HTTP/1.1" 200 1317
::1 - - [18/Nov/2014:21:15:01 +0100] "GET /project/cities-data.txt HTTP/1.1" 304 -
::1 - - [18/Nov/2014:21:15:06 +0100] "GET /project/bar_test.html HTTP/1.1" 304 -
::1 - - [18/Nov/2014:21:15:07 +0100] "GET /project/cities-data.txt HTTP/1.1" 304 -
::1 - - [18/Nov/2014:21:15:14 +0100] "GET /project/bar_test.html HTTP/1.1" 200 1324
::1 - - [18/Nov/2014:21:15:14 +0100] "GET /project/cities-data.txt HTTP/1.1" 304 -
::1 - - [18/Nov/2014:21:15:49 +0100] "GET /project/bar_test.html HTTP/1.1" 200 1427
::1 - - [18/Nov/2014:21:15:49 +0100] "GET /project/cities-data.txt HTTP/1.1" 304 -
::1 - - [18/Nov/2014:21:16:08 +0100] "GET /project/bar_test.html HTTP/1.1" 200 1406
::1 - - [18/Nov/2014:21:16:08 +0100] "GET /project/cities-data.txt HTTP/1.1" 304 -
::1 - - [18/Nov/2014:21:16:37 +0100] "GET /project/bar_test.html HTTP/1.1" 200 1385
::1 - - [18/Nov/2014:21:16:40 +0100] "GET /project/bar_test.html HTTP/1.1" 200 1384
::1 - - [18/Nov/2014:21:16:41 +0100] "GET /project/cities-data.txt HTTP/1.1" 304 -
::1 - - [18/Nov/2014:21:17:01 +0100] "GET /project/bar_test.html HTTP/1.1" 200 1415
::1 - - [18/Nov/2014:21:17:01 +0100] "GET /project/cities-data.txt HTTP/1.1" 304 -
::1 - - [18/Nov/2014:21:26:31 +0100] "GET /project/bar_test.html HTTP/1.1" 200 1420
::1 - - [18/Nov/2014:21:26:31 +0100] "GET /project/cities-data.txt HTTP/1.1" 304 -
::1 - - [18/Nov/2014:21:26:53 +0100] "GET /project/bar_test.html HTTP/1.1" 200 1415
::1 - - [18/Nov/2014:21:27:00 +0100] "GET /project/bar_test.html HTTP/1.1" 200 1420
::1 - - [18/Nov/2014:21:27:00 +0100] "GET /project/cities-data.txt HTTP/1.1" 304 -
::1 - - [18/Nov/2014:21:27:32 +0100] "GET /project/bar_test.html HTTP/1.1" 200 1414
::1 - - [18/Nov/2014:21:27:33 +0100] "GET /project/cities-data.txt HTTP/1.1" 304 -
::1 - - [18/Nov/2014:21:27:37 +0100] "GET /project/bar_test.html HTTP/1.1" 304 -
::1 - - [18/Nov/2014:21:27:37 +0100] "GET /project/cities-data.txt HTTP/1.1" 304 -
::1 - - [18/Nov/2014:21:28:20 +0100] "GET /project/bar_test.html HTTP/1.1" 200 1324
::1 - - [18/Nov/2014:21:28:21 +0100] "GET /project/cities-data.txt HTTP/1.1" 304 -
::1 - - [18/Nov/2014:21:28:47 +0100] "GET /project/bar_test.html HTTP/1.1" 200 1333
::1 - - [18/Nov/2014:21:28:47 +0100] "GET /project/cities-data.txt HTTP/1.1" 304 -
::1 - - [18/Nov/2014:21:29:08 +0100] "GET /project/bar_test.html HTTP/1.1" 200 1345
::1 - - [18/Nov/2014:21:29:09 +0100] "GET /project/bar_test.html HTTP/1.1" 304 -
::1 - - [18/Nov/2014:21:29:09 +0100] "GET /project/cities-data.txt HTTP/1.1" 304 -
::1 - - [18/Nov/2014:21:29:22 +0100] "GET /project/bar_test.html HTTP/1.1" 200 1339
::1 - - [18/Nov/2014:21:29:22 +0100] "GET /project/cities-data.txt HTTP/1.1" 304 -
::1 - - [18/Nov/2014:21:30:38 +0100] "GET /project/bar_test.html HTTP/1.1" 200 1351
::1 - - [18/Nov/2014:21:30:38 +0100] "GET /project/cities-data.txt HTTP/1.1" 304 -
::1 - - [18/Nov/2014:21:34:57 +0100] "GET /project/bar_test.html HTTP/1.1" 200 1436
::1 - - [18/Nov/2014:21:34:57 +0100] "GET /project/cities-data.txt HTTP/1.1" 304 -
::1 - - [18/Nov/2014:21:40:43 +0100] "GET /project/bar_test.html HTTP/1.1" 200 1441
::1 - - [18/Nov/2014:21:40:44 +0100] "GET /project/cities-data.txt HTTP/1.1" 304 -
::1 - - [18/Nov/2014:21:43:04 +0100] "GET / HTTP/1.1" 200 79116
::1 - - [18/Nov/2014:21:43:04 +0100] "GET /index.php?=PHPE9568F34-D428-11d2-A769-00AA001ACF42 HTTP/1.1" 200 2524
::1 - - [18/Nov/2014:21:43:04 +0100] "GET /index.php?=PHPE9568F35-D428-11d2-A769-00AA001ACF42 HTTP/1.1" 200 2146
::1 - - [18/Nov/2014:21:43:08 +0100] "GET /project/ HTTP/1.1" 200 538
::1 - - [18/Nov/2014:21:43:11 +0100] "GET /project/assignment1.html HTTP/1.1" 304 -
::1 - - [18/Nov/2014:21:43:32 +0100] "GET /project/ HTTP/1.1" 200 538
::1 - - [18/Nov/2014:21:43:33 +0100] "GET /project/bar_test.html HTTP/1.1" 304 -
::1 - - [18/Nov/2014:21:44:47 +0100] "GET /project/bar_test.html HTTP/1.1" 200 1441
::1 - - [18/Nov/2014:21:44:47 +0100] "GET /project/cities-data.txt HTTP/1.1" 304 -
::1 - - [18/Nov/2014:21:44:52 +0100] "GET /project/bar_test.html HTTP/1.1" 200 1440
::1 - - [18/Nov/2014:21:44:52 +0100] "GET /project/cities-data.txt HTTP/1.1" 304 -
::1 - - [18/Nov/2014:21:46:46 +0100] "GET /project/bar_test.html HTTP/1.1" 200 1438
::1 - - [18/Nov/2014:21:46:52 +0100] "GET /project/bar_test.html HTTP/1.1" 200 1437
::1 - - [18/Nov/2014:21:46:53 +0100] "GET /project/cities-data.txt HTTP/1.1" 304 -
::1 - - [18/Nov/2014:21:47:30 +0100] "GET /project/bar_test.html HTTP/1.1" 200 1437
::1 - - [18/Nov/2014:21:47:30 +0100] "GET /project/cities-data.txt HTTP/1.1" 304 -
::1 - - [18/Nov/2014:21:47:44 +0100] "GET /project/bar_test.html HTTP/1.1" 200 1445
::1 - - [18/Nov/2014:21:47:44 +0100] "GET /project/cities-data.txt HTTP/1.1" 304 -
::1 - - [18/Nov/2014:21:47:55 +0100] "GET /project/bar_test.html HTTP/1.1" 200 1443
::1 - - [18/Nov/2014:21:47:56 +0100] "GET /project/cities-data.txt HTTP/1.1" 304 -
::1 - - [18/Nov/2014:21:48:04 +0100] "GET /project/bar_test.html HTTP/1.1" 200 1437
::1 - - [18/Nov/2014:21:48:04 +0100] "GET /project/cities-data.txt HTTP/1.1" 304 -
::1 - - [18/Nov/2014:21:48:12 +0100] "GET /project/bar_test.html HTTP/1.1" 200 1440
::1 - - [18/Nov/2014:21:48:13 +0100] "GET /project/cities-data.txt HTTP/1.1" 304 -
::1 - - [18/Nov/2014:21:48:21 +0100] "GET /project/ HTTP/1.1" 200 538
::1 - - [18/Nov/2014:21:58:21 +0100] "GET /project/ HTTP/1.1" 200 538
::1 - - [18/Nov/2014:21:58:23 +0100] "GET /project/bar_test.html HTTP/1.1" 200 2039
::1 - - [18/Nov/2014:21:58:40 +0100] "GET /project/bar_test.html HTTP/1.1" 200 2041
::1 - - [18/Nov/2014:21:58:41 +0100] "GET /project/cities-data.txt HTTP/1.1" 304 -
::1 - - [18/Nov/2014:21:58:55 +0100] "GET /project/bar_test.html HTTP/1.1" 304 -
::1 - - [18/Nov/2014:21:58:56 +0100] "GET /project/cities-data.txt HTTP/1.1" 304 -
::1 - - [18/Nov/2014:21:59:00 +0100] "GET /project/bar_test.html HTTP/1.1" 304 -
::1 - - [18/Nov/2014:21:59:01 +0100] "GET /project/cities-data.txt HTTP/1.1" 304 -
::1 - - [18/Nov/2014:22:00:21 +0100] "GET /project/bar_test.html HTTP/1.1" 200 2086
::1 - - [18/Nov/2014:22:00:40 +0100] "GET /project/bar_test.html HTTP/1.1" 304 -
::1 - - [18/Nov/2014:22:00:56 +0100] "GET /project/bar_test.html HTTP/1.1" 200 2081
::1 - - [18/Nov/2014:22:00:56 +0100] "GET /project/cities-data.txt HTTP/1.1" 304 -
::1 - - [18/Nov/2014:22:02:49 +0100] "GET /project/ HTTP/1.1" 200 594
::1 - - [18/Nov/2014:22:02:53 +0100] "GET /project/click_test.html HTTP/1.1" 200 1757
::1 - - [18/Nov/2014:22:03:38 +0100] "GET /project/click_test.html HTTP/1.1" 200 1836
::1 - - [18/Nov/2014:22:03:39 +0100] "GET /project/cities-geometry.json HTTP/1.1" 304 -
::1 - - [18/Nov/2014:22:03:39 +0100] "GET /project/cities-data.txt HTTP/1.1" 304 -
::1 - - [18/Nov/2014:22:06:46 +0100] "GET /project/click_test.html HTTP/1.1" 200 1755
::1 - - [18/Nov/2014:22:06:46 +0100] "GET /project/cities-geometry.json HTTP/1.1" 304 -
::1 - - [18/Nov/2014:22:06:46 +0100] "GET /project/cities-data.txt HTTP/1.1" 304 -
::1 - - [18/Nov/2014:22:09:22 +0100] "GET /project/click_test.html HTTP/1.1" 200 1819
::1 - - [18/Nov/2014:22:09:22 +0100] "GET /project/cities-geometry.json HTTP/1.1" 304 -
::1 - - [18/Nov/2014:22:09:22 +0100] "GET /project/cities-data.txt HTTP/1.1" 304 -
::1 - - [18/Nov/2014:22:15:08 +0100] "GET /project/click_test.html HTTP/1.1" 200 1759
::1 - - [18/Nov/2014:22:15:09 +0100] "GET /project/cities-geometry.json HTTP/1.1" 304 -
::1 - - [18/Nov/2014:22:15:09 +0100] "GET /project/cities-data.txt HTTP/1.1" 304 -
::1 - - [18/Nov/2014:22:17:01 +0100] "GET /project/click_test.html HTTP/1.1" 200 1952
::1 - - [18/Nov/2014:22:17:02 +0100] "GET /project/cities-geometry.json HTTP/1.1" 304 -
::1 - - [18/Nov/2014:22:17:02 +0100] "GET /project/cities-data.txt HTTP/1.1" 304 -
::1 - - [18/Nov/2014:22:17:22 +0100] "GET /project/click_test.html HTTP/1.1" 200 1954
::1 - - [18/Nov/2014:22:17:23 +0100] "GET /project/cities-geometry.json HTTP/1.1" 304 -
::1 - - [18/Nov/2014:22:17:23 +0100] "GET /project/cities-data.txt HTTP/1.1" 304 -
::1 - - [18/Nov/2014:22:20:29 +0100] "GET /project/click_test.html HTTP/1.1" 200 1961
::1 - - [18/Nov/2014:22:20:30 +0100] "GET /project/cities-geometry.json HTTP/1.1" 304 -
::1 - - [18/Nov/2014:22:20:30 +0100] "GET /project/cities-data.txt HTTP/1.1" 304 -
::1 - - [18/Nov/2014:22:20:37 +0100] "GET /project/click_test.html HTTP/1.1" 200 1963
::1 - - [18/Nov/2014:22:20:37 +0100] "GET /project/cities-geometry.json HTTP/1.1" 304 -
::1 - - [18/Nov/2014:22:20:37 +0100] "GET /project/cities-data.txt HTTP/1.1" 304 -
::1 - - [18/Nov/2014:22:20:44 +0100] "GET /project/click_test.html HTTP/1.1" 200 1964
::1 - - [18/Nov/2014:22:20:44 +0100] "GET /project/cities-geometry.json HTTP/1.1" 304 -
::1 - - [18/Nov/2014:22:20:44 +0100] "GET /project/cities-data.txt HTTP/1.1" 304 -
::1 - - [18/Nov/2014:22:20:54 +0100] "GET /project/click_test.html HTTP/1.1" 200 1961
::1 - - [18/Nov/2014:22:20:54 +0100] "GET /project/cities-geometry.json HTTP/1.1" 304 -
::1 - - [18/Nov/2014:22:20:54 +0100] "GET /project/cities-data.txt HTTP/1.1" 304 -
::1 - - [18/Nov/2014:22:21:22 +0100] "GET /project/click_test.html HTTP/1.1" 200 1965
::1 - - [18/Nov/2014:22:21:22 +0100] "GET /project/cities-geometry.json HTTP/1.1" 304 -
::1 - - [18/Nov/2014:22:21:22 +0100] "GET /project/cities-data.txt HTTP/1.1" 304 -
::1 - - [18/Nov/2014:22:21:32 +0100] "GET /project/click_test.html HTTP/1.1" 200 1969
::1 - - [18/Nov/2014:22:21:32 +0100] "GET /project/cities-geometry.json HTTP/1.1" 304 -
::1 - - [18/Nov/2014:22:21:32 +0100] "GET /project/cities-data.txt HTTP/1.1" 304 -
::1 - - [18/Nov/2014:22:22:11 +0100] "GET /project/click_test.html HTTP/1.1" 200 1982
::1 - - [18/Nov/2014:22:22:12 +0100] "GET /project/cities-geometry.json HTTP/1.1" 304 -
::1 - - [18/Nov/2014:22:22:12 +0100] "GET /project/cities-data.txt HTTP/1.1" 304 -
::1 - - [18/Nov/2014:22:24:03 +0100] "GET /project/click_test.html HTTP/1.1" 200 1908
::1 - - [18/Nov/2014:22:24:03 +0100] "GET /project/cities-geometry.json HTTP/1.1" 304 -
::1 - - [18/Nov/2014:22:24:03 +0100] "GET /project/cities-data.txt HTTP/1.1" 304 -
::1 - - [18/Nov/2014:22:24:17 +0100] "GET /project/click_test.html HTTP/1.1" 200 1908
::1 - - [18/Nov/2014:22:24:17 +0100] "GET /project/cities-geometry.json HTTP/1.1" 304 -
::1 - - [18/Nov/2014:22:24:17 +0100] "GET /project/cities-data.txt HTTP/1.1" 304 -
::1 - - [18/Nov/2014:22:25:41 +0100] "GET /project/click_test.html HTTP/1.1" 200 1900
::1 - - [18/Nov/2014:22:25:58 +0100] "GET /project/click_test.html HTTP/1.1" 200 1901
::1 - - [18/Nov/2014:22:25:58 +0100] "GET /project/cities-geometry.json HTTP/1.1" 304 -
::1 - - [18/Nov/2014:22:25:58 +0100] "GET /project/cities-data.txt HTTP/1.1" 304 -
::1 - - [18/Nov/2014:22:26:16 +0100] "GET /project/click_test.html HTTP/1.1" 304 -
::1 - - [18/Nov/2014:22:26:17 +0100] "GET /project/cities-geometry.json HTTP/1.1" 304 -
::1 - - [18/Nov/2014:22:26:17 +0100] "GET /project/cities-data.txt HTTP/1.1" 304 -
::1 - - [18/Nov/2014:22:28:07 +0100] "GET /project/click_test.html HTTP/1.1" 200 1894
::1 - - [18/Nov/2014:22:28:08 +0100] "GET /project/cities-geometry.json HTTP/1.1" 304 -
::1 - - [18/Nov/2014:22:28:08 +0100] "GET /project/cities-data.txt HTTP/1.1" 304 -
::1 - - [18/Nov/2014:22:28:32 +0100] "GET /project/click_test.html HTTP/1.1" 200 1903
::1 - - [18/Nov/2014:22:28:32 +0100] "GET /project/cities-geometry.json HTTP/1.1" 304 -
::1 - - [18/Nov/2014:22:28:32 +0100] "GET /project/cities-data.txt HTTP/1.1" 304 -
::1 - - [18/Nov/2014:22:31:12 +0100] "GET /project/click_test.html HTTP/1.1" 200 1899
::1 - - [18/Nov/2014:22:31:13 +0100] "GET /project/cities-geometry.json HTTP/1.1" 304 -
::1 - - [18/Nov/2014:22:31:13 +0100] "GET /project/cities-data.txt HTTP/1.1" 304 -
::1 - - [18/Nov/2014:22:31:37 +0100] "GET /project/click_test.html HTTP/1.1" 200 1901
::1 - - [18/Nov/2014:22:31:38 +0100] "GET /project/cities-geometry.json HTTP/1.1" 304 -
::1 - - [18/Nov/2014:22:31:38 +0100] "GET /project/cities-data.txt HTTP/1.1" 304 -
::1 - - [18/Nov/2014:22:32:07 +0100] "GET /project/click_test.html HTTP/1.1" 200 1901
::1 - - [18/Nov/2014:22:32:07 +0100] "GET /project/cities-geometry.json HTTP/1.1" 304 -
::1 - - [18/Nov/2014:22:32:07 +0100] "GET /project/cities-data.txt HTTP/1.1" 304 -
::1 - - [18/Nov/2014:22:32:15 +0100] "GET /project/click_test.html HTTP/1.1" 304 -
::1 - - [18/Nov/2014:22:32:15 +0100] "GET /project/cities-geometry.json HTTP/1.1" 304 -
::1 - - [18/Nov/2014:22:32:15 +0100] "GET /project/cities-data.txt HTTP/1.1" 304 -
::1 - - [18/Nov/2014:22:32:23 +0100] "GET /project/click_test.html HTTP/1.1" 200 1898
::1 - - [18/Nov/2014:22:32:32 +0100] "GET /project/click_test.html HTTP/1.1" 200 1899
::1 - - [18/Nov/2014:22:32:33 +0100] "GET /project/cities-geometry.json HTTP/1.1" 304 -
::1 - - [18/Nov/2014:22:32:33 +0100] "GET /project/cities-data.txt HTTP/1.1" 304 -
::1 - - [18/Nov/2014:22:33:27 +0100] "GET /project/click_test.html HTTP/1.1" 200 1912
::1 - - [18/Nov/2014:22:33:27 +0100] "GET /project/cities-geometry.json HTTP/1.1" 304 -
::1 - - [18/Nov/2014:22:33:27 +0100] "GET /project/cities-data.txt HTTP/1.1" 304 -
::1 - - [18/Nov/2014:22:33:35 +0100] "GET /project/click_test.html HTTP/1.1" 200 1914
::1 - - [18/Nov/2014:22:33:35 +0100] "GET /project/cities-geometry.json HTTP/1.1" 304 -
::1 - - [18/Nov/2014:22:33:35 +0100] "GET /project/cities-data.txt HTTP/1.1" 304 -
::1 - - [18/Nov/2014:22:33:40 +0100] "GET /project/click_test.html HTTP/1.1" 304 -
::1 - - [18/Nov/2014:22:33:40 +0100] "GET /project/cities-geometry.json HTTP/1.1" 304 -
::1 - - [18/Nov/2014:22:33:40 +0100] "GET /project/cities-data.txt HTTP/1.1" 304 -
::1 - - [18/Nov/2014:22:33:43 +0100] "GET /project/click_test.html HTTP/1.1" 304 -
::1 - - [18/Nov/2014:22:33:43 +0100] "GET /project/cities-geometry.json HTTP/1.1" 304 -
::1 - - [18/Nov/2014:22:33:43 +0100] "GET /project/cities-data.txt HTTP/1.1" 304 -
::1 - - [18/Nov/2014:22:33:53 +0100] "GET /project/click_test.html HTTP/1.1" 200 1916
::1 - - [18/Nov/2014:22:33:53 +0100] "GET /project/cities-geometry.json HTTP/1.1" 304 -
::1 - - [18/Nov/2014:22:33:53 +0100] "GET /project/cities-data.txt HTTP/1.1" 304 -
::1 - - [18/Nov/2014:22:34:19 +0100] "GET /project/click_test.html HTTP/1.1" 200 1916
::1 - - [18/Nov/2014:22:34:19 +0100] "GET /project/cities-geometry.json HTTP/1.1" 304 -
::1 - - [18/Nov/2014:22:34:19 +0100] "GET /project/cities-data.txt HTTP/1.1" 304 -
::1 - - [18/Nov/2014:22:34:47 +0100] "GET /project/click_test.html HTTP/1.1" 200 1929
::1 - - [18/Nov/2014:22:34:58 +0100] "GET /project/click_test.html HTTP/1.1" 200 1900
::1 - - [18/Nov/2014:22:34:59 +0100] "GET /project/cities-geometry.json HTTP/1.1" 304 -
::1 - - [18/Nov/2014:22:34:59 +0100] "GET /project/cities-data.txt HTTP/1.1" 304 -
::1 - - [18/Nov/2014:22:35:55 +0100] "GET /project/click_test.html HTTP/1.1" 200 1973
::1 - - [18/Nov/2014:22:35:55 +0100] "GET /project/cities-geometry.json HTTP/1.1" 304 -
::1 - - [18/Nov/2014:22:35:55 +0100] "GET /project/cities-data.txt HTTP/1.1" 304 -
::1 - - [18/Nov/2014:22:36:03 +0100] "GET /project/click_test.html HTTP/1.1" 200 1975
::1 - - [18/Nov/2014:22:36:03 +0100] "GET /project/cities-geometry.json HTTP/1.1" 304 -
::1 - - [18/Nov/2014:22:36:03 +0100] "GET /project/cities-data.txt HTTP/1.1" 304 -
::1 - - [18/Nov/2014:22:36:20 +0100] "GET /project/click_test.html HTTP/1.1" 200 1973
::1 - - [18/Nov/2014:22:36:20 +0100] "GET /project/cities-geometry.json HTTP/1.1" 304 -
::1 - - [18/Nov/2014:22:36:20 +0100] "GET /project/cities-data.txt HTTP/1.1" 304 -
::1 - - [18/Nov/2014:22:36:41 +0100] "GET /project/click_test.html HTTP/1.1" 200 1985
::1 - - [18/Nov/2014:22:36:41 +0100] "GET /project/cities-geometry.json HTTP/1.1" 304 -
::1 - - [18/Nov/2014:22:36:41 +0100] "GET /project/cities-data.txt HTTP/1.1" 304 -
::1 - - [18/Nov/2014:22:37:21 +0100] "GET /project/click_test.html HTTP/1.1" 200 2031
::1 - - [18/Nov/2014:22:37:21 +0100] "GET /project/cities-geometry.json HTTP/1.1" 304 -
::1 - - [18/Nov/2014:22:37:21 +0100] "GET /project/cities-data.txt HTTP/1.1" 304 -
::1 - - [18/Nov/2014:22:38:19 +0100] "GET /project/click_test.html HTTP/1.1" 200 1977
::1 - - [18/Nov/2014:22:38:19 +0100] "GET /project/cities-geometry.json HTTP/1.1" 304 -
::1 - - [18/Nov/2014:22:38:19 +0100] "GET /project/cities-data.txt HTTP/1.1" 304 -
::1 - - [18/Nov/2014:22:38:40 +0100] "GET /project/click_test.html HTTP/1.1" 200 1984
::1 - - [18/Nov/2014:22:38:40 +0100] "GET /project/cities-geometry.json HTTP/1.1" 304 -
::1 - - [18/Nov/2014:22:38:40 +0100] "GET /project/cities-data.txt HTTP/1.1" 304 -
::1 - - [18/Nov/2014:22:38:48 +0100] "GET /project/click_test.html HTTP/1.1" 200 1992
::1 - - [18/Nov/2014:22:38:48 +0100] "GET /project/cities-geometry.json HTTP/1.1" 304 -
::1 - - [18/Nov/2014:22:38:49 +0100] "GET /project/cities-data.txt HTTP/1.1" 304 -
::1 - - [18/Nov/2014:22:39:10 +0100] "GET /project/click_test.html HTTP/1.1" 200 1975
::1 - - [18/Nov/2014:22:39:10 +0100] "GET /project/cities-geometry.json HTTP/1.1" 304 -
::1 - - [18/Nov/2014:22:39:10 +0100] "GET /project/cities-data.txt HTTP/1.1" 304 -
::1 - - [18/Nov/2014:22:39:17 +0100] "GET /project/click_test.html HTTP/1.1" 200 1973
::1 - - [18/Nov/2014:22:39:17 +0100] "GET /project/cities-geometry.json HTTP/1.1" 304 -
::1 - - [18/Nov/2014:22:39:17 +0100] "GET /project/cities-data.txt HTTP/1.1" 304 -
::1 - - [18/Nov/2014:22:39:48 +0100] "GET /project/click_test.html HTTP/1.1" 200 1976
::1 - - [18/Nov/2014:22:39:48 +0100] "GET /project/cities-geometry.json HTTP/1.1" 304 -
::1 - - [18/Nov/2014:22:39:48 +0100] "GET /project/cities-data.txt HTTP/1.1" 304 -
::1 - - [18/Nov/2014:22:40:56 +0100] "GET /project/click_test.html HTTP/1.1" 200 1981
::1 - - [18/Nov/2014:22:40:56 +0100] "GET /project/cities-geometry.json HTTP/1.1" 304 -
::1 - - [18/Nov/2014:22:40:56 +0100] "GET /project/cities-data.txt HTTP/1.1" 304 -
::1 - - [18/Nov/2014:22:46:32 +0100] "GET /project/click_test.html HTTP/1.1" 304 -
::1 - - [18/Nov/2014:22:46:32 +0100] "GET /project/cities-geometry.json HTTP/1.1" 304 -
::1 - - [18/Nov/2014:22:46:32 +0100] "GET /project/cities-data.txt HTTP/1.1" 304 -
::1 - - [18/Nov/2014:23:29:58 +0100] "GET /project/click_test.html HTTP/1.1" 200 1981
::1 - - [18/Nov/2014:23:29:59 +0100] "GET /project/cities-geometry.json HTTP/1.1" 304 -
::1 - - [18/Nov/2014:23:29:59 +0100] "GET /project/cities-data.txt HTTP/1.1" 304 -
::1 - - [18/Nov/2014:23:34:02 +0100] "GET /project/click_test.html HTTP/1.1" 200 1981
::1 - - [18/Nov/2014:23:34:02 +0100] "GET /project/cities-geometry.json HTTP/1.1" 304 -
::1 - - [18/Nov/2014:23:34:02 +0100] "GET /project/cities-data.txt HTTP/1.1" 304 -
::1 - - [18/Nov/2014:23:34:24 +0100] "GET /project/click_test.html HTTP/1.1" 200 1982
::1 - - [18/Nov/2014:23:34:24 +0100] "GET /project/cities-geometry.json HTTP/1.1" 304 -
::1 - - [18/Nov/2014:23:34:24 +0100] "GET /project/cities-data.txt HTTP/1.1" 304 -
::1 - - [18/Nov/2014:23:34:45 +0100] "GET /project/click_test.html HTTP/1.1" 200 2000
::1 - - [18/Nov/2014:23:34:45 +0100] "GET /project/cities-geometry.json HTTP/1.1" 304 -
::1 - - [18/Nov/2014:23:34:45 +0100] "GET /project/cities-data.txt HTTP/1.1" 304 -
::1 - - [18/Nov/2014:23:36:38 +0100] "GET /project/click_test.html HTTP/1.1" 200 2035
::1 - - [18/Nov/2014:23:36:39 +0100] "GET /project/cities-geometry.json HTTP/1.1" 304 -
::1 - - [18/Nov/2014:23:36:39 +0100] "GET /project/cities-data.txt HTTP/1.1" 304 -
::1 - - [18/Nov/2014:23:37:06 +0100] "GET /project/click_test.html HTTP/1.1" 200 2039
::1 - - [18/Nov/2014:23:37:06 +0100] "GET /project/cities-geometry.json HTTP/1.1" 304 -
::1 - - [18/Nov/2014:23:37:06 +0100] "GET /project/cities-data.txt HTTP/1.1" 304 -
::1 - - [18/Nov/2014:23:37:32 +0100] "GET /project/click_test.html HTTP/1.1" 200 2060
::1 - - [18/Nov/2014:23:37:33 +0100] "GET /project/cities-geometry.json HTTP/1.1" 304 -
::1 - - [18/Nov/2014:23:37:33 +0100] "GET /project/cities-data.txt HTTP/1.1" 304 -
::1 - - [18/Nov/2014:23:38:12 +0100] "GET /project/click_test.html HTTP/1.1" 200 2043
::1 - - [18/Nov/2014:23:38:12 +0100] "GET /project/cities-geometry.json HTTP/1.1" 304 -
::1 - - [18/Nov/2014:23:38:12 +0100] "GET /project/cities-data.txt HTTP/1.1" 304 -
::1 - - [18/Nov/2014:23:38:23 +0100] "GET /project/click_test.html HTTP/1.1" 200 2022
::1 - - [18/Nov/2014:23:38:23 +0100] "GET /project/cities-geometry.json HTTP/1.1" 304 -
::1 - - [18/Nov/2014:23:38:23 +0100] "GET /project/cities-data.txt HTTP/1.1" 304 -
::1 - - [18/Nov/2014:23:38:33 +0100] "GET /project/click_test.html HTTP/1.1" 200 2021
::1 - - [18/Nov/2014:23:38:33 +0100] "GET /project/cities-geometry.json HTTP/1.1" 304 -
::1 - - [18/Nov/2014:23:38:33 +0100] "GET /project/cities-data.txt HTTP/1.1" 304 -
::1 - - [19/Nov/2014:00:12:48 +0100] "GET /project/click_test.html HTTP/1.1" 200 2061
::1 - - [19/Nov/2014:00:12:48 +0100] "GET /project/cities-geometry.json HTTP/1.1" 304 -
::1 - - [19/Nov/2014:00:12:48 +0100] "GET /project/cities-data.txt HTTP/1.1" 304 -
::1 - - [19/Nov/2014:00:15:59 +0100] "GET /project/click_test.html HTTP/1.1" 200 2040
::1 - - [19/Nov/2014:00:15:59 +0100] "GET /project/cities-geometry.json HTTP/1.1" 304 -
::1 - - [19/Nov/2014:00:15:59 +0100] "GET /project/cities-data.txt HTTP/1.1" 304 -
::1 - - [19/Nov/2014:00:16:58 +0100] "GET /project/click_test.html HTTP/1.1" 200 2043
::1 - - [19/Nov/2014:00:16:58 +0100] "GET /project/cities-geometry.json HTTP/1.1" 304 -
::1 - - [19/Nov/2014:00:16:58 +0100] "GET /project/cities-data.txt HTTP/1.1" 304 -
::1 - - [19/Nov/2014:00:18:09 +0100] "GET /project/click_test.html HTTP/1.1" 200 2197
::1 - - [19/Nov/2014:00:18:10 +0100] "GET /project/cities-geometry.json HTTP/1.1" 304 -
::1 - - [19/Nov/2014:00:18:10 +0100] "GET /project/cities-data.txt HTTP/1.1" 304 -
::1 - - [19/Nov/2014:00:18:40 +0100] "GET /project/click_test.html HTTP/1.1" 200 2252
::1 - - [19/Nov/2014:00:19:38 +0100] "GET /project/click_test.html HTTP/1.1" 200 2253
::1 - - [19/Nov/2014:00:20:31 +0100] "GET /project/click_test.html HTTP/1.1" 200 2211
::1 - - [19/Nov/2014:00:20:31 +0100] "GET /project/cities-geometry.json HTTP/1.1" 304 -
::1 - - [19/Nov/2014:00:20:31 +0100] "GET /project/cities-data.txt HTTP/1.1" 304 -
::1 - - [19/Nov/2014:00:21:05 +0100] "GET /project/click_test.html HTTP/1.1" 200 2253
::1 - - [19/Nov/2014:00:21:14 +0100] "GET /project/click_test.html HTTP/1.1" 200 2254
::1 - - [19/Nov/2014:00:21:31 +0100] "GET /project/click_test.html HTTP/1.1" 200 2255
::1 - - [19/Nov/2014:00:22:01 +0100] "GET /project/click_test.html HTTP/1.1" 200 2257
::1 - - [19/Nov/2014:00:22:01 +0100] "GET /project/cities-geometry.json HTTP/1.1" 304 -
::1 - - [19/Nov/2014:00:22:01 +0100] "GET /project/cities-data.txt HTTP/1.1" 304 -
::1 - - [19/Nov/2014:00:22:14 +0100] "GET /project/click_test.html HTTP/1.1" 200 2254
::1 - - [19/Nov/2014:00:22:14 +0100] "GET /project/cities-geometry.json HTTP/1.1" 304 -
::1 - - [19/Nov/2014:00:22:14 +0100] "GET /project/cities-data.txt HTTP/1.1" 304 -
::1 - - [19/Nov/2014:00:22:46 +0100] "GET /project/click_test.html HTTP/1.1" 200 2255
::1 - - [19/Nov/2014:00:23:05 +0100] "GET /project/click_test.html HTTP/1.1" 304 -
::1 - - [19/Nov/2014:00:23:40 +0100] "GET /project/click_test.html HTTP/1.1" 200 2241
::1 - - [19/Nov/2014:00:23:53 +0100] "GET /project/click_test.html HTTP/1.1" 200 2197
::1 - - [19/Nov/2014:00:23:53 +0100] "GET /project/cities-geometry.json HTTP/1.1" 304 -
::1 - - [19/Nov/2014:00:23:53 +0100] "GET /project/cities-data.txt HTTP/1.1" 304 -
::1 - - [19/Nov/2014:00:24:06 +0100] "GET /project/click_test.html HTTP/1.1" 200 2238
::1 - - [19/Nov/2014:00:24:13 +0100] "GET /project/click_test.html HTTP/1.1" 200 2231
::1 - - [19/Nov/2014:00:24:18 +0100] "GET /project/click_test.html HTTP/1.1" 200 2230
::1 - - [19/Nov/2014:00:24:22 +0100] "GET /project/click_test.html HTTP/1.1" 200 2228
::1 - - [19/Nov/2014:00:24:39 +0100] "GET /project/click_test.html HTTP/1.1" 304 -
::1 - - [19/Nov/2014:00:25:23 +0100] "GET /project/click_test.html HTTP/1.1" 304 -
::1 - - [19/Nov/2014:00:25:39 +0100] "GET /project/click_test.html HTTP/1.1" 200 2233
::1 - - [19/Nov/2014:00:25:39 +0100] "GET /project/cities-geometry.json HTTP/1.1" 304 -
::1 - - [19/Nov/2014:00:25:39 +0100] "GET /project/cities-data.txt HTTP/1.1" 304 -
::1 - - [19/Nov/2014:00:25:40 +0100] "GET /project/click_test.html HTTP/1.1" 304 -
::1 - - [19/Nov/2014:00:25:40 +0100] "GET /project/cities-geometry.json HTTP/1.1" 304 -
::1 - - [19/Nov/2014:00:25:40 +0100] "GET /project/cities-data.txt HTTP/1.1" 304 -
::1 - - [19/Nov/2014:00:25:54 +0100] "GET /project/click_test.html HTTP/1.1" 200 2233
::1 - - [19/Nov/2014:00:25:55 +0100] "GET /project/cities-geometry.json HTTP/1.1" 304 -
::1 - - [19/Nov/2014:00:25:55 +0100] "GET /project/cities-data.txt HTTP/1.1" 304 -
::1 - - [19/Nov/2014:00:26:11 +0100] "GET /project/click_test.html HTTP/1.1" 200 2231
::1 - - [19/Nov/2014:00:26:11 +0100] "GET /project/cities-geometry.json HTTP/1.1" 304 -
::1 - - [19/Nov/2014:00:26:11 +0100] "GET /project/cities-data.txt HTTP/1.1" 304 -
::1 - - [19/Nov/2014:00:26:18 +0100] "GET /project/click_test.html HTTP/1.1" 200 2231
::1 - - [19/Nov/2014:00:26:18 +0100] "GET /project/cities-geometry.json HTTP/1.1" 304 -
::1 - - [19/Nov/2014:00:26:18 +0100] "GET /project/cities-data.txt HTTP/1.1" 304 -
::1 - - [19/Nov/2014:00:29:42 +0100] "GET /project/click_test.html HTTP/1.1" 200 2253
::1 - - [19/Nov/2014:00:30:18 +0100] "GET /project/click_test.html HTTP/1.1" 200 2256
::1 - - [19/Nov/2014:00:30:18 +0100] "GET /project/cities-geometry.json HTTP/1.1" 304 -
::1 - - [19/Nov/2014:00:30:18 +0100] "GET /project/cities-data.txt HTTP/1.1" 304 -
::1 - - [19/Nov/2014:00:30:35 +0100] "GET /project/click_test.html HTTP/1.1" 200 2252
::1 - - [19/Nov/2014:00:30:35 +0100] "GET /project/cities-geometry.json HTTP/1.1" 304 -
::1 - - [19/Nov/2014:00:30:35 +0100] "GET /project/cities-data.txt HTTP/1.1" 304 -
::1 - - [19/Nov/2014:00:31:03 +0100] "GET /project/click_test.html HTTP/1.1" 200 2251
::1 - - [19/Nov/2014:00:31:03 +0100] "GET /project/cities-geometry.json HTTP/1.1" 304 -
::1 - - [19/Nov/2014:00:31:03 +0100] "GET /project/cities-data.txt HTTP/1.1" 304 -
::1 - - [19/Nov/2014:00:33:22 +0100] "GET /project/click_test.html HTTP/1.1" 200 2536
::1 - - [19/Nov/2014:00:33:22 +0100] "GET /project/cities-geometry.json HTTP/1.1" 304 -
::1 - - [19/Nov/2014:00:33:22 +0100] "GET /project/cities-data.txt HTTP/1.1" 304 -
::1 - - [19/Nov/2014:00:33:54 +0100] "GET /project/click_test.html HTTP/1.1" 200 2419
::1 - - [19/Nov/2014:00:33:54 +0100] "GET /project/cities-geometry.json HTTP/1.1" 304 -
::1 - - [19/Nov/2014:00:33:54 +0100] "GET /project/cities-data.txt HTTP/1.1" 304 -
