This is pdfTeX, Version 3.1415926-2.5-1.40.14 (MiKTeX 2.9) (preloaded format=pdflatex 2014.9.9)  7 DEC 2014 15:44
entering extended mode
**2IV35.tex
(C:\Users\Luuk\Source\Repos\Visualization_2IV35\rapport\2IV35.tex
LaTeX2e <2011/06/27>
Babel <v3.8m> and hyphenation patterns for english, afrikaans, ancientgreek, ar
abic, armenian, assamese, basque, bengali, bokmal, bulgarian, catalan, coptic, 
croatian, czech, danish, dutch, esperanto, estonian, farsi, finnish, french, ga
lician, german, german-x-2013-05-26, greek, gujarati, hindi, hungarian, iceland
ic, indonesian, interlingua, irish, italian, kannada, kurmanji, latin, latvian,
 lithuanian, malayalam, marathi, mongolian, mongolianlmc, monogreek, ngerman, n
german-x-2013-05-26, nynorsk, oriya, panjabi, pinyin, polish, portuguese, roman
ian, russian, sanskrit, serbian, slovak, slovenian, spanish, swedish, swissgerm
an, tamil, telugu, turkish, turkmen, ukenglish, ukrainian, uppersorbian, usengl
ishmax, welsh, loaded.
("C:\Program Files (x86)\MiKTeX 2.9\tex\latex\base\article.cls"
Document Class: article 2007/10/19 v1.4h Standard LaTeX document class
("C:\Program Files (x86)\MiKTeX 2.9\tex\latex\base\size11.clo"
File: size11.clo 2007/10/19 v1.4h Standard LaTeX file (size option)
)
\c@part=\count79
\c@section=\count80
\c@subsection=\count81
\c@subsubsection=\count82
\c@paragraph=\count83
\c@subparagraph=\count84
\c@figure=\count85
\c@table=\count86
\abovecaptionskip=\skip41
\belowcaptionskip=\skip42
\bibindent=\dimen102
)
("C:\Program Files (x86)\MiKTeX 2.9\tex\latex\a4wide\a4wide.sty"
Package: a4wide 1994/08/30

("C:\Program Files (x86)\MiKTeX 2.9\tex\latex\ntgclass\a4.sty"
Package: a4 2004/04/15 v1.2g A4 based page layout
))
("C:\Program Files (x86)\MiKTeX 2.9\tex\latex\graphics\graphicx.sty"
Package: graphicx 1999/02/16 v1.0f Enhanced LaTeX Graphics (DPC,SPQR)

("C:\Program Files (x86)\MiKTeX 2.9\tex\latex\graphics\keyval.sty"
Package: keyval 1999/03/16 v1.13 key=value parser (DPC)
\KV@toks@=\toks14
)
("C:\Program Files (x86)\MiKTeX 2.9\tex\latex\graphics\graphics.sty"
Package: graphics 2009/02/05 v1.0o Standard LaTeX Graphics (DPC,SPQR)

("C:\Program Files (x86)\MiKTeX 2.9\tex\latex\graphics\trig.sty"
Package: trig 1999/03/16 v1.09 sin cos tan (DPC)
)
("C:\Program Files (x86)\MiKTeX 2.9\tex\latex\00miktex\graphics.cfg"
File: graphics.cfg 2007/01/18 v1.5 graphics configuration of teTeX/TeXLive
)
Package graphics Info: Driver file: pdftex.def on input line 91.

("C:\Program Files (x86)\MiKTeX 2.9\tex\latex\pdftex-def\pdftex.def"
File: pdftex.def 2011/05/27 v0.06d Graphics/color for pdfTeX

("C:\Program Files (x86)\MiKTeX 2.9\tex\generic\oberdiek\infwarerr.sty"
Package: infwarerr 2010/04/08 v1.3 Providing info/warning/error messages (HO)
)
("C:\Program Files (x86)\MiKTeX 2.9\tex\generic\oberdiek\ltxcmds.sty"
Package: ltxcmds 2011/11/09 v1.22 LaTeX kernel commands for general use (HO)
)
\Gread@gobject=\count87
))
\Gin@req@height=\dimen103
\Gin@req@width=\dimen104
)
("C:\Program Files (x86)\MiKTeX 2.9\tex\latex\fancyhdr\fancyhdr.sty"
\fancy@headwidth=\skip43
\f@ncyO@elh=\skip44
\f@ncyO@erh=\skip45
\f@ncyO@olh=\skip46
\f@ncyO@orh=\skip47
\f@ncyO@elf=\skip48
\f@ncyO@erf=\skip49
\f@ncyO@olf=\skip50
\f@ncyO@orf=\skip51
)
("C:\Program Files (x86)\MiKTeX 2.9\tex\latex\amsmath\amsmath.sty"
Package: amsmath 2013/01/14 v2.14 AMS math features
\@mathmargin=\skip52

For additional information on amsmath, use the `?' option.
("C:\Program Files (x86)\MiKTeX 2.9\tex\latex\amsmath\amstext.sty"
Package: amstext 2000/06/29 v2.01

("C:\Program Files (x86)\MiKTeX 2.9\tex\latex\amsmath\amsgen.sty"
File: amsgen.sty 1999/11/30 v2.0
\@emptytoks=\toks15
\ex@=\dimen105
))
("C:\Program Files (x86)\MiKTeX 2.9\tex\latex\amsmath\amsbsy.sty"
Package: amsbsy 1999/11/29 v1.2d
\pmbraise@=\dimen106
)
("C:\Program Files (x86)\MiKTeX 2.9\tex\latex\amsmath\amsopn.sty"
Package: amsopn 1999/12/14 v2.01 operator names
)
\inf@bad=\count88
LaTeX Info: Redefining \frac on input line 210.
\uproot@=\count89
\leftroot@=\count90
LaTeX Info: Redefining \overline on input line 306.
\classnum@=\count91
\DOTSCASE@=\count92
LaTeX Info: Redefining \ldots on input line 378.
LaTeX Info: Redefining \dots on input line 381.
LaTeX Info: Redefining \cdots on input line 466.
\Mathstrutbox@=\box26
\strutbox@=\box27
\big@size=\dimen107
LaTeX Font Info:    Redeclaring font encoding OML on input line 566.
LaTeX Font Info:    Redeclaring font encoding OMS on input line 567.
\macc@depth=\count93
\c@MaxMatrixCols=\count94
\dotsspace@=\muskip10
\c@parentequation=\count95
\dspbrk@lvl=\count96
\tag@help=\toks16
\row@=\count97
\column@=\count98
\maxfields@=\count99
\andhelp@=\toks17
\eqnshift@=\dimen108
\alignsep@=\dimen109
\tagshift@=\dimen110
\tagwidth@=\dimen111
\totwidth@=\dimen112
\lineht@=\dimen113
\@envbody=\toks18
\multlinegap=\skip53
\multlinetaggap=\skip54
\mathdisplay@stack=\toks19
LaTeX Info: Redefining \[ on input line 2665.
LaTeX Info: Redefining \] on input line 2666.
)
("C:\Program Files (x86)\MiKTeX 2.9\tex\latex\amsfonts\amssymb.sty"
Package: amssymb 2013/01/14 v3.01 AMS font symbols

("C:\Program Files (x86)\MiKTeX 2.9\tex\latex\amsfonts\amsfonts.sty"
Package: amsfonts 2013/01/14 v3.01 Basic AMSFonts support
\symAMSa=\mathgroup4
\symAMSb=\mathgroup5
LaTeX Font Info:    Overwriting math alphabet `\mathfrak' in version `bold'
(Font)                  U/euf/m/n --> U/euf/b/n on input line 106.
))
("C:\Program Files (x86)\MiKTeX 2.9\tex\latex\tools\enumerate.sty"
Package: enumerate 1999/03/05 v3.00 enumerate extensions (DPC)
\@enLab=\toks20
)
("C:\Program Files (x86)\MiKTeX 2.9\tex\latex\caption\caption.sty"
Package: caption 2013/05/02 v3.3-89 Customizing captions (AR)

("C:\Program Files (x86)\MiKTeX 2.9\tex\latex\caption\caption3.sty"
Package: caption3 2013/05/02 v1.6-88 caption3 kernel (AR)
Package caption3 Info: TeX engine: e-TeX on input line 57.
\captionmargin=\dimen114
\captionmargin@=\dimen115
\captionwidth=\dimen116
\caption@tempdima=\dimen117
\caption@indent=\dimen118
\caption@parindent=\dimen119
\caption@hangindent=\dimen120
)
\c@ContinuedFloat=\count100
)
("C:\Program Files (x86)\MiKTeX 2.9\tex\latex\caption\subcaption.sty"
Package: subcaption 2013/02/03 v1.1-62 Sub-captions (AR)
\c@subfigure=\count101
\c@subtable=\count102
)
("C:\Program Files (x86)\MiKTeX 2.9\tex\latex\wrapfig\wrapfig.sty"
\wrapoverhang=\dimen121
\WF@size=\dimen122
\c@WF@wrappedlines=\count103
\WF@box=\box28
\WF@everypar=\toks21
Package: wrapfig 2003/01/31  v 3.6
)
(C:\Users\Luuk\Source\Repos\Visualization_2IV35\rapport\2IV35.aux

LaTeX Warning: Label `fig:Married' multiply defined.


LaTeX Warning: Label `sub@fig:Married' multiply defined.


LaTeX Warning: Label `fig:numberOfInhabitants' multiply defined.

)
LaTeX Font Info:    Checking defaults for OML/cmm/m/it on input line 34.
LaTeX Font Info:    ... okay on input line 34.
LaTeX Font Info:    Checking defaults for T1/cmr/m/n on input line 34.
LaTeX Font Info:    ... okay on input line 34.
LaTeX Font Info:    Checking defaults for OT1/cmr/m/n on input line 34.
LaTeX Font Info:    ... okay on input line 34.
LaTeX Font Info:    Checking defaults for OMS/cmsy/m/n on input line 34.
LaTeX Font Info:    ... okay on input line 34.
LaTeX Font Info:    Checking defaults for OMX/cmex/m/n on input line 34.
LaTeX Font Info:    ... okay on input line 34.
LaTeX Font Info:    Checking defaults for U/cmr/m/n on input line 34.
LaTeX Font Info:    ... okay on input line 34.
 ("C:\Program Files (x86)\MiKTeX 2.9\tex\context\base\supp-pdf.mkii"
[Loading MPS to PDF converter (version 2006.09.02).]
\scratchcounter=\count104
\scratchdimen=\dimen123
\scratchbox=\box29
\nofMPsegments=\count105
\nofMParguments=\count106
\everyMPshowfont=\toks22
\MPscratchCnt=\count107
\MPscratchDim=\dimen124
\MPnumerator=\count108
\makeMPintoPDFobject=\count109
\everyMPtoPDFconversion=\toks23
)
Package caption Info: Begin \AtBeginDocument code.
Package caption Info: wrapfig package is loaded.
Package caption Info: End \AtBeginDocument code.


LaTeX Font Warning: Font shape `OT1/cmr/bx/sc' undefined
(Font)              using `OT1/cmr/bx/n' instead on input line 39.

LaTeX Font Info:    Try loading font information for U+msa on input line 54.
("C:\Program Files (x86)\MiKTeX 2.9\tex\latex\amsfonts\umsa.fd"
File: umsa.fd 2013/01/14 v3.01 AMS symbols A
)
LaTeX Font Info:    Try loading font information for U+msb on input line 54.

("C:\Program Files (x86)\MiKTeX 2.9\tex\latex\amsfonts\umsb.fd"
File: umsb.fd 2013/01/14 v3.01 AMS symbols B
) [1

{C:/ProgramData/MiKTeX/2.9/pdftex/config/pdftex.map}]
(C:\Users\Luuk\Source\Repos\Visualization_2IV35\rapport\2IV35.toc)
\tf@toc=\write3
 [2]
<FullScreen2.png, id=15, 1105.731pt x 514.92375pt>
File: FullScreen2.png Graphic file (type png)
 <use FullScreen2.png>
Package pdftex.def Info: FullScreen2.png used on input line 90.
(pdftex.def)             Requested size: 442.65375pt x 206.1387pt.

Underfull \hbox (badness 10000) in paragraph at lines 76--94

 []


Underfull \hbox (badness 10000) in paragraph at lines 76--94

 []


Underfull \hbox (badness 10000) in paragraph at lines 76--94

 []


Underfull \hbox (badness 10000) in paragraph at lines 76--94

 []


Underfull \hbox (badness 10000) in paragraph at lines 76--94

 []


Underfull \vbox (badness 10000) has occurred while \output is active []

 [3 <C:/Users/Luuk/Source/Repos/Visualization_2IV35/rapport/FullScreen2.png>]
Underfull \hbox (badness 10000) in paragraph at lines 98--100

 []


Underfull \hbox (badness 10000) in paragraph at lines 101--104

 []

Missing character: There is no â in font cmr10!
Missing character: There is no ‰ in font cmr10!
Missing character: There is no ¥ in font cmr10!
Missing character: There is no â in font cmr10!
Missing character: There is no ˆ in font cmr10!
Missing character: There is no ’ in font cmr10!
Missing character: There is no â in font cmr10!
Missing character: There is no ˆ in font cmr10!
Missing character: There is no ’ in font cmr10!
Missing character: There is no â in font cmr10!
Missing character: There is no ˆ in font cmr10!
Missing character: There is no ’ in font cmr10!

Overfull \hbox (5.29213pt too wide) in paragraph at lines 105--125
 [] 
 []


Overfull \hbox (5.29213pt too wide) in paragraph at lines 127--169
 [] 
 []

[4]
Overfull \hbox (5.29213pt too wide) in paragraph at lines 171--183
 [] 
 []


Underfull \vbox (badness 10000) has occurred while \output is active []

 [5]
[6] [7]
Underfull \hbox (badness 10000) in paragraph at lines 204--206

 []

[8] <Interface/HeatmapInterface.png, id=37, 170.43675pt x 258.9675pt>
File: Interface/HeatmapInterface.png Graphic file (type png)

<use Interface/HeatmapInterface.png>
Package pdftex.def Info: Interface/HeatmapInterface.png used on input line 211.

(pdftex.def)             Requested size: 132.79747pt x 201.79228pt.

<Interface/VisualizationInterface.png, id=38, 211.992pt x 48.18pt>
File: Interface/VisualizationInterface.png Graphic file (type png)

<use Interface/VisualizationInterface.png>
Package pdftex.def Info: Interface/VisualizationInterface.png used on input lin
e 216.
(pdftex.def)             Requested size: 150.50064pt x 34.20581pt.

Overfull \hbox (17.70317pt too wide) in paragraph at lines 210--219
 []$  
 []


Package wrapfig Warning: Collision between wrapping environments on input line 
224.

<Interface/ScatterInterface.png, id=39, 83.1105pt x 31.91925pt>
File: Interface/ScatterInterface.png Graphic file (type png)

<use Interface/ScatterInterface.png>
Package pdftex.def Info: Interface/ScatterInterface.png used on input line 227.

(pdftex.def)             Requested size: 53.11629pt x 20.3995pt.

<Interface/BarInterface.png, id=40, 71.66776pt x 33.12375pt>
File: Interface/BarInterface.png Graphic file (type png)

<use Interface/BarInterface.png>
Package pdftex.def Info: Interface/BarInterface.png used on input line 231.
(pdftex.def)             Requested size: 53.11629pt x 24.5506pt.

<Interface/PieInterface.png, id=41, 72.87225pt x 55.407pt>
File: Interface/PieInterface.png Graphic file (type png)

<use Interface/PieInterface.png>
Package pdftex.def Info: Interface/PieInterface.png used on input line 235.
(pdftex.def)             Requested size: 53.11629pt x 40.38588pt.

Underfull \hbox (badness 1424) in paragraph at lines 221--239
\OT1/cmr/m/n/10.95 will be able to visit the vi-su-al-iza-tion eas-ily us-ing t
heir
 []


Underfull \hbox (badness 2495) in paragraph at lines 221--239
\OT1/cmr/m/n/10.95 web brower, with-out need-ing to in-stall ad-di-tional soft-

 []


Underfull \hbox (badness 1072) in paragraph at lines 221--239
\OT1/cmr/m/n/10.95 For the vi-su-al-iza-tion of data, we used the d3.js li-brar
y.
 []


Underfull \hbox (badness 1303) in paragraph at lines 221--239
\OT1/cmr/m/n/10.95 ful data from the give dataset. For this we used the
 []


Underfull \hbox (badness 10000) in paragraph at lines 221--239

 []


Package wrapfig Warning: Stationary wrapfigure forced to float on input line 23
9.


Package wrapfig Warning: Stationary wrapfigure forced to float on input line 24
0.


Package wrapfig Warning: Stationary wrapfigure forced to float on input line 24
1.


Underfull \hbox (badness 10000) in paragraph at lines 241--243

 []


Package wrapfig Warning: Stationary wrapfigure forced to float on input line 24
3.


Underfull \hbox (badness 10000) in paragraph at lines 244--247

 []

[9 <C:/Users/Luuk/Source/Repos/Visualization_2IV35/rapport/Interface/HeatmapInt
erface.png> <C:/Users/Luuk/Source/Repos/Visualization_2IV35/rapport/Interface/V
isualizationInterface.png> <C:/Users/Luuk/Source/Repos/Visualization_2IV35/rapp
ort/Interface/ScatterInterface.png> <C:/Users/Luuk/Source/Repos/Visualization_2
IV35/rapport/Interface/BarInterface.png> <C:/Users/Luuk/Source/Repos/Visualizat
ion_2IV35/rapport/Interface/PieInterface.png>]
<Heatmaps/HeatMap1.png, id=50, 361.35pt x 493.845pt>
File: Heatmaps/HeatMap1.png Graphic file (type png)

<use Heatmaps/HeatMap1.png>
Package pdftex.def Info: Heatmaps/HeatMap1.png used on input line 258.
(pdftex.def)             Requested size: 53.11629pt x 72.58907pt.

<Heatmaps/HeatMap2.png, id=51, 361.35pt x 493.845pt>
File: Heatmaps/HeatMap2.png Graphic file (type png)

<use Heatmaps/HeatMap2.png>
Package pdftex.def Info: Heatmaps/HeatMap2.png used on input line 263.
(pdftex.def)             Requested size: 53.11629pt x 72.58907pt.

<Heatmaps/HeatMap3.png, id=52, 361.35pt x 493.845pt>
File: Heatmaps/HeatMap3.png Graphic file (type png)

<use Heatmaps/HeatMap3.png>
Package pdftex.def Info: Heatmaps/HeatMap3.png used on input line 268.
(pdftex.def)             Requested size: 53.11629pt x 72.58907pt.

<Heatmaps/HeatMap4.png, id=53, 361.35pt x 493.845pt>
File: Heatmaps/HeatMap4.png Graphic file (type png)

<use Heatmaps/HeatMap4.png>
Package pdftex.def Info: Heatmaps/HeatMap4.png used on input line 273.
(pdftex.def)             Requested size: 53.11629pt x 72.58907pt.

<Heatmaps/HeatMap5.png, id=54, 361.35pt x 493.845pt>
File: Heatmaps/HeatMap5.png Graphic file (type png)

<use Heatmaps/HeatMap5.png>
Package pdftex.def Info: Heatmaps/HeatMap5.png used on input line 278.
(pdftex.def)             Requested size: 53.11629pt x 72.58907pt.

<Heatmaps/HeatMap6.png, id=55, 361.35pt x 493.845pt>
File: Heatmaps/HeatMap6.png Graphic file (type png)

<use Heatmaps/HeatMap6.png>
Package pdftex.def Info: Heatmaps/HeatMap6.png used on input line 283.
(pdftex.def)             Requested size: 53.11629pt x 72.58907pt.

<Heatmaps/HeatMap7.png, id=56, 361.35pt x 493.845pt>
File: Heatmaps/HeatMap7.png Graphic file (type png)

<use Heatmaps/HeatMap7.png>
Package pdftex.def Info: Heatmaps/HeatMap7.png used on input line 288.
(pdftex.def)             Requested size: 53.11629pt x 72.58907pt.

<Heatmaps/HeatMap8.png, id=57, 361.35pt x 493.845pt>
File: Heatmaps/HeatMap8.png Graphic file (type png)

<use Heatmaps/HeatMap8.png>
Package pdftex.def Info: Heatmaps/HeatMap8.png used on input line 293.
(pdftex.def)             Requested size: 53.11629pt x 72.58907pt.

<Heatmaps/HeatMap9.png, id=58, 361.35pt x 493.845pt>
File: Heatmaps/HeatMap9.png Graphic file (type png)

<use Heatmaps/HeatMap9.png>
Package pdftex.def Info: Heatmaps/HeatMap9.png used on input line 298.
(pdftex.def)             Requested size: 52.23146pt x 71.37585pt.

<Heatmaps/HeatMap10.png, id=59, 361.35pt x 493.845pt>
File: Heatmaps/HeatMap10.png Graphic file (type png)

<use Heatmaps/HeatMap10.png>
Package pdftex.def Info: Heatmaps/HeatMap10.png used on input line 303.
(pdftex.def)             Requested size: 52.23146pt x 71.37585pt.

<Heatmaps/HeatMap11.png, id=60, 361.35pt x 493.845pt>
File: Heatmaps/HeatMap11.png Graphic file (type png)

<use Heatmaps/HeatMap11.png>
Package pdftex.def Info: Heatmaps/HeatMap11.png used on input line 308.
(pdftex.def)             Requested size: 52.23146pt x 71.37585pt.

<Heatmaps/HeatMap12.png, id=61, 361.35pt x 493.845pt>
File: Heatmaps/HeatMap12.png Graphic file (type png)

<use Heatmaps/HeatMap12.png>
Package pdftex.def Info: Heatmaps/HeatMap12.png used on input line 313.
(pdftex.def)             Requested size: 52.23146pt x 71.37585pt.

<Heatmaps/HeatMap13.png, id=62, 361.35pt x 493.845pt>
File: Heatmaps/HeatMap13.png Graphic file (type png)

<use Heatmaps/HeatMap13.png>
Package pdftex.def Info: Heatmaps/HeatMap13.png used on input line 318.
(pdftex.def)             Requested size: 52.23146pt x 71.37585pt.

<Heatmaps/HeatMap14.png, id=63, 361.35pt x 493.845pt>
File: Heatmaps/HeatMap14.png Graphic file (type png)

<use Heatmaps/HeatMap14.png>
Package pdftex.def Info: Heatmaps/HeatMap14.png used on input line 323.
(pdftex.def)             Requested size: 52.23146pt x 71.37585pt.

<Heatmaps/HeatMap15.png, id=64, 361.35pt x 493.845pt>
File: Heatmaps/HeatMap15.png Graphic file (type png)

<use Heatmaps/HeatMap15.png>
Package pdftex.def Info: Heatmaps/HeatMap15.png used on input line 328.
(pdftex.def)             Requested size: 52.23146pt x 71.37585pt.

<Heatmaps/HeatMap16.png, id=65, 361.35pt x 493.845pt>
File: Heatmaps/HeatMap16.png Graphic file (type png)

<use Heatmaps/HeatMap16.png>
Package pdftex.def Info: Heatmaps/HeatMap16.png used on input line 333.
(pdftex.def)             Requested size: 52.23146pt x 71.37585pt.

<Visualization/CompanyCars.png, id=66, 675.7245pt x 363.15675pt>
File: Visualization/CompanyCars.png Graphic file (type png)

<use Visualization/CompanyCars.png>
Package pdftex.def Info: Visualization/CompanyCars.png used on input line 345.
(pdftex.def)             Requested size: 221.32687pt x 118.9444pt.

<Visualization/MotorCycles.png, id=67, 676.32675pt x 369.7815pt>
File: Visualization/MotorCycles.png Graphic file (type png)

<use Visualization/MotorCycles.png>
Package pdftex.def Info: Visualization/MotorCycles.png used on input line 350.
(pdftex.def)             Requested size: 221.32687pt x 121.01263pt.

Overfull \hbox (2.43333pt too wide) in paragraph at lines 344--354
[][] [] 
 []


Underfull \hbox (badness 10000) in paragraph at lines 340--355

 []

[10 <C:/Users/Luuk/Source/Repos/Visualization_2IV35/rapport/Heatmaps/HeatMap1.p
ng> <C:/Users/Luuk/Source/Repos/Visualization_2IV35/rapport/Heatmaps/HeatMap2.p
ng> <C:/Users/Luuk/Source/Repos/Visualization_2IV35/rapport/Heatmaps/HeatMap3.p
ng> <C:/Users/Luuk/Source/Repos/Visualization_2IV35/rapport/Heatmaps/HeatMap4.p
ng> <C:/Users/Luuk/Source/Repos/Visualization_2IV35/rapport/Heatmaps/HeatMap5.p
ng> <C:/Users/Luuk/Source/Repos/Visualization_2IV35/rapport/Heatmaps/HeatMap6.p
ng> <C:/Users/Luuk/Source/Repos/Visualization_2IV35/rapport/Heatmaps/HeatMap7.p
ng> <C:/Users/Luuk/Source/Repos/Visualization_2IV35/rapport/Heatmaps/HeatMap8.p
ng> <C:/Users/Luuk/Source/Repos/Visualization_2IV35/rapport/Heatmaps/HeatMap9.p
ng> <C:/Users/Luuk/Source/Repos/Visualization_2IV35/rapport/Heatmaps/HeatMap10.
png> <C:/Users/Luuk/Source/Repos/Visualization_2IV35/rapport/Heatmaps/HeatMap11
.png> <C:/Users/Luuk/Source/Repos/Visualization_2IV35/rapport/Heatmaps/HeatMap1
2.png> <C:/Users/Luuk/Source/Repos/Visualization_2IV35/rapport/Heatmaps/HeatMap
13.png> <C:/Users/Luuk/Source/Repos/Visualization_2IV35/rapport/Heatmaps/HeatMa
p14.png> <C:/Users/Luuk/Source/Repos/Visualization_2IV35/rapport/Heatmaps/HeatM
ap15.png> <C:/Users/Luuk/Source/Repos/Visualization_2IV35/rapport/Heatmaps/Heat
Map16.png>]
Overfull \hbox (10.0pt too wide) in paragraph at lines 355--369
[] 
 []


Overfull \hbox (10.0pt too wide) in paragraph at lines 355--369

 []


Overfull \hbox (10.0pt too wide) in paragraph at lines 355--369

 []


Overfull \hbox (10.0pt too wide) in paragraph at lines 355--369

 []


Overfull \hbox (10.0pt too wide) in paragraph at lines 355--369

 []


Overfull \hbox (10.0pt too wide) in paragraph at lines 355--369

 []


Overfull \hbox (10.0pt too wide) in paragraph at lines 355--369

 []


Overfull \hbox (10.0pt too wide) in paragraph at lines 355--369

 []


Overfull \hbox (10.0pt too wide) in paragraph at lines 355--369

 []


Overfull \hbox (10.0pt too wide) in paragraph at lines 355--369

 []


Overfull \hbox (10.0pt too wide) in paragraph at lines 355--369

 []


Overfull \hbox (10.0pt too wide) in paragraph at lines 355--369

 []


Overfull \hbox (10.0pt too wide) in paragraph at lines 355--369

 []


Overfull \hbox (10.0pt too wide) in paragraph at lines 355--369

 []

<Visualization/BarChartSimpleSingle.png, id=87, 674.52pt x 370.38374pt>
File: Visualization/BarChartSimpleSingle.png Graphic file (type png)

<use Visualization/BarChartSimpleSingle.png>
Package pdftex.def Info: Visualization/BarChartSimpleSingle.png used on input l
ine 374.
(pdftex.def)             Requested size: 101.80846pt x 55.8999pt.

<Visualization/BarChartSimpleFull.png, id=88, 677.53125pt x 366.77025pt>
File: Visualization/BarChartSimpleFull.png Graphic file (type png)

<use Visualization/BarChartSimpleFull.png>
Package pdftex.def Info: Visualization/BarChartSimpleFull.png used on input lin
e 379.
(pdftex.def)             Requested size: 101.80846pt x 55.10829pt.

<Visualization/BarChartExtendedSingle.png, id=89, 669.702pt x 360.1455pt>
File: Visualization/BarChartExtendedSingle.png Graphic file (type png)

<use Visualization/BarChartExtendedSingle.png>
Package pdftex.def Info: Visualization/BarChartExtendedSingle.png used on input
 line 384.
(pdftex.def)             Requested size: 101.80846pt x 54.74487pt.

<Visualization/BarChartExtendedFull.png, id=90, 669.702pt x 357.13425pt>
File: Visualization/BarChartExtendedFull.png Graphic file (type png)

<use Visualization/BarChartExtendedFull.png>
Package pdftex.def Info: Visualization/BarChartExtendedFull.png used on input l
ine 389.
(pdftex.def)             Requested size: 101.80846pt x 54.28714pt.

Underfull \hbox (badness 10000) in paragraph at lines 370--394

 []


Underfull \hbox (badness 10000) in paragraph at lines 370--394

 []


Overfull \hbox (10.0pt too wide) in paragraph at lines 394--407
[] 
 []


Overfull \hbox (10.0pt too wide) in paragraph at lines 394--407

 []


Overfull \hbox (10.0pt too wide) in paragraph at lines 394--407

 []


Overfull \hbox (10.0pt too wide) in paragraph at lines 394--407

 []


Overfull \hbox (10.0pt too wide) in paragraph at lines 394--407

 []


Overfull \hbox (10.0pt too wide) in paragraph at lines 394--407

 []


Overfull \hbox (10.0pt too wide) in paragraph at lines 394--407

 []


Overfull \hbox (10.0pt too wide) in paragraph at lines 394--407

 []


Overfull \hbox (10.0pt too wide) in paragraph at lines 394--407

 []


Overfull \hbox (10.0pt too wide) in paragraph at lines 394--407

 []


Underfull \hbox (badness 10000) in paragraph at lines 394--407

 []

[11 <C:/Users/Luuk/Source/Repos/Visualization_2IV35/rapport/Visualization/Compa
nyCars.png> <C:/Users/Luuk/Source/Repos/Visualization_2IV35/rapport/Visualizati
on/MotorCycles.png> <C:/Users/Luuk/Source/Repos/Visualization_2IV35/rapport/Vis
ualization/BarChartSimpleSingle.png> <C:/Users/Luuk/Source/Repos/Visualization_
2IV35/rapport/Visualization/BarChartSimpleFull.png> <C:/Users/Luuk/Source/Repos
/Visualization_2IV35/rapport/Visualization/BarChartExtendedSingle.png> <C:/User
s/Luuk/Source/Repos/Visualization_2IV35/rapport/Visualization/BarChartExtendedF
ull.png>] <Visualization/PieChartMarried.png, id=100, 373.395pt x 272.217pt>
File: Visualization/PieChartMarried.png Graphic file (type png)

<use Visualization/PieChartMarried.png>
Package pdftex.def Info: Visualization/PieChartMarried.png used on input line 4
12.
(pdftex.def)             Requested size: 101.80846pt x 74.2223pt.

<Visualization/PieChartRatio.png, id=101, 360.74776pt x 298.11375pt>
File: Visualization/PieChartRatio.png Graphic file (type png)

<use Visualization/PieChartRatio.png>
Package pdftex.def Info: Visualization/PieChartRatio.png used on input line 417
.
(pdftex.def)             Requested size: 101.80846pt x 84.13086pt.

<Visualization/PieChartInhabitants.png, id=102, 331.83975pt x 286.671pt>
File: Visualization/PieChartInhabitants.png Graphic file (type png)

<use Visualization/PieChartInhabitants.png>
Package pdftex.def Info: Visualization/PieChartInhabitants.png used on input li
ne 422.
(pdftex.def)             Requested size: 88.52939pt x 76.47923pt.

<Visualization/PieChartWater.png, id=103, 357.13425pt x 299.31825pt>
File: Visualization/PieChartWater.png Graphic file (type png)

<use Visualization/PieChartWater.png>
Package pdftex.def Info: Visualization/PieChartWater.png used on input line 427
.
(pdftex.def)             Requested size: 88.52939pt x 74.19453pt.

Overfull \hbox (10.0pt too wide) in paragraph at lines 432--443
[] 
 []


Overfull \hbox (10.0pt too wide) in paragraph at lines 432--443

 []


Overfull \hbox (10.0pt too wide) in paragraph at lines 432--443

 []


Overfull \hbox (10.0pt too wide) in paragraph at lines 432--443

 []


Overfull \hbox (10.0pt too wide) in paragraph at lines 432--443

 []


Overfull \hbox (10.0pt too wide) in paragraph at lines 432--443

 []


Overfull \hbox (10.0pt too wide) in paragraph at lines 432--443

 []


Overfull \hbox (10.0pt too wide) in paragraph at lines 432--443

 []


Overfull \hbox (10.0pt too wide) in paragraph at lines 432--443

 []


Overfull \hbox (10.0pt too wide) in paragraph at lines 432--443

 []


Overfull \hbox (10.0pt too wide) in paragraph at lines 432--443

 []


Overfull \hbox (94.10419pt too wide) in paragraph at lines 443--443
[]\OT1/cmr/bx/n/12 Hovering
 []


Underfull \hbox (badness 10000) in paragraph at lines 444--449

 []

[12 <C:/Users/Luuk/Source/Repos/Visualization_2IV35/rapport/Visualization/PieCh
artMarried.png> <C:/Users/Luuk/Source/Repos/Visualization_2IV35/rapport/Visuali
zation/PieChartRatio.png> <C:/Users/Luuk/Source/Repos/Visualization_2IV35/rappo
rt/Visualization/PieChartInhabitants.png> <C:/Users/Luuk/Source/Repos/Visualiza
tion_2IV35/rapport/Visualization/PieChartWater.png>] [13]
Underfull \hbox (badness 10000) in paragraph at lines 452--457

 []


Underfull \hbox (badness 10000) in paragraph at lines 452--457

 []


Underfull \hbox (badness 10000) in paragraph at lines 452--457

 []

[14] <Conclusion/Conclusion1.jpg, id=118, 1284.8pt x 722.7pt>
File: Conclusion/Conclusion1.jpg Graphic file (type jpg)

<use Conclusion/Conclusion1.jpg>
Package pdftex.def Info: Conclusion/Conclusion1.jpg used on input line 469.
(pdftex.def)             Requested size: 442.65375pt x 248.98991pt.
 [15 <C:/Users/Luuk/Source/Repos/Visualization_2IV35/rapport/Conclusion/Conclus
ion1.jpg>]
(C:\Users\Luuk\Source\Repos\Visualization_2IV35\rapport\2IV35.aux)

LaTeX Font Warning: Some font shapes were not available, defaults substituted.


LaTeX Warning: There were multiply-defined labels.

 ) 
Here is how much of TeX's memory you used:
 3585 strings out of 493921
 53947 string characters out of 3144880
 123914 words of memory out of 3000000
 6813 multiletter control sequences out of 15000+200000
 13829 words of font info for 50 fonts, out of 3000000 for 9000
 841 hyphenation exceptions out of 8191
 36i,10n,43p,710b,438s stack positions out of 5000i,500n,10000p,200000b,50000s
<C:/Program Files (x86)/MiKTeX 2.9/fonts/type1/public/amsfonts/cm/cmbx10.pfb>
<C:/Program Files (x86)/MiKTeX 2.9/fonts/type1/public/amsfonts/cm/cmbx12.pfb><C
:/Program Files (x86)/MiKTeX 2.9/fonts/type1/public/amsfonts/cm/cmbxti10.pfb><C
:/Program Files (x86)/MiKTeX 2.9/fonts/type1/public/amsfonts/cm/cmcsc10.pfb><C:
/Program Files (x86)/MiKTeX 2.9/fonts/type1/public/amsfonts/cm/cmr10.pfb><C:/Pr
ogram Files (x86)/MiKTeX 2.9/fonts/type1/public/amsfonts/cm/cmr12.pfb><C:/Progr
am Files (x86)/MiKTeX 2.9/fonts/type1/public/amsfonts/cm/cmssbx10.pfb>
Output written on 2IV35.pdf (15 pages, 3338055 bytes).
PDF statistics:
 145 PDF objects out of 1000 (max. 8388607)
 0 named destinations out of 1000 (max. 500000)
 166 words of extra memory for PDF output out of 10000 (max. 10000000)

