#
# A fatal error has been detected by the Java Runtime Environment:
#
#  EXCEPTION_ACCESS_VIOLATION (0xc0000005) at pc=0x00007ffa1393a940, pid=1020, tid=5960
#
# JRE version: Java(TM) SE Runtime Environment (8.0_31-b13) (build 1.8.0_31-b13)
# Java VM: Java HotSpot(TM) 64-Bit Server VM (25.31-b07 mixed mode windows-amd64 compressed oops)
# Problematic frame:
# C  [ig75icd64.dll+0x9a940]
#
# Failed to write core dump. Minidumps are not enabled by default on client versions of Windows
#
# If you would like to submit a bug report, please visit:
#   http://bugreport.java.com/bugreport/crash.jsp
# The crash happened outside the Java Virtual Machine in native code.
# See problematic frame for where to report the bug.
#

---------------  T H R E A D  ---------------

Current thread (0x0000000001e20800):  JavaThread "main" [_thread_in_native, id=5960, stack(0x0000000001d20000,0x0000000001e20000)]

siginfo: ExceptionCode=0xc0000005, reading address 0x0000000000000000

Registers:
RAX=0x0000000000000000, RBX=0x000000001acc6000, RCX=0x0000000000000000, RDX=0x0000000000000000
RSP=0x0000000001e1bf50, RBP=0x0000000001e1c080, RSI=0x000000001b63a9d0, RDI=0x000000001acc6000
R8 =0x0000000000000180, R9 =0x0000000000000003, R10=0x0000000000000000, R11=0x0000000000000202
R12=0x0000000000000000, R13=0x0000000000000000, R14=0x0000000001e1c700, R15=0x0000000000000010
RIP=0x00007ffa1393a940, EFLAGS=0x0000000000010206

Top of Stack: (sp=0x0000000001e1bf50)
0x0000000001e1bf50:   cafebabecafebabe 0000000000000000
0x0000000001e1bf60:   0000000000000000 0000000000000000
0x0000000001e1bf70:   000000001a092fc0 00007ffa13b10eb9
0x0000000001e1bf80:   0000000000000002 000000001b63a9d0
0x0000000001e1bf90:   0000000001e1c080 0000000001e1c090
0x0000000001e1bfa0:   0000000001e20801 00000000ffffffff
0x0000000001e1bfb0:   0000000300000180 0000000001e1c700
0x0000000001e1bfc0:   0000000000000002 000000001a0b3d00
0x0000000001e1bfd0:   0000000000000002 0000000018ad0b90
0x0000000001e1bfe0:   0000000000000002 00000000715d6dd7
0x0000000001e1bff0:   0000000000000002 00000000715e57c5
0x0000000001e1c000:   0000000001e2b090 0000000000480cc0
0x0000000001e1c010:   000000010000000d 0000000000000000
0x0000000001e1c020:   0000000001e20800 000000001b6aaec0
0x0000000001e1c030:   0000000000000002 000000001b671640
0x0000000001e1c040:   0000000000000002 000000000000001c 

Instructions: (pc=0x00007ffa1393a940)
0x00007ffa1393a920:   c2 10 66 0f e7 47 f0 49 3b c2 72 e4 e9 ab 00 00
0x00007ffa1393a930:   00 4d 85 c9 74 6c 66 66 0f 1f 84 00 00 00 00 00
0x00007ffa1393a940:   66 0f 6f 3a 66 0f 6f 72 10 66 0f 6f 6a 20 41 ff
0x00007ffa1393a950:   c2 48 83 ef 80 41 8b c2 66 0f 6f 62 30 66 0f 6f 


Register to memory mapping:

RAX=0x0000000000000000 is an unknown value
RBX=0x000000001acc6000 is an unknown value
RCX=0x0000000000000000 is an unknown value
RDX=0x0000000000000000 is an unknown value
RSP=0x0000000001e1bf50 is pointing into the stack for thread: 0x0000000001e20800
RBP=0x0000000001e1c080 is pointing into the stack for thread: 0x0000000001e20800
RSI=0x000000001b63a9d0 is an unknown value
RDI=0x000000001acc6000 is an unknown value
R8 =0x0000000000000180 is an unknown value
R9 =0x0000000000000003 is an unknown value
R10=0x0000000000000000 is an unknown value
R11=0x0000000000000202 is an unknown value
R12=0x0000000000000000 is an unknown value
R13=0x0000000000000000 is an unknown value
R14=0x0000000001e1c700 is pointing into the stack for thread: 0x0000000001e20800
R15=0x0000000000000010 is an unknown value


Stack: [0x0000000001d20000,0x0000000001e20000],  sp=0x0000000001e1bf50,  free space=1007k
Native frames: (J=compiled Java code, j=interpreted, Vv=VM code, C=native code)
C  [ig75icd64.dll+0x9a940]
C  [ig75icd64.dll+0x270eb9]
C  [ig75icd64.dll+0x1b3689]
C  [ig75icd64.dll+0x2791fe]
C  [ig75icd64.dll+0x17af13]
C  [ig75icd64.dll+0x4bdca5]
C  [ig75icd64.dll+0x4bdde7]
C  [ig75icd64.dll+0x4be2f1]
C  0x0000000001f35b74

Java frames: (J=compiled Java code, j=interpreted, Vv=VM code)
j  org.lwjgl.opengl.GL11.nglDrawElementsBO(IIIJJ)V+0
j  org.lwjgl.opengl.GL11.glDrawElements(IIIJ)V+28
j  renderEngine.Renderer.render(Lentities/Entity;Lshaders/StaticShader;)V+82
j  engineTester.MainSimulator.main([Ljava/lang/String;)V+1484
v  ~StubRoutines::call_stub

---------------  P R O C E S S  ---------------

Java Threads: ( => current thread )
  0x000000001831d800 JavaThread "Service Thread" daemon [_thread_blocked, id=4204, stack(0x0000000018700000,0x0000000018800000)]
  0x0000000016aa6800 JavaThread "C1 CompilerThread2" daemon [_thread_blocked, id=2300, stack(0x0000000018200000,0x0000000018300000)]
  0x0000000016aa5000 JavaThread "C2 CompilerThread1" daemon [_thread_blocked, id=3940, stack(0x0000000018100000,0x0000000018200000)]
  0x0000000016a9c800 JavaThread "C2 CompilerThread0" daemon [_thread_blocked, id=2028, stack(0x0000000018000000,0x0000000018100000)]
  0x0000000016a9b800 JavaThread "Attach Listener" daemon [_thread_blocked, id=4476, stack(0x0000000017f00000,0x0000000018000000)]
  0x0000000016a9a800 JavaThread "Signal Dispatcher" daemon [_thread_blocked, id=5944, stack(0x0000000017e00000,0x0000000017f00000)]
  0x0000000001f14000 JavaThread "Finalizer" daemon [_thread_blocked, id=772, stack(0x0000000017d00000,0x0000000017e00000)]
  0x0000000016a68800 JavaThread "Reference Handler" daemon [_thread_blocked, id=4640, stack(0x0000000017c00000,0x0000000017d00000)]
=>0x0000000001e20800 JavaThread "main" [_thread_in_native, id=5960, stack(0x0000000001d20000,0x0000000001e20000)]

Other Threads:
  0x0000000016a66000 VMThread [stack: 0x0000000017b00000,0x0000000017c00000] [id=5748]
  0x000000001832a000 WatcherThread [stack: 0x0000000018800000,0x0000000018900000] [id=4800]

VM state:not at safepoint (normal execution)

VM Mutex/Monitor currently owned by a thread: None

Heap:
 PSYoungGen      total 38400K, used 7374K [0x00000000d5b80000, 0x00000000d8600000, 0x0000000100000000)
  eden space 33280K, 22% used [0x00000000d5b80000,0x00000000d62b3958,0x00000000d7c00000)
  from space 5120K, 0% used [0x00000000d8100000,0x00000000d8100000,0x00000000d8600000)
  to   space 5120K, 0% used [0x00000000d7c00000,0x00000000d7c00000,0x00000000d8100000)
 ParOldGen       total 87552K, used 0K [0x0000000081200000, 0x0000000086780000, 0x00000000d5b80000)
  object space 87552K, 0% used [0x0000000081200000,0x0000000081200000,0x0000000086780000)
 Metaspace       used 5011K, capacity 5891K, committed 6016K, reserved 1056768K
  class space    used 484K, capacity 528K, committed 640K, reserved 1048576K

Card table byte_map: [0x00000000112e0000,0x00000000116e0000] byte_map_base: 0x0000000010ed7000

Marking Bits: (ParMarkBitMap*) 0x0000000071d6d4f0
 Begin Bits: [0x0000000011d90000, 0x0000000013d48000)
 End Bits:   [0x0000000013d48000, 0x0000000015d00000)

Polling page: 0x00000000004a0000

CodeCache: size=245760Kb used=1962Kb max_used=1962Kb free=243797Kb
 bounds [0x0000000001f20000, 0x0000000002190000, 0x0000000010f20000]
 total_blobs=701 nmethods=320 adapters=295
 compilation: enabled

Compilation events (10 events):
Event: 0.563 Thread 0x0000000016aa6800  310       3       engineTester.Particle::addNeighbourParticle (12 bytes)
Event: 0.564 Thread 0x0000000016aa6800 nmethod 310 0x00000000020ce5d0 code [0x00000000020ce740, 0x00000000020ce968]
Event: 0.564 Thread 0x0000000016aa6800  311       3       java.util.ArrayList::iterator (10 bytes)
Event: 0.564 Thread 0x0000000016aa6800 nmethod 311 0x00000000020ce010 code [0x00000000020ce180, 0x00000000020ce470]
Event: 0.564 Thread 0x0000000016aa6800  312       3       java.util.ArrayList$Itr::<init> (6 bytes)
Event: 0.564 Thread 0x0000000016aa6800 nmethod 312 0x00000000020cdb50 code [0x00000000020cdcc0, 0x00000000020cdef0]
Event: 0.564 Thread 0x0000000016aa6800  313       3       java.util.ArrayList$Itr::<init> (26 bytes)
Event: 0.564 Thread 0x0000000016aa6800 nmethod 313 0x00000000020cd750 code [0x00000000020cd8c0, 0x00000000020cda90]
Event: 0.580 Thread 0x0000000016aa6800  314 %     3       engineTester.MainSimulator::main @ 1416 (1522 bytes)
Event: 0.581 Thread 0x0000000016a9c800  320       4       java.lang.String::equals (81 bytes)

GC Heap History (0 events):
No events

Deoptimization events (1 events):
Event: 0.580 Thread 0x0000000001e20800 Uncommon trap: reason=unreached action=reinterpret pc=0x00000000020f7988 method=engineTester.MainSimulator.main([Ljava/lang/String;)V @ 1445

Internal exceptions (10 events):
Event: 0.445 Thread 0x0000000001e20800 Exception <a 'java/security/PrivilegedActionException'> (0x00000000d61b2e98) thrown at [C:\workspace\8-2-build-windows-amd64-cygwin\jdk8u31\2394\hotspot\src\share\vm\prims\jvm.cpp, line 1312]
Event: 0.445 Thread 0x0000000001e20800 Exception <a 'java/security/PrivilegedActionException'> (0x00000000d61b6e28) thrown at [C:\workspace\8-2-build-windows-amd64-cygwin\jdk8u31\2394\hotspot\src\share\vm\prims\jvm.cpp, line 1312]
Event: 0.446 Thread 0x0000000001e20800 Exception <a 'java/security/PrivilegedActionException'> (0x00000000d61bcfd0) thrown at [C:\workspace\8-2-build-windows-amd64-cygwin\jdk8u31\2394\hotspot\src\share\vm\prims\jvm.cpp, line 1312]
Event: 0.453 Thread 0x0000000001e20800 Exception <a 'java/security/PrivilegedActionException'> (0x00000000d61d2860) thrown at [C:\workspace\8-2-build-windows-amd64-cygwin\jdk8u31\2394\hotspot\src\share\vm\prims\jvm.cpp, line 1312]
Event: 0.455 Thread 0x0000000001e20800 Exception <a 'java/security/PrivilegedActionException'> (0x00000000d61dff28) thrown at [C:\workspace\8-2-build-windows-amd64-cygwin\jdk8u31\2394\hotspot\src\share\vm\prims\jvm.cpp, line 1312]
Event: 0.461 Thread 0x0000000001e20800 Exception <a 'java/security/PrivilegedActionException'> (0x00000000d61e5638) thrown at [C:\workspace\8-2-build-windows-amd64-cygwin\jdk8u31\2394\hotspot\src\share\vm\prims\jvm.cpp, line 1312]
Event: 0.461 Thread 0x0000000001e20800 Exception <a 'java/security/PrivilegedActionException'> (0x00000000d61e7720) thrown at [C:\workspace\8-2-build-windows-amd64-cygwin\jdk8u31\2394\hotspot\src\share\vm\prims\jvm.cpp, line 1312]
Event: 0.463 Thread 0x0000000001e20800 Exception <a 'java/security/PrivilegedActionException'> (0x00000000d62230c8) thrown at [C:\workspace\8-2-build-windows-amd64-cygwin\jdk8u31\2394\hotspot\src\share\vm\prims\jvm.cpp, line 1312]
Event: 0.464 Thread 0x0000000001e20800 Exception <a 'java/security/PrivilegedActionException'> (0x00000000d62250f8) thrown at [C:\workspace\8-2-build-windows-amd64-cygwin\jdk8u31\2394\hotspot\src\share\vm\prims\jvm.cpp, line 1312]
Event: 0.580 Thread 0x0000000001e20800 Exception <a 'java/security/PrivilegedActionException'> (0x00000000d624bde8) thrown at [C:\workspace\8-2-build-windows-amd64-cygwin\jdk8u31\2394\hotspot\src\share\vm\prims\jvm.cpp, line 1312]

Events (10 events):
Event: 0.463 loading class entities/Camera done
Event: 0.464 loading class toolbox/Maths
Event: 0.464 loading class toolbox/Maths done
Event: 0.558 Thread 0x0000000001e20800 DEOPT PACKING pc=0x00000000020d8485 sp=0x0000000001e1ed40
Event: 0.558 Thread 0x0000000001e20800 DEOPT UNPACKING pc=0x0000000001f675bf sp=0x0000000001e1eda0 mode 0
Event: 0.580 Thread 0x0000000001e20800 Uncommon trap: trap_request=0xffffffad fr.pc=0x00000000020f7988
Event: 0.580 Thread 0x0000000001e20800 DEOPT PACKING pc=0x00000000020f7988 sp=0x0000000001e1f0a0
Event: 0.580 Thread 0x0000000001e20800 DEOPT UNPACKING pc=0x0000000001f6556a sp=0x0000000001e1f028 mode 2
Event: 0.580 loading class org/lwjgl/opengl/GL13
Event: 0.580 loading class org/lwjgl/opengl/GL13 done


Dynamic libraries:
0x00007ff68e120000 - 0x00007ff68e154000 	C:\Program Files\Java\jre1.8.0_31\bin\javaw.exe
0x00007ffa350f0000 - 0x00007ffa35296000 	C:\windows\SYSTEM32\ntdll.dll
0x00007ffa330f0000 - 0x00007ffa3322a000 	C:\windows\system32\KERNEL32.DLL
0x00007ffa32630000 - 0x00007ffa3273f000 	C:\windows\system32\KERNELBASE.dll
0x00007ffa31070000 - 0x00007ffa310f8000 	C:\windows\system32\apphelp.dll
0x00007ffa28960000 - 0x00007ffa289af000 	C:\windows\AppPatch\AppPatch64\AcGenral.DLL
0x00007ffa32b80000 - 0x00007ffa32c27000 	C:\windows\system32\msvcrt.dll
0x00007ffa322a0000 - 0x00007ffa322cb000 	C:\windows\SYSTEM32\SspiCli.dll
0x00007ffa334f0000 - 0x00007ffa33541000 	C:\windows\system32\SHLWAPI.dll
0x00007ffa32a00000 - 0x00007ffa32b71000 	C:\windows\system32\USER32.dll
0x00007ffa34f70000 - 0x00007ffa350e8000 	C:\windows\system32\ole32.dll
0x00007ffa33980000 - 0x00007ffa34d8f000 	C:\windows\system32\SHELL32.dll
0x00007ffa31ab0000 - 0x00007ffa31ace000 	C:\windows\SYSTEM32\USERENV.dll
0x00007ffa32c30000 - 0x00007ffa32cd5000 	C:\windows\system32\ADVAPI32.dll
0x00007ffa26400000 - 0x00007ffa2641b000 	C:\windows\SYSTEM32\MPR.dll
0x00007ffa32ce0000 - 0x00007ffa32e17000 	C:\windows\system32\RPCRT4.dll
0x00007ffa33090000 - 0x00007ffa330e7000 	C:\windows\SYSTEM32\sechost.dll
0x00007ffa33230000 - 0x00007ffa33406000 	C:\windows\SYSTEM32\combase.dll
0x00007ffa32e20000 - 0x00007ffa32f64000 	C:\windows\system32\GDI32.dll
0x00007ffa32460000 - 0x00007ffa32474000 	C:\windows\SYSTEM32\profapi.dll
0x00007ffa30870000 - 0x00007ffa3090f000 	C:\windows\SYSTEM32\SHCORE.dll
0x00007ffa33410000 - 0x00007ffa33444000 	C:\windows\system32\IMM32.DLL
0x00007ffa33640000 - 0x00007ffa33779000 	C:\windows\system32\MSCTF.dll
0x00007ffa2fd90000 - 0x00007ffa2ffea000 	C:\windows\WinSxS\amd64_microsoft.windows.common-controls_6595b64144ccf1df_6.0.9600.17031_none_6242a4b3ecbb55a1\COMCTL32.dll
0x0000000071420000 - 0x00000000714f2000 	C:\Program Files\Java\jre1.8.0_31\bin\msvcr100.dll
0x0000000071590000 - 0x0000000071dea000 	C:\Program Files\Java\jre1.8.0_31\bin\server\jvm.dll
0x00007ffa2aac0000 - 0x00007ffa2aac9000 	C:\windows\SYSTEM32\WSOCK32.dll
0x00007ffa29ba0000 - 0x00007ffa29bbf000 	C:\windows\SYSTEM32\WINMM.dll
0x00007ffa32970000 - 0x00007ffa32977000 	C:\windows\system32\PSAPI.DLL
0x00007ffa32980000 - 0x00007ffa329d8000 	C:\windows\system32\WS2_32.dll
0x00007ffa1f380000 - 0x00007ffa1f3aa000 	C:\windows\SYSTEM32\WINMMBASE.dll
0x00007ffa32fd0000 - 0x00007ffa32fd9000 	C:\windows\system32\NSI.dll
0x00007ffa32530000 - 0x00007ffa3257a000 	C:\windows\SYSTEM32\cfgmgr32.dll
0x00007ffa312f0000 - 0x00007ffa31316000 	C:\windows\SYSTEM32\DEVOBJ.dll
0x0000000072460000 - 0x000000007246f000 	C:\Program Files\Java\jre1.8.0_31\bin\verify.dll
0x0000000071560000 - 0x0000000071588000 	C:\Program Files\Java\jre1.8.0_31\bin\java.dll
0x0000000071540000 - 0x0000000071556000 	C:\Program Files\Java\jre1.8.0_31\bin\zip.dll
0x0000000180000000 - 0x0000000180053000 	C:\Users\Luuk\Source\Repos\Visualization_2IV35\2IV06 Visual Computing Project\Source\lib\lwjgl-2.9.3\native\windows\lwjgl64.dll
0x00007ffa252f0000 - 0x00007ffa25411000 	C:\windows\SYSTEM32\OPENGL32.dll
0x00007ffa2bb10000 - 0x00007ffa2bb1a000 	C:\windows\SYSTEM32\VERSION.dll
0x00007ffa28740000 - 0x00007ffa2876c000 	C:\windows\SYSTEM32\GLU32.dll
0x00007ffa24f20000 - 0x00007ffa25014000 	C:\windows\SYSTEM32\DDRAW.dll
0x00007ffa2dc80000 - 0x00007ffa2dc89000 	C:\windows\SYSTEM32\DCIMAN32.dll
0x00007ffa31150000 - 0x00007ffa31271000 	C:\windows\system32\uxtheme.dll
0x00007ffa29ac0000 - 0x00007ffa29b58000 	C:\Program Files\Common Files\microsoft shared\ink\tiptsf.dll
0x00007ffa33560000 - 0x00007ffa33621000 	C:\windows\system32\OLEAUT32.dll
0x00007ffa306a0000 - 0x00007ffa306c0000 	C:\windows\system32\dwmapi.dll
0x00007ffa138a0000 - 0x00007ffa14171000 	C:\windows\SYSTEM32\ig75icd64.dll
0x00007ffa2e310000 - 0x00007ffa2ecb8000 	C:\windows\SYSTEM32\igdusc64.dll
0x00007ffa2ee60000 - 0x00007ffa2ee71000 	C:\windows\SYSTEM32\WTSAPI32.dll
0x00007ffa31110000 - 0x00007ffa3111a000 	C:\windows\SYSTEM32\kernel.appcore.dll
0x00007ffa32330000 - 0x00007ffa3233a000 	C:\windows\SYSTEM32\CRYPTBASE.dll
0x00007ffa322d0000 - 0x00007ffa32330000 	C:\windows\SYSTEM32\bcryptPrimitives.dll
0x00007ffa2dda0000 - 0x00007ffa2de03000 	C:\windows\SYSTEM32\oleacc.dll
0x00007ffa25260000 - 0x00007ffa252ed000 	C:\windows\SYSTEM32\mscms.dll
0x00007ffa26cf0000 - 0x00007ffa26d31000 	C:\windows\SYSTEM32\icm32.dll
0x00007ffa32400000 - 0x00007ffa32445000 	C:\windows\SYSTEM32\powrprof.dll
0x0000000071280000 - 0x0000000071418000 	C:\Program Files\Java\jre1.8.0_31\bin\awt.dll
0x00007ffa247f0000 - 0x00007ffa24978000 	C:\windows\SYSTEM32\dbghelp.dll

VM Arguments:
jvm_args: -Djava.library.path=C:\Users\Luuk\Source\Repos\Visualization_2IV35\2IV06 Visual Computing Project\Source\lib\lwjgl-2.9.3\native\windows -Dfile.encoding=Cp1252 
java_command: engineTester.MainSimulator
java_class_path (initial): C:\Users\Luuk\Source\Repos\Visualization_2IV35\2IV06 Visual Computing Project\Source\bin;C:\Users\Luuk\Source\Repos\Visualization_2IV35\2IV06 Visual Computing Project\Source\lib\lwjgl-2.9.3\jar\lwjgl.jar;C:\Users\Luuk\Source\Repos\Visualization_2IV35\2IV06 Visual Computing Project\Source\lib\lwjgl-2.9.3\jar\lwjgl_util.jar;C:\Users\Luuk\Source\Repos\Visualization_2IV35\2IV06 Visual Computing Project\Source\lib\slick\lib\slick.jar
Launcher Type: SUN_STANDARD

Environment Variables:
PATH=C:/Program Files/Java/jre1.8.0_31/bin/server;C:/Program Files/Java/jre1.8.0_31/bin;C:/Program Files/Java/jre1.8.0_31/lib/amd64;C:\ProgramData\Oracle\Java\javapath;C:\Python27\;C:\Python27\Scripts;C:\Program Files (x86)\iis express\PHP\v5.4;C:\Program Files (x86)\NVIDIA Corporation\PhysX\Common;C:\windows\system32;C:\windows;C:\windows\System32\Wbem;C:\windows\System32\WindowsPowerShell\v1.0\;C:\Program Files (x86)\Microsoft ASP.NET\ASP.NET Web Pages\v1.0\;C:\Program Files (x86)\Windows Kits\8.0\Windows Performance Toolkit\;C:\Program Files\Microsoft SQL Server\110\Tools\Binn\;C:\Program Files\Microsoft\Web Platform Installer\;C:\Program Files (x86)\MiKTeX 2.9\miktex\bin\;C:\Users\Luuk\AppData\Roaming\Python\Scripts;C:\Program Files\adt-bundle\eclipse;
USERNAME=Luuk
OS=Windows_NT
PROCESSOR_IDENTIFIER=Intel64 Family 6 Model 69 Stepping 1, GenuineIntel



---------------  S Y S T E M  ---------------

OS: Windows 8.1 , 64 bit Build 9600 

CPU:total 4 (2 cores per cpu, 2 threads per core) family 6 model 69 stepping 1, cmov, cx8, fxsr, mmx, sse, sse2, sse3, ssse3, sse4.1, sse4.2, popcnt, avx, avx2, aes, clmul, erms, lzcnt, ht, tsc, tscinvbit, bmi1, bmi2

Memory: 4k page, physical 8306732k(4115496k free), swap 17219628k(12655472k free)

vm_info: Java HotSpot(TM) 64-Bit Server VM (25.31-b07) for windows-amd64 JRE (1.8.0_31-b13), built on Dec 17 2014 21:00:28 by "java_re" with MS VC++ 10.0 (VS2010)

time: Tue Feb 10 13:43:53 2015
elapsed time: 0 seconds (0d 0h 0m 0s)

