#
# A fatal error has been detected by the Java Runtime Environment:
#
#  EXCEPTION_ACCESS_VIOLATION (0xc0000005) at pc=0x00007ffa1393a940, pid=5824, tid=6932
#
# JRE version: Java(TM) SE Runtime Environment (8.0_31-b13) (build 1.8.0_31-b13)
# Java VM: Java HotSpot(TM) 64-Bit Server VM (25.31-b07 mixed mode windows-amd64 compressed oops)
# Problematic frame:
# C  [ig75icd64.dll+0x9a940]
#
# Failed to write core dump. Minidumps are not enabled by default on client versions of Windows
#
# If you would like to submit a bug report, please visit:
#   http://bugreport.java.com/bugreport/crash.jsp
# The crash happened outside the Java Virtual Machine in native code.
# See problematic frame for where to report the bug.
#

---------------  T H R E A D  ---------------

Current thread (0x0000000002c90800):  JavaThread "main" [_thread_in_native, id=6932, stack(0x0000000002b20000,0x0000000002c20000)]

siginfo: ExceptionCode=0xc0000005, reading address 0x0000000000000000

Registers:
RAX=0x0000000000000000, RBX=0x000000001bbc6000, RCX=0x0000000000000000, RDX=0x0000000000000000
RSP=0x0000000002c1c640, RBP=0x0000000002c1c770, RSI=0x000000001c570d80, RDI=0x000000001bbc6000
R8 =0x0000000000000180, R9 =0x0000000000000003, R10=0x0000000000000000, R11=0x0000000000000202
R12=0x0000000000000000, R13=0x0000000000000000, R14=0x0000000002c1cdf0, R15=0x0000000000000010
RIP=0x00007ffa1393a940, EFLAGS=0x0000000000010206

Top of Stack: (sp=0x0000000002c1c640)
0x0000000002c1c640:   cafebabecafebabe 0000000000000000
0x0000000002c1c650:   0000000000000000 0000000000000000
0x0000000002c1c660:   0000000001354bc0 00007ffa13b10eb9
0x0000000002c1c670:   0000000000000002 000000001c570d80
0x0000000002c1c680:   0000000002c1c770 0000000002c1c780
0x0000000002c1c690:   0000000002c90801 00000000ffffffff
0x0000000002c1c6a0:   0000000300000180 0000000002c1cdf0
0x0000000002c1c6b0:   0000000000000002 0000000001375900
0x0000000002c1c6c0:   0000000000000002 0000000019840b90
0x0000000002c1c6d0:   0000000000000002 00000000715d6dd7
0x0000000002c1c6e0:   0000000000000002 00000000715e57c5
0x0000000002c1c6f0:   0000000002c9b180 0000000001210d50
0x0000000002c1c700:   0000000100000026 0000000000000000
0x0000000002c1c710:   0000000002c90800 000000001c5a8830
0x0000000002c1c720:   0000000000000002 000000001c502af0
0x0000000002c1c730:   0000000000000002 000000000000001c 

Instructions: (pc=0x00007ffa1393a940)
0x00007ffa1393a920:   c2 10 66 0f e7 47 f0 49 3b c2 72 e4 e9 ab 00 00
0x00007ffa1393a930:   00 4d 85 c9 74 6c 66 66 0f 1f 84 00 00 00 00 00
0x00007ffa1393a940:   66 0f 6f 3a 66 0f 6f 72 10 66 0f 6f 6a 20 41 ff
0x00007ffa1393a950:   c2 48 83 ef 80 41 8b c2 66 0f 6f 62 30 66 0f 6f 


Register to memory mapping:

RAX=0x0000000000000000 is an unknown value
RBX=0x000000001bbc6000 is an unknown value
RCX=0x0000000000000000 is an unknown value
RDX=0x0000000000000000 is an unknown value
RSP=0x0000000002c1c640 is pointing into the stack for thread: 0x0000000002c90800
RBP=0x0000000002c1c770 is pointing into the stack for thread: 0x0000000002c90800
RSI=0x000000001c570d80 is an unknown value
RDI=0x000000001bbc6000 is an unknown value
R8 =0x0000000000000180 is an unknown value
R9 =0x0000000000000003 is an unknown value
R10=0x0000000000000000 is an unknown value
R11=0x0000000000000202 is an unknown value
R12=0x0000000000000000 is an unknown value
R13=0x0000000000000000 is an unknown value
R14=0x0000000002c1cdf0 is pointing into the stack for thread: 0x0000000002c90800
R15=0x0000000000000010 is an unknown value


Stack: [0x0000000002b20000,0x0000000002c20000],  sp=0x0000000002c1c640,  free space=1009k
Native frames: (J=compiled Java code, j=interpreted, Vv=VM code, C=native code)
C  [ig75icd64.dll+0x9a940]
C  [ig75icd64.dll+0x270eb9]
C  [ig75icd64.dll+0x1b3689]
C  [ig75icd64.dll+0x2791fe]
C  [ig75icd64.dll+0x17af13]
C  [ig75icd64.dll+0x4bdca5]
C  [ig75icd64.dll+0x4bdde7]
C  [ig75icd64.dll+0x4be2f1]
C  0x0000000002da5b74

Java frames: (J=compiled Java code, j=interpreted, Vv=VM code)
j  org.lwjgl.opengl.GL11.nglDrawElementsBO(IIIJJ)V+0
j  org.lwjgl.opengl.GL11.glDrawElements(IIIJ)V+28
j  renderEngine.Renderer.render(Lentities/Entity;Lshaders/StaticShader;)V+82
j  engineTester.MainSimulator.main([Ljava/lang/String;)V+1484
v  ~StubRoutines::call_stub

---------------  P R O C E S S  ---------------

Java Threads: ( => current thread )
  0x000000001796a800 JavaThread "Service Thread" daemon [_thread_blocked, id=1596, stack(0x0000000019570000,0x0000000019670000)]
  0x0000000017918800 JavaThread "C1 CompilerThread2" daemon [_thread_blocked, id=7892, stack(0x0000000019070000,0x0000000019170000)]
  0x0000000017918000 JavaThread "C2 CompilerThread1" daemon [_thread_blocked, id=2352, stack(0x0000000018f70000,0x0000000019070000)]
  0x000000001790e000 JavaThread "C2 CompilerThread0" daemon [_thread_blocked, id=7832, stack(0x0000000018e70000,0x0000000018f70000)]
  0x000000001790d000 JavaThread "Attach Listener" daemon [_thread_blocked, id=444, stack(0x0000000018d70000,0x0000000018e70000)]
  0x000000001790a800 JavaThread "Signal Dispatcher" daemon [_thread_blocked, id=796, stack(0x0000000018c70000,0x0000000018d70000)]
  0x0000000002d85800 JavaThread "Finalizer" daemon [_thread_blocked, id=7664, stack(0x0000000018b70000,0x0000000018c70000)]
  0x0000000002d7c800 JavaThread "Reference Handler" daemon [_thread_blocked, id=7380, stack(0x0000000018a70000,0x0000000018b70000)]
=>0x0000000002c90800 JavaThread "main" [_thread_in_native, id=6932, stack(0x0000000002b20000,0x0000000002c20000)]

Other Threads:
  0x00000000178d4800 VMThread [stack: 0x0000000018970000,0x0000000018a70000] [id=4472]
  0x000000001796d000 WatcherThread [stack: 0x0000000019670000,0x0000000019770000] [id=7448]

VM state:not at safepoint (normal execution)

VM Mutex/Monitor currently owned by a thread: None

Heap:
 PSYoungGen      total 38400K, used 7373K [0x00000000d5b80000, 0x00000000d8600000, 0x0000000100000000)
  eden space 33280K, 22% used [0x00000000d5b80000,0x00000000d62b37a0,0x00000000d7c00000)
  from space 5120K, 0% used [0x00000000d8100000,0x00000000d8100000,0x00000000d8600000)
  to   space 5120K, 0% used [0x00000000d7c00000,0x00000000d7c00000,0x00000000d8100000)
 ParOldGen       total 87552K, used 0K [0x0000000081200000, 0x0000000086780000, 0x00000000d5b80000)
  object space 87552K, 0% used [0x0000000081200000,0x0000000081200000,0x0000000086780000)
 Metaspace       used 5012K, capacity 5891K, committed 6016K, reserved 1056768K
  class space    used 484K, capacity 528K, committed 640K, reserved 1048576K

Card table byte_map: [0x0000000012150000,0x0000000012550000] byte_map_base: 0x0000000011d47000

Marking Bits: (ParMarkBitMap*) 0x0000000071d6d4f0
 Begin Bits: [0x0000000012c00000, 0x0000000014bb8000)
 End Bits:   [0x0000000014bb8000, 0x0000000016b70000)

Polling page: 0x0000000001230000

CodeCache: size=245760Kb used=1962Kb max_used=1962Kb free=243797Kb
 bounds [0x0000000002d90000, 0x0000000003000000, 0x0000000011d90000]
 total_blobs=705 nmethods=324 adapters=295
 compilation: enabled

Compilation events (10 events):
Event: 0.517 Thread 0x0000000017918800  314       3       engineTester.Particle::clearNeighbourList (10 bytes)
Event: 0.517 Thread 0x0000000017918800 nmethod 314 0x0000000002f666d0 code [0x0000000002f66840, 0x0000000002f66a68]
Event: 0.517 Thread 0x0000000017918800  316       3       java.util.ArrayList::iterator (10 bytes)
Event: 0.517 Thread 0x0000000017918800 nmethod 316 0x0000000002f66110 code [0x0000000002f66280, 0x0000000002f66570]
Event: 0.517 Thread 0x0000000017918800  315       3       engineTester.Particle::addNeighbourParticle (12 bytes)
Event: 0.517 Thread 0x0000000017918800 nmethod 315 0x0000000002f65c90 code [0x0000000002f65e00, 0x0000000002f66028]
Event: 0.517 Thread 0x0000000017918800  317       3       java.util.ArrayList$Itr::<init> (6 bytes)
Event: 0.518 Thread 0x0000000017918800 nmethod 317 0x0000000002f657d0 code [0x0000000002f65940, 0x0000000002f65b70]
Event: 0.532 Thread 0x0000000017918800  318 %     3       engineTester.MainSimulator::main @ 1416 (1522 bytes)
Event: 0.533 Thread 0x0000000017918000  324       4       java.lang.String::equals (81 bytes)

GC Heap History (0 events):
No events

Deoptimization events (1 events):
Event: 0.532 Thread 0x0000000002c90800 Uncommon trap: reason=unreached action=reinterpret pc=0x0000000002f3d448 method=engineTester.MainSimulator.main([Ljava/lang/String;)V @ 1445

Internal exceptions (10 events):
Event: 0.406 Thread 0x0000000002c90800 Exception <a 'java/security/PrivilegedActionException'> (0x00000000d61b2ce0) thrown at [C:\workspace\8-2-build-windows-amd64-cygwin\jdk8u31\2394\hotspot\src\share\vm\prims\jvm.cpp, line 1312]
Event: 0.407 Thread 0x0000000002c90800 Exception <a 'java/security/PrivilegedActionException'> (0x00000000d61b6c70) thrown at [C:\workspace\8-2-build-windows-amd64-cygwin\jdk8u31\2394\hotspot\src\share\vm\prims\jvm.cpp, line 1312]
Event: 0.407 Thread 0x0000000002c90800 Exception <a 'java/security/PrivilegedActionException'> (0x00000000d61bce18) thrown at [C:\workspace\8-2-build-windows-amd64-cygwin\jdk8u31\2394\hotspot\src\share\vm\prims\jvm.cpp, line 1312]
Event: 0.413 Thread 0x0000000002c90800 Exception <a 'java/security/PrivilegedActionException'> (0x00000000d61d26a8) thrown at [C:\workspace\8-2-build-windows-amd64-cygwin\jdk8u31\2394\hotspot\src\share\vm\prims\jvm.cpp, line 1312]
Event: 0.414 Thread 0x0000000002c90800 Exception <a 'java/security/PrivilegedActionException'> (0x00000000d61dfd70) thrown at [C:\workspace\8-2-build-windows-amd64-cygwin\jdk8u31\2394\hotspot\src\share\vm\prims\jvm.cpp, line 1312]
Event: 0.420 Thread 0x0000000002c90800 Exception <a 'java/security/PrivilegedActionException'> (0x00000000d61e5480) thrown at [C:\workspace\8-2-build-windows-amd64-cygwin\jdk8u31\2394\hotspot\src\share\vm\prims\jvm.cpp, line 1312]
Event: 0.420 Thread 0x0000000002c90800 Exception <a 'java/security/PrivilegedActionException'> (0x00000000d61e7568) thrown at [C:\workspace\8-2-build-windows-amd64-cygwin\jdk8u31\2394\hotspot\src\share\vm\prims\jvm.cpp, line 1312]
Event: 0.422 Thread 0x0000000002c90800 Exception <a 'java/security/PrivilegedActionException'> (0x00000000d6222f10) thrown at [C:\workspace\8-2-build-windows-amd64-cygwin\jdk8u31\2394\hotspot\src\share\vm\prims\jvm.cpp, line 1312]
Event: 0.423 Thread 0x0000000002c90800 Exception <a 'java/security/PrivilegedActionException'> (0x00000000d6224f40) thrown at [C:\workspace\8-2-build-windows-amd64-cygwin\jdk8u31\2394\hotspot\src\share\vm\prims\jvm.cpp, line 1312]
Event: 0.533 Thread 0x0000000002c90800 Exception <a 'java/security/PrivilegedActionException'> (0x00000000d624bc30) thrown at [C:\workspace\8-2-build-windows-amd64-cygwin\jdk8u31\2394\hotspot\src\share\vm\prims\jvm.cpp, line 1312]

Events (10 events):
Event: 0.422 loading class entities/Camera done
Event: 0.423 loading class toolbox/Maths
Event: 0.423 loading class toolbox/Maths done
Event: 0.512 Thread 0x0000000002c90800 DEOPT PACKING pc=0x0000000002f47e45 sp=0x0000000002c1f430
Event: 0.512 Thread 0x0000000002c90800 DEOPT UNPACKING pc=0x0000000002dd75bf sp=0x0000000002c1f490 mode 0
Event: 0.532 Thread 0x0000000002c90800 Uncommon trap: trap_request=0xffffffad fr.pc=0x0000000002f3d448
Event: 0.532 Thread 0x0000000002c90800 DEOPT PACKING pc=0x0000000002f3d448 sp=0x0000000002c1f790
Event: 0.532 Thread 0x0000000002c90800 DEOPT UNPACKING pc=0x0000000002dd556a sp=0x0000000002c1f718 mode 2
Event: 0.532 loading class org/lwjgl/opengl/GL13
Event: 0.532 loading class org/lwjgl/opengl/GL13 done


Dynamic libraries:
0x00007ff68e120000 - 0x00007ff68e154000 	C:\Program Files\Java\jre1.8.0_31\bin\javaw.exe
0x00007ffa350f0000 - 0x00007ffa35296000 	C:\windows\SYSTEM32\ntdll.dll
0x00007ffa330f0000 - 0x00007ffa3322a000 	C:\windows\system32\KERNEL32.DLL
0x00007ffa32630000 - 0x00007ffa3273f000 	C:\windows\system32\KERNELBASE.dll
0x00007ffa31070000 - 0x00007ffa310f8000 	C:\windows\system32\apphelp.dll
0x00007ffa28960000 - 0x00007ffa289af000 	C:\windows\AppPatch\AppPatch64\AcGenral.DLL
0x00007ffa32b80000 - 0x00007ffa32c27000 	C:\windows\system32\msvcrt.dll
0x00007ffa322a0000 - 0x00007ffa322cb000 	C:\windows\SYSTEM32\SspiCli.dll
0x00007ffa334f0000 - 0x00007ffa33541000 	C:\windows\system32\SHLWAPI.dll
0x00007ffa32a00000 - 0x00007ffa32b71000 	C:\windows\system32\USER32.dll
0x00007ffa34f70000 - 0x00007ffa350e8000 	C:\windows\system32\ole32.dll
0x00007ffa33980000 - 0x00007ffa34d8f000 	C:\windows\system32\SHELL32.dll
0x00007ffa31ab0000 - 0x00007ffa31ace000 	C:\windows\SYSTEM32\USERENV.dll
0x00007ffa32c30000 - 0x00007ffa32cd5000 	C:\windows\system32\ADVAPI32.dll
0x00007ffa26400000 - 0x00007ffa2641b000 	C:\windows\SYSTEM32\MPR.dll
0x00007ffa32ce0000 - 0x00007ffa32e17000 	C:\windows\system32\RPCRT4.dll
0x00007ffa33090000 - 0x00007ffa330e7000 	C:\windows\SYSTEM32\sechost.dll
0x00007ffa33230000 - 0x00007ffa33406000 	C:\windows\SYSTEM32\combase.dll
0x00007ffa32e20000 - 0x00007ffa32f64000 	C:\windows\system32\GDI32.dll
0x00007ffa32460000 - 0x00007ffa32474000 	C:\windows\SYSTEM32\profapi.dll
0x00007ffa30870000 - 0x00007ffa3090f000 	C:\windows\SYSTEM32\SHCORE.dll
0x00007ffa33410000 - 0x00007ffa33444000 	C:\windows\system32\IMM32.DLL
0x00007ffa33640000 - 0x00007ffa33779000 	C:\windows\system32\MSCTF.dll
0x00007ffa2fd90000 - 0x00007ffa2ffea000 	C:\windows\WinSxS\amd64_microsoft.windows.common-controls_6595b64144ccf1df_6.0.9600.17031_none_6242a4b3ecbb55a1\COMCTL32.dll
0x0000000071420000 - 0x00000000714f2000 	C:\Program Files\Java\jre1.8.0_31\bin\msvcr100.dll
0x0000000071590000 - 0x0000000071dea000 	C:\Program Files\Java\jre1.8.0_31\bin\server\jvm.dll
0x00007ffa2aac0000 - 0x00007ffa2aac9000 	C:\windows\SYSTEM32\WSOCK32.dll
0x00007ffa29ba0000 - 0x00007ffa29bbf000 	C:\windows\SYSTEM32\WINMM.dll
0x00007ffa32970000 - 0x00007ffa32977000 	C:\windows\system32\PSAPI.DLL
0x00007ffa32980000 - 0x00007ffa329d8000 	C:\windows\system32\WS2_32.dll
0x00007ffa1f380000 - 0x00007ffa1f3aa000 	C:\windows\SYSTEM32\WINMMBASE.dll
0x00007ffa32fd0000 - 0x00007ffa32fd9000 	C:\windows\system32\NSI.dll
0x00007ffa32530000 - 0x00007ffa3257a000 	C:\windows\SYSTEM32\cfgmgr32.dll
0x00007ffa312f0000 - 0x00007ffa31316000 	C:\windows\SYSTEM32\DEVOBJ.dll
0x0000000072460000 - 0x000000007246f000 	C:\Program Files\Java\jre1.8.0_31\bin\verify.dll
0x0000000071560000 - 0x0000000071588000 	C:\Program Files\Java\jre1.8.0_31\bin\java.dll
0x0000000071540000 - 0x0000000071556000 	C:\Program Files\Java\jre1.8.0_31\bin\zip.dll
0x0000000180000000 - 0x0000000180053000 	C:\Users\Luuk\Source\Repos\Visualization_2IV35\2IV06 Visual Computing Project\Source\lib\lwjgl-2.9.3\native\windows\lwjgl64.dll
0x00007ffa252f0000 - 0x00007ffa25411000 	C:\windows\SYSTEM32\OPENGL32.dll
0x00007ffa2bb10000 - 0x00007ffa2bb1a000 	C:\windows\SYSTEM32\VERSION.dll
0x00007ffa28740000 - 0x00007ffa2876c000 	C:\windows\SYSTEM32\GLU32.dll
0x00007ffa24f20000 - 0x00007ffa25014000 	C:\windows\SYSTEM32\DDRAW.dll
0x00007ffa2dc80000 - 0x00007ffa2dc89000 	C:\windows\SYSTEM32\DCIMAN32.dll
0x00007ffa31150000 - 0x00007ffa31271000 	C:\windows\system32\uxtheme.dll
0x00007ffa29ac0000 - 0x00007ffa29b58000 	C:\Program Files\Common Files\microsoft shared\ink\tiptsf.dll
0x00007ffa33560000 - 0x00007ffa33621000 	C:\windows\system32\OLEAUT32.dll
0x00007ffa306a0000 - 0x00007ffa306c0000 	C:\windows\system32\dwmapi.dll
0x00007ffa138a0000 - 0x00007ffa14171000 	C:\windows\SYSTEM32\ig75icd64.dll
0x00007ffa2e310000 - 0x00007ffa2ecb8000 	C:\windows\SYSTEM32\igdusc64.dll
0x00007ffa2ee60000 - 0x00007ffa2ee71000 	C:\windows\SYSTEM32\WTSAPI32.dll
0x00007ffa31110000 - 0x00007ffa3111a000 	C:\windows\SYSTEM32\kernel.appcore.dll
0x00007ffa32330000 - 0x00007ffa3233a000 	C:\windows\SYSTEM32\CRYPTBASE.dll
0x00007ffa322d0000 - 0x00007ffa32330000 	C:\windows\SYSTEM32\bcryptPrimitives.dll
0x00007ffa2dda0000 - 0x00007ffa2de03000 	C:\windows\SYSTEM32\oleacc.dll
0x00007ffa25260000 - 0x00007ffa252ed000 	C:\windows\SYSTEM32\mscms.dll
0x00007ffa26cf0000 - 0x00007ffa26d31000 	C:\windows\SYSTEM32\icm32.dll
0x00007ffa32400000 - 0x00007ffa32445000 	C:\windows\SYSTEM32\powrprof.dll
0x0000000071280000 - 0x0000000071418000 	C:\Program Files\Java\jre1.8.0_31\bin\awt.dll
0x00007ffa247f0000 - 0x00007ffa24978000 	C:\windows\SYSTEM32\dbghelp.dll

VM Arguments:
jvm_args: -Djava.library.path=C:\Users\Luuk\Source\Repos\Visualization_2IV35\2IV06 Visual Computing Project\Source\lib\lwjgl-2.9.3\native\windows -Dfile.encoding=Cp1252 
java_command: engineTester.MainSimulator
java_class_path (initial): C:\Users\Luuk\Source\Repos\Visualization_2IV35\2IV06 Visual Computing Project\Source\bin;C:\Users\Luuk\Source\Repos\Visualization_2IV35\2IV06 Visual Computing Project\Source\lib\lwjgl-2.9.3\jar\lwjgl.jar;C:\Users\Luuk\Source\Repos\Visualization_2IV35\2IV06 Visual Computing Project\Source\lib\lwjgl-2.9.3\jar\lwjgl_util.jar;C:\Users\Luuk\Source\Repos\Visualization_2IV35\2IV06 Visual Computing Project\Source\lib\slick\lib\slick.jar
Launcher Type: SUN_STANDARD

Environment Variables:
PATH=C:/Program Files/Java/jre1.8.0_31/bin/server;C:/Program Files/Java/jre1.8.0_31/bin;C:/Program Files/Java/jre1.8.0_31/lib/amd64;C:\ProgramData\Oracle\Java\javapath;C:\Python27\;C:\Python27\Scripts;C:\Program Files (x86)\iis express\PHP\v5.4;C:\Program Files (x86)\NVIDIA Corporation\PhysX\Common;C:\windows\system32;C:\windows;C:\windows\System32\Wbem;C:\windows\System32\WindowsPowerShell\v1.0\;C:\Program Files (x86)\Microsoft ASP.NET\ASP.NET Web Pages\v1.0\;C:\Program Files (x86)\Windows Kits\8.0\Windows Performance Toolkit\;C:\Program Files\Microsoft SQL Server\110\Tools\Binn\;C:\Program Files\Microsoft\Web Platform Installer\;C:\Program Files (x86)\MiKTeX 2.9\miktex\bin\;C:\Users\Luuk\AppData\Roaming\Python\Scripts;C:\Program Files\adt-bundle\eclipse;
USERNAME=Luuk
OS=Windows_NT
PROCESSOR_IDENTIFIER=Intel64 Family 6 Model 69 Stepping 1, GenuineIntel



---------------  S Y S T E M  ---------------

OS: Windows 8.1 , 64 bit Build 9600 

CPU:total 4 (2 cores per cpu, 2 threads per core) family 6 model 69 stepping 1, cmov, cx8, fxsr, mmx, sse, sse2, sse3, ssse3, sse4.1, sse4.2, popcnt, avx, avx2, aes, clmul, erms, lzcnt, ht, tsc, tscinvbit, bmi1, bmi2

Memory: 4k page, physical 8306732k(4137840k free), swap 17219628k(12736904k free)

vm_info: Java HotSpot(TM) 64-Bit Server VM (25.31-b07) for windows-amd64 JRE (1.8.0_31-b13), built on Dec 17 2014 21:00:28 by "java_re" with MS VC++ 10.0 (VS2010)

time: Tue Feb 10 13:42:59 2015
elapsed time: 0 seconds (0d 0h 0m 0s)

