#
# A fatal error has been detected by the Java Runtime Environment:
#
#  EXCEPTION_ACCESS_VIOLATION (0xc0000005) at pc=0x00007ffa1393a940, pid=6024, tid=8136
#
# JRE version: Java(TM) SE Runtime Environment (8.0_31-b13) (build 1.8.0_31-b13)
# Java VM: Java HotSpot(TM) 64-Bit Server VM (25.31-b07 mixed mode windows-amd64 compressed oops)
# Problematic frame:
# C  [ig75icd64.dll+0x9a940]
#
# Failed to write core dump. Minidumps are not enabled by default on client versions of Windows
#
# If you would like to submit a bug report, please visit:
#   http://bugreport.java.com/bugreport/crash.jsp
# The crash happened outside the Java Virtual Machine in native code.
# See problematic frame for where to report the bug.
#

---------------  T H R E A D  ---------------

Current thread (0x0000000002bd0800):  JavaThread "main" [_thread_in_native, id=8136, stack(0x0000000002ad0000,0x0000000002bd0000)]

siginfo: ExceptionCode=0xc0000005, reading address 0x0000000000000000

Registers:
RAX=0x0000000000000000, RBX=0x000000001baef000, RCX=0x0000000000000000, RDX=0x0000000000000000
RSP=0x0000000002bcc5d0, RBP=0x0000000002bcc700, RSI=0x000000001e3fdba0, RDI=0x000000001baef000
R8 =0x0000000000000180, R9 =0x0000000000000003, R10=0x0000000000000000, R11=0x0000000000000202
R12=0x0000000000000000, R13=0x0000000000000000, R14=0x0000000002bccd80, R15=0x0000000000000010
RIP=0x00007ffa1393a940, EFLAGS=0x0000000000010206

Top of Stack: (sp=0x0000000002bcc5d0)
0x0000000002bcc5d0:   cafebabecafebabe 0000000000000000
0x0000000002bcc5e0:   0000000000000000 0000000000000000
0x0000000002bcc5f0:   000000001ad79fc0 00007ffa13b10eb9
0x0000000002bcc600:   0000000000000002 000000001e3fdba0
0x0000000002bcc610:   0000000002bcc700 000000007178c291
0x0000000002bcc620:   0000000016ec3801 0000000002bcc720
0x0000000002bcc630:   0000000300000180 0000000002bccd80
0x0000000002bcc640:   0000000000000002 000000001ad9ad00
0x0000000002bcc650:   0000000000000002 00000000199d0b90
0x0000000002bcc660:   0000000000000002 0000000002bd0800
0x0000000002bcc670:   0000000000000002 00000000715d6dd7
0x0000000002bcc680:   0000000002bcc860 00000000715e57c5
0x0000000002bcc690:   0000000002bdb130 0000000000000000
0x0000000002bcc6a0:   000000010000003b 000000001c443500
0x0000000002bcc6b0:   0000000000000002 000000001c3e33b0
0x0000000002bcc6c0:   0000000000000002 000000000000001c 

Instructions: (pc=0x00007ffa1393a940)
0x00007ffa1393a920:   c2 10 66 0f e7 47 f0 49 3b c2 72 e4 e9 ab 00 00
0x00007ffa1393a930:   00 4d 85 c9 74 6c 66 66 0f 1f 84 00 00 00 00 00
0x00007ffa1393a940:   66 0f 6f 3a 66 0f 6f 72 10 66 0f 6f 6a 20 41 ff
0x00007ffa1393a950:   c2 48 83 ef 80 41 8b c2 66 0f 6f 62 30 66 0f 6f 


Register to memory mapping:

RAX=0x0000000000000000 is an unknown value
RBX=0x000000001baef000 is an unknown value
RCX=0x0000000000000000 is an unknown value
RDX=0x0000000000000000 is an unknown value
RSP=0x0000000002bcc5d0 is pointing into the stack for thread: 0x0000000002bd0800
RBP=0x0000000002bcc700 is pointing into the stack for thread: 0x0000000002bd0800
RSI=0x000000001e3fdba0 is an unknown value
RDI=0x000000001baef000 is an unknown value
R8 =0x0000000000000180 is an unknown value
R9 =0x0000000000000003 is an unknown value
R10=0x0000000000000000 is an unknown value
R11=0x0000000000000202 is an unknown value
R12=0x0000000000000000 is an unknown value
R13=0x0000000000000000 is an unknown value
R14=0x0000000002bccd80 is pointing into the stack for thread: 0x0000000002bd0800
R15=0x0000000000000010 is an unknown value


Stack: [0x0000000002ad0000,0x0000000002bd0000],  sp=0x0000000002bcc5d0,  free space=1009k
Native frames: (J=compiled Java code, j=interpreted, Vv=VM code, C=native code)
C  [ig75icd64.dll+0x9a940]
C  [ig75icd64.dll+0x270eb9]
C  [ig75icd64.dll+0x1b3689]
C  [ig75icd64.dll+0x2791fe]
C  [ig75icd64.dll+0x17af13]
C  [ig75icd64.dll+0x4bdca5]
C  [ig75icd64.dll+0x4bdde7]
C  [ig75icd64.dll+0x4be2f1]
C  0x0000000002ce5b74

Java frames: (J=compiled Java code, j=interpreted, Vv=VM code)
j  org.lwjgl.opengl.GL11.nglDrawElementsBO(IIIJJ)V+0
j  org.lwjgl.opengl.GL11.glDrawElements(IIIJ)V+28
j  renderEngine.Renderer.render(Lentities/Entity;Lshaders/StaticShader;)V+82
j  engineTester.MainSimulator.main([Ljava/lang/String;)V+1510
v  ~StubRoutines::call_stub

---------------  P R O C E S S  ---------------

Java Threads: ( => current thread )
  0x0000000019387800 JavaThread "AWT-Windows" daemon [_thread_in_native, id=7808, stack(0x000000001c0c0000,0x000000001c1c0000)]
  0x0000000019386000 JavaThread "AWT-Shutdown" [_thread_blocked, id=7884, stack(0x000000001bfc0000,0x000000001c0c0000)]
  0x00000000193b7000 JavaThread "Java2D Disposer" daemon [_thread_blocked, id=7864, stack(0x000000001b6c0000,0x000000001b7c0000)]
  0x00000000190d8800 JavaThread "Service Thread" daemon [_thread_blocked, id=2500, stack(0x00000000194b0000,0x00000000195b0000)]
  0x0000000017856800 JavaThread "C1 CompilerThread2" daemon [_thread_blocked, id=6188, stack(0x0000000018fb0000,0x00000000190b0000)]
  0x0000000017855000 JavaThread "C2 CompilerThread1" daemon [_thread_blocked, id=5892, stack(0x0000000018eb0000,0x0000000018fb0000)]
  0x000000001784c800 JavaThread "C2 CompilerThread0" daemon [_thread_blocked, id=1484, stack(0x0000000018db0000,0x0000000018eb0000)]
  0x000000001784b000 JavaThread "Attach Listener" daemon [_thread_blocked, id=6240, stack(0x0000000018cb0000,0x0000000018db0000)]
  0x0000000017854800 JavaThread "Signal Dispatcher" daemon [_thread_blocked, id=2260, stack(0x0000000018bb0000,0x0000000018cb0000)]
  0x0000000002cc3800 JavaThread "Finalizer" daemon [_thread_blocked, id=6564, stack(0x0000000018ab0000,0x0000000018bb0000)]
  0x0000000002cb9800 JavaThread "Reference Handler" daemon [_thread_blocked, id=7924, stack(0x00000000189b0000,0x0000000018ab0000)]
=>0x0000000002bd0800 JavaThread "main" [_thread_in_native, id=8136, stack(0x0000000002ad0000,0x0000000002bd0000)]

Other Threads:
  0x0000000017816000 VMThread [stack: 0x00000000188b0000,0x00000000189b0000] [id=7136]
  0x00000000178ae800 WatcherThread [stack: 0x00000000195b0000,0x00000000196b0000] [id=4772]

VM state:not at safepoint (normal execution)

VM Mutex/Monitor currently owned by a thread: None

Heap:
 PSYoungGen      total 38400K, used 4567K [0x00000000d5b80000, 0x00000000d8600000, 0x0000000100000000)
  eden space 33280K, 4% used [0x00000000d5b80000,0x00000000d5d1cb18,0x00000000d7c00000)
  from space 5120K, 56% used [0x00000000d7c00000,0x00000000d7ed9190,0x00000000d8100000)
  to   space 5120K, 0% used [0x00000000d8100000,0x00000000d8100000,0x00000000d8600000)
 ParOldGen       total 87552K, used 16K [0x0000000081200000, 0x0000000086780000, 0x00000000d5b80000)
  object space 87552K, 0% used [0x0000000081200000,0x0000000081204000,0x0000000086780000)
 Metaspace       used 8212K, capacity 8371K, committed 8576K, reserved 1056768K
  class space    used 839K, capacity 892K, committed 896K, reserved 1048576K

Card table byte_map: [0x0000000012090000,0x0000000012490000] byte_map_base: 0x0000000011c87000

Marking Bits: (ParMarkBitMap*) 0x0000000071d6d4f0
 Begin Bits: [0x0000000012b40000, 0x0000000014af8000)
 End Bits:   [0x0000000014af8000, 0x0000000016ab0000)

Polling page: 0x00000000012a0000

CodeCache: size=245760Kb used=3220Kb max_used=3220Kb free=242539Kb
 bounds [0x0000000002cd0000, 0x0000000003000000, 0x0000000011cd0000]
 total_blobs=1307 nmethods=784 adapters=437
 compilation: enabled

Compilation events (10 events):
Event: 0.984 Thread 0x0000000017856800  778       3       java.util.ArrayList::iterator (10 bytes)
Event: 0.984 Thread 0x0000000017856800 nmethod 778 0x0000000002fe0550 code [0x0000000002fe06c0, 0x0000000002fe09b0]
Event: 0.984 Thread 0x0000000017856800  779       3       java.util.ArrayList$Itr::<init> (6 bytes)
Event: 0.984 Thread 0x0000000017856800 nmethod 779 0x0000000002fe0b10 code [0x0000000002fe0c80, 0x0000000002fe0eb0]
Event: 0.984 Thread 0x0000000017856800  780       3       java.util.ArrayList$Itr::<init> (26 bytes)
Event: 0.984 Thread 0x0000000017856800 nmethod 780 0x0000000002fe0fd0 code [0x0000000002fe1140, 0x0000000002fe1310]
Event: 0.984 Thread 0x0000000017856800  777       3       engineTester.Particle::addNeighbourParticle (12 bytes)
Event: 0.984 Thread 0x0000000017856800 nmethod 777 0x0000000002fe13d0 code [0x0000000002fe1540, 0x0000000002fe1768]
Event: 0.997 Thread 0x000000001784c800  781       4       java.util.ArrayList::add (29 bytes)
Event: 0.997 Thread 0x0000000017856800  782 %     3       engineTester.MainSimulator::main @ 1442 (1548 bytes)

GC Heap History (2 events):
Event: 0.972 GC heap before
{Heap before GC invocations=1 (full 0):
 PSYoungGen      total 38400K, used 33280K [0x00000000d5b80000, 0x00000000d8600000, 0x0000000100000000)
  eden space 33280K, 100% used [0x00000000d5b80000,0x00000000d7c00000,0x00000000d7c00000)
  from space 5120K, 0% used [0x00000000d8100000,0x00000000d8100000,0x00000000d8600000)
  to   space 5120K, 0% used [0x00000000d7c00000,0x00000000d7c00000,0x00000000d8100000)
 ParOldGen       total 87552K, used 0K [0x0000000081200000, 0x0000000086780000, 0x00000000d5b80000)
  object space 87552K, 0% used [0x0000000081200000,0x0000000081200000,0x0000000086780000)
 Metaspace       used 8179K, capacity 8307K, committed 8320K, reserved 1056768K
  class space    used 838K, capacity 892K, committed 896K, reserved 1048576K
Event: 0.976 GC heap after
Heap after GC invocations=1 (full 0):
 PSYoungGen      total 38400K, used 2916K [0x00000000d5b80000, 0x00000000d8600000, 0x0000000100000000)
  eden space 33280K, 0% used [0x00000000d5b80000,0x00000000d5b80000,0x00000000d7c00000)
  from space 5120K, 56% used [0x00000000d7c00000,0x00000000d7ed9190,0x00000000d8100000)
  to   space 5120K, 0% used [0x00000000d8100000,0x00000000d8100000,0x00000000d8600000)
 ParOldGen       total 87552K, used 16K [0x0000000081200000, 0x0000000086780000, 0x00000000d5b80000)
  object space 87552K, 0% used [0x0000000081200000,0x0000000081204000,0x0000000086780000)
 Metaspace       used 8179K, capacity 8307K, committed 8320K, reserved 1056768K
  class space    used 838K, capacity 892K, committed 896K, reserved 1048576K
}

Deoptimization events (2 events):
Event: 0.715 Thread 0x0000000002bd0800 Uncommon trap: reason=unreached action=reinterpret pc=0x0000000002f591e8 method=sun.java2d.loops.GraphicsPrimitiveMgr.locate(Lsun/java2d/loops/GraphicsPrimitiveMgr$PrimitiveSpec;)Lsun/java2d/loops/GraphicsPrimitive; @ 85
Event: 0.997 Thread 0x0000000002bd0800 Uncommon trap: reason=unreached action=reinterpret pc=0x0000000002fa5b84 method=engineTester.MainSimulator.main([Ljava/lang/String;)V @ 1471

Internal exceptions (10 events):
Event: 0.423 Thread 0x0000000002bd0800 Exception <a 'java/security/PrivilegedActionException'> (0x00000000d6240418) thrown at [C:\workspace\8-2-build-windows-amd64-cygwin\jdk8u31\2394\hotspot\src\share\vm\prims\jvm.cpp, line 1312]
Event: 0.423 Thread 0x0000000002bd0800 Exception <a 'java/security/PrivilegedActionException'> (0x00000000d6244030) thrown at [C:\workspace\8-2-build-windows-amd64-cygwin\jdk8u31\2394\hotspot\src\share\vm\prims\jvm.cpp, line 1312]
Event: 0.441 Thread 0x0000000002bd0800 Exception <a 'java/io/FileNotFoundException'> (0x00000000d6253a88) thrown at [C:\workspace\8-2-build-windows-amd64-cygwin\jdk8u31\2394\hotspot\src\share\vm\prims\jni.cpp, line 716]
Event: 0.453 Thread 0x0000000002bd0800 Exception <a 'java/lang/ClassNotFoundException': java/lang/Null> (0x00000000d626e048) thrown at [C:\workspace\8-2-build-windows-amd64-cygwin\jdk8u31\2394\hotspot\src\share\vm\classfile\systemDictionary.cpp, line 202]
Event: 0.467 Thread 0x0000000002bd0800 Exception <a 'java/lang/NoSuchFieldError': method resolution failed> (0x00000000d63d1820) thrown at [C:\workspace\8-2-build-windows-amd64-cygwin\jdk8u31\2394\hotspot\src\share\vm\prims\methodHandles.cpp, line 1159]
Event: 0.469 Thread 0x0000000002bd0800 Exception <a 'java/lang/NoSuchFieldError': method resolution failed> (0x00000000d63e03e8) thrown at [C:\workspace\8-2-build-windows-amd64-cygwin\jdk8u31\2394\hotspot\src\share\vm\prims\methodHandles.cpp, line 1159]
Event: 0.470 Thread 0x0000000002bd0800 Exception <a 'java/lang/NoSuchFieldError': method resolution failed> (0x00000000d63e3548) thrown at [C:\workspace\8-2-build-windows-amd64-cygwin\jdk8u31\2394\hotspot\src\share\vm\prims\methodHandles.cpp, line 1159]
Event: 0.712 Thread 0x0000000002bd0800 Exception <a 'java/security/PrivilegedActionException'> (0x00000000d69c1c80) thrown at [C:\workspace\8-2-build-windows-amd64-cygwin\jdk8u31\2394\hotspot\src\share\vm\prims\jvm.cpp, line 1312]
Event: 0.860 Thread 0x0000000002bd0800 Exception <a 'java/security/PrivilegedActionException'> (0x00000000d7bf2668) thrown at [C:\workspace\8-2-build-windows-amd64-cygwin\jdk8u31\2394\hotspot\src\share\vm\prims\jvm.cpp, line 1312]
Event: 0.998 Thread 0x0000000002bd0800 Exception <a 'java/security/PrivilegedActionException'> (0x00000000d5b992c0) thrown at [C:\workspace\8-2-build-windows-amd64-cygwin\jdk8u31\2394\hotspot\src\share\vm\prims\jvm.cpp, line 1312]

Events (10 events):
Event: 0.860 loading class toolbox/Maths done
Event: 0.969 Thread 0x0000000002bd0800 DEOPT PACKING pc=0x0000000002fbc1e6 sp=0x0000000002bcf3c0
Event: 0.969 Thread 0x0000000002bd0800 DEOPT UNPACKING pc=0x0000000002d175bf sp=0x0000000002bcf420 mode 0
Event: 0.971 Executing VM operation: ParallelGCFailedAllocation
Event: 0.977 Executing VM operation: ParallelGCFailedAllocation done
Event: 0.997 Thread 0x0000000002bd0800 Uncommon trap: trap_request=0xffffffad fr.pc=0x0000000002fa5b84
Event: 0.997 Thread 0x0000000002bd0800 DEOPT PACKING pc=0x0000000002fa5b84 sp=0x0000000002bcf730
Event: 0.997 Thread 0x0000000002bd0800 DEOPT UNPACKING pc=0x0000000002d1556a sp=0x0000000002bcf6a8 mode 2
Event: 0.997 loading class org/lwjgl/opengl/GL13
Event: 0.998 loading class org/lwjgl/opengl/GL13 done


Dynamic libraries:
0x00007ff68e120000 - 0x00007ff68e154000 	C:\Program Files\Java\jre1.8.0_31\bin\javaw.exe
0x00007ffa350f0000 - 0x00007ffa35296000 	C:\windows\SYSTEM32\ntdll.dll
0x00007ffa330f0000 - 0x00007ffa3322a000 	C:\windows\system32\KERNEL32.DLL
0x00007ffa32630000 - 0x00007ffa3273f000 	C:\windows\system32\KERNELBASE.dll
0x00007ffa31070000 - 0x00007ffa310f8000 	C:\windows\system32\apphelp.dll
0x00007ffa28b60000 - 0x00007ffa28baf000 	C:\windows\AppPatch\AppPatch64\AcGenral.DLL
0x00007ffa32b80000 - 0x00007ffa32c27000 	C:\windows\system32\msvcrt.dll
0x00007ffa322a0000 - 0x00007ffa322cb000 	C:\windows\SYSTEM32\SspiCli.dll
0x00007ffa334f0000 - 0x00007ffa33541000 	C:\windows\system32\SHLWAPI.dll
0x00007ffa32a00000 - 0x00007ffa32b71000 	C:\windows\system32\USER32.dll
0x00007ffa34f70000 - 0x00007ffa350e8000 	C:\windows\system32\ole32.dll
0x00007ffa33980000 - 0x00007ffa34d8f000 	C:\windows\system32\SHELL32.dll
0x00007ffa31ab0000 - 0x00007ffa31ace000 	C:\windows\SYSTEM32\USERENV.dll
0x00007ffa32c30000 - 0x00007ffa32cd5000 	C:\windows\system32\ADVAPI32.dll
0x00007ffa26400000 - 0x00007ffa2641b000 	C:\windows\SYSTEM32\MPR.dll
0x00007ffa32ce0000 - 0x00007ffa32e17000 	C:\windows\system32\RPCRT4.dll
0x00007ffa33090000 - 0x00007ffa330e7000 	C:\windows\SYSTEM32\sechost.dll
0x00007ffa33230000 - 0x00007ffa33406000 	C:\windows\SYSTEM32\combase.dll
0x00007ffa32e20000 - 0x00007ffa32f64000 	C:\windows\system32\GDI32.dll
0x00007ffa32460000 - 0x00007ffa32474000 	C:\windows\SYSTEM32\profapi.dll
0x00007ffa30870000 - 0x00007ffa3090f000 	C:\windows\SYSTEM32\SHCORE.dll
0x00007ffa33410000 - 0x00007ffa33444000 	C:\windows\system32\IMM32.DLL
0x00007ffa33640000 - 0x00007ffa33779000 	C:\windows\system32\MSCTF.dll
0x00007ffa2fd90000 - 0x00007ffa2ffea000 	C:\windows\WinSxS\amd64_microsoft.windows.common-controls_6595b64144ccf1df_6.0.9600.17031_none_6242a4b3ecbb55a1\COMCTL32.dll
0x0000000071420000 - 0x00000000714f2000 	C:\Program Files\Java\jre1.8.0_31\bin\msvcr100.dll
0x0000000071590000 - 0x0000000071dea000 	C:\Program Files\Java\jre1.8.0_31\bin\server\jvm.dll
0x00007ffa2aac0000 - 0x00007ffa2aac9000 	C:\windows\SYSTEM32\WSOCK32.dll
0x00007ffa29ba0000 - 0x00007ffa29bbf000 	C:\windows\SYSTEM32\WINMM.dll
0x00007ffa32970000 - 0x00007ffa32977000 	C:\windows\system32\PSAPI.DLL
0x00007ffa32980000 - 0x00007ffa329d8000 	C:\windows\system32\WS2_32.dll
0x00007ffa1f380000 - 0x00007ffa1f3aa000 	C:\windows\SYSTEM32\WINMMBASE.dll
0x00007ffa32fd0000 - 0x00007ffa32fd9000 	C:\windows\system32\NSI.dll
0x00007ffa32530000 - 0x00007ffa3257a000 	C:\windows\SYSTEM32\cfgmgr32.dll
0x00007ffa312f0000 - 0x00007ffa31316000 	C:\windows\SYSTEM32\DEVOBJ.dll
0x0000000072460000 - 0x000000007246f000 	C:\Program Files\Java\jre1.8.0_31\bin\verify.dll
0x0000000071560000 - 0x0000000071588000 	C:\Program Files\Java\jre1.8.0_31\bin\java.dll
0x0000000071540000 - 0x0000000071556000 	C:\Program Files\Java\jre1.8.0_31\bin\zip.dll
0x0000000180000000 - 0x0000000180053000 	C:\Users\Luuk\Source\Repos\Visualization_2IV35\2IV06 Visual Computing Project\Source\lib\lwjgl-2.9.3\native\windows\lwjgl64.dll
0x00007ffa26d40000 - 0x00007ffa26e61000 	C:\windows\SYSTEM32\OPENGL32.dll
0x00007ffa2bb10000 - 0x00007ffa2bb1a000 	C:\windows\SYSTEM32\VERSION.dll
0x00007ffa28b30000 - 0x00007ffa28b5c000 	C:\windows\SYSTEM32\GLU32.dll
0x00007ffa24f20000 - 0x00007ffa25014000 	C:\windows\SYSTEM32\DDRAW.dll
0x00007ffa2a680000 - 0x00007ffa2a689000 	C:\windows\SYSTEM32\DCIMAN32.dll
0x00007ffa31150000 - 0x00007ffa31271000 	C:\windows\system32\uxtheme.dll
0x00007ffa29ac0000 - 0x00007ffa29b58000 	C:\Program Files\Common Files\microsoft shared\ink\tiptsf.dll
0x00007ffa33560000 - 0x00007ffa33621000 	C:\windows\system32\OLEAUT32.dll
0x00007ffa306a0000 - 0x00007ffa306c0000 	C:\windows\system32\dwmapi.dll
0x00007ffa138a0000 - 0x00007ffa14171000 	C:\windows\SYSTEM32\ig75icd64.dll
0x00007ffa2e310000 - 0x00007ffa2ecb8000 	C:\windows\SYSTEM32\igdusc64.dll
0x00007ffa2ee60000 - 0x00007ffa2ee71000 	C:\windows\SYSTEM32\WTSAPI32.dll
0x00007ffa31110000 - 0x00007ffa3111a000 	C:\windows\SYSTEM32\kernel.appcore.dll
0x00007ffa32330000 - 0x00007ffa3233a000 	C:\windows\SYSTEM32\CRYPTBASE.dll
0x00007ffa322d0000 - 0x00007ffa32330000 	C:\windows\SYSTEM32\bcryptPrimitives.dll
0x00007ffa2dda0000 - 0x00007ffa2de03000 	C:\windows\SYSTEM32\oleacc.dll
0x00007ffa24e90000 - 0x00007ffa24f1d000 	C:\windows\SYSTEM32\mscms.dll
0x00007ffa28ae0000 - 0x00007ffa28b21000 	C:\windows\SYSTEM32\icm32.dll
0x00007ffa32400000 - 0x00007ffa32445000 	C:\windows\SYSTEM32\powrprof.dll
0x0000000071280000 - 0x0000000071418000 	C:\Program Files\Java\jre1.8.0_31\bin\awt.dll
0x0000000071230000 - 0x0000000071277000 	C:\Program Files\Java\jre1.8.0_31\bin\fontmanager.dll
0x00007ffa26990000 - 0x00007ffa26b98000 	C:\windows\system32\d3d9.dll
0x00007ffa03040000 - 0x00007ffa0474a000 	C:\windows\SYSTEM32\igdumdim64.dll
0x0000000071520000 - 0x000000007153a000 	C:\Program Files\Java\jre1.8.0_31\bin\net.dll
0x00007ffa31d00000 - 0x00007ffa31d58000 	C:\windows\system32\mswsock.dll
0x0000000071500000 - 0x0000000071511000 	C:\Program Files\Java\jre1.8.0_31\bin\nio.dll
0x00000000711e0000 - 0x0000000071221000 	C:\Program Files\Java\jre1.8.0_31\bin\t2k.dll
0x00007ffa247f0000 - 0x00007ffa24978000 	C:\windows\SYSTEM32\dbghelp.dll

VM Arguments:
jvm_args: -Djava.library.path=C:\Users\Luuk\Source\Repos\Visualization_2IV35\2IV06 Visual Computing Project\Source\lib\lwjgl-2.9.3\native\windows -Dfile.encoding=Cp1252 
java_command: engineTester.MainSimulator
java_class_path (initial): C:\Users\Luuk\Source\Repos\Visualization_2IV35\2IV06 Visual Computing Project\Source\bin;C:\Users\Luuk\Source\Repos\Visualization_2IV35\2IV06 Visual Computing Project\Source\lib\lwjgl-2.9.3\jar\lwjgl.jar;C:\Users\Luuk\Source\Repos\Visualization_2IV35\2IV06 Visual Computing Project\Source\lib\lwjgl-2.9.3\jar\lwjgl_util.jar;C:\Users\Luuk\Source\Repos\Visualization_2IV35\2IV06 Visual Computing Project\Source\lib\slick\lib\slick.jar
Launcher Type: SUN_STANDARD

Environment Variables:
PATH=C:/Program Files/Java/jre1.8.0_31/bin/server;C:/Program Files/Java/jre1.8.0_31/bin;C:/Program Files/Java/jre1.8.0_31/lib/amd64;C:\ProgramData\Oracle\Java\javapath;C:\Python27\;C:\Python27\Scripts;C:\Program Files (x86)\iis express\PHP\v5.4;C:\Program Files (x86)\NVIDIA Corporation\PhysX\Common;C:\windows\system32;C:\windows;C:\windows\System32\Wbem;C:\windows\System32\WindowsPowerShell\v1.0\;C:\Program Files (x86)\Microsoft ASP.NET\ASP.NET Web Pages\v1.0\;C:\Program Files (x86)\Windows Kits\8.0\Windows Performance Toolkit\;C:\Program Files\Microsoft SQL Server\110\Tools\Binn\;C:\Program Files\Microsoft\Web Platform Installer\;C:\Program Files (x86)\MiKTeX 2.9\miktex\bin\;C:\Users\Luuk\AppData\Roaming\Python\Scripts;C:\Program Files\adt-bundle\eclipse;
USERNAME=Luuk
OS=Windows_NT
PROCESSOR_IDENTIFIER=Intel64 Family 6 Model 69 Stepping 1, GenuineIntel



---------------  S Y S T E M  ---------------

OS: Windows 8.1 , 64 bit Build 9600 

CPU:total 4 (2 cores per cpu, 2 threads per core) family 6 model 69 stepping 1, cmov, cx8, fxsr, mmx, sse, sse2, sse3, ssse3, sse4.1, sse4.2, popcnt, avx, avx2, aes, clmul, erms, lzcnt, ht, tsc, tscinvbit, bmi1, bmi2

Memory: 4k page, physical 8306732k(3983532k free), swap 17219628k(12654776k free)

vm_info: Java HotSpot(TM) 64-Bit Server VM (25.31-b07) for windows-amd64 JRE (1.8.0_31-b13), built on Dec 17 2014 21:00:28 by "java_re" with MS VC++ 10.0 (VS2010)

time: Tue Feb 10 13:40:17 2015
elapsed time: 1 seconds (0d 0h 0m 1s)

