#
# A fatal error has been detected by the Java Runtime Environment:
#
#  EXCEPTION_ACCESS_VIOLATION (0xc0000005) at pc=0x0000000020b70aa2, pid=9360, tid=4616
#
# JRE version: Java(TM) SE Runtime Environment (8.0_40-b26) (build 1.8.0_40-b26)
# Java VM: Java HotSpot(TM) 64-Bit Server VM (25.40-b25 mixed mode windows-amd64 compressed oops)
# Problematic frame:
# C  0x0000000020b70aa2
#
# Failed to write core dump. Minidumps are not enabled by default on client versions of Windows
#
# If you would like to submit a bug report, please visit:
#   http://bugreport.java.com/bugreport/crash.jsp
# The crash happened outside the Java Virtual Machine in native code.
# See problematic frame for where to report the bug.
#

---------------  T H R E A D  ---------------

Current thread (0x0000000002560800):  JavaThread "main" [_thread_in_native, id=4616, stack(0x0000000002370000,0x0000000002470000)]

siginfo: ExceptionCode=0xc0000005, reading address 0x0000000024b78430

Registers:
RAX=0x0000000000000061, RBX=0x0000000023752b20, RCX=0x0000000000484430, RDX=0x0000000000048443
RSP=0x000000000246e5f0, RBP=0x000000000246e5f0, RSI=0x0000000020e17360, RDI=0x00000000000007c4
R8 =0x00000000245d2000, R9 =0x0000000020bf0058, R10=0x00000000246f4000, R11=0x000000000246e660
R12=0x0000000000000000, R13=0x0000000000000000, R14=0x0000000000000000, R15=0x00007ffe775417d0
RIP=0x0000000020b70aa2, EFLAGS=0x0000000000010206

Top of Stack: (sp=0x000000000246e5f0)
0x000000000246e5f0:   0000000000a65d50 00007ffe5baa99eb
0x000000000246e600:   00000000428ef845 0000000000000000
0x000000000246e610:   00007ffe775417d0 0000000000000000
0x000000000246e620:   0000000000000000 fffffffffffffffe
0x000000000246e630:   0000000000000100 00007ffe71e7e320
0x000000000246e640:   0000000000000080 0000000020e33340
0x000000000246e650:   00007ffe750734a0 0000000000000018
0x000000000246e660:   0000000000000000 0000000000000000
0x000000000246e670:   0000000000000000 00000000000007b5
0x000000000246e680:   0000000000000000 0000000000000000
0x000000000246e690:   0000de35552871ec 0000000000000001
0x000000000246e6a0:   00000000000007b5 00007ffe7752026c
0x000000000246e6b0:   0000000000001fa2 0000000020e17340
0x000000000246e6c0:   0000000020e17340 00007ffe7751cf73
0x000000000246e6d0:   0000000000a65d50 0000000020e17340
0x000000000246e6e0:   0000000020e17340 0000000000000002 

Instructions: (pc=0x0000000020b70aa2)
0x0000000020b70a82:   c5 f8 57 c0 49 b9 58 00 bf 20 00 00 00 00 89 d1
0x0000000020b70a92:   c4 c1 7a 10 0c 88 c5 f8 2e c8 76 16 48 c1 e1 04
0x0000000020b70aa2:   c4 c1 78 10 0c 0a c4 c3 71 21 09 00 c4 c1 78 11
0x0000000020b70ab2:   0c 0a 48 ff c2 48 ff c8 75 d4 48 89 ec 5d c3 00 


Register to memory mapping:

RAX=0x0000000000000061 is an unknown value
RBX=0x0000000023752b20 is an unknown value
RCX=0x0000000000484430 is an unknown value
RDX=0x0000000000048443 is an unknown value
RSP=0x000000000246e5f0 is pointing into the stack for thread: 0x0000000002560800
RBP=0x000000000246e5f0 is pointing into the stack for thread: 0x0000000002560800
RSI=0x0000000020e17360 is an unknown value
RDI=0x00000000000007c4 is an unknown value
R8 =0x00000000245d2000 is an unknown value
R9 =0x0000000020bf0058 is an unknown value
R10=0x00000000246f4000 is an unknown value
R11=0x000000000246e660 is pointing into the stack for thread: 0x0000000002560800
R12=0x0000000000000000 is an unknown value
R13=0x0000000000000000 is an unknown value
R14=0x0000000000000000 is an unknown value
R15=0x00007ffe775417d0 is an unknown value


Stack: [0x0000000002370000,0x0000000002470000],  sp=0x000000000246e5f0,  free space=1017k
Native frames: (J=compiled Java code, j=interpreted, Vv=VM code, C=native code)
C  0x0000000020b70aa2

Java frames: (J=compiled Java code, j=interpreted, Vv=VM code)
j  org.lwjgl.opencl.CL10.nclEnqueueReadBuffer(JJIJJJIJJJ)I+0
j  org.lwjgl.opencl.CL10.clEnqueueReadBuffer(Lorg/lwjgl/opencl/CLCommandQueue;Lorg/lwjgl/opencl/CLMem;IJLjava/nio/FloatBuffer;Lorg/lwjgl/PointerBuffer;Lorg/lwjgl/PointerBuffer;)I+85
j  engineTester.MainSimulator.OpenCLTest()V+299
j  engineTester.MainSimulator.main([Ljava/lang/String;)V+986
v  ~StubRoutines::call_stub

---------------  P R O C E S S  ---------------

Java Threads: ( => current thread )
  0x0000000018a60800 JavaThread "Service Thread" daemon [_thread_blocked, id=820, stack(0x0000000018e30000,0x0000000018f30000)]
  0x00000000171ea000 JavaThread "C1 CompilerThread2" daemon [_thread_blocked, id=8752, stack(0x0000000018930000,0x0000000018a30000)]
  0x00000000171e6800 JavaThread "C2 CompilerThread1" daemon [_thread_blocked, id=9324, stack(0x0000000018830000,0x0000000018930000)]
  0x00000000171e0800 JavaThread "C2 CompilerThread0" daemon [_thread_blocked, id=5996, stack(0x0000000018730000,0x0000000018830000)]
  0x00000000171df000 JavaThread "Attach Listener" daemon [_thread_blocked, id=8820, stack(0x0000000018630000,0x0000000018730000)]
  0x00000000171de000 JavaThread "Signal Dispatcher" daemon [_thread_blocked, id=3612, stack(0x0000000018530000,0x0000000018630000)]
  0x0000000002656000 JavaThread "Finalizer" daemon [_thread_blocked, id=9116, stack(0x0000000018430000,0x0000000018530000)]
  0x000000000264d000 JavaThread "Reference Handler" daemon [_thread_blocked, id=7712, stack(0x0000000018330000,0x0000000018430000)]
=>0x0000000002560800 JavaThread "main" [_thread_in_native, id=4616, stack(0x0000000002370000,0x0000000002470000)]

Other Threads:
  0x00000000171a7800 VMThread [stack: 0x0000000018230000,0x0000000018330000] [id=704]
  0x000000001723d800 WatcherThread [stack: 0x0000000018f30000,0x0000000019030000] [id=1048]

VM state:not at safepoint (normal execution)

VM Mutex/Monitor currently owned by a thread: None

Heap:
 PSYoungGen      total 233472K, used 126882K [0x00000000d5b80000, 0x00000000ebf80000, 0x0000000100000000)
  eden space 225280K, 56% used [0x00000000d5b80000,0x00000000dd7689f8,0x00000000e3780000)
  from space 8192K, 0% used [0x00000000e6780000,0x00000000e6780000,0x00000000e6f80000)
  to   space 49152K, 0% used [0x00000000e3780000,0x00000000e3780000,0x00000000e6780000)
 ParOldGen       total 174592K, used 78242K [0x0000000081200000, 0x000000008bc80000, 0x00000000d5b80000)
  object space 174592K, 44% used [0x0000000081200000,0x0000000085e68a98,0x000000008bc80000)
 Metaspace       used 6109K, capacity 6369K, committed 6528K, reserved 1056768K
  class space    used 583K, capacity 626K, committed 640K, reserved 1048576K

Card table byte_map: [0x0000000011a20000,0x0000000011e20000] byte_map_base: 0x0000000011617000

Marking Bits: (ParMarkBitMap*) 0x000000006b2d4040
 Begin Bits: [0x00000000124d0000, 0x0000000014488000)
 End Bits:   [0x0000000014488000, 0x0000000016440000)

Polling page: 0x00000000009b0000

CodeCache: size=245760Kb used=2862Kb max_used=2866Kb free=242897Kb
 bounds [0x0000000002660000, 0x0000000002930000, 0x0000000011660000]
 total_blobs=991 nmethods=543 adapters=361
 compilation: enabled

Compilation events (10 events):
Event: 2.018 Thread 0x00000000171ea000  541       3       sun.reflect.MagicAccessorImpl::<init> (5 bytes)
Event: 2.018 Thread 0x00000000171ea000 nmethod 541 0x000000000292bb50 code [0x000000000292bca0, 0x000000000292be50]
Event: 2.018 Thread 0x00000000171ea000  534       3       java.lang.reflect.AccessibleObject::<init> (5 bytes)
Event: 2.018 Thread 0x00000000171ea000 nmethod 534 0x000000000292b790 code [0x000000000292b8e0, 0x000000000292ba90]
Event: 2.018 Thread 0x00000000171ea000  542       3       java.lang.reflect.Field::getFieldAccessor (35 bytes)
Event: 2.018 Thread 0x00000000171ea000 nmethod 542 0x000000000292b350 code [0x000000000292b4c0, 0x000000000292b708]
Event: 2.018 Thread 0x00000000171ea000  543       3       java.lang.reflect.Field::acquireFieldAccessor (59 bytes)
Event: 2.019 Thread 0x00000000171ea000 nmethod 543 0x000000000292d390 code [0x000000000292d560, 0x000000000292dca8]
Event: 2.019 Thread 0x00000000171ea000  544       3       java.lang.reflect.Field::getFieldAccessor (16 bytes)
Event: 2.019 Thread 0x00000000171ea000 nmethod 544 0x000000000292afd0 code [0x000000000292b120, 0x000000000292b2d0]

GC Heap History (10 events):
Event: 0.784 GC heap before
{Heap before GC invocations=3 (full 0):
 PSYoungGen      total 71680K, used 70226K [0x00000000d5b80000, 0x00000000da680000, 0x0000000100000000)
  eden space 66560K, 100% used [0x00000000d5b80000,0x00000000d9c80000,0x00000000d9c80000)
  from space 5120K, 71% used [0x00000000da180000,0x00000000da514828,0x00000000da680000)
  to   space 5120K, 0% used [0x00000000d9c80000,0x00000000d9c80000,0x00000000da180000)
 ParOldGen       total 87552K, used 16K [0x0000000081200000, 0x0000000086780000, 0x00000000d5b80000)
  object space 87552K, 0% used [0x0000000081200000,0x0000000081204000,0x0000000086780000)
 Metaspace       used 6005K, capacity 6305K, committed 6528K, reserved 1056768K
  class space    used 572K, capacity 626K, committed 640K, reserved 1048576K
Event: 0.792 GC heap after
Heap after GC invocations=3 (full 0):
 PSYoungGen      total 71680K, used 5098K [0x00000000d5b80000, 0x00000000de780000, 0x0000000100000000)
  eden space 66560K, 0% used [0x00000000d5b80000,0x00000000d5b80000,0x00000000d9c80000)
  from space 5120K, 99% used [0x00000000d9c80000,0x00000000da17a9f8,0x00000000da180000)
  to   space 5120K, 0% used [0x00000000de280000,0x00000000de280000,0x00000000de780000)
 ParOldGen       total 87552K, used 1216K [0x0000000081200000, 0x0000000086780000, 0x00000000d5b80000)
  object space 87552K, 1% used [0x0000000081200000,0x0000000081330000,0x0000000086780000)
 Metaspace       used 6005K, capacity 6305K, committed 6528K, reserved 1056768K
  class space    used 572K, capacity 626K, committed 640K, reserved 1048576K
}
Event: 0.849 GC heap before
{Heap before GC invocations=4 (full 0):
 PSYoungGen      total 71680K, used 71658K [0x00000000d5b80000, 0x00000000de780000, 0x0000000100000000)
  eden space 66560K, 100% used [0x00000000d5b80000,0x00000000d9c80000,0x00000000d9c80000)
  from space 5120K, 99% used [0x00000000d9c80000,0x00000000da17a9f8,0x00000000da180000)
  to   space 5120K, 0% used [0x00000000de280000,0x00000000de280000,0x00000000de780000)
 ParOldGen       total 87552K, used 1216K [0x0000000081200000, 0x0000000086780000, 0x00000000d5b80000)
  object space 87552K, 1% used [0x0000000081200000,0x0000000081330000,0x0000000086780000)
 Metaspace       used 6005K, capacity 6305K, committed 6528K, reserved 1056768K
  class space    used 572K, capacity 626K, committed 640K, reserved 1048576K
Event: 0.859 GC heap after
Heap after GC invocations=4 (full 0):
 PSYoungGen      total 138240K, used 5091K [0x00000000d5b80000, 0x00000000de780000, 0x0000000100000000)
  eden space 133120K, 0% used [0x00000000d5b80000,0x00000000d5b80000,0x00000000ddd80000)
  from space 5120K, 99% used [0x00000000de280000,0x00000000de778e18,0x00000000de780000)
  to   space 5120K, 0% used [0x00000000ddd80000,0x00000000ddd80000,0x00000000de280000)
 ParOldGen       total 87552K, used 4104K [0x0000000081200000, 0x0000000086780000, 0x00000000d5b80000)
  object space 87552K, 4% used [0x0000000081200000,0x0000000081602000,0x0000000086780000)
 Metaspace       used 6005K, capacity 6305K, committed 6528K, reserved 1056768K
  class space    used 572K, capacity 626K, committed 640K, reserved 1048576K
}
Event: 1.033 GC heap before
{Heap before GC invocations=5 (full 0):
 PSYoungGen      total 138240K, used 138211K [0x00000000d5b80000, 0x00000000de780000, 0x0000000100000000)
  eden space 133120K, 100% used [0x00000000d5b80000,0x00000000ddd80000,0x00000000ddd80000)
  from space 5120K, 99% used [0x00000000de280000,0x00000000de778e18,0x00000000de780000)
  to   space 5120K, 0% used [0x00000000ddd80000,0x00000000ddd80000,0x00000000de280000)
 ParOldGen       total 87552K, used 4104K [0x0000000081200000, 0x0000000086780000, 0x00000000d5b80000)
  object space 87552K, 4% used [0x0000000081200000,0x0000000081602000,0x0000000086780000)
 Metaspace       used 6030K, capacity 6305K, committed 6528K, reserved 1056768K
  class space    used 574K, capacity 626K, committed 640K, reserved 1048576K
Event: 1.040 GC heap after
Heap after GC invocations=5 (full 0):
 PSYoungGen      total 138240K, used 5112K [0x00000000d5b80000, 0x00000000e6f80000, 0x0000000100000000)
  eden space 133120K, 0% used [0x00000000d5b80000,0x00000000d5b80000,0x00000000ddd80000)
  from space 5120K, 99% used [0x00000000ddd80000,0x00000000de27e1c0,0x00000000de280000)
  to   space 8192K, 0% used [0x00000000e6780000,0x00000000e6780000,0x00000000e6f80000)
 ParOldGen       total 87552K, used 4440K [0x0000000081200000, 0x0000000086780000, 0x00000000d5b80000)
  object space 87552K, 5% used [0x0000000081200000,0x0000000081656000,0x0000000086780000)
 Metaspace       used 6030K, capacity 6305K, committed 6528K, reserved 1056768K
  class space    used 574K, capacity 626K, committed 640K, reserved 1048576K
}
Event: 1.169 GC heap before
{Heap before GC invocations=6 (full 0):
 PSYoungGen      total 138240K, used 138232K [0x00000000d5b80000, 0x00000000e6f80000, 0x0000000100000000)
  eden space 133120K, 100% used [0x00000000d5b80000,0x00000000ddd80000,0x00000000ddd80000)
  from space 5120K, 99% used [0x00000000ddd80000,0x00000000de27e1c0,0x00000000de280000)
  to   space 8192K, 0% used [0x00000000e6780000,0x00000000e6780000,0x00000000e6f80000)
 ParOldGen       total 87552K, used 4440K [0x0000000081200000, 0x0000000086780000, 0x00000000d5b80000)
  object space 87552K, 5% used [0x0000000081200000,0x0000000081656000,0x0000000086780000)
 Metaspace       used 6044K, capacity 6305K, committed 6528K, reserved 1056768K
  class space    used 576K, capacity 626K, committed 640K, reserved 1048576K
Event: 1.265 GC heap after
Heap after GC invocations=6 (full 0):
 PSYoungGen      total 233472K, used 8169K [0x00000000d5b80000, 0x00000000ebf80000, 0x0000000100000000)
  eden space 225280K, 0% used [0x00000000d5b80000,0x00000000d5b80000,0x00000000e3780000)
  from space 8192K, 99% used [0x00000000e6780000,0x00000000e6f7a618,0x00000000e6f80000)
  to   space 49152K, 0% used [0x00000000e3780000,0x00000000e3780000,0x00000000e6780000)
 ParOldGen       total 87552K, used 74512K [0x0000000081200000, 0x0000000086780000, 0x00000000d5b80000)
  object space 87552K, 85% used [0x0000000081200000,0x0000000085ac4000,0x0000000086780000)
 Metaspace       used 6044K, capacity 6305K, committed 6528K, reserved 1056768K
  class space    used 576K, capacity 626K, committed 640K, reserved 1048576K
}
Event: 1.265 GC heap before
{Heap before GC invocations=7 (full 1):
 PSYoungGen      total 233472K, used 8169K [0x00000000d5b80000, 0x00000000ebf80000, 0x0000000100000000)
  eden space 225280K, 0% used [0x00000000d5b80000,0x00000000d5b80000,0x00000000e3780000)
  from space 8192K, 99% used [0x00000000e6780000,0x00000000e6f7a618,0x00000000e6f80000)
  to   space 49152K, 0% used [0x00000000e3780000,0x00000000e3780000,0x00000000e6780000)
 ParOldGen       total 87552K, used 74512K [0x0000000081200000, 0x0000000086780000, 0x00000000d5b80000)
  object space 87552K, 85% used [0x0000000081200000,0x0000000085ac4000,0x0000000086780000)
 Metaspace       used 6044K, capacity 6305K, committed 6528K, reserved 1056768K
  class space    used 576K, capacity 626K, committed 640K, reserved 1048576K
Event: 1.721 GC heap after
Heap after GC invocations=7 (full 1):
 PSYoungGen      total 233472K, used 0K [0x00000000d5b80000, 0x00000000ebf80000, 0x0000000100000000)
  eden space 225280K, 0% used [0x00000000d5b80000,0x00000000d5b80000,0x00000000e3780000)
  from space 8192K, 0% used [0x00000000e6780000,0x00000000e6780000,0x00000000e6f80000)
  to   space 49152K, 0% used [0x00000000e3780000,0x00000000e3780000,0x00000000e6780000)
 ParOldGen       total 174592K, used 78242K [0x0000000081200000, 0x000000008bc80000, 0x00000000d5b80000)
  object space 174592K, 44% used [0x0000000081200000,0x0000000085e68a98,0x000000008bc80000)
 Metaspace       used 6044K, capacity 6305K, committed 6528K, reserved 1056768K
  class space    used 576K, capacity 626K, committed 640K, reserved 1048576K
}

Deoptimization events (10 events):
Event: 0.541 Thread 0x0000000002560800 Uncommon trap: reason=array_check action=maybe_recompile pc=0x0000000002860b60 method=java.util.AbstractCollection.toArray([Ljava/lang/Object;)[Ljava/lang/Object; @ 119
Event: 0.541 Thread 0x0000000002560800 Uncommon trap: reason=array_check action=maybe_recompile pc=0x0000000002860b60 method=java.util.AbstractCollection.toArray([Ljava/lang/Object;)[Ljava/lang/Object; @ 119
Event: 0.541 Thread 0x0000000002560800 Uncommon trap: reason=array_check action=maybe_recompile pc=0x0000000002860b60 method=java.util.AbstractCollection.toArray([Ljava/lang/Object;)[Ljava/lang/Object; @ 119
Event: 0.541 Thread 0x0000000002560800 Uncommon trap: reason=array_check action=maybe_recompile pc=0x0000000002860b60 method=java.util.AbstractCollection.toArray([Ljava/lang/Object;)[Ljava/lang/Object; @ 119
Event: 0.646 Thread 0x0000000002560800 Uncommon trap: reason=unstable_if action=reinterpret pc=0x0000000002863be0 method=sun.misc.FloatingDecimal$ASCIIToBinaryBuffer.floatValue()F @ 95
Event: 0.846 Thread 0x0000000002560800 Uncommon trap: reason=unstable_if action=reinterpret pc=0x00000000028ae630 method=renderEngine.OBJLoader.loadObjModel(Ljava/lang/String;LrenderEngine/Loader;)Lmodels/RawModel; @ 186
Event: 0.987 Thread 0x0000000002560800 Uncommon trap: reason=unstable_if action=reinterpret pc=0x00000000028bff7c method=renderEngine.OBJLoader.loadObjModel(Ljava/lang/String;LrenderEngine/Loader;)Lmodels/RawModel; @ 324
Event: 1.090 Thread 0x0000000002560800 Uncommon trap: reason=unstable_if action=reinterpret pc=0x00000000028eb304 method=objects.HairFactory.Build()Lobjects/Hairs; @ 228
Event: 1.747 Thread 0x0000000002560800 Uncommon trap: reason=unstable_if action=reinterpret pc=0x0000000002924918 method=objects.HairFactory.Build()Lobjects/Hairs; @ 378
Event: 2.018 Thread 0x0000000002560800 Uncommon trap: reason=unstable_if action=reinterpret pc=0x0000000002920be0 method=java.lang.Integer.valueOf(I)Ljava/lang/Integer; @ 3

Internal exceptions (10 events):
Event: 0.108 Thread 0x0000000002560800 Exception <a 'java/security/PrivilegedActionException'> (0x00000000d5de54d8) thrown at [D:\re\workspace\8-2-build-windows-amd64-cygwin\jdk8u40\3098\hotspot\src\share\vm\prims\jvm.cpp, line 1382]
Event: 0.108 Thread 0x0000000002560800 Exception <a 'java/security/PrivilegedActionException'> (0x00000000d5de6050) thrown at [D:\re\workspace\8-2-build-windows-amd64-cygwin\jdk8u40\3098\hotspot\src\share\vm\prims\jvm.cpp, line 1382]
Event: 0.108 Thread 0x0000000002560800 Exception <a 'org/lwjgl/LWJGLException'> (0x00000000d5de8130) thrown at [D:\re\workspace\8-2-build-windows-amd64-cygwin\jdk8u40\3098\hotspot\src\share\vm\prims\jni.cpp, line 709]
Event: 0.109 Thread 0x0000000002560800 Exception <a 'org/lwjgl/LWJGLException'> (0x00000000d5de8978) thrown at [D:\re\workspace\8-2-build-windows-amd64-cygwin\jdk8u40\3098\hotspot\src\share\vm\prims\jni.cpp, line 709]
Event: 0.109 Thread 0x0000000002560800 Exception <a 'org/lwjgl/LWJGLException'> (0x00000000d5de9178) thrown at [D:\re\workspace\8-2-build-windows-amd64-cygwin\jdk8u40\3098\hotspot\src\share\vm\prims\jni.cpp, line 709]
Event: 0.109 Thread 0x0000000002560800 Exception <a 'org/lwjgl/LWJGLException'> (0x00000000d5de9958) thrown at [D:\re\workspace\8-2-build-windows-amd64-cygwin\jdk8u40\3098\hotspot\src\share\vm\prims\jni.cpp, line 709]
Event: 0.167 Thread 0x0000000002560800 Exception <a 'java/security/PrivilegedActionException'> (0x00000000d5f3a0a0) thrown at [D:\re\workspace\8-2-build-windows-amd64-cygwin\jdk8u40\3098\hotspot\src\share\vm\prims\jvm.cpp, line 1382]
Event: 0.167 Thread 0x0000000002560800 Exception <a 'java/security/PrivilegedActionException'> (0x00000000d5f3a3e8) thrown at [D:\re\workspace\8-2-build-windows-amd64-cygwin\jdk8u40\3098\hotspot\src\share\vm\prims\jvm.cpp, line 1382]
Event: 0.168 Thread 0x0000000002560800 Exception <a 'java/security/PrivilegedActionException'> (0x00000000d5f3e310) thrown at [D:\re\workspace\8-2-build-windows-amd64-cygwin\jdk8u40\3098\hotspot\src\share\vm\prims\jvm.cpp, line 1382]
Event: 0.168 Thread 0x0000000002560800 Exception <a 'java/security/PrivilegedActionException'> (0x00000000d5f3e658) thrown at [D:\re\workspace\8-2-build-windows-amd64-cygwin\jdk8u40\3098\hotspot\src\share\vm\prims\jvm.cpp, line 1382]

Events (10 events):
Event: 2.014 loading class org/lwjgl/opencl/APPLEGLSharing done
Event: 2.014 loading class org/lwjgl/opencl/EXTDeviceFission
Event: 2.014 loading class org/lwjgl/opencl/EXTDeviceFission done
Event: 2.015 loading class java/util/AbstractList$Itr
Event: 2.015 loading class java/util/AbstractList$Itr done
Event: 2.018 Thread 0x0000000002560800 Uncommon trap: trap_request=0xffffff65 fr.pc=0x0000000002920be0
Event: 2.018 Thread 0x0000000002560800 DEOPT PACKING pc=0x0000000002920be0 sp=0x000000000246e820
Event: 2.018 Thread 0x0000000002560800 DEOPT UNPACKING pc=0x00000000026a582a sp=0x000000000246e7c0 mode 2
Event: 2.018 loading class org/lwjgl/opencl/CLKernel
Event: 2.019 loading class org/lwjgl/opencl/CLKernel done


Dynamic libraries:
0x00007ff709fd0000 - 0x00007ff70a007000 	C:\Program Files\Java\jdk1.8.0_40\bin\javaw.exe
0x00007ffe84830000 - 0x00007ffe849dc000 	C:\windows\SYSTEM32\ntdll.dll
0x00007ffe840a0000 - 0x00007ffe841de000 	C:\windows\system32\KERNEL32.DLL
0x00007ffe81c30000 - 0x00007ffe81d45000 	C:\windows\system32\KERNELBASE.dll
0x00007ffe80520000 - 0x00007ffe805ae000 	C:\windows\system32\apphelp.dll
0x00007ffe77780000 - 0x00007ffe777d3000 	C:\windows\AppPatch\AppPatch64\AcGenral.DLL
0x00007ffe81eb0000 - 0x00007ffe81f5a000 	C:\windows\system32\msvcrt.dll
0x00007ffe81820000 - 0x00007ffe8184e000 	C:\windows\SYSTEM32\SspiCli.dll
0x00007ffe81f60000 - 0x00007ffe81fb4000 	C:\windows\system32\SHLWAPI.dll
0x00007ffe83c60000 - 0x00007ffe83dd7000 	C:\windows\system32\USER32.dll
0x00007ffe84690000 - 0x00007ffe84824000 	C:\windows\system32\ole32.dll
0x00007ffe825f0000 - 0x00007ffe83b08000 	C:\windows\system32\SHELL32.dll
0x00007ffe80fa0000 - 0x00007ffe80fc1000 	C:\windows\SYSTEM32\USERENV.dll
0x00007ffe824e0000 - 0x00007ffe8258a000 	C:\windows\system32\ADVAPI32.dll
0x00007ffe749d0000 - 0x00007ffe749ee000 	C:\windows\SYSTEM32\MPR.dll
0x00007ffe83b10000 - 0x00007ffe83c51000 	C:\windows\system32\RPCRT4.dll
0x00007ffe841e0000 - 0x00007ffe84239000 	C:\windows\SYSTEM32\sechost.dll
0x00007ffe84470000 - 0x00007ffe84681000 	C:\windows\SYSTEM32\combase.dll
0x00007ffe84240000 - 0x00007ffe84391000 	C:\windows\system32\GDI32.dll
0x00007ffe81980000 - 0x00007ffe81995000 	C:\windows\SYSTEM32\profapi.dll
0x00007ffe7fef0000 - 0x00007ffe7ffa2000 	C:\windows\SYSTEM32\SHCORE.dll
0x00007ffe82330000 - 0x00007ffe82366000 	C:\windows\system32\IMM32.DLL
0x00007ffe81fc0000 - 0x00007ffe82111000 	C:\windows\system32\MSCTF.dll
0x00007ffe7f440000 - 0x00007ffe7f6bb000 	C:\windows\WinSxS\amd64_microsoft.windows.common-controls_6595b64144ccf1df_6.0.9600.17415_none_6240486fecbd8abb\COMCTL32.dll
0x000000006a930000 - 0x000000006aa02000 	C:\Program Files\Java\jdk1.8.0_40\jre\bin\msvcr100.dll
0x000000006aad0000 - 0x000000006b353000 	C:\Program Files\Java\jdk1.8.0_40\jre\bin\server\jvm.dll
0x00007ffe79090000 - 0x00007ffe79099000 	C:\windows\SYSTEM32\WSOCK32.dll
0x00007ffe7cff0000 - 0x00007ffe7d012000 	C:\windows\SYSTEM32\WINMM.dll
0x00007ffe79b50000 - 0x00007ffe79b5a000 	C:\windows\SYSTEM32\VERSION.dll
0x00007ffe83fc0000 - 0x00007ffe83fc7000 	C:\windows\system32\PSAPI.DLL
0x00007ffe822d0000 - 0x00007ffe8232a000 	C:\windows\system32\WS2_32.dll
0x00007ffe7a3f0000 - 0x00007ffe7a41a000 	C:\windows\SYSTEM32\WINMMBASE.dll
0x00007ffe843a0000 - 0x00007ffe843a9000 	C:\windows\system32\NSI.dll
0x00007ffe81e60000 - 0x00007ffe81eaf000 	C:\windows\SYSTEM32\cfgmgr32.dll
0x00007ffe807a0000 - 0x00007ffe807c8000 	C:\windows\SYSTEM32\DEVOBJ.dll
0x000000006b8f0000 - 0x000000006b8ff000 	C:\Program Files\Java\jdk1.8.0_40\jre\bin\verify.dll
0x000000006aaa0000 - 0x000000006aac9000 	C:\Program Files\Java\jdk1.8.0_40\jre\bin\java.dll
0x000000006aa80000 - 0x000000006aa96000 	C:\Program Files\Java\jdk1.8.0_40\jre\bin\zip.dll
0x0000000180000000 - 0x0000000180053000 	C:\Users\Luuk\Source\Repos\Visualization_2IV35\2IV06 Visual Computing Project\Source\lib\lwjgl-2.9.3\native\windows\lwjgl64.dll
0x00007ffe77600000 - 0x00007ffe7772b000 	C:\windows\SYSTEM32\OPENGL32.dll
0x00007ffe77cc0000 - 0x00007ffe77cee000 	C:\windows\SYSTEM32\GLU32.dll
0x00007ffe77290000 - 0x00007ffe77388000 	C:\windows\SYSTEM32\DDRAW.dll
0x00007ffe7cfb0000 - 0x00007ffe7cfb9000 	C:\windows\SYSTEM32\DCIMAN32.dll
0x00007ffe77ca0000 - 0x00007ffe77cba000 	C:\windows\SYSTEM32\OpenCL.dll
0x00007ffe775a0000 - 0x00007ffe775fe000 	C:\windows\SYSTEM32\IntelOpenCL64.dll
0x00007ffe72b00000 - 0x00007ffe72c8d000 	C:\Program Files (x86)\Common Files\Intel\OpenCL\bin\x64\intelocl64.dll
0x00007ffe77510000 - 0x00007ffe77598000 	C:\Program Files (x86)\Common Files\Intel\OpenCL\bin\x64\task_executor64.dll
0x00007ffe71e70000 - 0x00007ffe71f46000 	C:\Program Files (x86)\Common Files\Intel\OpenCL\bin\x64\cpu_device64.dll
0x00007ffe61ee0000 - 0x00007ffe62a63000 	C:\windows\SYSTEM32\igdrcl64.dll
0x00007ffe7f3b0000 - 0x00007ffe7f437000 	C:\windows\SYSTEM32\dxgi.dll
0x00007ffe5cda0000 - 0x00007ffe5e5b5000 	C:\windows\SYSTEM32\igdfcl64.dll
0x00007ffe73220000 - 0x00007ffe733aa000 	C:\windows\SYSTEM32\dbghelp.dll
0x00007ffe764c0000 - 0x00007ffe76528000 	C:\windows\SYSTEM32\igdbcl64.dll
0x00007ffe7d990000 - 0x00007ffe7e338000 	C:\windows\SYSTEM32\igdusc64.dll
0x00007ffe80600000 - 0x00007ffe80729000 	C:\windows\system32\uxtheme.dll
0x00007ffe79c50000 - 0x00007ffe79cfb000 	C:\Program Files\Common Files\microsoft shared\ink\tiptsf.dll
0x00007ffe82390000 - 0x00007ffe82451000 	C:\windows\system32\OLEAUT32.dll
0x00007ffe7fb40000 - 0x00007ffe7fb61000 	C:\windows\system32\dwmapi.dll
0x00007ffe5c4c0000 - 0x00007ffe5cd91000 	C:\windows\SYSTEM32\ig75icd64.dll
0x00007ffe7d7e0000 - 0x00007ffe7d7f2000 	C:\windows\SYSTEM32\WTSAPI32.dll
0x00007ffe805f0000 - 0x00007ffe805fb000 	C:\windows\SYSTEM32\kernel.appcore.dll
0x00007ffe818c0000 - 0x00007ffe818cb000 	C:\windows\SYSTEM32\CRYPTBASE.dll
0x00007ffe81850000 - 0x00007ffe818b3000 	C:\windows\SYSTEM32\bcryptPrimitives.dll
0x00007ffe7d1b0000 - 0x00007ffe7d21a000 	C:\windows\SYSTEM32\oleacc.dll
0x00007ffe76320000 - 0x00007ffe763b2000 	C:\windows\SYSTEM32\mscms.dll
0x00007ffe75a30000 - 0x00007ffe75a71000 	C:\windows\SYSTEM32\icm32.dll
0x00007ffe80fd0000 - 0x00007ffe81016000 	C:\windows\SYSTEM32\powrprof.dll
0x000000006a790000 - 0x000000006a928000 	C:\Program Files\Java\jdk1.8.0_40\jre\bin\awt.dll
0x00007ffe75430000 - 0x00007ffe7549b000 	C:\Program Files (x86)\Common Files\Intel\OpenCL\bin\x64\tbb\tbb.dll
0x00007ffe75040000 - 0x00007ffe7509a000 	C:\Program Files (x86)\Common Files\Intel\OpenCL\bin\x64\tbb\tbbmalloc.dll
0x00007ffe5ba90000 - 0x00007ffe5c4b9000 	C:\Program Files (x86)\Common Files\Intel\OpenCL\bin\x64\OclCpuBackEnd64.dll
0x00007ffe62d30000 - 0x00007ffe632b5000 	C:\Program Files (x86)\Common Files\Intel\OpenCL\bin\x64\__ocl_svml_l9.dll
0x00007ffe5b3b0000 - 0x00007ffe5ba86000 	C:\Program Files (x86)\Common Files\Intel\OpenCL\bin\x64\clang_compiler64.dll

VM Arguments:
jvm_args: -Djava.library.path=C:\Users\Luuk\Source\Repos\Visualization_2IV35\2IV06 Visual Computing Project\Source\lib\lwjgl-2.9.3\native\windows;C:\Users\Luuk\Source\Repos\Visualization_2IV35\2IV06 Visual Computing Project\Source\lib\lwjgl-2.9.3\native\windows -Dfile.encoding=Cp1252 
java_command: engineTester.MainSimulator
java_class_path (initial): C:\Users\Luuk\Source\Repos\Visualization_2IV35\2IV06 Visual Computing Project\Source\bin;C:\Users\Luuk\Source\Repos\Visualization_2IV35\2IV06 Visual Computing Project\Source\lib\lwjgl-2.9.3\jar\lwjgl.jar;C:\Users\Luuk\Source\Repos\Visualization_2IV35\2IV06 Visual Computing Project\Source\lib\lwjgl-2.9.3\jar\lwjgl_util.jar;C:\Users\Luuk\Source\Repos\Visualization_2IV35\2IV06 Visual Computing Project\Source\lib\slick\lib\slick.jar
Launcher Type: SUN_STANDARD

Environment Variables:
JAVA_HOME=C:\Program Files\Java\jdk1.8.0_40\jre\bin
PATH=C:/Program Files/Java/jdk1.8.0_40/jre/bin/server;C:/Program Files/Java/jdk1.8.0_40/jre/bin;C:/Program Files/Java/jdk1.8.0_40/jre/lib/amd64;C:\ProgramData\Oracle\Java\javapath;C:\Python27\;C:\Python27\Scripts;C:\Program Files (x86)\iis express\PHP\v5.4;C:\Program Files (x86)\NVIDIA Corporation\PhysX\Common;C:\windows\system32;C:\windows;C:\windows\System32\Wbem;C:\windows\System32\WindowsPowerShell\v1.0\;C:\Program Files (x86)\Microsoft ASP.NET\ASP.NET Web Pages\v1.0\;C:\Program Files (x86)\Windows Kits\8.0\Windows Performance Toolkit\;C:\Program Files\Microsoft SQL Server\110\Tools\Binn\;C:\Program Files\Microsoft\Web Platform Installer\;C:\Program Files (x86)\MiKTeX 2.9\miktex\bin\;C:\Program Files\Common Files\Autodesk Shared\;C:\Program Files (x86)\Autodesk\Backburner\;C:\Program Files (x86)\Skype\Phone\;C:\Program Files\Java\jdk1.8.0_31\bin;C:\Users\Luuk\Desktop\eclipse-java-luna-SR1-win32-x86_64\eclipse;
USERNAME=Luuk
OS=Windows_NT
PROCESSOR_IDENTIFIER=Intel64 Family 6 Model 69 Stepping 1, GenuineIntel



---------------  S Y S T E M  ---------------

OS: Windows 8.1 , 64 bit Build 9600 (6.3.9600.17415)

CPU:total 4 (2 cores per cpu, 2 threads per core) family 6 model 69 stepping 1, cmov, cx8, fxsr, mmx, sse, sse2, sse3, ssse3, sse4.1, sse4.2, popcnt, avx, avx2, aes, clmul, erms, lzcnt, ht, tsc, tscinvbit, bmi1, bmi2

Memory: 4k page, physical 8306732k(4106928k free), swap 17219628k(11347368k free)

vm_info: Java HotSpot(TM) 64-Bit Server VM (25.40-b25) for windows-amd64 JRE (1.8.0_40-b26), built on Mar  7 2015 13:51:59 by "java_re" with MS VC++ 10.0 (VS2010)

time: Wed Apr 08 21:37:14 2015
elapsed time: 2 seconds (0d 0h 0m 2s)

