#
# A fatal error has been detected by the Java Runtime Environment:
#
#  EXCEPTION_ACCESS_VIOLATION (0xc0000005) at pc=0x0000000000000000, pid=3552, tid=8532
#
# JRE version: Java(TM) SE Runtime Environment (8.0_31-b13) (build 1.8.0_31-b13)
# Java VM: Java HotSpot(TM) 64-Bit Server VM (25.31-b07 mixed mode windows-amd64 compressed oops)
# Problematic frame:
# C  0x0000000000000000
#
# Failed to write core dump. Minidumps are not enabled by default on client versions of Windows
#
# If you would like to submit a bug report, please visit:
#   http://bugreport.java.com/bugreport/crash.jsp
# The crash happened outside the Java Virtual Machine in native code.
# See problematic frame for where to report the bug.
#

---------------  T H R E A D  ---------------

Current thread (0x0000000001f90800):  JavaThread "main" [_thread_in_native, id=8532, stack(0x0000000001e90000,0x0000000001f90000)]

siginfo: ExceptionCode=0xc0000005, ExceptionInformation=0x0000000000000008 0x0000000000000000

Registers:
RAX=0x0000000000000000, RBX=0x00000000186bf550, RCX=0x00000000186bf550, RDX=0x0000000000000000
RSP=0x0000000001f8e3b8, RBP=0x0000000001f8e468, RSI=0x00000000000014f0, RDI=0x0000000002097540
R8 =0x000000000000007f, R9 =0x0000000000000054, R10=0x00000000000000a2, R11=0x0000000000000288
R12=0x0000000000000000, R13=0x00000000166c14e8, R14=0x0000000001f8e490, R15=0x0000000001f90800
RIP=0x0000000000000000, EFLAGS=0x0000000000010202

Top of Stack: (sp=0x0000000001f8e3b8)
0x0000000001f8e3b8:   0000000180003c8d 00000000186bf550
0x0000000001f8e3c8:   0000000001f90800 0000000001f8e468
0x0000000001f8e3d8:   00000000000014f0 00000000166c14e8
0x0000000001f8e3e8:   00000000020a5b74 0000000002097540
0x0000000001f8e3f8:   00000000020a58eb 0000000001f90800
0x0000000001f8e408:   00000000166c14e8 00000000000014f0
0x0000000001f8e418:   0000000001f90800 00000000020a58a2
0x0000000001f8e428:   0000000001f8e428 00000000166c14e8
0x0000000001f8e438:   0000000001f8e490 00000000166c1bb0
0x0000000001f8e448:   0000000000000000 00000000166c14e8
0x0000000001f8e458:   0000000000000000 0000000001f8e488
0x0000000001f8e468:   0000000001f8e4d8 0000000002097540
0x0000000001f8e478:   00000000d5e46b58 000000000209f6b7
0x0000000001f8e488:   00000000186bf550 00000000d5e4d728
0x0000000001f8e498:   0000000001f8e498 00000000166c1439
0x0000000001f8e4a8:   0000000001f8e4f0 00000000166c1bb0 

Instructions: (pc=0x0000000000000000)
0xffffffffffffffe0:   


Register to memory mapping:

RAX=0x0000000000000000 is an unknown value
RBX=0x00000000186bf550 is an unknown value
RCX=0x00000000186bf550 is an unknown value
RDX=0x0000000000000000 is an unknown value
RSP=0x0000000001f8e3b8 is pointing into the stack for thread: 0x0000000001f90800
RBP=0x0000000001f8e468 is pointing into the stack for thread: 0x0000000001f90800
RSI=0x00000000000014f0 is an unknown value
RDI=0x0000000002097540 is at code_begin+832 in an Interpreter codelet
invoke return entry points  [0x0000000002097200, 0x0000000002097b00]  2304 bytes
R8 =0x000000000000007f is an unknown value
R9 =0x0000000000000054 is an unknown value
R10=0x00000000000000a2 is an unknown value
R11=0x0000000000000288 is an unknown value
R12=0x0000000000000000 is an unknown value
R13={method} {0x00000000166c14f0} 'ngetFunctionAddress' '(J)J' in 'org/lwjgl/opencl/CL'
R14=0x0000000001f8e490 is pointing into the stack for thread: 0x0000000001f90800
R15=0x0000000001f90800 is a thread


Stack: [0x0000000001e90000,0x0000000001f90000],  sp=0x0000000001f8e3b8,  free space=1016k
Native frames: (J=compiled Java code, j=interpreted, Vv=VM code, C=native code)

Java frames: (J=compiled Java code, j=interpreted, Vv=VM code)
j  org.lwjgl.opencl.CL.ngetFunctionAddress(J)J+0
j  org.lwjgl.opencl.CL.getFunctionAddress(Ljava/lang/String;)J+9
j  org.lwjgl.opencl.CLCapabilities.<clinit>()V+2
v  ~StubRoutines::call_stub
j  org.lwjgl.opencl.CL10.clGetPlatformIDs(Lorg/lwjgl/PointerBuffer;Ljava/nio/IntBuffer;)I+0
j  org.lwjgl.opencl.InfoUtilFactory$CLPlatformUtil.getPlatforms(Lorg/lwjgl/opencl/api/Filter;)Ljava/util/List;+6
j  org.lwjgl.opencl.CLPlatform.getPlatforms(Lorg/lwjgl/opencl/api/Filter;)Ljava/util/List;+4
j  org.lwjgl.opencl.CLPlatform.getPlatforms()Ljava/util/List;+1
j  engineTester.MainSimulator.displayInfo()V+253
j  engineTester.MainSimulator.main([Ljava/lang/String;)V+3
v  ~StubRoutines::call_stub

---------------  P R O C E S S  ---------------

Java Threads: ( => current thread )
  0x0000000016c6c800 JavaThread "Service Thread" daemon [_thread_blocked, id=5352, stack(0x0000000018470000,0x0000000018570000)]
  0x0000000016c67000 JavaThread "C1 CompilerThread2" daemon [_thread_blocked, id=12276, stack(0x0000000018370000,0x0000000018470000)]
  0x0000000016c64800 JavaThread "C2 CompilerThread1" daemon [_thread_blocked, id=11996, stack(0x0000000018270000,0x0000000018370000)]
  0x0000000016c0d000 JavaThread "C2 CompilerThread0" daemon [_thread_blocked, id=10900, stack(0x0000000018170000,0x0000000018270000)]
  0x0000000016c0b800 JavaThread "Attach Listener" daemon [_thread_blocked, id=12236, stack(0x0000000018070000,0x0000000018170000)]
  0x0000000016c0a800 JavaThread "Signal Dispatcher" daemon [_thread_blocked, id=11584, stack(0x0000000017f70000,0x0000000018070000)]
  0x0000000002084800 JavaThread "Finalizer" daemon [_thread_blocked, id=8140, stack(0x0000000017e70000,0x0000000017f70000)]
  0x000000000207c000 JavaThread "Reference Handler" daemon [_thread_blocked, id=10808, stack(0x0000000017d70000,0x0000000017e70000)]
=>0x0000000001f90800 JavaThread "main" [_thread_in_native, id=8532, stack(0x0000000001e90000,0x0000000001f90000)]

Other Threads:
  0x0000000016bd5800 VMThread [stack: 0x0000000017c70000,0x0000000017d70000] [id=10332]
  0x0000000018570800 WatcherThread [stack: 0x0000000018970000,0x0000000018a70000] [id=8248]

VM state:not at safepoint (normal execution)

VM Mutex/Monitor currently owned by a thread: None

Heap:
 PSYoungGen      total 38400K, used 3335K [0x00000000d5b80000, 0x00000000d8600000, 0x0000000100000000)
  eden space 33280K, 10% used [0x00000000d5b80000,0x00000000d5ec1e20,0x00000000d7c00000)
  from space 5120K, 0% used [0x00000000d8100000,0x00000000d8100000,0x00000000d8600000)
  to   space 5120K, 0% used [0x00000000d7c00000,0x00000000d7c00000,0x00000000d8100000)
 ParOldGen       total 87552K, used 0K [0x0000000081200000, 0x0000000086780000, 0x00000000d5b80000)
  object space 87552K, 0% used [0x0000000081200000,0x0000000081200000,0x0000000086780000)
 Metaspace       used 3401K, capacity 4908K, committed 5120K, reserved 1056768K
  class space    used 368K, capacity 424K, committed 512K, reserved 1048576K

Card table byte_map: [0x0000000011450000,0x0000000011850000] byte_map_base: 0x0000000011047000

Marking Bits: (ParMarkBitMap*) 0x0000000057a6d4f0
 Begin Bits: [0x0000000011f00000, 0x0000000013eb8000)
 End Bits:   [0x0000000013eb8000, 0x0000000015e70000)

Polling page: 0x0000000000640000

CodeCache: size=245760Kb used=1320Kb max_used=1320Kb free=244439Kb
 bounds [0x0000000002090000, 0x0000000002300000, 0x0000000011090000]
 total_blobs=418 nmethods=132 adapters=200
 compilation: enabled

Compilation events (10 events):
Event: 0.416 Thread 0x0000000016c67000  128       1       sun.util.calendar.CalendarDate::getSeconds (5 bytes)
Event: 0.416 Thread 0x0000000016c67000 nmethod 128 0x00000000021d3410 code [0x00000000021d3560, 0x00000000021d3670]
Event: 0.416 Thread 0x0000000016c67000  129       1       sun.util.calendar.CalendarDate::getMillis (5 bytes)
Event: 0.417 Thread 0x0000000016c67000 nmethod 129 0x00000000021d36d0 code [0x00000000021d3820, 0x00000000021d3930]
Event: 0.424 Thread 0x0000000016c67000  130       3       java.lang.CharacterDataLatin1::toUpperCase (53 bytes)
Event: 0.424 Thread 0x0000000016c67000 nmethod 130 0x00000000021d9110 code [0x00000000021d9280, 0x00000000021d9570]
Event: 0.426 Thread 0x0000000016c67000  131       1       sun.misc.URLClassPath$JarLoader::access$500 (5 bytes)
Event: 0.426 Thread 0x0000000016c67000 nmethod 131 0x00000000021d96d0 code [0x00000000021d9820, 0x00000000021d9910]
Event: 0.426 Thread 0x0000000016c67000  132  s!   3       java.net.URLStreamHandler::getHostAddress (54 bytes)
Event: 0.426 Thread 0x0000000016c67000 nmethod 132 0x00000000021d9990 code [0x00000000021d9b20, 0x00000000021da1f8]

GC Heap History (0 events):
No events

Deoptimization events (0 events):
No events

Internal exceptions (10 events):
Event: 0.410 Thread 0x0000000001f90800 Exception <a 'java/security/PrivilegedActionException'> (0x00000000d5dee9d8) thrown at [C:\workspace\8-2-build-windows-amd64-cygwin\jdk8u31\2394\hotspot\src\share\vm\prims\jvm.cpp, line 1312]
Event: 0.412 Thread 0x0000000001f90800 Exception <a 'java/security/PrivilegedActionException'> (0x00000000d5df9440) thrown at [C:\workspace\8-2-build-windows-amd64-cygwin\jdk8u31\2394\hotspot\src\share\vm\prims\jvm.cpp, line 1312]
Event: 0.413 Thread 0x0000000001f90800 Exception <a 'java/security/PrivilegedActionException'> (0x00000000d5dfcd88) thrown at [C:\workspace\8-2-build-windows-amd64-cygwin\jdk8u31\2394\hotspot\src\share\vm\prims\jvm.cpp, line 1312]
Event: 0.414 Thread 0x0000000001f90800 Exception <a 'java/security/PrivilegedActionException'> (0x00000000d5e031c0) thrown at [C:\workspace\8-2-build-windows-amd64-cygwin\jdk8u31\2394\hotspot\src\share\vm\prims\jvm.cpp, line 1312]
Event: 0.415 Thread 0x0000000001f90800 Exception <a 'java/security/PrivilegedActionException'> (0x00000000d5e06110) thrown at [C:\workspace\8-2-build-windows-amd64-cygwin\jdk8u31\2394\hotspot\src\share\vm\prims\jvm.cpp, line 1312]
Event: 0.416 Thread 0x0000000001f90800 Exception <a 'java/security/PrivilegedActionException'> (0x00000000d5e0a380) thrown at [C:\workspace\8-2-build-windows-amd64-cygwin\jdk8u31\2394\hotspot\src\share\vm\prims\jvm.cpp, line 1312]
Event: 0.424 Thread 0x0000000001f90800 Exception <a 'java/security/PrivilegedActionException'> (0x00000000d5e37648) thrown at [C:\workspace\8-2-build-windows-amd64-cygwin\jdk8u31\2394\hotspot\src\share\vm\prims\jvm.cpp, line 1312]
Event: 0.425 Thread 0x0000000001f90800 Exception <a 'java/security/PrivilegedActionException'> (0x00000000d5e42ad0) thrown at [C:\workspace\8-2-build-windows-amd64-cygwin\jdk8u31\2394\hotspot\src\share\vm\prims\jvm.cpp, line 1312]
Event: 0.426 Thread 0x0000000001f90800 Exception <a 'java/security/PrivilegedActionException'> (0x00000000d5e47020) thrown at [C:\workspace\8-2-build-windows-amd64-cygwin\jdk8u31\2394\hotspot\src\share\vm\prims\jvm.cpp, line 1312]
Event: 0.427 Thread 0x0000000001f90800 Exception <a 'java/security/PrivilegedActionException'> (0x00000000d5e4a200) thrown at [C:\workspace\8-2-build-windows-amd64-cygwin\jdk8u31\2394\hotspot\src\share\vm\prims\jvm.cpp, line 1312]

Events (10 events):
Event: 0.427 loading class org/lwjgl/MemoryUtil$CharSequenceNT
Event: 0.427 loading class org/lwjgl/MemoryUtil$CharSequenceNT done
Event: 0.427 loading class java/nio/StringCharBuffer
Event: 0.428 loading class java/nio/StringCharBuffer done
Event: 0.428 loading class sun/nio/cs/ISO_8859_1$Encoder
Event: 0.428 loading class sun/nio/cs/ISO_8859_1$Encoder done
Event: 0.428 loading class sun/nio/cs/Surrogate$Parser
Event: 0.428 loading class sun/nio/cs/Surrogate$Parser done
Event: 0.428 loading class sun/nio/cs/Surrogate
Event: 0.428 loading class sun/nio/cs/Surrogate done


Dynamic libraries:
0x00007ff649600000 - 0x00007ff649634000 	C:\Program Files\Java\jdk1.8.0_31\bin\javaw.exe
0x00007ff8c41c0000 - 0x00007ff8c436c000 	C:\windows\SYSTEM32\ntdll.dll
0x00007ff8c3c10000 - 0x00007ff8c3d4e000 	C:\windows\system32\KERNEL32.DLL
0x00007ff8c1430000 - 0x00007ff8c1545000 	C:\windows\system32\KERNELBASE.dll
0x00007ff8bfeb0000 - 0x00007ff8bff3e000 	C:\windows\system32\apphelp.dll
0x00007ff8b76f0000 - 0x00007ff8b7743000 	C:\windows\AppPatch\AppPatch64\AcGenral.DLL
0x00007ff8c1cf0000 - 0x00007ff8c1d9a000 	C:\windows\system32\msvcrt.dll
0x00007ff8c11b0000 - 0x00007ff8c11de000 	C:\windows\SYSTEM32\SspiCli.dll
0x00007ff8c1a60000 - 0x00007ff8c1ab4000 	C:\windows\system32\SHLWAPI.dll
0x00007ff8c1ac0000 - 0x00007ff8c1c37000 	C:\windows\system32\USER32.dll
0x00007ff8c23b0000 - 0x00007ff8c2544000 	C:\windows\system32\ole32.dll
0x00007ff8c26e0000 - 0x00007ff8c3bf8000 	C:\windows\system32\SHELL32.dll
0x00007ff8c0930000 - 0x00007ff8c0951000 	C:\windows\SYSTEM32\USERENV.dll
0x00007ff8c1c40000 - 0x00007ff8c1cea000 	C:\windows\system32\ADVAPI32.dll
0x00007ff8b4dd0000 - 0x00007ff8b4dee000 	C:\windows\SYSTEM32\MPR.dll
0x00007ff8c2550000 - 0x00007ff8c2691000 	C:\windows\system32\RPCRT4.dll
0x00007ff8c1840000 - 0x00007ff8c1899000 	C:\windows\SYSTEM32\sechost.dll
0x00007ff8c2030000 - 0x00007ff8c2241000 	C:\windows\SYSTEM32\combase.dll
0x00007ff8c2250000 - 0x00007ff8c23a1000 	C:\windows\system32\GDI32.dll
0x00007ff8c1310000 - 0x00007ff8c1325000 	C:\windows\SYSTEM32\profapi.dll
0x00007ff8bf6d0000 - 0x00007ff8bf782000 	C:\windows\SYSTEM32\SHCORE.dll
0x00007ff8c26a0000 - 0x00007ff8c26d6000 	C:\windows\system32\IMM32.DLL
0x00007ff8c18a0000 - 0x00007ff8c19f1000 	C:\windows\system32\MSCTF.dll
0x00007ff8bed40000 - 0x00007ff8befbb000 	C:\windows\WinSxS\amd64_microsoft.windows.common-controls_6595b64144ccf1df_6.0.9600.17415_none_6240486fecbd8abb\COMCTL32.dll
0x0000000057af0000 - 0x0000000057bc2000 	C:\Program Files\Java\jdk1.8.0_31\jre\bin\msvcr100.dll
0x0000000057290000 - 0x0000000057aea000 	C:\Program Files\Java\jdk1.8.0_31\jre\bin\server\jvm.dll
0x00007ff8b8b50000 - 0x00007ff8b8b59000 	C:\windows\SYSTEM32\WSOCK32.dll
0x00007ff8b4850000 - 0x00007ff8b4872000 	C:\windows\SYSTEM32\WINMM.dll
0x00007ff8c1e70000 - 0x00007ff8c1e77000 	C:\windows\system32\PSAPI.DLL
0x00007ff8c3f50000 - 0x00007ff8c3faa000 	C:\windows\system32\WS2_32.dll
0x00007ff8b2e60000 - 0x00007ff8b2e8a000 	C:\windows\SYSTEM32\WINMMBASE.dll
0x00007ff8c40f0000 - 0x00007ff8c40f9000 	C:\windows\system32\NSI.dll
0x00007ff8c13e0000 - 0x00007ff8c142f000 	C:\windows\SYSTEM32\cfgmgr32.dll
0x00007ff8c0110000 - 0x00007ff8c0138000 	C:\windows\SYSTEM32\DEVOBJ.dll
0x00000000580b0000 - 0x00000000580bf000 	C:\Program Files\Java\jdk1.8.0_31\jre\bin\verify.dll
0x0000000057260000 - 0x0000000057288000 	C:\Program Files\Java\jdk1.8.0_31\jre\bin\java.dll
0x0000000057240000 - 0x0000000057256000 	C:\Program Files\Java\jdk1.8.0_31\jre\bin\zip.dll
0x0000000180000000 - 0x0000000180053000 	C:\Users\Luuk\Source\Repos\Visualization_2IV35\2IV06 Visual Computing Project\Source\lib\lwjgl-2.9.3\native\windows\lwjgl64.dll
0x00007ff8b03b0000 - 0x00007ff8b04db000 	C:\windows\SYSTEM32\OPENGL32.dll
0x00007ff8b93b0000 - 0x00007ff8b93ba000 	C:\windows\SYSTEM32\VERSION.dll
0x00007ff8b6a90000 - 0x00007ff8b6abe000 	C:\windows\SYSTEM32\GLU32.dll
0x00007ff8b02b0000 - 0x00007ff8b03a8000 	C:\windows\SYSTEM32\DDRAW.dll
0x00007ff8b8b90000 - 0x00007ff8b8b99000 	C:\windows\SYSTEM32\DCIMAN32.dll
0x00007ff8b2a20000 - 0x00007ff8b2baa000 	C:\windows\SYSTEM32\dbghelp.dll

VM Arguments:
jvm_args: -Djava.library.path=C:\Users\Luuk\Source\Repos\Visualization_2IV35\2IV06 Visual Computing Project\Source\lib\lwjgl-2.9.3\native\windows;C:\Users\Luuk\Source\Repos\Visualization_2IV35\2IV06 Visual Computing Project\Source\lib\lwjgl-2.9.3\native\windows -Dfile.encoding=Cp1252 
java_command: engineTester.MainSimulator
java_class_path (initial): C:\Users\Luuk\Source\Repos\Visualization_2IV35\2IV06 Visual Computing Project\Source\bin;C:\Users\Luuk\Source\Repos\Visualization_2IV35\2IV06 Visual Computing Project\Source\lib\lwjgl-2.9.3\jar\lwjgl.jar;C:\Users\Luuk\Source\Repos\Visualization_2IV35\2IV06 Visual Computing Project\Source\lib\lwjgl-2.9.3\jar\lwjgl_util.jar;C:\Users\Luuk\Source\Repos\Visualization_2IV35\2IV06 Visual Computing Project\Source\lib\slick\lib\slick.jar
Launcher Type: SUN_STANDARD

Environment Variables:
PATH=C:\ProgramData\Oracle\Java\javapath;C:\Program Files (x86)\iis express\PHP\v5.4;C:\Program Files (x86)\NVIDIA Corporation\PhysX\Common;C:\windows\system32;C:\windows;C:\windows\System32\Wbem;C:\windows\System32\WindowsPowerShell\v1.0\;C:\Program Files (x86)\Microsoft ASP.NET\ASP.NET Web Pages\v1.0\;C:\Program Files (x86)\Windows Kits\8.0\Windows Performance Toolkit\;C:\Program Files\Microsoft SQL Server\110\Tools\Binn\;C:\Program Files\Microsoft\Web Platform Installer\;C:\Program Files (x86)\MiKTeX 2.9\miktex\bin\;C:\Program Files\Common Files\Autodesk Shared\;C:\Program Files (x86)\Autodesk\Backburner\;C:\Program Files\Java\jdk1.8.0_31\bin
USERNAME=Luuk
OS=Windows_NT
PROCESSOR_IDENTIFIER=Intel64 Family 6 Model 69 Stepping 1, GenuineIntel



---------------  S Y S T E M  ---------------

OS: Windows 8.1 , 64 bit Build 9600 

CPU:total 4 (2 cores per cpu, 2 threads per core) family 6 model 69 stepping 1, cmov, cx8, fxsr, mmx, sse, sse2, sse3, ssse3, sse4.1, sse4.2, popcnt, avx, avx2, aes, clmul, erms, lzcnt, ht, tsc, tscinvbit, bmi1, bmi2

Memory: 4k page, physical 8306732k(2711640k free), swap 17219628k(10241340k free)

vm_info: Java HotSpot(TM) 64-Bit Server VM (25.31-b07) for windows-amd64 JRE (1.8.0_31-b13), built on Dec 17 2014 21:00:28 by "java_re" with MS VC++ 10.0 (VS2010)

time: Thu Mar 12 22:35:17 2015
elapsed time: 0 seconds (0d 0h 0m 0s)

