#
# A fatal error has been detected by the Java Runtime Environment:
#
#  EXCEPTION_ACCESS_VIOLATION (0xc0000005) at pc=0x000000001b470aa2, pid=7436, tid=5736
#
# JRE version: Java(TM) SE Runtime Environment (8.0_40-b26) (build 1.8.0_40-b26)
# Java VM: Java HotSpot(TM) 64-Bit Server VM (25.40-b25 mixed mode windows-amd64 compressed oops)
# Problematic frame:
# C  0x000000001b470aa2
#
# Failed to write core dump. Minidumps are not enabled by default on client versions of Windows
#
# If you would like to submit a bug report, please visit:
#   http://bugreport.java.com/bugreport/crash.jsp
# The crash happened outside the Java Virtual Machine in native code.
# See problematic frame for where to report the bug.
#

---------------  T H R E A D  ---------------

Current thread (0x0000000001e00800):  JavaThread "main" [_thread_in_native, id=5736, stack(0x0000000001d00000,0x0000000001e00000)]

siginfo: ExceptionCode=0xc0000005, reading address 0x0000000024651e00

Registers:
RAX=0x000000000000002c, RBX=0x00000000232f07f0, RCX=0x00000000005c0e00, RDX=0x000000000005c0e0
RSP=0x0000000001dfe460, RBP=0x0000000001dfe460, RSI=0x00000000209ffa60, RDI=0x00000000000009ea
R8 =0x0000000024070000, R9 =0x000000001b4f0058, R10=0x0000000024091000, R11=0x0000000001dfe4d0
R12=0x0000000000000000, R13=0x0000000000000000, R14=0x0000000000000000, R15=0x00007ffe775417d0
RIP=0x000000001b470aa2, EFLAGS=0x0000000000010206

Top of Stack: (sp=0x0000000001dfe460)
0x0000000001dfe460:   00000000004b5c70 00007ffe5baa99eb
0x0000000001dfe470:   0000000000000100 00007ffe7504e7cf
0x0000000001dfe480:   0000000000000080 0000000020a23440
0x0000000001dfe490:   00007ffe00000000 fffffffffffffffe
0x0000000001dfe4a0:   0000000000000080 00007ffe71e7e320
0x0000000001dfe4b0:   0000000000000080 0000000000000100
0x0000000001dfe4c0:   0000000000000001 0000000000000004
0x0000000001dfe4d0:   0000000000000000 0000000000000000
0x0000000001dfe4e0:   0000000000000000 00000000000009d1
0x0000000001dfe4f0:   0000000000000000 0000000000000000
0x0000000001dfe500:   00007d6e60a44962 0000000000000004
0x0000000001dfe510:   00000000000009d1 00007ffe7752026c
0x0000000001dfe520:   0000000020a23540 00000000209ffa40
0x0000000001dfe530:   00000000209ffa40 00007ffe7751cf73
0x0000000001dfe540:   00000000004b5c70 00000000209ffa40
0x0000000001dfe550:   00000000209ffa40 0000000000000005 

Instructions: (pc=0x000000001b470aa2)
0x000000001b470a82:   c5 f8 57 c0 49 b9 58 00 4f 1b 00 00 00 00 89 d1
0x000000001b470a92:   c4 c1 7a 10 0c 88 c5 f8 2e c8 76 16 48 c1 e1 04
0x000000001b470aa2:   c4 c1 78 10 0c 0a c4 c3 71 21 09 00 c4 c1 78 11
0x000000001b470ab2:   0c 0a 48 ff c2 48 ff c8 75 d4 48 89 ec 5d c3 00 


Register to memory mapping:

RAX=0x000000000000002c is an unknown value
RBX=0x00000000232f07f0 is an unknown value
RCX=0x00000000005c0e00 is an unknown value
RDX=0x000000000005c0e0 is an unknown value
RSP=0x0000000001dfe460 is pointing into the stack for thread: 0x0000000001e00800
RBP=0x0000000001dfe460 is pointing into the stack for thread: 0x0000000001e00800
RSI=0x00000000209ffa60 is an unknown value
RDI=0x00000000000009ea is an unknown value
R8 =0x0000000024070000 is an unknown value
R9 =0x000000001b4f0058 is an unknown value
R10=0x0000000024091000 is an unknown value
R11=0x0000000001dfe4d0 is pointing into the stack for thread: 0x0000000001e00800
R12=0x0000000000000000 is an unknown value
R13=0x0000000000000000 is an unknown value
R14=0x0000000000000000 is an unknown value
R15=0x00007ffe775417d0 is an unknown value


Stack: [0x0000000001d00000,0x0000000001e00000],  sp=0x0000000001dfe460,  free space=1017k
Native frames: (J=compiled Java code, j=interpreted, Vv=VM code, C=native code)
C  0x000000001b470aa2

Java frames: (J=compiled Java code, j=interpreted, Vv=VM code)
j  org.lwjgl.opencl.CL10.nclEnqueueReadBuffer(JJIJJJIJJJ)I+0
j  org.lwjgl.opencl.CL10.clEnqueueReadBuffer(Lorg/lwjgl/opencl/CLCommandQueue;Lorg/lwjgl/opencl/CLMem;IJLjava/nio/FloatBuffer;Lorg/lwjgl/PointerBuffer;Lorg/lwjgl/PointerBuffer;)I+85
j  engineTester.MainSimulator.OpenCLTest()V+299
j  engineTester.MainSimulator.main([Ljava/lang/String;)V+986
v  ~StubRoutines::call_stub

---------------  P R O C E S S  ---------------

Java Threads: ( => current thread )
  0x0000000016add800 JavaThread "Service Thread" daemon [_thread_blocked, id=4272, stack(0x00000000186d0000,0x00000000187d0000)]
  0x0000000016a87000 JavaThread "C1 CompilerThread2" daemon [_thread_blocked, id=8480, stack(0x00000000181d0000,0x00000000182d0000)]
  0x0000000016a83000 JavaThread "C2 CompilerThread1" daemon [_thread_blocked, id=8444, stack(0x00000000180d0000,0x00000000181d0000)]
  0x0000000016a80800 JavaThread "C2 CompilerThread0" daemon [_thread_blocked, id=3564, stack(0x0000000017fd0000,0x00000000180d0000)]
  0x0000000016a7f000 JavaThread "Attach Listener" daemon [_thread_blocked, id=6056, stack(0x0000000017ed0000,0x0000000017fd0000)]
  0x0000000016a7e000 JavaThread "Signal Dispatcher" daemon [_thread_blocked, id=9536, stack(0x0000000017dd0000,0x0000000017ed0000)]
  0x0000000001ef6000 JavaThread "Finalizer" daemon [_thread_blocked, id=3116, stack(0x0000000017cd0000,0x0000000017dd0000)]
  0x0000000001eed000 JavaThread "Reference Handler" daemon [_thread_blocked, id=7260, stack(0x0000000017bd0000,0x0000000017cd0000)]
=>0x0000000001e00800 JavaThread "main" [_thread_in_native, id=5736, stack(0x0000000001d00000,0x0000000001e00000)]

Other Threads:
  0x0000000016a47800 VMThread [stack: 0x0000000017ad0000,0x0000000017bd0000] [id=8440]
  0x000000001830a800 WatcherThread [stack: 0x00000000187d0000,0x00000000188d0000] [id=8720]

VM state:not at safepoint (normal execution)

VM Mutex/Monitor currently owned by a thread: None

Heap:
 PSYoungGen      total 233472K, used 126322K [0x00000000d5b80000, 0x00000000ebf80000, 0x0000000100000000)
  eden space 225280K, 56% used [0x00000000d5b80000,0x00000000dd6dc880,0x00000000e3780000)
  from space 8192K, 0% used [0x00000000e6780000,0x00000000e6780000,0x00000000e6f80000)
  to   space 49152K, 0% used [0x00000000e3780000,0x00000000e3780000,0x00000000e6780000)
 ParOldGen       total 173568K, used 78242K [0x0000000081200000, 0x000000008bb80000, 0x00000000d5b80000)
  object space 173568K, 45% used [0x0000000081200000,0x0000000085e68ae8,0x000000008bb80000)
 Metaspace       used 6113K, capacity 6369K, committed 6528K, reserved 1056768K
  class space    used 583K, capacity 626K, committed 640K, reserved 1048576K

Card table byte_map: [0x00000000112c0000,0x00000000116c0000] byte_map_base: 0x0000000010eb7000

Marking Bits: (ParMarkBitMap*) 0x000000006b2d4040
 Begin Bits: [0x0000000011d70000, 0x0000000013d28000)
 End Bits:   [0x0000000013d28000, 0x0000000015ce0000)

Polling page: 0x0000000000400000

CodeCache: size=245760Kb used=2889Kb max_used=2889Kb free=242870Kb
 bounds [0x0000000001f00000, 0x00000000021e0000, 0x0000000010f00000]
 total_blobs=992 nmethods=544 adapters=361
 compilation: enabled

Compilation events (10 events):
Event: 1.988 Thread 0x0000000016a87000  540       3       java.lang.reflect.Field::getFieldAccessor (16 bytes)
Event: 1.988 Thread 0x0000000016a83000  544       4       java.lang.String::equals (81 bytes)
Event: 1.988 Thread 0x0000000016a87000 nmethod 540 0x00000000021cd2d0 code [0x00000000021cd420, 0x00000000021cd5d0]
Event: 1.988 Thread 0x0000000016a87000  541       3       sun.reflect.ReflectionFactory::newFieldAccessor (9 bytes)
Event: 1.988 Thread 0x0000000016a87000 nmethod 541 0x00000000021cea10 code [0x00000000021ceba0, 0x00000000021cef18]
Event: 1.988 Thread 0x0000000016a87000  542       3       sun.reflect.UnsafeFieldAccessorFactory::newFieldAccessor (676 bytes)
Event: 1.991 Thread 0x0000000016a83000 nmethod 544 0x00000000021d1ed0 code [0x00000000021d2020, 0x00000000021d2258]
Event: 1.991 Thread 0x0000000016a87000 nmethod 542 0x00000000021d2390 code [0x00000000021d2960, 0x00000000021d53c8]
Event: 1.991 Thread 0x0000000016a87000  543       3       java.lang.reflect.Field::getInt (51 bytes)
Event: 1.992 Thread 0x0000000016a87000 nmethod 543 0x00000000021d14d0 code [0x00000000021d16a0, 0x00000000021d1cc8]

GC Heap History (10 events):
Event: 0.761 GC heap before
{Heap before GC invocations=3 (full 0):
 PSYoungGen      total 71680K, used 70257K [0x00000000d5b80000, 0x00000000da680000, 0x0000000100000000)
  eden space 66560K, 100% used [0x00000000d5b80000,0x00000000d9c80000,0x00000000d9c80000)
  from space 5120K, 72% used [0x00000000da180000,0x00000000da51c718,0x00000000da680000)
  to   space 5120K, 0% used [0x00000000d9c80000,0x00000000d9c80000,0x00000000da180000)
 ParOldGen       total 87552K, used 16K [0x0000000081200000, 0x0000000086780000, 0x00000000d5b80000)
  object space 87552K, 0% used [0x0000000081200000,0x0000000081204000,0x0000000086780000)
 Metaspace       used 6005K, capacity 6305K, committed 6528K, reserved 1056768K
  class space    used 572K, capacity 626K, committed 640K, reserved 1048576K
Event: 0.770 GC heap after
Heap after GC invocations=3 (full 0):
 PSYoungGen      total 71680K, used 5098K [0x00000000d5b80000, 0x00000000de780000, 0x0000000100000000)
  eden space 66560K, 0% used [0x00000000d5b80000,0x00000000d5b80000,0x00000000d9c80000)
  from space 5120K, 99% used [0x00000000d9c80000,0x00000000da17a9d8,0x00000000da180000)
  to   space 5120K, 0% used [0x00000000de280000,0x00000000de280000,0x00000000de780000)
 ParOldGen       total 87552K, used 1224K [0x0000000081200000, 0x0000000086780000, 0x00000000d5b80000)
  object space 87552K, 1% used [0x0000000081200000,0x0000000081332000,0x0000000086780000)
 Metaspace       used 6005K, capacity 6305K, committed 6528K, reserved 1056768K
  class space    used 572K, capacity 626K, committed 640K, reserved 1048576K
}
Event: 0.825 GC heap before
{Heap before GC invocations=4 (full 0):
 PSYoungGen      total 71680K, used 71658K [0x00000000d5b80000, 0x00000000de780000, 0x0000000100000000)
  eden space 66560K, 100% used [0x00000000d5b80000,0x00000000d9c80000,0x00000000d9c80000)
  from space 5120K, 99% used [0x00000000d9c80000,0x00000000da17a9d8,0x00000000da180000)
  to   space 5120K, 0% used [0x00000000de280000,0x00000000de280000,0x00000000de780000)
 ParOldGen       total 87552K, used 1224K [0x0000000081200000, 0x0000000086780000, 0x00000000d5b80000)
  object space 87552K, 1% used [0x0000000081200000,0x0000000081332000,0x0000000086780000)
 Metaspace       used 6005K, capacity 6305K, committed 6528K, reserved 1056768K
  class space    used 572K, capacity 626K, committed 640K, reserved 1048576K
Event: 0.836 GC heap after
Heap after GC invocations=4 (full 0):
 PSYoungGen      total 138240K, used 5107K [0x00000000d5b80000, 0x00000000de780000, 0x0000000100000000)
  eden space 133120K, 0% used [0x00000000d5b80000,0x00000000d5b80000,0x00000000ddd80000)
  from space 5120K, 99% used [0x00000000de280000,0x00000000de77ce08,0x00000000de780000)
  to   space 5120K, 0% used [0x00000000ddd80000,0x00000000ddd80000,0x00000000de280000)
 ParOldGen       total 87552K, used 4088K [0x0000000081200000, 0x0000000086780000, 0x00000000d5b80000)
  object space 87552K, 4% used [0x0000000081200000,0x00000000815fe000,0x0000000086780000)
 Metaspace       used 6005K, capacity 6305K, committed 6528K, reserved 1056768K
  class space    used 572K, capacity 626K, committed 640K, reserved 1048576K
}
Event: 1.016 GC heap before
{Heap before GC invocations=5 (full 0):
 PSYoungGen      total 138240K, used 138227K [0x00000000d5b80000, 0x00000000de780000, 0x0000000100000000)
  eden space 133120K, 100% used [0x00000000d5b80000,0x00000000ddd80000,0x00000000ddd80000)
  from space 5120K, 99% used [0x00000000de280000,0x00000000de77ce08,0x00000000de780000)
  to   space 5120K, 0% used [0x00000000ddd80000,0x00000000ddd80000,0x00000000de280000)
 ParOldGen       total 87552K, used 4088K [0x0000000081200000, 0x0000000086780000, 0x00000000d5b80000)
  object space 87552K, 4% used [0x0000000081200000,0x00000000815fe000,0x0000000086780000)
 Metaspace       used 6030K, capacity 6305K, committed 6528K, reserved 1056768K
  class space    used 574K, capacity 626K, committed 640K, reserved 1048576K
Event: 1.021 GC heap after
Heap after GC invocations=5 (full 0):
 PSYoungGen      total 138240K, used 5112K [0x00000000d5b80000, 0x00000000e6f80000, 0x0000000100000000)
  eden space 133120K, 0% used [0x00000000d5b80000,0x00000000d5b80000,0x00000000ddd80000)
  from space 5120K, 99% used [0x00000000ddd80000,0x00000000de27e1a0,0x00000000de280000)
  to   space 8192K, 0% used [0x00000000e6780000,0x00000000e6780000,0x00000000e6f80000)
 ParOldGen       total 87552K, used 4432K [0x0000000081200000, 0x0000000086780000, 0x00000000d5b80000)
  object space 87552K, 5% used [0x0000000081200000,0x0000000081654000,0x0000000086780000)
 Metaspace       used 6030K, capacity 6305K, committed 6528K, reserved 1056768K
  class space    used 574K, capacity 626K, committed 640K, reserved 1048576K
}
Event: 1.142 GC heap before
{Heap before GC invocations=6 (full 0):
 PSYoungGen      total 138240K, used 138232K [0x00000000d5b80000, 0x00000000e6f80000, 0x0000000100000000)
  eden space 133120K, 100% used [0x00000000d5b80000,0x00000000ddd80000,0x00000000ddd80000)
  from space 5120K, 99% used [0x00000000ddd80000,0x00000000de27e1a0,0x00000000de280000)
  to   space 8192K, 0% used [0x00000000e6780000,0x00000000e6780000,0x00000000e6f80000)
 ParOldGen       total 87552K, used 4432K [0x0000000081200000, 0x0000000086780000, 0x00000000d5b80000)
  object space 87552K, 5% used [0x0000000081200000,0x0000000081654000,0x0000000086780000)
 Metaspace       used 6044K, capacity 6305K, committed 6528K, reserved 1056768K
  class space    used 576K, capacity 626K, committed 640K, reserved 1048576K
Event: 1.240 GC heap after
Heap after GC invocations=6 (full 0):
 PSYoungGen      total 233472K, used 8169K [0x00000000d5b80000, 0x00000000ebf80000, 0x0000000100000000)
  eden space 225280K, 0% used [0x00000000d5b80000,0x00000000d5b80000,0x00000000e3780000)
  from space 8192K, 99% used [0x00000000e6780000,0x00000000e6f7a618,0x00000000e6f80000)
  to   space 49152K, 0% used [0x00000000e3780000,0x00000000e3780000,0x00000000e6780000)
 ParOldGen       total 87552K, used 74512K [0x0000000081200000, 0x0000000086780000, 0x00000000d5b80000)
  object space 87552K, 85% used [0x0000000081200000,0x0000000085ac4000,0x0000000086780000)
 Metaspace       used 6044K, capacity 6305K, committed 6528K, reserved 1056768K
  class space    used 576K, capacity 626K, committed 640K, reserved 1048576K
}
Event: 1.240 GC heap before
{Heap before GC invocations=7 (full 1):
 PSYoungGen      total 233472K, used 8169K [0x00000000d5b80000, 0x00000000ebf80000, 0x0000000100000000)
  eden space 225280K, 0% used [0x00000000d5b80000,0x00000000d5b80000,0x00000000e3780000)
  from space 8192K, 99% used [0x00000000e6780000,0x00000000e6f7a618,0x00000000e6f80000)
  to   space 49152K, 0% used [0x00000000e3780000,0x00000000e3780000,0x00000000e6780000)
 ParOldGen       total 87552K, used 74512K [0x0000000081200000, 0x0000000086780000, 0x00000000d5b80000)
  object space 87552K, 85% used [0x0000000081200000,0x0000000085ac4000,0x0000000086780000)
 Metaspace       used 6044K, capacity 6305K, committed 6528K, reserved 1056768K
  class space    used 576K, capacity 626K, committed 640K, reserved 1048576K
Event: 1.679 GC heap after
Heap after GC invocations=7 (full 1):
 PSYoungGen      total 233472K, used 0K [0x00000000d5b80000, 0x00000000ebf80000, 0x0000000100000000)
  eden space 225280K, 0% used [0x00000000d5b80000,0x00000000d5b80000,0x00000000e3780000)
  from space 8192K, 0% used [0x00000000e6780000,0x00000000e6780000,0x00000000e6f80000)
  to   space 49152K, 0% used [0x00000000e3780000,0x00000000e3780000,0x00000000e6780000)
 ParOldGen       total 173568K, used 78242K [0x0000000081200000, 0x000000008bb80000, 0x00000000d5b80000)
  object space 173568K, 45% used [0x0000000081200000,0x0000000085e68ae8,0x000000008bb80000)
 Metaspace       used 6044K, capacity 6305K, committed 6528K, reserved 1056768K
  class space    used 576K, capacity 626K, committed 640K, reserved 1048576K
}

Deoptimization events (10 events):
Event: 0.535 Thread 0x0000000001e00800 Uncommon trap: reason=array_check action=maybe_recompile pc=0x00000000020fba20 method=java.util.AbstractCollection.toArray([Ljava/lang/Object;)[Ljava/lang/Object; @ 119
Event: 0.535 Thread 0x0000000001e00800 Uncommon trap: reason=array_check action=maybe_recompile pc=0x00000000020fba20 method=java.util.AbstractCollection.toArray([Ljava/lang/Object;)[Ljava/lang/Object; @ 119
Event: 0.535 Thread 0x0000000001e00800 Uncommon trap: reason=array_check action=maybe_recompile pc=0x00000000020fba20 method=java.util.AbstractCollection.toArray([Ljava/lang/Object;)[Ljava/lang/Object; @ 119
Event: 0.644 Thread 0x0000000001e00800 Uncommon trap: reason=unstable_if action=reinterpret pc=0x0000000002102720 method=sun.misc.FloatingDecimal$ASCIIToBinaryBuffer.floatValue()F @ 95
Event: 0.822 Thread 0x0000000001e00800 Uncommon trap: reason=unstable_if action=reinterpret pc=0x000000000214ff30 method=renderEngine.OBJLoader.loadObjModel(Ljava/lang/String;LrenderEngine/Loader;)Lmodels/RawModel; @ 186
Event: 0.968 Thread 0x0000000001e00800 Uncommon trap: reason=unstable_if action=reinterpret pc=0x000000000216187c method=renderEngine.OBJLoader.loadObjModel(Ljava/lang/String;LrenderEngine/Loader;)Lmodels/RawModel; @ 324
Event: 0.987 Thread 0x0000000001e00800 Uncommon trap: reason=unstable_if action=reinterpret pc=0x000000000214c478 method=renderEngine.OBJLoader.loadObjModel(Ljava/lang/String;LrenderEngine/Loader;)Lmodels/RawModel; @ 586
Event: 1.065 Thread 0x0000000001e00800 Uncommon trap: reason=unstable_if action=reinterpret pc=0x0000000002160804 method=objects.HairFactory.Build()Lobjects/Hairs; @ 228
Event: 1.710 Thread 0x0000000001e00800 Uncommon trap: reason=unstable_if action=reinterpret pc=0x00000000021c2858 method=objects.HairFactory.Build()Lobjects/Hairs; @ 378
Event: 1.987 Thread 0x0000000001e00800 Uncommon trap: reason=unstable_if action=reinterpret pc=0x00000000021ce8e0 method=java.lang.Integer.valueOf(I)Ljava/lang/Integer; @ 3

Internal exceptions (10 events):
Event: 0.105 Thread 0x0000000001e00800 Exception <a 'java/security/PrivilegedActionException'> (0x00000000d5de5440) thrown at [D:\re\workspace\8-2-build-windows-amd64-cygwin\jdk8u40\3098\hotspot\src\share\vm\prims\jvm.cpp, line 1382]
Event: 0.105 Thread 0x0000000001e00800 Exception <a 'java/security/PrivilegedActionException'> (0x00000000d5de5fb8) thrown at [D:\re\workspace\8-2-build-windows-amd64-cygwin\jdk8u40\3098\hotspot\src\share\vm\prims\jvm.cpp, line 1382]
Event: 0.105 Thread 0x0000000001e00800 Exception <a 'org/lwjgl/LWJGLException'> (0x00000000d5de8098) thrown at [D:\re\workspace\8-2-build-windows-amd64-cygwin\jdk8u40\3098\hotspot\src\share\vm\prims\jni.cpp, line 709]
Event: 0.105 Thread 0x0000000001e00800 Exception <a 'org/lwjgl/LWJGLException'> (0x00000000d5de88e0) thrown at [D:\re\workspace\8-2-build-windows-amd64-cygwin\jdk8u40\3098\hotspot\src\share\vm\prims\jni.cpp, line 709]
Event: 0.105 Thread 0x0000000001e00800 Exception <a 'org/lwjgl/LWJGLException'> (0x00000000d5de90e0) thrown at [D:\re\workspace\8-2-build-windows-amd64-cygwin\jdk8u40\3098\hotspot\src\share\vm\prims\jni.cpp, line 709]
Event: 0.105 Thread 0x0000000001e00800 Exception <a 'org/lwjgl/LWJGLException'> (0x00000000d5de98c0) thrown at [D:\re\workspace\8-2-build-windows-amd64-cygwin\jdk8u40\3098\hotspot\src\share\vm\prims\jni.cpp, line 709]
Event: 0.163 Thread 0x0000000001e00800 Exception <a 'java/security/PrivilegedActionException'> (0x00000000d5f39cd8) thrown at [D:\re\workspace\8-2-build-windows-amd64-cygwin\jdk8u40\3098\hotspot\src\share\vm\prims\jvm.cpp, line 1382]
Event: 0.163 Thread 0x0000000001e00800 Exception <a 'java/security/PrivilegedActionException'> (0x00000000d5f3a020) thrown at [D:\re\workspace\8-2-build-windows-amd64-cygwin\jdk8u40\3098\hotspot\src\share\vm\prims\jvm.cpp, line 1382]
Event: 0.164 Thread 0x0000000001e00800 Exception <a 'java/security/PrivilegedActionException'> (0x00000000d5f3df48) thrown at [D:\re\workspace\8-2-build-windows-amd64-cygwin\jdk8u40\3098\hotspot\src\share\vm\prims\jvm.cpp, line 1382]
Event: 0.164 Thread 0x0000000001e00800 Exception <a 'java/security/PrivilegedActionException'> (0x00000000d5f3e290) thrown at [D:\re\workspace\8-2-build-windows-amd64-cygwin\jdk8u40\3098\hotspot\src\share\vm\prims\jvm.cpp, line 1382]

Events (10 events):
Event: 1.983 loading class org/lwjgl/opencl/APPLEGLSharing done
Event: 1.984 loading class org/lwjgl/opencl/EXTDeviceFission
Event: 1.984 loading class org/lwjgl/opencl/EXTDeviceFission done
Event: 1.984 loading class java/util/AbstractList$Itr
Event: 1.984 loading class java/util/AbstractList$Itr done
Event: 1.987 Thread 0x0000000001e00800 Uncommon trap: trap_request=0xffffff65 fr.pc=0x00000000021ce8e0
Event: 1.987 Thread 0x0000000001e00800 DEOPT PACKING pc=0x00000000021ce8e0 sp=0x0000000001dfe690
Event: 1.987 Thread 0x0000000001e00800 DEOPT UNPACKING pc=0x0000000001f4582a sp=0x0000000001dfe630 mode 2
Event: 1.987 loading class org/lwjgl/opencl/CLKernel
Event: 1.987 loading class org/lwjgl/opencl/CLKernel done


Dynamic libraries:
0x00007ff709fd0000 - 0x00007ff70a007000 	C:\Program Files\Java\jdk1.8.0_40\bin\javaw.exe
0x00007ffe84830000 - 0x00007ffe849dc000 	C:\windows\SYSTEM32\ntdll.dll
0x00007ffe840a0000 - 0x00007ffe841de000 	C:\windows\system32\KERNEL32.DLL
0x00007ffe81c30000 - 0x00007ffe81d45000 	C:\windows\system32\KERNELBASE.dll
0x00007ffe80520000 - 0x00007ffe805ae000 	C:\windows\system32\apphelp.dll
0x00007ffe77780000 - 0x00007ffe777d3000 	C:\windows\AppPatch\AppPatch64\AcGenral.DLL
0x00007ffe81eb0000 - 0x00007ffe81f5a000 	C:\windows\system32\msvcrt.dll
0x00007ffe81820000 - 0x00007ffe8184e000 	C:\windows\SYSTEM32\SspiCli.dll
0x00007ffe81f60000 - 0x00007ffe81fb4000 	C:\windows\system32\SHLWAPI.dll
0x00007ffe83c60000 - 0x00007ffe83dd7000 	C:\windows\system32\USER32.dll
0x00007ffe84690000 - 0x00007ffe84824000 	C:\windows\system32\ole32.dll
0x00007ffe825f0000 - 0x00007ffe83b08000 	C:\windows\system32\SHELL32.dll
0x00007ffe80fa0000 - 0x00007ffe80fc1000 	C:\windows\SYSTEM32\USERENV.dll
0x00007ffe824e0000 - 0x00007ffe8258a000 	C:\windows\system32\ADVAPI32.dll
0x00007ffe749d0000 - 0x00007ffe749ee000 	C:\windows\SYSTEM32\MPR.dll
0x00007ffe83b10000 - 0x00007ffe83c51000 	C:\windows\system32\RPCRT4.dll
0x00007ffe841e0000 - 0x00007ffe84239000 	C:\windows\SYSTEM32\sechost.dll
0x00007ffe84470000 - 0x00007ffe84681000 	C:\windows\SYSTEM32\combase.dll
0x00007ffe84240000 - 0x00007ffe84391000 	C:\windows\system32\GDI32.dll
0x00007ffe81980000 - 0x00007ffe81995000 	C:\windows\SYSTEM32\profapi.dll
0x00007ffe7fef0000 - 0x00007ffe7ffa2000 	C:\windows\SYSTEM32\SHCORE.dll
0x00007ffe82330000 - 0x00007ffe82366000 	C:\windows\system32\IMM32.DLL
0x00007ffe81fc0000 - 0x00007ffe82111000 	C:\windows\system32\MSCTF.dll
0x00007ffe7f440000 - 0x00007ffe7f6bb000 	C:\windows\WinSxS\amd64_microsoft.windows.common-controls_6595b64144ccf1df_6.0.9600.17415_none_6240486fecbd8abb\COMCTL32.dll
0x000000006a930000 - 0x000000006aa02000 	C:\Program Files\Java\jdk1.8.0_40\jre\bin\msvcr100.dll
0x000000006aad0000 - 0x000000006b353000 	C:\Program Files\Java\jdk1.8.0_40\jre\bin\server\jvm.dll
0x00007ffe79090000 - 0x00007ffe79099000 	C:\windows\SYSTEM32\WSOCK32.dll
0x00007ffe7cff0000 - 0x00007ffe7d012000 	C:\windows\SYSTEM32\WINMM.dll
0x00007ffe79b50000 - 0x00007ffe79b5a000 	C:\windows\SYSTEM32\VERSION.dll
0x00007ffe83fc0000 - 0x00007ffe83fc7000 	C:\windows\system32\PSAPI.DLL
0x00007ffe822d0000 - 0x00007ffe8232a000 	C:\windows\system32\WS2_32.dll
0x00007ffe7a3f0000 - 0x00007ffe7a41a000 	C:\windows\SYSTEM32\WINMMBASE.dll
0x00007ffe843a0000 - 0x00007ffe843a9000 	C:\windows\system32\NSI.dll
0x00007ffe81e60000 - 0x00007ffe81eaf000 	C:\windows\SYSTEM32\cfgmgr32.dll
0x00007ffe807a0000 - 0x00007ffe807c8000 	C:\windows\SYSTEM32\DEVOBJ.dll
0x000000006b8f0000 - 0x000000006b8ff000 	C:\Program Files\Java\jdk1.8.0_40\jre\bin\verify.dll
0x000000006aaa0000 - 0x000000006aac9000 	C:\Program Files\Java\jdk1.8.0_40\jre\bin\java.dll
0x000000006aa80000 - 0x000000006aa96000 	C:\Program Files\Java\jdk1.8.0_40\jre\bin\zip.dll
0x0000000180000000 - 0x0000000180053000 	C:\Users\Luuk\Source\Repos\Visualization_2IV35\2IV06 Visual Computing Project\Source\lib\lwjgl-2.9.3\native\windows\lwjgl64.dll
0x00007ffe72b60000 - 0x00007ffe72c8b000 	C:\windows\SYSTEM32\OPENGL32.dll
0x00007ffe77ca0000 - 0x00007ffe77cce000 	C:\windows\SYSTEM32\GLU32.dll
0x00007ffe77290000 - 0x00007ffe77388000 	C:\windows\SYSTEM32\DDRAW.dll
0x00007ffe7cfb0000 - 0x00007ffe7cfb9000 	C:\windows\SYSTEM32\DCIMAN32.dll
0x00007ffe77a50000 - 0x00007ffe77a6a000 	C:\windows\SYSTEM32\OpenCL.dll
0x00007ffe775a0000 - 0x00007ffe775fe000 	C:\windows\SYSTEM32\IntelOpenCL64.dll
0x00007ffe6b1e0000 - 0x00007ffe6b36d000 	C:\Program Files (x86)\Common Files\Intel\OpenCL\bin\x64\intelocl64.dll
0x00007ffe77510000 - 0x00007ffe77598000 	C:\Program Files (x86)\Common Files\Intel\OpenCL\bin\x64\task_executor64.dll
0x00007ffe71e70000 - 0x00007ffe71f46000 	C:\Program Files (x86)\Common Files\Intel\OpenCL\bin\x64\cpu_device64.dll
0x00007ffe61ee0000 - 0x00007ffe62a63000 	C:\windows\SYSTEM32\igdrcl64.dll
0x00007ffe7f3b0000 - 0x00007ffe7f437000 	C:\windows\SYSTEM32\dxgi.dll
0x00007ffe5cda0000 - 0x00007ffe5e5b5000 	C:\windows\SYSTEM32\igdfcl64.dll
0x00007ffe73220000 - 0x00007ffe733aa000 	C:\windows\SYSTEM32\dbghelp.dll
0x00007ffe764c0000 - 0x00007ffe76528000 	C:\windows\SYSTEM32\igdbcl64.dll
0x00007ffe7d990000 - 0x00007ffe7e338000 	C:\windows\SYSTEM32\igdusc64.dll
0x00007ffe80600000 - 0x00007ffe80729000 	C:\windows\system32\uxtheme.dll
0x00007ffe79c50000 - 0x00007ffe79cfb000 	C:\Program Files\Common Files\microsoft shared\ink\tiptsf.dll
0x00007ffe82390000 - 0x00007ffe82451000 	C:\windows\system32\OLEAUT32.dll
0x00007ffe7fb40000 - 0x00007ffe7fb61000 	C:\windows\system32\dwmapi.dll
0x00007ffe5c4c0000 - 0x00007ffe5cd91000 	C:\windows\SYSTEM32\ig75icd64.dll
0x00007ffe7d7e0000 - 0x00007ffe7d7f2000 	C:\windows\SYSTEM32\WTSAPI32.dll
0x00007ffe805f0000 - 0x00007ffe805fb000 	C:\windows\SYSTEM32\kernel.appcore.dll
0x00007ffe818c0000 - 0x00007ffe818cb000 	C:\windows\SYSTEM32\CRYPTBASE.dll
0x00007ffe81850000 - 0x00007ffe818b3000 	C:\windows\SYSTEM32\bcryptPrimitives.dll
0x00007ffe7d1b0000 - 0x00007ffe7d21a000 	C:\windows\SYSTEM32\oleacc.dll
0x00007ffe76320000 - 0x00007ffe763b2000 	C:\windows\SYSTEM32\mscms.dll
0x00007ffe75a30000 - 0x00007ffe75a71000 	C:\windows\SYSTEM32\icm32.dll
0x00007ffe80fd0000 - 0x00007ffe81016000 	C:\windows\SYSTEM32\powrprof.dll
0x000000006a790000 - 0x000000006a928000 	C:\Program Files\Java\jdk1.8.0_40\jre\bin\awt.dll
0x00007ffe75430000 - 0x00007ffe7549b000 	C:\Program Files (x86)\Common Files\Intel\OpenCL\bin\x64\tbb\tbb.dll
0x00007ffe75040000 - 0x00007ffe7509a000 	C:\Program Files (x86)\Common Files\Intel\OpenCL\bin\x64\tbb\tbbmalloc.dll
0x00007ffe5ba90000 - 0x00007ffe5c4b9000 	C:\Program Files (x86)\Common Files\Intel\OpenCL\bin\x64\OclCpuBackEnd64.dll
0x00007ffe62d30000 - 0x00007ffe632b5000 	C:\Program Files (x86)\Common Files\Intel\OpenCL\bin\x64\__ocl_svml_l9.dll
0x00007ffe5b3b0000 - 0x00007ffe5ba86000 	C:\Program Files (x86)\Common Files\Intel\OpenCL\bin\x64\clang_compiler64.dll

VM Arguments:
jvm_args: -Djava.library.path=C:\Users\Luuk\Source\Repos\Visualization_2IV35\2IV06 Visual Computing Project\Source\lib\lwjgl-2.9.3\native\windows;C:\Users\Luuk\Source\Repos\Visualization_2IV35\2IV06 Visual Computing Project\Source\lib\lwjgl-2.9.3\native\windows -Dfile.encoding=Cp1252 
java_command: engineTester.MainSimulator
java_class_path (initial): C:\Users\Luuk\Source\Repos\Visualization_2IV35\2IV06 Visual Computing Project\Source\bin;C:\Users\Luuk\Source\Repos\Visualization_2IV35\2IV06 Visual Computing Project\Source\lib\lwjgl-2.9.3\jar\lwjgl.jar;C:\Users\Luuk\Source\Repos\Visualization_2IV35\2IV06 Visual Computing Project\Source\lib\lwjgl-2.9.3\jar\lwjgl_util.jar;C:\Users\Luuk\Source\Repos\Visualization_2IV35\2IV06 Visual Computing Project\Source\lib\slick\lib\slick.jar
Launcher Type: SUN_STANDARD

Environment Variables:
JAVA_HOME=C:\Program Files\Java\jdk1.8.0_40\jre\bin
PATH=C:/Program Files/Java/jdk1.8.0_40/jre/bin/server;C:/Program Files/Java/jdk1.8.0_40/jre/bin;C:/Program Files/Java/jdk1.8.0_40/jre/lib/amd64;C:\ProgramData\Oracle\Java\javapath;C:\Python27\;C:\Python27\Scripts;C:\Program Files (x86)\iis express\PHP\v5.4;C:\Program Files (x86)\NVIDIA Corporation\PhysX\Common;C:\windows\system32;C:\windows;C:\windows\System32\Wbem;C:\windows\System32\WindowsPowerShell\v1.0\;C:\Program Files (x86)\Microsoft ASP.NET\ASP.NET Web Pages\v1.0\;C:\Program Files (x86)\Windows Kits\8.0\Windows Performance Toolkit\;C:\Program Files\Microsoft SQL Server\110\Tools\Binn\;C:\Program Files\Microsoft\Web Platform Installer\;C:\Program Files (x86)\MiKTeX 2.9\miktex\bin\;C:\Program Files\Common Files\Autodesk Shared\;C:\Program Files (x86)\Autodesk\Backburner\;C:\Program Files (x86)\Skype\Phone\;C:\Program Files\Java\jdk1.8.0_31\bin;C:\Users\Luuk\Desktop\eclipse-java-luna-SR1-win32-x86_64\eclipse;
USERNAME=Luuk
OS=Windows_NT
PROCESSOR_IDENTIFIER=Intel64 Family 6 Model 69 Stepping 1, GenuineIntel



---------------  S Y S T E M  ---------------

OS: Windows 8.1 , 64 bit Build 9600 (6.3.9600.17415)

CPU:total 4 (2 cores per cpu, 2 threads per core) family 6 model 69 stepping 1, cmov, cx8, fxsr, mmx, sse, sse2, sse3, ssse3, sse4.1, sse4.2, popcnt, avx, avx2, aes, clmul, erms, lzcnt, ht, tsc, tscinvbit, bmi1, bmi2

Memory: 4k page, physical 8306732k(4110772k free), swap 17219628k(11349808k free)

vm_info: Java HotSpot(TM) 64-Bit Server VM (25.40-b25) for windows-amd64 JRE (1.8.0_40-b26), built on Mar  7 2015 13:51:59 by "java_re" with MS VC++ 10.0 (VS2010)

time: Wed Apr 08 21:37:30 2015
elapsed time: 2 seconds (0d 0h 0m 2s)

