#
# A fatal error has been detected by the Java Runtime Environment:
#
#  EXCEPTION_ACCESS_VIOLATION (0xc0000005) at pc=0x00007fff247c3031, pid=7108, tid=9772
#
# JRE version: Java(TM) SE Runtime Environment (8.0_31-b13) (build 1.8.0_31-b13)
# Java VM: Java HotSpot(TM) 64-Bit Server VM (25.31-b07 mixed mode windows-amd64 compressed oops)
# Problematic frame:
# C  [IntelOpenCL64.dll+0x13031]
#
# Failed to write core dump. Minidumps are not enabled by default on client versions of Windows
#
# If you would like to submit a bug report, please visit:
#   http://bugreport.java.com/bugreport/crash.jsp
# The crash happened outside the Java Virtual Machine in native code.
# See problematic frame for where to report the bug.
#

---------------  T H R E A D  ---------------

Current thread (0x0000000001f00800):  JavaThread "main" [_thread_in_native, id=9772, stack(0x0000000001e00000,0x0000000001f00000)]

siginfo: ExceptionCode=0xc0000005, reading address 0x0000000e00000009

Registers:
RAX=0x000000002130f330, RBX=0x0000000e00000001, RCX=0x0000000000003cf0, RDX=0x000000000009001e
RSP=0x0000000001eff0e0, RBP=0x0000000000000000, RSI=0x000000002130f330, RDI=0x0000000000000000
R8 =0x0000000000000000, R9 =0x000000000000000f, R10=0x000000002130b5f0, R11=0x0000000000000000
R12=0x0000000000000000, R13=0x0000000016630f08, R14=0x0000000001eff200, R15=0x0000000001f00800
RIP=0x00007fff247c3031, EFLAGS=0x0000000000010206

Top of Stack: (sp=0x0000000001eff0e0)
0x0000000001eff0e0:   0000000000000000 0000000e00000001
0x0000000001eff0f0:   0000000000000000 0000000000000000
0x0000000001eff100:   0000000001f00800 0000000001dd8990
0x0000000001eff110:   000000002130f330 0000000000000000
0x0000000001eff120:   0000000000000000 0000000016bdcc50
0x0000000001eff130:   0000000000000008 0000000000000000
0x0000000001eff140:   000000002144bfc0 0000000019dd6930
0x0000000001eff150:   0000000016630f08 0000000000000400
0x0000000001eff160:   000000000000040f 00000bc1a35eab82
0x0000000001eff170:   00000000000000bc 0000000001eff2c0
0x0000000001eff180:   0000000016630f00 0000000001f00800
0x0000000001eff190:   0000000000000010 0000000001eff260
0x0000000001eff1a0:   00000000000000bc 0000000002015b74
0x0000000001eff1b0:   0000000016630f08 0000000050308d7a
0x0000000001eff1c0:   0000000001eff7e8 0000000001eff260
0x0000000001eff1d0:   0000000000000008 0000000016bdcc50 

Instructions: (pc=0x00007fff247c3031)
0x00007fff247c3011:   ff b9 00 04 00 00 e8 74 f7 00 00 48 8b f0 48 89
0x00007fff247c3021:   44 24 30 48 85 c0 75 08 8d 7d fa e9 9e 03 00 00
0x00007fff247c3031:   48 8b 43 08 41 b9 00 04 00 00 41 b8 98 11 00 00
0x00007fff247c3041:   8b d7 48 8b cb 48 89 6c 24 28 48 89 74 24 20 ff 


Register to memory mapping:

RAX=0x000000002130f330 is an unknown value
RBX=0x0000000e00000001 is an unknown value
RCX=0x0000000000003cf0 is an unknown value
RDX=0x000000000009001e is an unknown value
RSP=0x0000000001eff0e0 is pointing into the stack for thread: 0x0000000001f00800
RBP=0x0000000000000000 is an unknown value
RSI=0x000000002130f330 is an unknown value
RDI=0x0000000000000000 is an unknown value
R8 =0x0000000000000000 is an unknown value
R9 =0x000000000000000f is an unknown value
R10=0x000000002130b5f0 is an unknown value
R11=0x0000000000000000 is an unknown value
R12=0x0000000000000000 is an unknown value
R13={method} {0x0000000016630f10} 'nclSetKernelArg' '(JIJJJ)I' in 'org/lwjgl/opencl/CL10'
R14=0x0000000001eff200 is pointing into the stack for thread: 0x0000000001f00800
R15=0x0000000001f00800 is a thread


Stack: [0x0000000001e00000,0x0000000001f00000],  sp=0x0000000001eff0e0,  free space=1020k
Native frames: (J=compiled Java code, j=interpreted, Vv=VM code, C=native code)

Java frames: (J=compiled Java code, j=interpreted, Vv=VM code)
j  org.lwjgl.opencl.CL10.nclSetKernelArg(JIJJJ)I+0
j  org.lwjgl.opencl.CL10.clSetKernelArg(Lorg/lwjgl/opencl/CLKernel;ILorg/lwjgl/opencl/CLObject;)I+22
j  org.lwjgl.opencl.InfoUtilFactory$CLKernelUtil.setArg(Lorg/lwjgl/opencl/CLKernel;ILorg/lwjgl/opencl/CLObject;)V+3
j  org.lwjgl.opencl.CLKernel.setArg(ILorg/lwjgl/opencl/CLObject;)Lorg/lwjgl/opencl/CLKernel;+6
j  engineTester.MainSimulator.OpenCLTest()V+178
j  engineTester.MainSimulator.main([Ljava/lang/String;)V+933
v  ~StubRoutines::call_stub

---------------  P R O C E S S  ---------------

Java Threads: ( => current thread )
  0x000000001c8ba000 JavaThread "LWJGL Timer" daemon [_thread_blocked, id=5076, stack(0x0000000023240000,0x0000000023340000)]
  0x000000001840e000 JavaThread "Service Thread" daemon [_thread_blocked, id=2888, stack(0x00000000187f0000,0x00000000188f0000)]
  0x0000000016b84000 JavaThread "C1 CompilerThread2" daemon [_thread_blocked, id=9808, stack(0x00000000182f0000,0x00000000183f0000)]
  0x0000000016b7d800 JavaThread "C2 CompilerThread1" daemon [_thread_blocked, id=10636, stack(0x00000000181f0000,0x00000000182f0000)]
  0x0000000016b7c000 JavaThread "C2 CompilerThread0" daemon [_thread_blocked, id=4048, stack(0x00000000180f0000,0x00000000181f0000)]
  0x0000000016b88000 JavaThread "Attach Listener" daemon [_thread_blocked, id=12440, stack(0x0000000017ff0000,0x00000000180f0000)]
  0x0000000016b87000 JavaThread "Signal Dispatcher" daemon [_thread_blocked, id=1084, stack(0x0000000017ef0000,0x0000000017ff0000)]
  0x0000000001ff5800 JavaThread "Finalizer" daemon [_thread_blocked, id=6752, stack(0x0000000017df0000,0x0000000017ef0000)]
  0x0000000001fec000 JavaThread "Reference Handler" daemon [_thread_blocked, id=9896, stack(0x0000000017cf0000,0x0000000017df0000)]
=>0x0000000001f00800 JavaThread "main" [_thread_in_native, id=9772, stack(0x0000000001e00000,0x0000000001f00000)]

Other Threads:
  0x0000000016b46000 VMThread [stack: 0x0000000017bf0000,0x0000000017cf0000] [id=5848]
  0x0000000018420800 WatcherThread [stack: 0x00000000188f0000,0x00000000189f0000] [id=8648]

VM state:not at safepoint (normal execution)

VM Mutex/Monitor currently owned by a thread: None

Heap:
 PSYoungGen      total 277504K, used 71733K [0x00000000d5b80000, 0x00000000f1180000, 0x0000000100000000)
  eden space 266240K, 25% used [0x00000000d5b80000,0x00000000d9efd630,0x00000000e5f80000)
  from space 11264K, 23% used [0x00000000e5f80000,0x00000000e6210000,0x00000000e6a80000)
  to   space 11264K, 0% used [0x00000000f0680000,0x00000000f0680000,0x00000000f1180000)
 ParOldGen       total 87552K, used 13000K [0x0000000081200000, 0x0000000086780000, 0x00000000d5b80000)
  object space 87552K, 14% used [0x0000000081200000,0x0000000081eb23b8,0x0000000086780000)
 Metaspace       used 6222K, capacity 6433K, committed 6528K, reserved 1056768K
  class space    used 585K, capacity 626K, committed 640K, reserved 1048576K

Card table byte_map: [0x00000000113c0000,0x00000000117c0000] byte_map_base: 0x0000000010fb7000

Marking Bits: (ParMarkBitMap*) 0x0000000050a3d4f0
 Begin Bits: [0x0000000011e70000, 0x0000000013e28000)
 End Bits:   [0x0000000013e28000, 0x0000000015de0000)

Polling page: 0x0000000001d50000

CodeCache: size=245760Kb used=3342Kb max_used=3342Kb free=242417Kb
 bounds [0x0000000002000000, 0x0000000002350000, 0x0000000011000000]
 total_blobs=1152 nmethods=706 adapters=360
 compilation: enabled

Compilation events (10 events):
Event: 7.107 Thread 0x0000000016b84000  705       1       entities.Light::getColor (5 bytes)
Event: 7.107 Thread 0x0000000016b84000 nmethod 705 0x000000000233e5d0 code [0x000000000233e720, 0x000000000233e830]
Event: 7.107 Thread 0x0000000016b84000  706       1       entities.Camera::getPosition (5 bytes)
Event: 7.107 Thread 0x0000000016b84000 nmethod 706 0x000000000233e890 code [0x000000000233e9e0, 0x000000000233eaf0]
Event: 7.353 Thread 0x0000000016b84000  707       3       org.lwjgl.opengl.WindowsKeyboard::isKeyDown (16 bytes)
Event: 7.354 Thread 0x0000000016b84000 nmethod 707 0x000000000233eb50 code [0x000000000233ecc0, 0x000000000233ee90]
Event: 7.447 Thread 0x0000000016b84000  709       3       renderEngine.Renderer::prepareTexturedModel (43 bytes)
Event: 7.450 Thread 0x0000000016b84000 nmethod 709 0x000000000233ef90 code [0x000000000233f440, 0x0000000002341ae8]
Event: 7.450 Thread 0x0000000016b84000  708       3       renderEngine.Renderer::unbindTexturedModel (17 bytes)
Event: 7.451 Thread 0x0000000016b84000 nmethod 708 0x00000000023434d0 code [0x0000000002343860, 0x0000000002345248]

GC Heap History (10 events):
Event: 1.770 GC heap before
{Heap before GC invocations=5 (full 0):
 PSYoungGen      total 71680K, used 71673K [0x00000000d5b80000, 0x00000000da680000, 0x0000000100000000)
  eden space 66560K, 100% used [0x00000000d5b80000,0x00000000d9c80000,0x00000000d9c80000)
  from space 5120K, 99% used [0x00000000da180000,0x00000000da67e528,0x00000000da680000)
  to   space 5120K, 0% used [0x00000000d9c80000,0x00000000d9c80000,0x00000000da180000)
 ParOldGen       total 87552K, used 9242K [0x0000000081200000, 0x0000000086780000, 0x00000000d5b80000)
  object space 87552K, 10% used [0x0000000081200000,0x0000000081b06a68,0x0000000086780000)
 Metaspace       used 6183K, capacity 6433K, committed 6528K, reserved 1056768K
  class space    used 584K, capacity 626K, committed 640K, reserved 1048576K
Event: 1.781 GC heap after
Heap after GC invocations=5 (full 0):
 PSYoungGen      total 71680K, used 5104K [0x00000000d5b80000, 0x00000000df480000, 0x0000000100000000)
  eden space 66560K, 0% used [0x00000000d5b80000,0x00000000d5b80000,0x00000000d9c80000)
  from space 5120K, 99% used [0x00000000d9c80000,0x00000000da17c160,0x00000000da180000)
  to   space 11776K, 0% used [0x00000000de900000,0x00000000de900000,0x00000000df480000)
 ParOldGen       total 87552K, used 10130K [0x0000000081200000, 0x0000000086780000, 0x00000000d5b80000)
  object space 87552K, 11% used [0x0000000081200000,0x0000000081be4a68,0x0000000086780000)
 Metaspace       used 6183K, capacity 6433K, committed 6528K, reserved 1056768K
  class space    used 584K, capacity 626K, committed 640K, reserved 1048576K
}
Event: 2.293 GC heap before
{Heap before GC invocations=6 (full 0):
 PSYoungGen      total 71680K, used 71664K [0x00000000d5b80000, 0x00000000df480000, 0x0000000100000000)
  eden space 66560K, 100% used [0x00000000d5b80000,0x00000000d9c80000,0x00000000d9c80000)
  from space 5120K, 99% used [0x00000000d9c80000,0x00000000da17c160,0x00000000da180000)
  to   space 11776K, 0% used [0x00000000de900000,0x00000000de900000,0x00000000df480000)
 ParOldGen       total 87552K, used 10130K [0x0000000081200000, 0x0000000086780000, 0x00000000d5b80000)
  object space 87552K, 11% used [0x0000000081200000,0x0000000081be4a68,0x0000000086780000)
 Metaspace       used 6193K, capacity 6433K, committed 6528K, reserved 1056768K
  class space    used 585K, capacity 626K, committed 640K, reserved 1048576K
Event: 2.302 GC heap after
Heap after GC invocations=6 (full 0):
 PSYoungGen      total 143872K, used 5437K [0x00000000d5b80000, 0x00000000df380000, 0x0000000100000000)
  eden space 133120K, 0% used [0x00000000d5b80000,0x00000000d5b80000,0x00000000ddd80000)
  from space 10752K, 50% used [0x00000000de900000,0x00000000dee4f570,0x00000000df380000)
  to   space 11264K, 0% used [0x00000000ddd80000,0x00000000ddd80000,0x00000000de880000)
 ParOldGen       total 87552K, used 10138K [0x0000000081200000, 0x0000000086780000, 0x00000000d5b80000)
  object space 87552K, 11% used [0x0000000081200000,0x0000000081be6a68,0x0000000086780000)
 Metaspace       used 6193K, capacity 6433K, committed 6528K, reserved 1056768K
  class space    used 585K, capacity 626K, committed 640K, reserved 1048576K
}
Event: 3.425 GC heap before
{Heap before GC invocations=7 (full 0):
 PSYoungGen      total 143872K, used 138557K [0x00000000d5b80000, 0x00000000df380000, 0x0000000100000000)
  eden space 133120K, 100% used [0x00000000d5b80000,0x00000000ddd80000,0x00000000ddd80000)
  from space 10752K, 50% used [0x00000000de900000,0x00000000dee4f570,0x00000000df380000)
  to   space 11264K, 0% used [0x00000000ddd80000,0x00000000ddd80000,0x00000000de880000)
 ParOldGen       total 87552K, used 10138K [0x0000000081200000, 0x0000000086780000, 0x00000000d5b80000)
  object space 87552K, 11% used [0x0000000081200000,0x0000000081be6a68,0x0000000086780000)
 Metaspace       used 6194K, capacity 6433K, committed 6528K, reserved 1056768K
  class space    used 585K, capacity 626K, committed 640K, reserved 1048576K
Event: 3.442 GC heap after
Heap after GC invocations=7 (full 0):
 PSYoungGen      total 144384K, used 3616K [0x00000000d5b80000, 0x00000000e7580000, 0x0000000100000000)
  eden space 133120K, 0% used [0x00000000d5b80000,0x00000000d5b80000,0x00000000ddd80000)
  from space 11264K, 32% used [0x00000000ddd80000,0x00000000de108000,0x00000000de880000)
  to   space 11264K, 0% used [0x00000000e6a80000,0x00000000e6a80000,0x00000000e7580000)
 ParOldGen       total 87552K, used 11936K [0x0000000081200000, 0x0000000086780000, 0x00000000d5b80000)
  object space 87552K, 13% used [0x0000000081200000,0x0000000081da8210,0x0000000086780000)
 Metaspace       used 6194K, capacity 6433K, committed 6528K, reserved 1056768K
  class space    used 585K, capacity 626K, committed 640K, reserved 1048576K
}
Event: 4.916 GC heap before
{Heap before GC invocations=8 (full 0):
 PSYoungGen      total 144384K, used 136736K [0x00000000d5b80000, 0x00000000e7580000, 0x0000000100000000)
  eden space 133120K, 100% used [0x00000000d5b80000,0x00000000ddd80000,0x00000000ddd80000)
  from space 11264K, 32% used [0x00000000ddd80000,0x00000000de108000,0x00000000de880000)
  to   space 11264K, 0% used [0x00000000e6a80000,0x00000000e6a80000,0x00000000e7580000)
 ParOldGen       total 87552K, used 11936K [0x0000000081200000, 0x0000000086780000, 0x00000000d5b80000)
  object space 87552K, 13% used [0x0000000081200000,0x0000000081da8210,0x0000000086780000)
 Metaspace       used 6209K, capacity 6433K, committed 6528K, reserved 1056768K
  class space    used 585K, capacity 626K, committed 640K, reserved 1048576K
Event: 4.923 GC heap after
Heap after GC invocations=8 (full 0):
 PSYoungGen      total 277504K, used 2656K [0x00000000d5b80000, 0x00000000e7580000, 0x0000000100000000)
  eden space 266240K, 0% used [0x00000000d5b80000,0x00000000d5b80000,0x00000000e5f80000)
  from space 11264K, 23% used [0x00000000e6a80000,0x00000000e6d18000,0x00000000e7580000)
  to   space 11264K, 0% used [0x00000000e5f80000,0x00000000e5f80000,0x00000000e6a80000)
 ParOldGen       total 87552K, used 12976K [0x0000000081200000, 0x0000000086780000, 0x00000000d5b80000)
  object space 87552K, 14% used [0x0000000081200000,0x0000000081eac3b8,0x0000000086780000)
 Metaspace       used 6209K, capacity 6433K, committed 6528K, reserved 1056768K
  class space    used 585K, capacity 626K, committed 640K, reserved 1048576K
}
Event: 7.143 GC heap before
{Heap before GC invocations=9 (full 0):
 PSYoungGen      total 277504K, used 268896K [0x00000000d5b80000, 0x00000000e7580000, 0x0000000100000000)
  eden space 266240K, 100% used [0x00000000d5b80000,0x00000000e5f80000,0x00000000e5f80000)
  from space 11264K, 23% used [0x00000000e6a80000,0x00000000e6d18000,0x00000000e7580000)
  to   space 11264K, 0% used [0x00000000e5f80000,0x00000000e5f80000,0x00000000e6a80000)
 ParOldGen       total 87552K, used 12976K [0x0000000081200000, 0x0000000086780000, 0x00000000d5b80000)
  object space 87552K, 14% used [0x0000000081200000,0x0000000081eac3b8,0x0000000086780000)
 Metaspace       used 6217K, capacity 6433K, committed 6528K, reserved 1056768K
  class space    used 585K, capacity 626K, committed 640K, reserved 1048576K
Event: 7.149 GC heap after
Heap after GC invocations=9 (full 0):
 PSYoungGen      total 277504K, used 2624K [0x00000000d5b80000, 0x00000000f1180000, 0x0000000100000000)
  eden space 266240K, 0% used [0x00000000d5b80000,0x00000000d5b80000,0x00000000e5f80000)
  from space 11264K, 23% used [0x00000000e5f80000,0x00000000e6210000,0x00000000e6a80000)
  to   space 11264K, 0% used [0x00000000f0680000,0x00000000f0680000,0x00000000f1180000)
 ParOldGen       total 87552K, used 13000K [0x0000000081200000, 0x0000000086780000, 0x00000000d5b80000)
  object space 87552K, 14% used [0x0000000081200000,0x0000000081eb23b8,0x0000000086780000)
 Metaspace       used 6217K, capacity 6433K, committed 6528K, reserved 1056768K
  class space    used 585K, capacity 626K, committed 640K, reserved 1048576K
}

Deoptimization events (9 events):
Event: 0.568 Thread 0x0000000001f00800 Uncommon trap: reason=array_check action=maybe_recompile pc=0x0000000002200170 method=java.util.AbstractCollection.toArray([Ljava/lang/Object;)[Ljava/lang/Object; @ 119
Event: 0.568 Thread 0x0000000001f00800 Uncommon trap: reason=array_check action=maybe_recompile pc=0x0000000002200170 method=java.util.AbstractCollection.toArray([Ljava/lang/Object;)[Ljava/lang/Object; @ 119
Event: 0.568 Thread 0x0000000001f00800 Uncommon trap: reason=array_check action=maybe_recompile pc=0x0000000002200170 method=java.util.AbstractCollection.toArray([Ljava/lang/Object;)[Ljava/lang/Object; @ 119
Event: 0.568 Thread 0x0000000001f00800 Uncommon trap: reason=array_check action=maybe_recompile pc=0x0000000002200170 method=java.util.AbstractCollection.toArray([Ljava/lang/Object;)[Ljava/lang/Object; @ 119
Event: 1.254 Thread 0x0000000001f00800 Uncommon trap: reason=class_check action=maybe_recompile pc=0x00000000022b69bc method=renderEngine.Renderer.prepareInstance(Lentities/Entity;)V @ 1
Event: 1.298 Thread 0x0000000001f00800 Uncommon trap: reason=class_check action=maybe_recompile pc=0x00000000022b69bc method=renderEngine.Renderer.prepareInstance(Lentities/Entity;)V @ 1
Event: 1.333 Thread 0x0000000001f00800 Uncommon trap: reason=class_check action=maybe_recompile pc=0x00000000022b69bc method=renderEngine.Renderer.prepareInstance(Lentities/Entity;)V @ 1
Event: 1.363 Thread 0x0000000001f00800 Uncommon trap: reason=class_check action=maybe_recompile pc=0x00000000022b69bc method=renderEngine.Renderer.prepareInstance(Lentities/Entity;)V @ 1
Event: 7.694 Thread 0x0000000001f00800 Uncommon trap: reason=unloaded action=reinterpret pc=0x0000000002310b2c method=engineTester.MainSimulator.main([Ljava/lang/String;)V @ 708

Internal exceptions (10 events):
Event: 1.080 Thread 0x0000000001f00800 Exception <a 'java/security/PrivilegedActionException'> (0x00000000d63c8a38) thrown at [C:\workspace\8-2-build-windows-amd64-cygwin\jdk8u31\2394\hotspot\src\share\vm\prims\jvm.cpp, line 1312]
Event: 1.085 Thread 0x0000000001f00800 Exception <a 'java/security/PrivilegedActionException'> (0x00000000d63e4b30) thrown at [C:\workspace\8-2-build-windows-amd64-cygwin\jdk8u31\2394\hotspot\src\share\vm\prims\jvm.cpp, line 1312]
Event: 1.093 Thread 0x0000000001f00800 Exception <a 'java/security/PrivilegedActionException'> (0x00000000d63eabb8) thrown at [C:\workspace\8-2-build-windows-amd64-cygwin\jdk8u31\2394\hotspot\src\share\vm\prims\jvm.cpp, line 1312]
Event: 1.148 Thread 0x0000000001f00800 Exception <a 'java/security/PrivilegedActionException'> (0x00000000d7771078) thrown at [C:\workspace\8-2-build-windows-amd64-cygwin\jdk8u31\2394\hotspot\src\share\vm\prims\jvm.cpp, line 1312]
Event: 1.149 Thread 0x0000000001f00800 Exception <a 'java/security/PrivilegedActionException'> (0x00000000d7773468) thrown at [C:\workspace\8-2-build-windows-amd64-cygwin\jdk8u31\2394\hotspot\src\share\vm\prims\jvm.cpp, line 1312]
Event: 1.199 Thread 0x0000000001f00800 Exception <a 'java/security/PrivilegedActionException'> (0x00000000d790c778) thrown at [C:\workspace\8-2-build-windows-amd64-cygwin\jdk8u31\2394\hotspot\src\share\vm\prims\jvm.cpp, line 1312]
Event: 1.200 Thread 0x0000000001f00800 Exception <a 'java/security/PrivilegedActionException'> (0x00000000d79106e8) thrown at [C:\workspace\8-2-build-windows-amd64-cygwin\jdk8u31\2394\hotspot\src\share\vm\prims\jvm.cpp, line 1312]
Event: 1.209 Thread 0x0000000001f00800 Exception <a 'java/security/PrivilegedActionException'> (0x00000000d79142e0) thrown at [C:\workspace\8-2-build-windows-amd64-cygwin\jdk8u31\2394\hotspot\src\share\vm\prims\jvm.cpp, line 1312]
Event: 2.153 Thread 0x0000000001f00800 Exception <a 'java/security/PrivilegedActionException'> (0x00000000d8859bf0) thrown at [C:\workspace\8-2-build-windows-amd64-cygwin\jdk8u31\2394\hotspot\src\share\vm\prims\jvm.cpp, line 1312]
Event: 7.896 Thread 0x0000000001f00800 Exception <a 'java/security/PrivilegedActionException'> (0x00000000d9dad190) thrown at [C:\workspace\8-2-build-windows-amd64-cygwin\jdk8u31\2394\hotspot\src\share\vm\prims\jvm.cpp, line 1312]

Events (10 events):
Event: 4.113 Executing VM operation: EnableBiasedLocking done
Event: 4.916 Executing VM operation: ParallelGCFailedAllocation
Event: 4.923 Executing VM operation: ParallelGCFailedAllocation done
Event: 7.143 Executing VM operation: ParallelGCFailedAllocation
Event: 7.149 Executing VM operation: ParallelGCFailedAllocation done
Event: 7.694 Thread 0x0000000001f00800 Uncommon trap: trap_request=0x00000209 fr.pc=0x0000000002310b2c
Event: 7.694 Thread 0x0000000001f00800 DEOPT PACKING pc=0x0000000002310b2c sp=0x0000000001eff4e0
Event: 7.694 Thread 0x0000000001f00800 DEOPT UNPACKING pc=0x000000000204556a sp=0x0000000001eff438 mode 2
Event: 7.896 loading class org/lwjgl/opencl/FastLongMap$EntryIterator
Event: 7.896 loading class org/lwjgl/opencl/FastLongMap$EntryIterator done


Dynamic libraries:
0x00007ff751a70000 - 0x00007ff751aa4000 	C:\Program Files\Java\jdk1.8.0_31\bin\javaw.exe
0x00007fff37320000 - 0x00007fff374cc000 	C:\windows\SYSTEM32\ntdll.dll
0x00007fff349b0000 - 0x00007fff34aee000 	C:\windows\system32\KERNEL32.DLL
0x00007fff34880000 - 0x00007fff34995000 	C:\windows\system32\KERNELBASE.dll
0x00007fff33010000 - 0x00007fff3309e000 	C:\windows\system32\apphelp.dll
0x00007fff324f0000 - 0x00007fff32543000 	C:\windows\AppPatch\AppPatch64\AcGenral.DLL
0x00007fff34c60000 - 0x00007fff34d0a000 	C:\windows\system32\msvcrt.dll
0x00007fff34310000 - 0x00007fff3433e000 	C:\windows\SYSTEM32\SspiCli.dll
0x00007fff35790000 - 0x00007fff357e4000 	C:\windows\system32\SHLWAPI.dll
0x00007fff357f0000 - 0x00007fff35967000 	C:\windows\system32\USER32.dll
0x00007fff35c60000 - 0x00007fff35df4000 	C:\windows\system32\ole32.dll
0x00007fff35e00000 - 0x00007fff37318000 	C:\windows\system32\SHELL32.dll
0x00007fff33a90000 - 0x00007fff33ab1000 	C:\windows\SYSTEM32\USERENV.dll
0x00007fff35bb0000 - 0x00007fff35c5a000 	C:\windows\system32\ADVAPI32.dll
0x00007fff28d00000 - 0x00007fff28d1e000 	C:\windows\SYSTEM32\MPR.dll
0x00007fff350f0000 - 0x00007fff35231000 	C:\windows\system32\RPCRT4.dll
0x00007fff35970000 - 0x00007fff359c9000 	C:\windows\SYSTEM32\sechost.dll
0x00007fff34eb0000 - 0x00007fff350c1000 	C:\windows\SYSTEM32\combase.dll
0x00007fff35240000 - 0x00007fff35391000 	C:\windows\system32\GDI32.dll
0x00007fff34470000 - 0x00007fff34485000 	C:\windows\SYSTEM32\profapi.dll
0x00007fff32830000 - 0x00007fff328e2000 	C:\windows\SYSTEM32\SHCORE.dll
0x00007fff34af0000 - 0x00007fff34b26000 	C:\windows\system32\IMM32.DLL
0x00007fff355d0000 - 0x00007fff35721000 	C:\windows\system32\MSCTF.dll
0x00007fff31e60000 - 0x00007fff320db000 	C:\windows\WinSxS\amd64_microsoft.windows.common-controls_6595b64144ccf1df_6.0.9600.17415_none_6240486fecbd8abb\COMCTL32.dll
0x0000000051080000 - 0x0000000051152000 	C:\Program Files\Java\jdk1.8.0_31\jre\bin\msvcr100.dll
0x0000000050260000 - 0x0000000050aba000 	C:\Program Files\Java\jdk1.8.0_31\jre\bin\server\jvm.dll
0x00007fff2bcb0000 - 0x00007fff2bcb9000 	C:\windows\SYSTEM32\WSOCK32.dll
0x00007fff32430000 - 0x00007fff32452000 	C:\windows\SYSTEM32\WINMM.dll
0x00007fff34b90000 - 0x00007fff34b97000 	C:\windows\system32\PSAPI.DLL
0x00007fff35730000 - 0x00007fff3578a000 	C:\windows\system32\WS2_32.dll
0x00007fff32400000 - 0x00007fff3242a000 	C:\windows\SYSTEM32\WINMMBASE.dll
0x00007fff34ea0000 - 0x00007fff34ea9000 	C:\windows\system32\NSI.dll
0x00007fff34650000 - 0x00007fff3469f000 	C:\windows\SYSTEM32\cfgmgr32.dll
0x00007fff33260000 - 0x00007fff33288000 	C:\windows\SYSTEM32\DEVOBJ.dll
0x0000000051340000 - 0x000000005134f000 	C:\Program Files\Java\jdk1.8.0_31\jre\bin\verify.dll
0x0000000051050000 - 0x0000000051078000 	C:\Program Files\Java\jdk1.8.0_31\jre\bin\java.dll
0x0000000051030000 - 0x0000000051046000 	C:\Program Files\Java\jdk1.8.0_31\jre\bin\zip.dll
0x0000000180000000 - 0x0000000180053000 	C:\Users\Luuk\Source\Repos\Visualization_2IV35\2IV06 Visual Computing Project\Source\lib\lwjgl-2.9.3\native\windows\lwjgl64.dll
0x00007fff1e910000 - 0x00007fff1ea3b000 	C:\windows\SYSTEM32\OPENGL32.dll
0x00007fff2c510000 - 0x00007fff2c51a000 	C:\windows\SYSTEM32\VERSION.dll
0x00007fff2d000000 - 0x00007fff2d02e000 	C:\windows\SYSTEM32\GLU32.dll
0x00007fff24340000 - 0x00007fff24438000 	C:\windows\SYSTEM32\DDRAW.dll
0x00007fff2fa80000 - 0x00007fff2fa89000 	C:\windows\SYSTEM32\DCIMAN32.dll
0x00007fff2ea80000 - 0x00007fff2ea9a000 	C:\windows\SYSTEM32\OpenCL.dll
0x00007fff247b0000 - 0x00007fff2480e000 	C:\windows\SYSTEM32\IntelOpenCL64.dll
0x00007fff1a290000 - 0x00007fff1a41d000 	C:\Program Files (x86)\Common Files\Intel\OpenCL\bin\x64\intelocl64.dll
0x00007fff22270000 - 0x00007fff222f8000 	C:\Program Files (x86)\Common Files\Intel\OpenCL\bin\x64\task_executor64.dll
0x00007fff1b130000 - 0x00007fff1b206000 	C:\Program Files (x86)\Common Files\Intel\OpenCL\bin\x64\cpu_device64.dll
0x00007fff140f0000 - 0x00007fff14c73000 	C:\windows\SYSTEM32\igdrcl64.dll
0x00007fff31dd0000 - 0x00007fff31e57000 	C:\windows\SYSTEM32\dxgi.dll
0x00007fff0e0d0000 - 0x00007fff0f8e5000 	C:\windows\SYSTEM32\igdfcl64.dll
0x00007fff25810000 - 0x00007fff2599a000 	C:\windows\SYSTEM32\dbghelp.dll
0x00007fff245d0000 - 0x00007fff24638000 	C:\windows\SYSTEM32\igdbcl64.dll
0x00007fff303f0000 - 0x00007fff30d98000 	C:\windows\SYSTEM32\igdusc64.dll
0x00007fff330e0000 - 0x00007fff33209000 	C:\windows\system32\uxtheme.dll
0x00007fff2f550000 - 0x00007fff2f5fb000 	C:\Program Files\Common Files\microsoft shared\ink\tiptsf.dll
0x00007fff34d10000 - 0x00007fff34dd1000 	C:\windows\system32\OLEAUT32.dll
0x00007fff32620000 - 0x00007fff32641000 	C:\windows\system32\dwmapi.dll
0x00007fff13810000 - 0x00007fff140e1000 	C:\windows\SYSTEM32\ig75icd64.dll
0x00007fff30270000 - 0x00007fff30282000 	C:\windows\SYSTEM32\WTSAPI32.dll
0x00007fff332d0000 - 0x00007fff332db000 	C:\windows\SYSTEM32\kernel.appcore.dll
0x00007fff343b0000 - 0x00007fff343bb000 	C:\windows\SYSTEM32\CRYPTBASE.dll
0x00007fff34340000 - 0x00007fff343a3000 	C:\windows\SYSTEM32\bcryptPrimitives.dll
0x00007fff2fb90000 - 0x00007fff2fbfa000 	C:\windows\SYSTEM32\oleacc.dll
0x00007fff1d800000 - 0x00007fff1d892000 	C:\windows\SYSTEM32\mscms.dll
0x00007fff221b0000 - 0x00007fff221f1000 	C:\windows\SYSTEM32\icm32.dll
0x00007fff33ac0000 - 0x00007fff33b06000 	C:\windows\SYSTEM32\powrprof.dll
0x0000000050e20000 - 0x0000000050fb8000 	C:\Program Files\Java\jdk1.8.0_31\jre\bin\awt.dll
0x00007fff1e2b0000 - 0x00007fff1e31b000 	C:\Program Files (x86)\Common Files\Intel\OpenCL\bin\x64\tbb\tbb.dll
0x00007fff20850000 - 0x00007fff208aa000 	C:\Program Files (x86)\Common Files\Intel\OpenCL\bin\x64\tbb\tbbmalloc.dll
0x00007fff12de0000 - 0x00007fff13809000 	C:\Program Files (x86)\Common Files\Intel\OpenCL\bin\x64\OclCpuBackEnd64.dll
0x00007fff114f0000 - 0x00007fff11a75000 	C:\Program Files (x86)\Common Files\Intel\OpenCL\bin\x64\__ocl_svml_l9.dll
0x00007fff10e10000 - 0x00007fff114e6000 	C:\Program Files (x86)\Common Files\Intel\OpenCL\bin\x64\clang_compiler64.dll
0x00007fff34ba0000 - 0x00007fff34c56000 	C:\windows\SYSTEM32\clbcatq.dll
0x00007fff2c980000 - 0x00007fff2c9e4000 	C:\windows\system32\Ninput.dll

VM Arguments:
jvm_args: -Djava.library.path=C:\Users\Luuk\Source\Repos\Visualization_2IV35\2IV06 Visual Computing Project\Source\lib\lwjgl-2.9.3\native\windows;C:\Users\Luuk\Source\Repos\Visualization_2IV35\2IV06 Visual Computing Project\Source\lib\lwjgl-2.9.3\native\windows -Dfile.encoding=Cp1252 
java_command: engineTester.MainSimulator
java_class_path (initial): C:\Users\Luuk\Source\Repos\Visualization_2IV35\2IV06 Visual Computing Project\Source\bin;C:\Users\Luuk\Source\Repos\Visualization_2IV35\2IV06 Visual Computing Project\Source\lib\lwjgl-2.9.3\jar\lwjgl.jar;C:\Users\Luuk\Source\Repos\Visualization_2IV35\2IV06 Visual Computing Project\Source\lib\lwjgl-2.9.3\jar\lwjgl_util.jar;C:\Users\Luuk\Source\Repos\Visualization_2IV35\2IV06 Visual Computing Project\Source\lib\slick\lib\slick.jar
Launcher Type: SUN_STANDARD

Environment Variables:
PATH=C:\ProgramData\Oracle\Java\javapath;C:\Program Files (x86)\iis express\PHP\v5.4;C:\Program Files (x86)\NVIDIA Corporation\PhysX\Common;C:\windows\system32;C:\windows;C:\windows\System32\Wbem;C:\windows\System32\WindowsPowerShell\v1.0\;C:\Program Files (x86)\Microsoft ASP.NET\ASP.NET Web Pages\v1.0\;C:\Program Files (x86)\Windows Kits\8.0\Windows Performance Toolkit\;C:\Program Files\Microsoft SQL Server\110\Tools\Binn\;C:\Program Files\Microsoft\Web Platform Installer\;C:\Program Files (x86)\MiKTeX 2.9\miktex\bin\;C:\Program Files\Common Files\Autodesk Shared\;C:\Program Files (x86)\Autodesk\Backburner\;C:\Program Files (x86)\Skype\Phone\;C:\Program Files\Java\jdk1.8.0_31\bin
USERNAME=Luuk
OS=Windows_NT
PROCESSOR_IDENTIFIER=Intel64 Family 6 Model 69 Stepping 1, GenuineIntel



---------------  S Y S T E M  ---------------

OS: Windows 8.1 , 64 bit Build 9600 

CPU:total 4 (2 cores per cpu, 2 threads per core) family 6 model 69 stepping 1, cmov, cx8, fxsr, mmx, sse, sse2, sse3, ssse3, sse4.1, sse4.2, popcnt, avx, avx2, aes, clmul, erms, lzcnt, ht, tsc, tscinvbit, bmi1, bmi2

Memory: 4k page, physical 8306732k(5115516k free), swap 17219628k(12704560k free)

vm_info: Java HotSpot(TM) 64-Bit Server VM (25.31-b07) for windows-amd64 JRE (1.8.0_31-b13), built on Dec 17 2014 21:00:28 by "java_re" with MS VC++ 10.0 (VS2010)

time: Sun Mar 22 23:23:24 2015
elapsed time: 7 seconds (0d 0h 0m 7s)

