#
# A fatal error has been detected by the Java Runtime Environment:
#
#  EXCEPTION_ACCESS_VIOLATION (0xc0000005) at pc=0x00007ffa1393a940, pid=6336, tid=2272
#
# JRE version: Java(TM) SE Runtime Environment (8.0_31-b13) (build 1.8.0_31-b13)
# Java VM: Java HotSpot(TM) 64-Bit Server VM (25.31-b07 mixed mode windows-amd64 compressed oops)
# Problematic frame:
# C  [ig75icd64.dll+0x9a940]
#
# Failed to write core dump. Minidumps are not enabled by default on client versions of Windows
#
# If you would like to submit a bug report, please visit:
#   http://bugreport.java.com/bugreport/crash.jsp
# The crash happened outside the Java Virtual Machine in native code.
# See problematic frame for where to report the bug.
#

---------------  T H R E A D  ---------------

Current thread (0x0000000002100800):  JavaThread "main" [_thread_in_native, id=2272, stack(0x0000000001fc0000,0x00000000020c0000)]

siginfo: ExceptionCode=0xc0000005, reading address 0x0000000000000000

Registers:
RAX=0x0000000000000000, RBX=0x000000001b06f000, RCX=0x0000000000000000, RDX=0x0000000000000000
RSP=0x00000000020bc430, RBP=0x00000000020bc560, RSI=0x000000001ba1a360, RDI=0x000000001b06f000
R8 =0x0000000000000180, R9 =0x0000000000000003, R10=0x0000000000000000, R11=0x0000000000000202
R12=0x0000000000000000, R13=0x0000000000000000, R14=0x00000000020bcbe0, R15=0x0000000000000010
RIP=0x00007ffa1393a940, EFLAGS=0x0000000000010206

Top of Stack: (sp=0x00000000020bc430)
0x00000000020bc430:   cafebabecafebabe 0000000000000000
0x00000000020bc440:   0000000000000000 0000000000000000
0x00000000020bc450:   000000001a3b3340 00007ffa13b10eb9
0x00000000020bc460:   0000000000000002 000000001ba1a360
0x00000000020bc470:   00000000020bc560 000000007178c291
0x00000000020bc480:   0000000016453801 00000000020bc580
0x00000000020bc490:   0000000300000180 00000000020bcbe0
0x00000000020bc4a0:   0000000000000002 000000001a3d4080
0x00000000020bc4b0:   0000000000000002 0000000018ff0b90
0x00000000020bc4c0:   0000000000000002 0000000002100800
0x00000000020bc4d0:   0000000000000002 00000000715d6dd7
0x00000000020bc4e0:   00000000020bc6c0 00000000715e57c5
0x00000000020bc4f0:   000000000210ae60 0000000000000000
0x00000000020bc500:   0000000100000004 000000001b9abc50
0x00000000020bc510:   0000000000000002 000000001b947d90
0x00000000020bc520:   0000000000000002 000000000000001c 

Instructions: (pc=0x00007ffa1393a940)
0x00007ffa1393a920:   c2 10 66 0f e7 47 f0 49 3b c2 72 e4 e9 ab 00 00
0x00007ffa1393a930:   00 4d 85 c9 74 6c 66 66 0f 1f 84 00 00 00 00 00
0x00007ffa1393a940:   66 0f 6f 3a 66 0f 6f 72 10 66 0f 6f 6a 20 41 ff
0x00007ffa1393a950:   c2 48 83 ef 80 41 8b c2 66 0f 6f 62 30 66 0f 6f 


Register to memory mapping:

RAX=0x0000000000000000 is an unknown value
RBX=0x000000001b06f000 is an unknown value
RCX=0x0000000000000000 is an unknown value
RDX=0x0000000000000000 is an unknown value
RSP=0x00000000020bc430 is pointing into the stack for thread: 0x0000000002100800
RBP=0x00000000020bc560 is pointing into the stack for thread: 0x0000000002100800
RSI=0x000000001ba1a360 is an unknown value
RDI=0x000000001b06f000 is an unknown value
R8 =0x0000000000000180 is an unknown value
R9 =0x0000000000000003 is an unknown value
R10=0x0000000000000000 is an unknown value
R11=0x0000000000000202 is an unknown value
R12=0x0000000000000000 is an unknown value
R13=0x0000000000000000 is an unknown value
R14=0x00000000020bcbe0 is pointing into the stack for thread: 0x0000000002100800
R15=0x0000000000000010 is an unknown value


Stack: [0x0000000001fc0000,0x00000000020c0000],  sp=0x00000000020bc430,  free space=1009k
Native frames: (J=compiled Java code, j=interpreted, Vv=VM code, C=native code)
C  [ig75icd64.dll+0x9a940]
C  [ig75icd64.dll+0x270eb9]
C  [ig75icd64.dll+0x1b3689]
C  [ig75icd64.dll+0x2791fe]
C  [ig75icd64.dll+0x17af13]
C  [ig75icd64.dll+0x4bdca5]
C  [ig75icd64.dll+0x4bdde7]
C  [ig75icd64.dll+0x4be2f1]
C  0x0000000002275b74

Java frames: (J=compiled Java code, j=interpreted, Vv=VM code)
j  org.lwjgl.opengl.GL11.nglDrawElementsBO(IIIJJ)V+0
j  org.lwjgl.opengl.GL11.glDrawElements(IIIJ)V+28
j  renderEngine.Renderer.render(Lentities/Entity;Lshaders/StaticShader;)V+82
j  engineTester.MainSimulator.main([Ljava/lang/String;)V+1510
v  ~StubRoutines::call_stub

---------------  P R O C E S S  ---------------

Java Threads: ( => current thread )
  0x000000001894b000 JavaThread "AWT-Windows" daemon [_thread_in_native, id=8140, stack(0x000000001b640000,0x000000001b740000)]
  0x0000000018a1c800 JavaThread "AWT-Shutdown" [_thread_blocked, id=8116, stack(0x000000001b540000,0x000000001b640000)]
  0x00000000189b1000 JavaThread "Java2D Disposer" daemon [_thread_blocked, id=6480, stack(0x000000001ac40000,0x000000001ad40000)]
  0x0000000018675800 JavaThread "Service Thread" daemon [_thread_blocked, id=8020, stack(0x0000000018a40000,0x0000000018b40000)]
  0x0000000016de9000 JavaThread "C1 CompilerThread2" daemon [_thread_blocked, id=3380, stack(0x0000000018540000,0x0000000018640000)]
  0x0000000016de5800 JavaThread "C2 CompilerThread1" daemon [_thread_blocked, id=1172, stack(0x0000000018440000,0x0000000018540000)]
  0x0000000016dde000 JavaThread "C2 CompilerThread0" daemon [_thread_blocked, id=8160, stack(0x0000000018340000,0x0000000018440000)]
  0x0000000016ddd000 JavaThread "Attach Listener" daemon [_thread_blocked, id=8148, stack(0x0000000018240000,0x0000000018340000)]
  0x0000000016ddb800 JavaThread "Signal Dispatcher" daemon [_thread_blocked, id=5848, stack(0x0000000018140000,0x0000000018240000)]
  0x00000000021f4800 JavaThread "Finalizer" daemon [_thread_blocked, id=1008, stack(0x0000000018040000,0x0000000018140000)]
  0x0000000016da8000 JavaThread "Reference Handler" daemon [_thread_blocked, id=8120, stack(0x0000000017f40000,0x0000000018040000)]
=>0x0000000002100800 JavaThread "main" [_thread_in_native, id=2272, stack(0x0000000001fc0000,0x00000000020c0000)]

Other Threads:
  0x0000000016da5800 VMThread [stack: 0x0000000017e40000,0x0000000017f40000] [id=8112]
  0x0000000018678800 WatcherThread [stack: 0x0000000018b40000,0x0000000018c40000] [id=6876]

VM state:not at safepoint (normal execution)

VM Mutex/Monitor currently owned by a thread: None

Heap:
 PSYoungGen      total 38400K, used 4567K [0x00000000d5b80000, 0x00000000d8600000, 0x0000000100000000)
  eden space 33280K, 4% used [0x00000000d5b80000,0x00000000d5d1cb10,0x00000000d7c00000)
  from space 5120K, 56% used [0x00000000d7c00000,0x00000000d7ed9190,0x00000000d8100000)
  to   space 5120K, 0% used [0x00000000d8100000,0x00000000d8100000,0x00000000d8600000)
 ParOldGen       total 87552K, used 16K [0x0000000081200000, 0x0000000086780000, 0x00000000d5b80000)
  object space 87552K, 0% used [0x0000000081200000,0x0000000081204000,0x0000000086780000)
 Metaspace       used 8213K, capacity 8371K, committed 8576K, reserved 1056768K
  class space    used 839K, capacity 892K, committed 896K, reserved 1048576K

Card table byte_map: [0x0000000011620000,0x0000000011a20000] byte_map_base: 0x0000000011217000

Marking Bits: (ParMarkBitMap*) 0x0000000071d6d4f0
 Begin Bits: [0x00000000120d0000, 0x0000000014088000)
 End Bits:   [0x0000000014088000, 0x0000000016040000)

Polling page: 0x00000000020c0000

CodeCache: size=245760Kb used=3273Kb max_used=3273Kb free=242486Kb
 bounds [0x0000000002260000, 0x00000000025a0000, 0x0000000011260000]
 total_blobs=1322 nmethods=799 adapters=437
 compilation: enabled

Compilation events (10 events):
Event: 1.569 Thread 0x0000000016de9000 nmethod 792 0x000000000257c550 code [0x000000000257c6c0, 0x000000000257c890]
Event: 1.569 Thread 0x0000000016de9000  793   !   3       sun.java2d.Disposer::clearDeferredRecords (70 bytes)
Event: 1.570 Thread 0x0000000016de9000 nmethod 793 0x000000000257ccd0 code [0x000000000257cf20, 0x000000000257da58]
Event: 1.570 Thread 0x0000000016de9000  795       3       java.util.ArrayList::clear (39 bytes)
Event: 1.570 Thread 0x0000000016de9000 nmethod 795 0x000000000257e150 code [0x000000000257e2c0, 0x000000000257e630]
Event: 1.570 Thread 0x0000000016de9000  794  s!   3       sun.font.TrueTypeFont$TTDisposerRecord::dispose (40 bytes)
Event: 1.570 Thread 0x0000000016de9000 nmethod 794 0x000000000257e790 code [0x000000000257e900, 0x000000000257ed88]
Event: 1.584 Thread 0x0000000016de5800  796       4       java.util.ArrayList::add (29 bytes)
Event: 1.584 Thread 0x0000000016de9000  797 %     3       engineTester.MainSimulator::main @ 1442 (1548 bytes)
Event: 1.589 Thread 0x0000000016de5800 nmethod 796 0x0000000002581e10 code [0x0000000002581f60, 0x0000000002582288]

GC Heap History (2 events):
Event: 1.559 GC heap before
{Heap before GC invocations=1 (full 0):
 PSYoungGen      total 38400K, used 33280K [0x00000000d5b80000, 0x00000000d8600000, 0x0000000100000000)
  eden space 33280K, 100% used [0x00000000d5b80000,0x00000000d7c00000,0x00000000d7c00000)
  from space 5120K, 0% used [0x00000000d8100000,0x00000000d8100000,0x00000000d8600000)
  to   space 5120K, 0% used [0x00000000d7c00000,0x00000000d7c00000,0x00000000d8100000)
 ParOldGen       total 87552K, used 0K [0x0000000081200000, 0x0000000086780000, 0x00000000d5b80000)
  object space 87552K, 0% used [0x0000000081200000,0x0000000081200000,0x0000000086780000)
 Metaspace       used 8180K, capacity 8307K, committed 8320K, reserved 1056768K
  class space    used 838K, capacity 892K, committed 896K, reserved 1048576K
Event: 1.563 GC heap after
Heap after GC invocations=1 (full 0):
 PSYoungGen      total 38400K, used 2916K [0x00000000d5b80000, 0x00000000d8600000, 0x0000000100000000)
  eden space 33280K, 0% used [0x00000000d5b80000,0x00000000d5b80000,0x00000000d7c00000)
  from space 5120K, 56% used [0x00000000d7c00000,0x00000000d7ed9190,0x00000000d8100000)
  to   space 5120K, 0% used [0x00000000d8100000,0x00000000d8100000,0x00000000d8600000)
 ParOldGen       total 87552K, used 16K [0x0000000081200000, 0x0000000086780000, 0x00000000d5b80000)
  object space 87552K, 0% used [0x0000000081200000,0x0000000081204000,0x0000000086780000)
 Metaspace       used 8180K, capacity 8307K, committed 8320K, reserved 1056768K
  class space    used 838K, capacity 892K, committed 896K, reserved 1048576K
}

Deoptimization events (2 events):
Event: 1.288 Thread 0x0000000002100800 Uncommon trap: reason=unreached action=reinterpret pc=0x00000000024f7c28 method=sun.java2d.loops.GraphicsPrimitiveMgr.locate(Lsun/java2d/loops/GraphicsPrimitiveMgr$PrimitiveSpec;)Lsun/java2d/loops/GraphicsPrimitive; @ 85
Event: 1.584 Thread 0x0000000002100800 Uncommon trap: reason=unreached action=reinterpret pc=0x00000000025468c4 method=engineTester.MainSimulator.main([Ljava/lang/String;)V @ 1471

Internal exceptions (10 events):
Event: 0.579 Thread 0x0000000002100800 Exception <a 'java/security/PrivilegedActionException'> (0x00000000d6240628) thrown at [C:\workspace\8-2-build-windows-amd64-cygwin\jdk8u31\2394\hotspot\src\share\vm\prims\jvm.cpp, line 1312]
Event: 0.581 Thread 0x0000000002100800 Exception <a 'java/security/PrivilegedActionException'> (0x00000000d6244240) thrown at [C:\workspace\8-2-build-windows-amd64-cygwin\jdk8u31\2394\hotspot\src\share\vm\prims\jvm.cpp, line 1312]
Event: 0.663 Thread 0x0000000002100800 Exception <a 'java/io/FileNotFoundException'> (0x00000000d6253c98) thrown at [C:\workspace\8-2-build-windows-amd64-cygwin\jdk8u31\2394\hotspot\src\share\vm\prims\jni.cpp, line 716]
Event: 0.712 Thread 0x0000000002100800 Exception <a 'java/lang/ClassNotFoundException': java/lang/Null> (0x00000000d626e258) thrown at [C:\workspace\8-2-build-windows-amd64-cygwin\jdk8u31\2394\hotspot\src\share\vm\classfile\systemDictionary.cpp, line 202]
Event: 0.765 Thread 0x0000000002100800 Exception <a 'java/lang/NoSuchFieldError': method resolution failed> (0x00000000d63d1a30) thrown at [C:\workspace\8-2-build-windows-amd64-cygwin\jdk8u31\2394\hotspot\src\share\vm\prims\methodHandles.cpp, line 1159]
Event: 0.773 Thread 0x0000000002100800 Exception <a 'java/lang/NoSuchFieldError': method resolution failed> (0x00000000d63e05f8) thrown at [C:\workspace\8-2-build-windows-amd64-cygwin\jdk8u31\2394\hotspot\src\share\vm\prims\methodHandles.cpp, line 1159]
Event: 0.777 Thread 0x0000000002100800 Exception <a 'java/lang/NoSuchFieldError': method resolution failed> (0x00000000d63e3758) thrown at [C:\workspace\8-2-build-windows-amd64-cygwin\jdk8u31\2394\hotspot\src\share\vm\prims\methodHandles.cpp, line 1159]
Event: 1.284 Thread 0x0000000002100800 Exception <a 'java/security/PrivilegedActionException'> (0x00000000d69c1ef0) thrown at [C:\workspace\8-2-build-windows-amd64-cygwin\jdk8u31\2394\hotspot\src\share\vm\prims\jvm.cpp, line 1312]
Event: 1.451 Thread 0x0000000002100800 Exception <a 'java/security/PrivilegedActionException'> (0x00000000d7bf28e8) thrown at [C:\workspace\8-2-build-windows-amd64-cygwin\jdk8u31\2394\hotspot\src\share\vm\prims\jvm.cpp, line 1312]
Event: 1.585 Thread 0x0000000002100800 Exception <a 'java/security/PrivilegedActionException'> (0x00000000d5b99528) thrown at [C:\workspace\8-2-build-windows-amd64-cygwin\jdk8u31\2394\hotspot\src\share\vm\prims\jvm.cpp, line 1312]

Events (10 events):
Event: 1.451 loading class toolbox/Maths done
Event: 1.556 Thread 0x0000000002100800 DEOPT PACKING pc=0x000000000255d026 sp=0x00000000020bf220
Event: 1.556 Thread 0x0000000002100800 DEOPT UNPACKING pc=0x00000000022a75bf sp=0x00000000020bf280 mode 0
Event: 1.559 Executing VM operation: ParallelGCFailedAllocation
Event: 1.563 Executing VM operation: ParallelGCFailedAllocation done
Event: 1.584 Thread 0x0000000002100800 Uncommon trap: trap_request=0xffffffad fr.pc=0x00000000025468c4
Event: 1.584 Thread 0x0000000002100800 DEOPT PACKING pc=0x00000000025468c4 sp=0x00000000020bf590
Event: 1.584 Thread 0x0000000002100800 DEOPT UNPACKING pc=0x00000000022a556a sp=0x00000000020bf508 mode 2
Event: 1.585 loading class org/lwjgl/opengl/GL13
Event: 1.585 loading class org/lwjgl/opengl/GL13 done


Dynamic libraries:
0x00007ff68e120000 - 0x00007ff68e154000 	C:\Program Files\Java\jre1.8.0_31\bin\javaw.exe
0x00007ffa350f0000 - 0x00007ffa35296000 	C:\windows\SYSTEM32\ntdll.dll
0x00007ffa330f0000 - 0x00007ffa3322a000 	C:\windows\system32\KERNEL32.DLL
0x00007ffa32630000 - 0x00007ffa3273f000 	C:\windows\system32\KERNELBASE.dll
0x00007ffa31070000 - 0x00007ffa310f8000 	C:\windows\system32\apphelp.dll
0x00007ffa28b60000 - 0x00007ffa28baf000 	C:\windows\AppPatch\AppPatch64\AcGenral.DLL
0x00007ffa32b80000 - 0x00007ffa32c27000 	C:\windows\system32\msvcrt.dll
0x00007ffa322a0000 - 0x00007ffa322cb000 	C:\windows\SYSTEM32\SspiCli.dll
0x00007ffa334f0000 - 0x00007ffa33541000 	C:\windows\system32\SHLWAPI.dll
0x00007ffa32a00000 - 0x00007ffa32b71000 	C:\windows\system32\USER32.dll
0x00007ffa34f70000 - 0x00007ffa350e8000 	C:\windows\system32\ole32.dll
0x00007ffa33980000 - 0x00007ffa34d8f000 	C:\windows\system32\SHELL32.dll
0x00007ffa31ab0000 - 0x00007ffa31ace000 	C:\windows\SYSTEM32\USERENV.dll
0x00007ffa32c30000 - 0x00007ffa32cd5000 	C:\windows\system32\ADVAPI32.dll
0x00007ffa26400000 - 0x00007ffa2641b000 	C:\windows\SYSTEM32\MPR.dll
0x00007ffa32ce0000 - 0x00007ffa32e17000 	C:\windows\system32\RPCRT4.dll
0x00007ffa33090000 - 0x00007ffa330e7000 	C:\windows\SYSTEM32\sechost.dll
0x00007ffa33230000 - 0x00007ffa33406000 	C:\windows\SYSTEM32\combase.dll
0x00007ffa32e20000 - 0x00007ffa32f64000 	C:\windows\system32\GDI32.dll
0x00007ffa32460000 - 0x00007ffa32474000 	C:\windows\SYSTEM32\profapi.dll
0x00007ffa30870000 - 0x00007ffa3090f000 	C:\windows\SYSTEM32\SHCORE.dll
0x00007ffa33410000 - 0x00007ffa33444000 	C:\windows\system32\IMM32.DLL
0x00007ffa33640000 - 0x00007ffa33779000 	C:\windows\system32\MSCTF.dll
0x00007ffa2fd90000 - 0x00007ffa2ffea000 	C:\windows\WinSxS\amd64_microsoft.windows.common-controls_6595b64144ccf1df_6.0.9600.17031_none_6242a4b3ecbb55a1\COMCTL32.dll
0x0000000071420000 - 0x00000000714f2000 	C:\Program Files\Java\jre1.8.0_31\bin\msvcr100.dll
0x0000000071590000 - 0x0000000071dea000 	C:\Program Files\Java\jre1.8.0_31\bin\server\jvm.dll
0x00007ffa2aac0000 - 0x00007ffa2aac9000 	C:\windows\SYSTEM32\WSOCK32.dll
0x00007ffa29ba0000 - 0x00007ffa29bbf000 	C:\windows\SYSTEM32\WINMM.dll
0x00007ffa32970000 - 0x00007ffa32977000 	C:\windows\system32\PSAPI.DLL
0x00007ffa32980000 - 0x00007ffa329d8000 	C:\windows\system32\WS2_32.dll
0x00007ffa1f380000 - 0x00007ffa1f3aa000 	C:\windows\SYSTEM32\WINMMBASE.dll
0x00007ffa32fd0000 - 0x00007ffa32fd9000 	C:\windows\system32\NSI.dll
0x00007ffa32530000 - 0x00007ffa3257a000 	C:\windows\SYSTEM32\cfgmgr32.dll
0x00007ffa312f0000 - 0x00007ffa31316000 	C:\windows\SYSTEM32\DEVOBJ.dll
0x0000000072460000 - 0x000000007246f000 	C:\Program Files\Java\jre1.8.0_31\bin\verify.dll
0x0000000071560000 - 0x0000000071588000 	C:\Program Files\Java\jre1.8.0_31\bin\java.dll
0x0000000071540000 - 0x0000000071556000 	C:\Program Files\Java\jre1.8.0_31\bin\zip.dll
0x0000000180000000 - 0x0000000180053000 	C:\Users\Luuk\Source\Repos\Visualization_2IV35\2IV06 Visual Computing Project\Source\lib\lwjgl-2.9.3\native\windows\lwjgl64.dll
0x00007ffa26d40000 - 0x00007ffa26e61000 	C:\windows\SYSTEM32\OPENGL32.dll
0x00007ffa2bb10000 - 0x00007ffa2bb1a000 	C:\windows\SYSTEM32\VERSION.dll
0x00007ffa28b30000 - 0x00007ffa28b5c000 	C:\windows\SYSTEM32\GLU32.dll
0x00007ffa25320000 - 0x00007ffa25414000 	C:\windows\SYSTEM32\DDRAW.dll
0x00007ffa2a680000 - 0x00007ffa2a689000 	C:\windows\SYSTEM32\DCIMAN32.dll
0x00007ffa31150000 - 0x00007ffa31271000 	C:\windows\system32\uxtheme.dll
0x00007ffa29ac0000 - 0x00007ffa29b58000 	C:\Program Files\Common Files\microsoft shared\ink\tiptsf.dll
0x00007ffa33560000 - 0x00007ffa33621000 	C:\windows\system32\OLEAUT32.dll
0x00007ffa306a0000 - 0x00007ffa306c0000 	C:\windows\system32\dwmapi.dll
0x00007ffa138a0000 - 0x00007ffa14171000 	C:\windows\SYSTEM32\ig75icd64.dll
0x00007ffa2e310000 - 0x00007ffa2ecb8000 	C:\windows\SYSTEM32\igdusc64.dll
0x00007ffa2ee60000 - 0x00007ffa2ee71000 	C:\windows\SYSTEM32\WTSAPI32.dll
0x00007ffa31110000 - 0x00007ffa3111a000 	C:\windows\SYSTEM32\kernel.appcore.dll
0x00007ffa32330000 - 0x00007ffa3233a000 	C:\windows\SYSTEM32\CRYPTBASE.dll
0x00007ffa322d0000 - 0x00007ffa32330000 	C:\windows\SYSTEM32\bcryptPrimitives.dll
0x00007ffa2dda0000 - 0x00007ffa2de03000 	C:\windows\SYSTEM32\oleacc.dll
0x00007ffa25290000 - 0x00007ffa2531d000 	C:\windows\SYSTEM32\mscms.dll
0x00007ffa28ae0000 - 0x00007ffa28b21000 	C:\windows\SYSTEM32\icm32.dll
0x00007ffa32400000 - 0x00007ffa32445000 	C:\windows\SYSTEM32\powrprof.dll
0x0000000071280000 - 0x0000000071418000 	C:\Program Files\Java\jre1.8.0_31\bin\awt.dll
0x0000000071230000 - 0x0000000071277000 	C:\Program Files\Java\jre1.8.0_31\bin\fontmanager.dll
0x00007ffa26990000 - 0x00007ffa26b98000 	C:\windows\system32\d3d9.dll
0x00007ffa03040000 - 0x00007ffa0474a000 	C:\windows\SYSTEM32\igdumdim64.dll
0x0000000071520000 - 0x000000007153a000 	C:\Program Files\Java\jre1.8.0_31\bin\net.dll
0x00007ffa31d00000 - 0x00007ffa31d58000 	C:\windows\system32\mswsock.dll
0x0000000071500000 - 0x0000000071511000 	C:\Program Files\Java\jre1.8.0_31\bin\nio.dll
0x00000000711e0000 - 0x0000000071221000 	C:\Program Files\Java\jre1.8.0_31\bin\t2k.dll
0x00007ffa247f0000 - 0x00007ffa24978000 	C:\windows\SYSTEM32\dbghelp.dll

VM Arguments:
jvm_args: -Djava.library.path=C:\Users\Luuk\Source\Repos\Visualization_2IV35\2IV06 Visual Computing Project\Source\lib\lwjgl-2.9.3\native\windows -Dfile.encoding=Cp1252 
java_command: engineTester.MainSimulator
java_class_path (initial): C:\Users\Luuk\Source\Repos\Visualization_2IV35\2IV06 Visual Computing Project\Source\bin;C:\Users\Luuk\Source\Repos\Visualization_2IV35\2IV06 Visual Computing Project\Source\lib\lwjgl-2.9.3\jar\lwjgl.jar;C:\Users\Luuk\Source\Repos\Visualization_2IV35\2IV06 Visual Computing Project\Source\lib\lwjgl-2.9.3\jar\lwjgl_util.jar;C:\Users\Luuk\Source\Repos\Visualization_2IV35\2IV06 Visual Computing Project\Source\lib\slick\lib\slick.jar
Launcher Type: SUN_STANDARD

Environment Variables:
PATH=C:/Program Files/Java/jre1.8.0_31/bin/server;C:/Program Files/Java/jre1.8.0_31/bin;C:/Program Files/Java/jre1.8.0_31/lib/amd64;C:\ProgramData\Oracle\Java\javapath;C:\Python27\;C:\Python27\Scripts;C:\Program Files (x86)\iis express\PHP\v5.4;C:\Program Files (x86)\NVIDIA Corporation\PhysX\Common;C:\windows\system32;C:\windows;C:\windows\System32\Wbem;C:\windows\System32\WindowsPowerShell\v1.0\;C:\Program Files (x86)\Microsoft ASP.NET\ASP.NET Web Pages\v1.0\;C:\Program Files (x86)\Windows Kits\8.0\Windows Performance Toolkit\;C:\Program Files\Microsoft SQL Server\110\Tools\Binn\;C:\Program Files\Microsoft\Web Platform Installer\;C:\Program Files (x86)\MiKTeX 2.9\miktex\bin\;C:\Users\Luuk\AppData\Roaming\Python\Scripts;C:\Program Files\adt-bundle\eclipse;
USERNAME=Luuk
OS=Windows_NT
PROCESSOR_IDENTIFIER=Intel64 Family 6 Model 69 Stepping 1, GenuineIntel



---------------  S Y S T E M  ---------------

OS: Windows 8.1 , 64 bit Build 9600 

CPU:total 4 (2 cores per cpu, 2 threads per core) family 6 model 69 stepping 1, cmov, cx8, fxsr, mmx, sse, sse2, sse3, ssse3, sse4.1, sse4.2, popcnt, avx, avx2, aes, clmul, erms, lzcnt, ht, tsc, tscinvbit, bmi1, bmi2

Memory: 4k page, physical 8306732k(3952956k free), swap 17219628k(12565336k free)

vm_info: Java HotSpot(TM) 64-Bit Server VM (25.31-b07) for windows-amd64 JRE (1.8.0_31-b13), built on Dec 17 2014 21:00:28 by "java_re" with MS VC++ 10.0 (VS2010)

time: Tue Feb 10 13:39:42 2015
elapsed time: 1 seconds (0d 0h 0m 1s)

