#
# A fatal error has been detected by the Java Runtime Environment:
#
#  EXCEPTION_ACCESS_VIOLATION (0xc0000005) at pc=0x0000000023f50060, pid=13852, tid=17176
#
# JRE version: Java(TM) SE Runtime Environment (8.0_31-b13) (build 1.8.0_31-b13)
# Java VM: Java HotSpot(TM) 64-Bit Server VM (25.31-b07 mixed mode windows-amd64 compressed oops)
# Problematic frame:
# C  0x0000000023f50060
#
# Failed to write core dump. Minidumps are not enabled by default on client versions of Windows
#
# If you would like to submit a bug report, please visit:
#   http://bugreport.java.com/bugreport/crash.jsp
# The crash happened outside the Java Virtual Machine in native code.
# See problematic frame for where to report the bug.
#

---------------  T H R E A D  ---------------

Current thread (0x00000000022c0800):  JavaThread "main" [_thread_in_native, id=17176, stack(0x00000000021c0000,0x00000000022c0000)]

siginfo: ExceptionCode=0xc0000005, reading address 0x000000001b99e930

Registers:
RAX=0x000000000000002f, RBX=0x00000000247ddc70, RCX=0x0000000023fd0000, RDX=0x0000000000000e23
RSP=0x00000000022bea60, RBP=0x00000000022bea70, RSI=0x000000000000e230, RDI=0x000000000000004e
R8 =0x0000000024000000, R9 =0x000000001b990800, R10=0x000000001b990700, R11=0x0000000019460000
R12=0x0000000000000000, R13=0x0000000000000000, R14=0x0000000000000000, R15=0x00007ff81ca417d0
RIP=0x0000000023f50060, EFLAGS=0x0000000000010206

Top of Stack: (sp=0x00000000022bea60)
0x00000000022bea60:   0000000023f50010 0000000023f17960
0x00000000022bea70:   00000000007d37b0 00007ff806b199eb
0x00000000022bea80:   0000000000000100 00007ff820bde7cf
0x00000000022bea90:   0000000000000080 0000000023f43340
0x00000000022beaa0:   00007ff800000000 fffffffffffffffe
0x00000000022beab0:   0000000000000080 00007ff816a5e320
0x00000000022beac0:   0000000018af0750 0000000000000100
0x00000000022bead0:   0000000000000001 0000000000000000
0x00000000022beae0:   0000000000000000 0000000000000000
0x00000000022beaf0:   0000000000000000 000000000000004d
0x00000000022beb00:   0000000000000000 0000000000000000
0x00000000022beb10:   00003786d914b050 0000000000000004
0x00000000022beb20:   000000000000004d 00007ff81ca2026c
0x00000000022beb30:   0000000023f43240 0000000023f17940
0x00000000022beb40:   0000000023f17940 00007ff81ca1cf73
0x00000000022beb50:   00000000007d37b0 0000000023f17940 

Instructions: (pc=0x0000000023f50060)
0x0000000023f50040:   89 d6 48 c1 e6 04 c4 c1 78 10 0c 33 c5 f8 10 1c
0x0000000023f50050:   31 c4 c1 7a 10 11 c5 f9 70 c2 00 c4 e2 61 a8 c1
0x0000000023f50060:   c4 c1 78 10 1c 32 c5 ea 59 ca c4 e2 79 18 c9 c4
0x0000000023f50070:   e2 61 a8 c8 48 ff c2 48 ff c8 c4 c1 78 11 0c 30 


Register to memory mapping:

RAX=0x000000000000002f is an unknown value
RBX=0x00000000247ddc70 is an unknown value
RCX=0x0000000023fd0000 is an unknown value
RDX=0x0000000000000e23 is an unknown value
RSP=0x00000000022bea60 is pointing into the stack for thread: 0x00000000022c0800
RBP=0x00000000022bea70 is pointing into the stack for thread: 0x00000000022c0800
RSI=0x000000000000e230 is an unknown value
RDI=0x000000000000004e is an unknown value
R8 =0x0000000024000000 is an unknown value
R9 =0x000000001b990800 is an unknown value
R10=0x000000001b990700 is an unknown value
R11=0x0000000019460000 is an unknown value
R12=0x0000000000000000 is an unknown value
R13=0x0000000000000000 is an unknown value
R14=0x0000000000000000 is an unknown value
R15=0x00007ff81ca417d0 is an unknown value


Stack: [0x00000000021c0000,0x00000000022c0000],  sp=0x00000000022bea60,  free space=1018k
Native frames: (J=compiled Java code, j=interpreted, Vv=VM code, C=native code)
C  0x0000000023f50060

Java frames: (J=compiled Java code, j=interpreted, Vv=VM code)
j  org.lwjgl.opencl.CL10.nclEnqueueReadBuffer(JJIJJJIJJJ)I+0
j  org.lwjgl.opencl.CL10.clEnqueueReadBuffer(Lorg/lwjgl/opencl/CLCommandQueue;Lorg/lwjgl/opencl/CLMem;IJLjava/nio/FloatBuffer;Lorg/lwjgl/PointerBuffer;Lorg/lwjgl/PointerBuffer;)I+85
j  engineTester.MainSimulator.OpenCLTest()V+235
j  engineTester.MainSimulator.main([Ljava/lang/String;)V+820
v  ~StubRoutines::call_stub

---------------  P R O C E S S  ---------------

Java Threads: ( => current thread )
  0x0000000016f9d800 JavaThread "Service Thread" daemon [_thread_blocked, id=14416, stack(0x0000000018ba0000,0x0000000018ca0000)]
  0x0000000016f42000 JavaThread "C1 CompilerThread2" daemon [_thread_blocked, id=6532, stack(0x00000000186a0000,0x00000000187a0000)]
  0x0000000016f3f800 JavaThread "C2 CompilerThread1" daemon [_thread_blocked, id=15580, stack(0x00000000185a0000,0x00000000186a0000)]
  0x0000000016f4b000 JavaThread "C2 CompilerThread0" daemon [_thread_blocked, id=7544, stack(0x00000000184a0000,0x00000000185a0000)]
  0x0000000016f49800 JavaThread "Attach Listener" daemon [_thread_blocked, id=12880, stack(0x00000000183a0000,0x00000000184a0000)]
  0x0000000016f48800 JavaThread "Signal Dispatcher" daemon [_thread_blocked, id=14460, stack(0x00000000182a0000,0x00000000183a0000)]
  0x00000000023b8000 JavaThread "Finalizer" daemon [_thread_blocked, id=12152, stack(0x00000000181a0000,0x00000000182a0000)]
  0x00000000023af800 JavaThread "Reference Handler" daemon [_thread_blocked, id=14132, stack(0x00000000180a0000,0x00000000181a0000)]
=>0x00000000022c0800 JavaThread "main" [_thread_in_native, id=17176, stack(0x00000000021c0000,0x00000000022c0000)]

Other Threads:
  0x0000000016f06000 VMThread [stack: 0x0000000017fa0000,0x00000000180a0000] [id=18444]
  0x00000000187d2800 WatcherThread [stack: 0x0000000018ca0000,0x0000000018da0000] [id=4928]

VM state:not at safepoint (normal execution)

VM Mutex/Monitor currently owned by a thread: None

Heap:
 PSYoungGen      total 38400K, used 27520K [0x00000000d5b80000, 0x00000000da680000, 0x0000000100000000)
  eden space 33280K, 72% used [0x00000000d5b80000,0x00000000d7336738,0x00000000d7c00000)
  from space 5120K, 63% used [0x00000000d7c00000,0x00000000d7f298d0,0x00000000d8100000)
  to   space 5120K, 0% used [0x00000000da180000,0x00000000da180000,0x00000000da680000)
 ParOldGen       total 87552K, used 8K [0x0000000081200000, 0x0000000086780000, 0x00000000d5b80000)
  object space 87552K, 0% used [0x0000000081200000,0x0000000081202000,0x0000000086780000)
 Metaspace       used 6061K, capacity 6305K, committed 6528K, reserved 1056768K
  class space    used 577K, capacity 626K, committed 640K, reserved 1048576K

Card table byte_map: [0x0000000011780000,0x0000000011b80000] byte_map_base: 0x0000000011377000

Marking Bits: (ParMarkBitMap*) 0x0000000064a1d4f0
 Begin Bits: [0x0000000012230000, 0x00000000141e8000)
 End Bits:   [0x00000000141e8000, 0x00000000161a0000)

Polling page: 0x00000000008f0000

CodeCache: size=245760Kb used=2517Kb max_used=2517Kb free=243242Kb
 bounds [0x00000000023c0000, 0x0000000002640000, 0x00000000113c0000]
 total_blobs=999 nmethods=554 adapters=359
 compilation: enabled

Compilation events (10 events):
Event: 1.069 Thread 0x0000000016f42000 nmethod 548 0x0000000002634a50 code [0x0000000002634be0, 0x00000000026350c8]
Event: 1.069 Thread 0x0000000016f42000  549       3       java.net.URLClassLoader$1::<init> (15 bytes)
Event: 1.069 Thread 0x0000000016f42000 nmethod 549 0x00000000026352d0 code [0x0000000002635420, 0x00000000026355f0]
Event: 1.069 Thread 0x0000000016f42000  551       3       java.net.URLClassLoader$1::run (5 bytes)
Event: 1.069 Thread 0x0000000016f42000 nmethod 551 0x0000000002635690 code [0x0000000002635800, 0x00000000026359a8]
Event: 1.069 Thread 0x0000000016f42000  552   !   3       java.net.URLClassLoader$1::run (73 bytes)
Event: 1.070 Thread 0x0000000016f42000 nmethod 552 0x0000000002635a50 code [0x0000000002635c20, 0x00000000026361b8]
Event: 1.070 Thread 0x0000000016f42000  554       3       java.lang.reflect.AccessibleObject::<init> (5 bytes)
Event: 1.070 Thread 0x0000000016f42000 nmethod 554 0x0000000002636490 code [0x00000000026365e0, 0x0000000002636790]
Event: 1.070 Thread 0x0000000016f42000  553       3       sun.reflect.ReflectionFactory::langReflectAccess (15 bytes)

GC Heap History (2 events):
Event: 0.656 GC heap before
{Heap before GC invocations=1 (full 0):
 PSYoungGen      total 38400K, used 33280K [0x00000000d5b80000, 0x00000000d8600000, 0x0000000100000000)
  eden space 33280K, 100% used [0x00000000d5b80000,0x00000000d7c00000,0x00000000d7c00000)
  from space 5120K, 0% used [0x00000000d8100000,0x00000000d8100000,0x00000000d8600000)
  to   space 5120K, 0% used [0x00000000d7c00000,0x00000000d7c00000,0x00000000d8100000)
 ParOldGen       total 87552K, used 0K [0x0000000081200000, 0x0000000086780000, 0x00000000d5b80000)
  object space 87552K, 0% used [0x0000000081200000,0x0000000081200000,0x0000000086780000)
 Metaspace       used 5923K, capacity 6241K, committed 6272K, reserved 1056768K
  class space    used 567K, capacity 626K, committed 640K, reserved 1048576K
Event: 0.663 GC heap after
Heap after GC invocations=1 (full 0):
 PSYoungGen      total 38400K, used 3238K [0x00000000d5b80000, 0x00000000da680000, 0x0000000100000000)
  eden space 33280K, 0% used [0x00000000d5b80000,0x00000000d5b80000,0x00000000d7c00000)
  from space 5120K, 63% used [0x00000000d7c00000,0x00000000d7f298d0,0x00000000d8100000)
  to   space 5120K, 0% used [0x00000000da180000,0x00000000da180000,0x00000000da680000)
 ParOldGen       total 87552K, used 8K [0x0000000081200000, 0x0000000086780000, 0x00000000d5b80000)
  object space 87552K, 0% used [0x0000000081200000,0x0000000081202000,0x0000000086780000)
 Metaspace       used 5923K, capacity 6241K, committed 6272K, reserved 1056768K
  class space    used 567K, capacity 626K, committed 640K, reserved 1048576K
}

Deoptimization events (4 events):
Event: 0.571 Thread 0x00000000022c0800 Uncommon trap: reason=array_check action=maybe_recompile pc=0x00000000025c25f0 method=java.util.AbstractCollection.toArray([Ljava/lang/Object;)[Ljava/lang/Object; @ 119
Event: 0.571 Thread 0x00000000022c0800 Uncommon trap: reason=array_check action=maybe_recompile pc=0x00000000025c25f0 method=java.util.AbstractCollection.toArray([Ljava/lang/Object;)[Ljava/lang/Object; @ 119
Event: 0.571 Thread 0x00000000022c0800 Uncommon trap: reason=array_check action=maybe_recompile pc=0x00000000025c25f0 method=java.util.AbstractCollection.toArray([Ljava/lang/Object;)[Ljava/lang/Object; @ 119
Event: 0.571 Thread 0x00000000022c0800 Uncommon trap: reason=array_check action=maybe_recompile pc=0x00000000025c25f0 method=java.util.AbstractCollection.toArray([Ljava/lang/Object;)[Ljava/lang/Object; @ 119

Internal exceptions (10 events):
Event: 1.061 Thread 0x00000000022c0800 Exception <a 'java/security/PrivilegedActionException'> (0x00000000d7234060) thrown at [C:\workspace\8-2-build-windows-amd64-cygwin\jdk8u31\2394\hotspot\src\share\vm\prims\jvm.cpp, line 1312]
Event: 1.062 Thread 0x00000000022c0800 Exception <a 'java/security/PrivilegedActionException'> (0x00000000d7237d18) thrown at [C:\workspace\8-2-build-windows-amd64-cygwin\jdk8u31\2394\hotspot\src\share\vm\prims\jvm.cpp, line 1312]
Event: 1.062 Thread 0x00000000022c0800 Exception <a 'java/security/PrivilegedActionException'> (0x00000000d723b030) thrown at [C:\workspace\8-2-build-windows-amd64-cygwin\jdk8u31\2394\hotspot\src\share\vm\prims\jvm.cpp, line 1312]
Event: 1.062 Thread 0x00000000022c0800 Exception <a 'java/security/PrivilegedActionException'> (0x00000000d723de68) thrown at [C:\workspace\8-2-build-windows-amd64-cygwin\jdk8u31\2394\hotspot\src\share\vm\prims\jvm.cpp, line 1312]
Event: 1.063 Thread 0x00000000022c0800 Exception <a 'java/security/PrivilegedActionException'> (0x00000000d72964b0) thrown at [C:\workspace\8-2-build-windows-amd64-cygwin\jdk8u31\2394\hotspot\src\share\vm\prims\jvm.cpp, line 1312]
Event: 1.063 Thread 0x00000000022c0800 Exception <a 'java/security/PrivilegedActionException'> (0x00000000d72a20d8) thrown at [C:\workspace\8-2-build-windows-amd64-cygwin\jdk8u31\2394\hotspot\src\share\vm\prims\jvm.cpp, line 1312]
Event: 1.064 Thread 0x00000000022c0800 Exception <a 'java/security/PrivilegedActionException'> (0x00000000d72a6110) thrown at [C:\workspace\8-2-build-windows-amd64-cygwin\jdk8u31\2394\hotspot\src\share\vm\prims\jvm.cpp, line 1312]
Event: 1.064 Thread 0x00000000022c0800 Exception <a 'java/security/PrivilegedActionException'> (0x00000000d72a99c8) thrown at [C:\workspace\8-2-build-windows-amd64-cygwin\jdk8u31\2394\hotspot\src\share\vm\prims\jvm.cpp, line 1312]
Event: 1.064 Thread 0x00000000022c0800 Exception <a 'java/security/PrivilegedActionException'> (0x00000000d72ada80) thrown at [C:\workspace\8-2-build-windows-amd64-cygwin\jdk8u31\2394\hotspot\src\share\vm\prims\jvm.cpp, line 1312]
Event: 1.068 Thread 0x00000000022c0800 Exception <a 'java/security/PrivilegedActionException'> (0x00000000d72c9b40) thrown at [C:\workspace\8-2-build-windows-amd64-cygwin\jdk8u31\2394\hotspot\src\share\vm\prims\jvm.cpp, line 1312]

Events (10 events):
Event: 1.063 loading class org/lwjgl/opencl/KHRICD
Event: 1.063 loading class org/lwjgl/opencl/KHRICD done
Event: 1.064 loading class org/lwjgl/opencl/APPLEGLSharing
Event: 1.064 loading class org/lwjgl/opencl/APPLEGLSharing done
Event: 1.064 loading class org/lwjgl/opencl/EXTDeviceFission
Event: 1.064 loading class org/lwjgl/opencl/EXTDeviceFission done
Event: 1.065 loading class java/util/AbstractList$Itr
Event: 1.065 loading class java/util/AbstractList$Itr done
Event: 1.067 loading class org/lwjgl/opencl/CLKernel
Event: 1.067 loading class org/lwjgl/opencl/CLKernel done


Dynamic libraries:
0x00007ff7c8190000 - 0x00007ff7c81c4000 	C:\Program Files\Java\jdk1.8.0_31\bin\javaw.exe
0x00007ff835650000 - 0x00007ff8357fc000 	C:\windows\SYSTEM32\ntdll.dll
0x00007ff832f00000 - 0x00007ff83303e000 	C:\windows\system32\KERNEL32.DLL
0x00007ff832ab0000 - 0x00007ff832bc5000 	C:\windows\system32\KERNELBASE.dll
0x00007ff831340000 - 0x00007ff8313ce000 	C:\windows\system32\apphelp.dll
0x00007ff81caa0000 - 0x00007ff81caf3000 	C:\windows\AppPatch\AppPatch64\AcGenral.DLL
0x00007ff835520000 - 0x00007ff8355ca000 	C:\windows\system32\msvcrt.dll
0x00007ff832640000 - 0x00007ff83266e000 	C:\windows\SYSTEM32\SspiCli.dll
0x00007ff833040000 - 0x00007ff833094000 	C:\windows\system32\SHLWAPI.dll
0x00007ff833bb0000 - 0x00007ff833d27000 	C:\windows\system32\USER32.dll
0x00007ff833740000 - 0x00007ff8338d4000 	C:\windows\system32\ole32.dll
0x00007ff833f50000 - 0x00007ff835468000 	C:\windows\system32\SHELL32.dll
0x00007ff831dc0000 - 0x00007ff831de1000 	C:\windows\SYSTEM32\USERENV.dll
0x00007ff835470000 - 0x00007ff83551a000 	C:\windows\system32\ADVAPI32.dll
0x00007ff8272d0000 - 0x00007ff8272ee000 	C:\windows\SYSTEM32\MPR.dll
0x00007ff833510000 - 0x00007ff833651000 	C:\windows\system32\RPCRT4.dll
0x00007ff832ea0000 - 0x00007ff832ef9000 	C:\windows\SYSTEM32\sechost.dll
0x00007ff8330a0000 - 0x00007ff8332b1000 	C:\windows\SYSTEM32\combase.dll
0x00007ff833d30000 - 0x00007ff833e81000 	C:\windows\system32\GDI32.dll
0x00007ff8327a0000 - 0x00007ff8327b5000 	C:\windows\SYSTEM32\profapi.dll
0x00007ff830b50000 - 0x00007ff830c02000 	C:\windows\SYSTEM32\SHCORE.dll
0x00007ff833b70000 - 0x00007ff833ba6000 	C:\windows\system32\IMM32.DLL
0x00007ff833950000 - 0x00007ff833aa1000 	C:\windows\system32\MSCTF.dll
0x00007ff82fe50000 - 0x00007ff8300cb000 	C:\windows\WinSxS\amd64_microsoft.windows.common-controls_6595b64144ccf1df_6.0.9600.17415_none_6240486fecbd8abb\COMCTL32.dll
0x0000000064aa0000 - 0x0000000064b72000 	C:\Program Files\Java\jdk1.8.0_31\jre\bin\msvcr100.dll
0x0000000064240000 - 0x0000000064a9a000 	C:\Program Files\Java\jdk1.8.0_31\jre\bin\server\jvm.dll
0x00007ff829ee0000 - 0x00007ff829ee9000 	C:\windows\SYSTEM32\WSOCK32.dll
0x00007ff82dd20000 - 0x00007ff82dd42000 	C:\windows\SYSTEM32\WINMM.dll
0x00007ff833940000 - 0x00007ff833947000 	C:\windows\system32\PSAPI.DLL
0x00007ff8338e0000 - 0x00007ff83393a000 	C:\windows\system32\WS2_32.dll
0x00007ff82c620000 - 0x00007ff82c64a000 	C:\windows\SYSTEM32\WINMMBASE.dll
0x00007ff835640000 - 0x00007ff835649000 	C:\windows\system32\NSI.dll
0x00007ff832bd0000 - 0x00007ff832c1f000 	C:\windows\SYSTEM32\cfgmgr32.dll
0x00007ff8315c0000 - 0x00007ff8315e8000 	C:\windows\SYSTEM32\DEVOBJ.dll
0x0000000065130000 - 0x000000006513f000 	C:\Program Files\Java\jdk1.8.0_31\jre\bin\verify.dll
0x0000000064210000 - 0x0000000064238000 	C:\Program Files\Java\jdk1.8.0_31\jre\bin\java.dll
0x00000000641f0000 - 0x0000000064206000 	C:\Program Files\Java\jdk1.8.0_31\jre\bin\zip.dll
0x0000000180000000 - 0x0000000180053000 	C:\Users\Luuk\Source\Repos\Visualization_2IV35\2IV06 Visual Computing Project\Source\lib\lwjgl-2.9.3\native\windows\lwjgl64.dll
0x00007ff81c4b0000 - 0x00007ff81c5db000 	C:\windows\SYSTEM32\OPENGL32.dll
0x00007ff82abf0000 - 0x00007ff82abfa000 	C:\windows\SYSTEM32\VERSION.dll
0x00007ff828ac0000 - 0x00007ff828aee000 	C:\windows\SYSTEM32\GLU32.dll
0x00007ff81c3b0000 - 0x00007ff81c4a8000 	C:\windows\SYSTEM32\DDRAW.dll
0x00007ff828ab0000 - 0x00007ff828ab9000 	C:\windows\SYSTEM32\DCIMAN32.dll
0x00007ff828990000 - 0x00007ff8289aa000 	C:\windows\SYSTEM32\OpenCL.dll
0x00007ff820c30000 - 0x00007ff820c8e000 	C:\windows\SYSTEM32\IntelOpenCL64.dll
0x00007ff81c220000 - 0x00007ff81c3ad000 	C:\Program Files (x86)\Common Files\Intel\OpenCL\bin\x64\intelocl64.dll
0x00007ff81ca10000 - 0x00007ff81ca98000 	C:\Program Files (x86)\Common Files\Intel\OpenCL\bin\x64\task_executor64.dll
0x00007ff816a50000 - 0x00007ff816b26000 	C:\Program Files (x86)\Common Files\Intel\OpenCL\bin\x64\cpu_device64.dll
0x00007ff809630000 - 0x00007ff80a1b3000 	C:\windows\SYSTEM32\igdrcl64.dll
0x00007ff8300d0000 - 0x00007ff830157000 	C:\windows\SYSTEM32\dxgi.dll
0x00007ff807e10000 - 0x00007ff809625000 	C:\windows\SYSTEM32\igdfcl64.dll
0x00007ff823eb0000 - 0x00007ff82403a000 	C:\windows\SYSTEM32\dbghelp.dll
0x00007ff8169e0000 - 0x00007ff816a48000 	C:\windows\SYSTEM32\igdbcl64.dll
0x00007ff82e650000 - 0x00007ff82eff8000 	C:\windows\SYSTEM32\igdusc64.dll
0x00007ff831460000 - 0x00007ff831589000 	C:\windows\system32\uxtheme.dll
0x00007ff82c690000 - 0x00007ff82c73b000 	C:\Program Files\Common Files\microsoft shared\ink\tiptsf.dll
0x00007ff833660000 - 0x00007ff833721000 	C:\windows\system32\OLEAUT32.dll
0x00007ff8308e0000 - 0x00007ff830901000 	C:\windows\system32\dwmapi.dll
0x00007ff807530000 - 0x00007ff807e01000 	C:\windows\SYSTEM32\ig75icd64.dll
0x00007ff82f320000 - 0x00007ff82f332000 	C:\windows\SYSTEM32\WTSAPI32.dll
0x00007ff831590000 - 0x00007ff83159b000 	C:\windows\SYSTEM32\kernel.appcore.dll
0x00007ff8326e0000 - 0x00007ff8326eb000 	C:\windows\SYSTEM32\CRYPTBASE.dll
0x00007ff832670000 - 0x00007ff8326d3000 	C:\windows\SYSTEM32\bcryptPrimitives.dll
0x00007ff82dfb0000 - 0x00007ff82e01a000 	C:\windows\SYSTEM32\oleacc.dll
0x00007ff826ab0000 - 0x00007ff826b42000 	C:\windows\SYSTEM32\mscms.dll
0x00007ff826db0000 - 0x00007ff826df1000 	C:\windows\SYSTEM32\icm32.dll
0x00007ff831df0000 - 0x00007ff831e36000 	C:\windows\SYSTEM32\powrprof.dll
0x0000000063fe0000 - 0x0000000064178000 	C:\Program Files\Java\jdk1.8.0_31\jre\bin\awt.dll
0x00007ff816970000 - 0x00007ff8169db000 	C:\Program Files (x86)\Common Files\Intel\OpenCL\bin\x64\tbb\tbb.dll
0x00007ff820bd0000 - 0x00007ff820c2a000 	C:\Program Files (x86)\Common Files\Intel\OpenCL\bin\x64\tbb\tbbmalloc.dll
0x00007ff806b00000 - 0x00007ff807529000 	C:\Program Files (x86)\Common Files\Intel\OpenCL\bin\x64\OclCpuBackEnd64.dll
0x00007ff80bff0000 - 0x00007ff80c575000 	C:\Program Files (x86)\Common Files\Intel\OpenCL\bin\x64\__ocl_svml_l9.dll
0x00007ff806420000 - 0x00007ff806af6000 	C:\Program Files (x86)\Common Files\Intel\OpenCL\bin\x64\clang_compiler64.dll

VM Arguments:
jvm_args: -Djava.library.path=C:\Users\Luuk\Source\Repos\Visualization_2IV35\2IV06 Visual Computing Project\Source\lib\lwjgl-2.9.3\native\windows;C:\Users\Luuk\Source\Repos\Visualization_2IV35\2IV06 Visual Computing Project\Source\lib\lwjgl-2.9.3\native\windows -Dfile.encoding=Cp1252 
java_command: engineTester.MainSimulator
java_class_path (initial): C:\Users\Luuk\Source\Repos\Visualization_2IV35\2IV06 Visual Computing Project\Source\bin;C:\Users\Luuk\Source\Repos\Visualization_2IV35\2IV06 Visual Computing Project\Source\lib\lwjgl-2.9.3\jar\lwjgl.jar;C:\Users\Luuk\Source\Repos\Visualization_2IV35\2IV06 Visual Computing Project\Source\lib\lwjgl-2.9.3\jar\lwjgl_util.jar;C:\Users\Luuk\Source\Repos\Visualization_2IV35\2IV06 Visual Computing Project\Source\lib\slick\lib\slick.jar
Launcher Type: SUN_STANDARD

Environment Variables:
PATH=C:\ProgramData\Oracle\Java\javapath;C:\Program Files (x86)\iis express\PHP\v5.4;C:\Program Files (x86)\NVIDIA Corporation\PhysX\Common;C:\windows\system32;C:\windows;C:\windows\System32\Wbem;C:\windows\System32\WindowsPowerShell\v1.0\;C:\Program Files (x86)\Microsoft ASP.NET\ASP.NET Web Pages\v1.0\;C:\Program Files (x86)\Windows Kits\8.0\Windows Performance Toolkit\;C:\Program Files\Microsoft SQL Server\110\Tools\Binn\;C:\Program Files\Microsoft\Web Platform Installer\;C:\Program Files (x86)\MiKTeX 2.9\miktex\bin\;C:\Program Files\Common Files\Autodesk Shared\;C:\Program Files (x86)\Autodesk\Backburner\;C:\Program Files\Java\jdk1.8.0_31\bin
USERNAME=Luuk
OS=Windows_NT
PROCESSOR_IDENTIFIER=Intel64 Family 6 Model 69 Stepping 1, GenuineIntel



---------------  S Y S T E M  ---------------

OS: Windows 8.1 , 64 bit Build 9600 

CPU:total 4 (2 cores per cpu, 2 threads per core) family 6 model 69 stepping 1, cmov, cx8, fxsr, mmx, sse, sse2, sse3, ssse3, sse4.1, sse4.2, popcnt, avx, avx2, aes, clmul, erms, lzcnt, ht, tsc, tscinvbit, bmi1, bmi2

Memory: 4k page, physical 8306732k(2869948k free), swap 17219628k(11048476k free)

vm_info: Java HotSpot(TM) 64-Bit Server VM (25.31-b07) for windows-amd64 JRE (1.8.0_31-b13), built on Dec 17 2014 21:00:28 by "java_re" with MS VC++ 10.0 (VS2010)

time: Tue Mar 17 16:55:37 2015
elapsed time: 1 seconds (0d 0h 0m 1s)

