#
# A fatal error has been detected by the Java Runtime Environment:
#
#  EXCEPTION_ACCESS_VIOLATION (0xc0000005) at pc=0x0000000027fc0046, pid=11676, tid=17836
#
# JRE version: Java(TM) SE Runtime Environment (8.0_31-b13) (build 1.8.0_31-b13)
# Java VM: Java HotSpot(TM) 64-Bit Server VM (25.31-b07 mixed mode windows-amd64 compressed oops)
# Problematic frame:
# C  0x0000000027fc0046
#
# Failed to write core dump. Minidumps are not enabled by default on client versions of Windows
#
# If you would like to submit a bug report, please visit:
#   http://bugreport.java.com/bugreport/crash.jsp
# The crash happened outside the Java Virtual Machine in native code.
# See problematic frame for where to report the bug.
#

---------------  T H R E A D  ---------------

Current thread (0x0000000002510800):  JavaThread "main" [_thread_in_native, id=17836, stack(0x0000000002410000,0x0000000002510000)]

siginfo: ExceptionCode=0xc0000005, reading address 0x00000000241eb000

Registers:
RAX=0x0000000000000025, RBX=0x0000000026960610, RCX=0x0000000024210000, RDX=0x0000000000002b00
RSP=0x000000000250e3e0, RBP=0x000000000250e3f0, RSI=0x000000000002b000, RDI=0x00000000000000eb
R8 =0x0000000024240000, R9 =0x0000000024270800, R10=0x0000000024270700, R11=0x00000000241c0000
R12=0x0000000000000000, R13=0x0000000000000000, R14=0x0000000000000000, R15=0x00007ff815eb17d0
RIP=0x0000000027fc0046, EFLAGS=0x0000000000010206

Top of Stack: (sp=0x000000000250e3e0)
0x000000000250e3e0:   0000000027fc0010 00000000240c3460
0x000000000250e3f0:   0000000000a037b0 00007ff8053299eb
0x000000000250e400:   0000000000000100 00007ff8158ce7cf
0x000000000250e410:   0000000000000080 00000000240c2e40
0x000000000250e420:   00007ff800000000 fffffffffffffffe
0x000000000250e430:   0000000000000080 00007ff81565e320
0x000000000250e440:   000000001cfec800 0000000000000100
0x000000000250e450:   0000000000000001 0000000000000000
0x000000000250e460:   0000000000000000 0000000000000000
0x000000000250e470:   0000000000000000 00000000000000ea
0x000000000250e480:   0000000000000000 0000000000000000
0x000000000250e490:   000077589974c49b 0000000000000003
0x000000000250e4a0:   00000000000000ea 00007ff815e9026c
0x000000000250e4b0:   0000000000001fa2 00000000240c3440
0x000000000250e4c0:   00000000240c3440 00007ff815e8cf73
0x000000000250e4d0:   0000000000a037b0 00000000240c3440 

Instructions: (pc=0x0000000027fc0046)
0x0000000027fc0026:   af d0 48 03 51 30 4c 8b 41 20 4c 8b 49 18 4c 8b
0x0000000027fc0036:   51 10 4c 8b 19 48 8b 49 08 90 89 d6 48 c1 e6 04
0x0000000027fc0046:   c4 c1 78 10 0c 33 c5 f8 10 1c 31 c4 c1 7a 10 11
0x0000000027fc0056:   c5 f9 70 c2 00 c4 e2 61 a8 c1 c4 c1 78 10 1c 32 


Register to memory mapping:

RAX=0x0000000000000025 is an unknown value
RBX=0x0000000026960610 is an unknown value
RCX=0x0000000024210000 is an unknown value
RDX=0x0000000000002b00 is an unknown value
RSP=0x000000000250e3e0 is pointing into the stack for thread: 0x0000000002510800
RBP=0x000000000250e3f0 is pointing into the stack for thread: 0x0000000002510800
RSI=0x000000000002b000 is an unknown value
RDI=0x00000000000000eb is an unknown value
R8 =0x0000000024240000 is an unknown value
R9 =0x0000000024270800 is an unknown value
R10=0x0000000024270700 is an unknown value
R11=0x00000000241c0000 is an unknown value
R12=0x0000000000000000 is an unknown value
R13=0x0000000000000000 is an unknown value
R14=0x0000000000000000 is an unknown value
R15=0x00007ff815eb17d0 is an unknown value


Stack: [0x0000000002410000,0x0000000002510000],  sp=0x000000000250e3e0,  free space=1016k
Native frames: (J=compiled Java code, j=interpreted, Vv=VM code, C=native code)
C  0x0000000027fc0046

Java frames: (J=compiled Java code, j=interpreted, Vv=VM code)
j  org.lwjgl.opencl.CL10.nclEnqueueReadBuffer(JJIJJJIJJJ)I+0
j  org.lwjgl.opencl.CL10.clEnqueueReadBuffer(Lorg/lwjgl/opencl/CLCommandQueue;Lorg/lwjgl/opencl/CLMem;IJLjava/nio/FloatBuffer;Lorg/lwjgl/PointerBuffer;Lorg/lwjgl/PointerBuffer;)I+85
j  engineTester.MainSimulator.OpenCLTest()V+235
j  engineTester.MainSimulator.main([Ljava/lang/String;)V+820
v  ~StubRoutines::call_stub

---------------  P R O C E S S  ---------------

Java Threads: ( => current thread )
  0x00000000171ee000 JavaThread "Service Thread" daemon [_thread_blocked, id=15428, stack(0x0000000018de0000,0x0000000018ee0000)]
  0x0000000017193000 JavaThread "C1 CompilerThread2" daemon [_thread_blocked, id=4460, stack(0x00000000188e0000,0x00000000189e0000)]
  0x000000001718c800 JavaThread "C2 CompilerThread1" daemon [_thread_blocked, id=7852, stack(0x00000000187e0000,0x00000000188e0000)]
  0x000000001719b800 JavaThread "C2 CompilerThread0" daemon [_thread_blocked, id=192, stack(0x00000000186e0000,0x00000000187e0000)]
  0x0000000017199000 JavaThread "Attach Listener" daemon [_thread_blocked, id=18352, stack(0x00000000185e0000,0x00000000186e0000)]
  0x0000000017198000 JavaThread "Signal Dispatcher" daemon [_thread_blocked, id=2272, stack(0x00000000184e0000,0x00000000185e0000)]
  0x0000000002606000 JavaThread "Finalizer" daemon [_thread_blocked, id=7712, stack(0x00000000183e0000,0x00000000184e0000)]
  0x00000000025fc000 JavaThread "Reference Handler" daemon [_thread_blocked, id=13964, stack(0x00000000182e0000,0x00000000183e0000)]
=>0x0000000002510800 JavaThread "main" [_thread_in_native, id=17836, stack(0x0000000002410000,0x0000000002510000)]

Other Threads:
  0x0000000017156000 VMThread [stack: 0x00000000181e0000,0x00000000182e0000] [id=14096]
  0x0000000018a08800 WatcherThread [stack: 0x0000000018ee0000,0x0000000018fe0000] [id=7356]

VM state:not at safepoint (normal execution)

VM Mutex/Monitor currently owned by a thread: None

Heap:
 PSYoungGen      total 38400K, used 27612K [0x00000000d5b80000, 0x00000000d8600000, 0x0000000100000000)
  eden space 33280K, 73% used [0x00000000d5b80000,0x00000000d73458b0,0x00000000d7c00000)
  from space 5120K, 63% used [0x00000000d7c00000,0x00000000d7f319e0,0x00000000d8100000)
  to   space 5120K, 0% used [0x00000000d8100000,0x00000000d8100000,0x00000000d8600000)
 ParOldGen       total 87552K, used 8K [0x0000000081200000, 0x0000000086780000, 0x00000000d5b80000)
  object space 87552K, 0% used [0x0000000081200000,0x0000000081202000,0x0000000086780000)
 Metaspace       used 6059K, capacity 6305K, committed 6528K, reserved 1056768K
  class space    used 577K, capacity 626K, committed 640K, reserved 1048576K

Card table byte_map: [0x00000000119d0000,0x0000000011dd0000] byte_map_base: 0x00000000115c7000

Marking Bits: (ParMarkBitMap*) 0x0000000064a1d4f0
 Begin Bits: [0x0000000012480000, 0x0000000014438000)
 End Bits:   [0x0000000014438000, 0x00000000163f0000)

Polling page: 0x00000000022e0000

CodeCache: size=245760Kb used=2501Kb max_used=2501Kb free=243258Kb
 bounds [0x0000000002610000, 0x0000000002890000, 0x0000000011610000]
 total_blobs=985 nmethods=540 adapters=359
 compilation: enabled

Compilation events (10 events):
Event: 1.111 Thread 0x0000000017193000  539       3       sun.reflect.ReflectionFactory::langReflectAccess (15 bytes)
Event: 1.111 Thread 0x0000000017193000 nmethod 539 0x0000000002880650 code [0x00000000028807c0, 0x00000000028809d0]
Event: 1.111 Thread 0x0000000017193000  534   !   3       java.net.URLClassLoader::findClass (29 bytes)
Event: 1.111 Thread 0x0000000017193000 nmethod 534 0x0000000002880a50 code [0x0000000002880be0, 0x00000000028810c8]
Event: 1.111 Thread 0x0000000017193000  535       3       java.net.URLClassLoader$1::<init> (15 bytes)
Event: 1.111 Thread 0x0000000017193000 nmethod 535 0x00000000028812d0 code [0x0000000002881420, 0x00000000028815f0]
Event: 1.111 Thread 0x0000000017193000  537       3       java.net.URLClassLoader$1::run (5 bytes)
Event: 1.111 Thread 0x0000000017193000 nmethod 537 0x0000000002881690 code [0x0000000002881800, 0x00000000028819a8]
Event: 1.111 Thread 0x0000000017193000  538   !   3       java.net.URLClassLoader$1::run (73 bytes)
Event: 1.112 Thread 0x0000000017193000 nmethod 538 0x0000000002881a50 code [0x0000000002881c20, 0x00000000028821b8]

GC Heap History (2 events):
Event: 0.693 GC heap before
{Heap before GC invocations=1 (full 0):
 PSYoungGen      total 38400K, used 33280K [0x00000000d5b80000, 0x00000000d8600000, 0x0000000100000000)
  eden space 33280K, 100% used [0x00000000d5b80000,0x00000000d7c00000,0x00000000d7c00000)
  from space 5120K, 0% used [0x00000000d8100000,0x00000000d8100000,0x00000000d8600000)
  to   space 5120K, 0% used [0x00000000d7c00000,0x00000000d7c00000,0x00000000d8100000)
 ParOldGen       total 87552K, used 0K [0x0000000081200000, 0x0000000086780000, 0x00000000d5b80000)
  object space 87552K, 0% used [0x0000000081200000,0x0000000081200000,0x0000000086780000)
 Metaspace       used 5922K, capacity 6241K, committed 6272K, reserved 1056768K
  class space    used 567K, capacity 626K, committed 640K, reserved 1048576K
Event: 0.698 GC heap after
Heap after GC invocations=1 (full 0):
 PSYoungGen      total 38400K, used 3270K [0x00000000d5b80000, 0x00000000d8600000, 0x0000000100000000)
  eden space 33280K, 0% used [0x00000000d5b80000,0x00000000d5b80000,0x00000000d7c00000)
  from space 5120K, 63% used [0x00000000d7c00000,0x00000000d7f319e0,0x00000000d8100000)
  to   space 5120K, 0% used [0x00000000d8100000,0x00000000d8100000,0x00000000d8600000)
 ParOldGen       total 87552K, used 8K [0x0000000081200000, 0x0000000086780000, 0x00000000d5b80000)
  object space 87552K, 0% used [0x0000000081200000,0x0000000081202000,0x0000000086780000)
 Metaspace       used 5922K, capacity 6241K, committed 6272K, reserved 1056768K
  class space    used 567K, capacity 626K, committed 640K, reserved 1048576K
}

Deoptimization events (4 events):
Event: 0.594 Thread 0x0000000002510800 Uncommon trap: reason=array_check action=maybe_recompile pc=0x000000000280d030 method=java.util.AbstractCollection.toArray([Ljava/lang/Object;)[Ljava/lang/Object; @ 119
Event: 0.594 Thread 0x0000000002510800 Uncommon trap: reason=array_check action=maybe_recompile pc=0x000000000280d030 method=java.util.AbstractCollection.toArray([Ljava/lang/Object;)[Ljava/lang/Object; @ 119
Event: 0.594 Thread 0x0000000002510800 Uncommon trap: reason=array_check action=maybe_recompile pc=0x000000000280d030 method=java.util.AbstractCollection.toArray([Ljava/lang/Object;)[Ljava/lang/Object; @ 119
Event: 0.594 Thread 0x0000000002510800 Uncommon trap: reason=array_check action=maybe_recompile pc=0x000000000280d030 method=java.util.AbstractCollection.toArray([Ljava/lang/Object;)[Ljava/lang/Object; @ 119

Internal exceptions (10 events):
Event: 1.103 Thread 0x0000000002510800 Exception <a 'java/security/PrivilegedActionException'> (0x00000000d7232d08) thrown at [C:\workspace\8-2-build-windows-amd64-cygwin\jdk8u31\2394\hotspot\src\share\vm\prims\jvm.cpp, line 1312]
Event: 1.104 Thread 0x0000000002510800 Exception <a 'java/security/PrivilegedActionException'> (0x00000000d72369c0) thrown at [C:\workspace\8-2-build-windows-amd64-cygwin\jdk8u31\2394\hotspot\src\share\vm\prims\jvm.cpp, line 1312]
Event: 1.104 Thread 0x0000000002510800 Exception <a 'java/security/PrivilegedActionException'> (0x00000000d7239cd8) thrown at [C:\workspace\8-2-build-windows-amd64-cygwin\jdk8u31\2394\hotspot\src\share\vm\prims\jvm.cpp, line 1312]
Event: 1.104 Thread 0x0000000002510800 Exception <a 'java/security/PrivilegedActionException'> (0x00000000d723cb10) thrown at [C:\workspace\8-2-build-windows-amd64-cygwin\jdk8u31\2394\hotspot\src\share\vm\prims\jvm.cpp, line 1312]
Event: 1.105 Thread 0x0000000002510800 Exception <a 'java/security/PrivilegedActionException'> (0x00000000d723fb00) thrown at [C:\workspace\8-2-build-windows-amd64-cygwin\jdk8u31\2394\hotspot\src\share\vm\prims\jvm.cpp, line 1312]
Event: 1.105 Thread 0x0000000002510800 Exception <a 'java/security/PrivilegedActionException'> (0x00000000d724b728) thrown at [C:\workspace\8-2-build-windows-amd64-cygwin\jdk8u31\2394\hotspot\src\share\vm\prims\jvm.cpp, line 1312]
Event: 1.106 Thread 0x0000000002510800 Exception <a 'java/security/PrivilegedActionException'> (0x00000000d72a4d90) thrown at [C:\workspace\8-2-build-windows-amd64-cygwin\jdk8u31\2394\hotspot\src\share\vm\prims\jvm.cpp, line 1312]
Event: 1.106 Thread 0x0000000002510800 Exception <a 'java/security/PrivilegedActionException'> (0x00000000d72a8648) thrown at [C:\workspace\8-2-build-windows-amd64-cygwin\jdk8u31\2394\hotspot\src\share\vm\prims\jvm.cpp, line 1312]
Event: 1.106 Thread 0x0000000002510800 Exception <a 'java/security/PrivilegedActionException'> (0x00000000d72ac700) thrown at [C:\workspace\8-2-build-windows-amd64-cygwin\jdk8u31\2394\hotspot\src\share\vm\prims\jvm.cpp, line 1312]
Event: 1.109 Thread 0x0000000002510800 Exception <a 'java/security/PrivilegedActionException'> (0x00000000d72c87c0) thrown at [C:\workspace\8-2-build-windows-amd64-cygwin\jdk8u31\2394\hotspot\src\share\vm\prims\jvm.cpp, line 1312]

Events (10 events):
Event: 1.106 loading class org/lwjgl/opencl/KHRICD
Event: 1.106 loading class org/lwjgl/opencl/KHRICD done
Event: 1.106 loading class org/lwjgl/opencl/APPLEGLSharing
Event: 1.106 loading class org/lwjgl/opencl/APPLEGLSharing done
Event: 1.106 loading class org/lwjgl/opencl/EXTDeviceFission
Event: 1.106 loading class org/lwjgl/opencl/EXTDeviceFission done
Event: 1.107 loading class java/util/AbstractList$Itr
Event: 1.107 loading class java/util/AbstractList$Itr done
Event: 1.109 loading class org/lwjgl/opencl/CLKernel
Event: 1.109 loading class org/lwjgl/opencl/CLKernel done


Dynamic libraries:
0x00007ff7c8190000 - 0x00007ff7c81c4000 	C:\Program Files\Java\jdk1.8.0_31\bin\javaw.exe
0x00007ff835650000 - 0x00007ff8357fc000 	C:\windows\SYSTEM32\ntdll.dll
0x00007ff832f00000 - 0x00007ff83303e000 	C:\windows\system32\KERNEL32.DLL
0x00007ff832ab0000 - 0x00007ff832bc5000 	C:\windows\system32\KERNELBASE.dll
0x00007ff831340000 - 0x00007ff8313ce000 	C:\windows\system32\apphelp.dll
0x00007ff81caa0000 - 0x00007ff81caf3000 	C:\windows\AppPatch\AppPatch64\AcGenral.DLL
0x00007ff835520000 - 0x00007ff8355ca000 	C:\windows\system32\msvcrt.dll
0x00007ff832640000 - 0x00007ff83266e000 	C:\windows\SYSTEM32\SspiCli.dll
0x00007ff833040000 - 0x00007ff833094000 	C:\windows\system32\SHLWAPI.dll
0x00007ff833bb0000 - 0x00007ff833d27000 	C:\windows\system32\USER32.dll
0x00007ff833740000 - 0x00007ff8338d4000 	C:\windows\system32\ole32.dll
0x00007ff833f50000 - 0x00007ff835468000 	C:\windows\system32\SHELL32.dll
0x00007ff831dc0000 - 0x00007ff831de1000 	C:\windows\SYSTEM32\USERENV.dll
0x00007ff835470000 - 0x00007ff83551a000 	C:\windows\system32\ADVAPI32.dll
0x00007ff8272d0000 - 0x00007ff8272ee000 	C:\windows\SYSTEM32\MPR.dll
0x00007ff833510000 - 0x00007ff833651000 	C:\windows\system32\RPCRT4.dll
0x00007ff832ea0000 - 0x00007ff832ef9000 	C:\windows\SYSTEM32\sechost.dll
0x00007ff8330a0000 - 0x00007ff8332b1000 	C:\windows\SYSTEM32\combase.dll
0x00007ff833d30000 - 0x00007ff833e81000 	C:\windows\system32\GDI32.dll
0x00007ff8327a0000 - 0x00007ff8327b5000 	C:\windows\SYSTEM32\profapi.dll
0x00007ff830b50000 - 0x00007ff830c02000 	C:\windows\SYSTEM32\SHCORE.dll
0x00007ff833b70000 - 0x00007ff833ba6000 	C:\windows\system32\IMM32.DLL
0x00007ff833950000 - 0x00007ff833aa1000 	C:\windows\system32\MSCTF.dll
0x00007ff82fe50000 - 0x00007ff8300cb000 	C:\windows\WinSxS\amd64_microsoft.windows.common-controls_6595b64144ccf1df_6.0.9600.17415_none_6240486fecbd8abb\COMCTL32.dll
0x0000000064aa0000 - 0x0000000064b72000 	C:\Program Files\Java\jdk1.8.0_31\jre\bin\msvcr100.dll
0x0000000064240000 - 0x0000000064a9a000 	C:\Program Files\Java\jdk1.8.0_31\jre\bin\server\jvm.dll
0x00007ff829ee0000 - 0x00007ff829ee9000 	C:\windows\SYSTEM32\WSOCK32.dll
0x00007ff82dd20000 - 0x00007ff82dd42000 	C:\windows\SYSTEM32\WINMM.dll
0x00007ff833940000 - 0x00007ff833947000 	C:\windows\system32\PSAPI.DLL
0x00007ff8338e0000 - 0x00007ff83393a000 	C:\windows\system32\WS2_32.dll
0x00007ff82c620000 - 0x00007ff82c64a000 	C:\windows\SYSTEM32\WINMMBASE.dll
0x00007ff835640000 - 0x00007ff835649000 	C:\windows\system32\NSI.dll
0x00007ff832bd0000 - 0x00007ff832c1f000 	C:\windows\SYSTEM32\cfgmgr32.dll
0x00007ff8315c0000 - 0x00007ff8315e8000 	C:\windows\SYSTEM32\DEVOBJ.dll
0x0000000065130000 - 0x000000006513f000 	C:\Program Files\Java\jdk1.8.0_31\jre\bin\verify.dll
0x0000000064210000 - 0x0000000064238000 	C:\Program Files\Java\jdk1.8.0_31\jre\bin\java.dll
0x00000000641f0000 - 0x0000000064206000 	C:\Program Files\Java\jdk1.8.0_31\jre\bin\zip.dll
0x0000000180000000 - 0x0000000180053000 	C:\Users\Luuk\Source\Repos\Visualization_2IV35\2IV06 Visual Computing Project\Source\lib\lwjgl-2.9.3\native\windows\lwjgl64.dll
0x00007ff815920000 - 0x00007ff815a4b000 	C:\windows\SYSTEM32\OPENGL32.dll
0x00007ff82abf0000 - 0x00007ff82abfa000 	C:\windows\SYSTEM32\VERSION.dll
0x00007ff828aa0000 - 0x00007ff828ace000 	C:\windows\SYSTEM32\GLU32.dll
0x00007ff8167d0000 - 0x00007ff8168c8000 	C:\windows\SYSTEM32\DDRAW.dll
0x00007ff82df20000 - 0x00007ff82df29000 	C:\windows\SYSTEM32\DCIMAN32.dll
0x00007ff828b50000 - 0x00007ff828b6a000 	C:\windows\SYSTEM32\OpenCL.dll
0x00007ff81c1e0000 - 0x00007ff81c23e000 	C:\windows\SYSTEM32\IntelOpenCL64.dll
0x00007ff80c1d0000 - 0x00007ff80c35d000 	C:\Program Files (x86)\Common Files\Intel\OpenCL\bin\x64\intelocl64.dll
0x00007ff815e80000 - 0x00007ff815f08000 	C:\Program Files (x86)\Common Files\Intel\OpenCL\bin\x64\task_executor64.dll
0x00007ff815650000 - 0x00007ff815726000 	C:\Program Files (x86)\Common Files\Intel\OpenCL\bin\x64\cpu_device64.dll
0x00007ff807e40000 - 0x00007ff8089c3000 	C:\windows\SYSTEM32\igdrcl64.dll
0x00007ff8300d0000 - 0x00007ff830157000 	C:\windows\SYSTEM32\dxgi.dll
0x00007ff806620000 - 0x00007ff807e35000 	C:\windows\SYSTEM32\igdfcl64.dll
0x00007ff823eb0000 - 0x00007ff82403a000 	C:\windows\SYSTEM32\dbghelp.dll
0x00007ff815e10000 - 0x00007ff815e78000 	C:\windows\SYSTEM32\igdbcl64.dll
0x00007ff82e650000 - 0x00007ff82eff8000 	C:\windows\SYSTEM32\igdusc64.dll
0x00007ff831460000 - 0x00007ff831589000 	C:\windows\system32\uxtheme.dll
0x00007ff82c690000 - 0x00007ff82c73b000 	C:\Program Files\Common Files\microsoft shared\ink\tiptsf.dll
0x00007ff833660000 - 0x00007ff833721000 	C:\windows\system32\OLEAUT32.dll
0x00007ff8308e0000 - 0x00007ff830901000 	C:\windows\system32\dwmapi.dll
0x00007ff805d40000 - 0x00007ff806611000 	C:\windows\SYSTEM32\ig75icd64.dll
0x00007ff82f320000 - 0x00007ff82f332000 	C:\windows\SYSTEM32\WTSAPI32.dll
0x00007ff831590000 - 0x00007ff83159b000 	C:\windows\SYSTEM32\kernel.appcore.dll
0x00007ff8326e0000 - 0x00007ff8326eb000 	C:\windows\SYSTEM32\CRYPTBASE.dll
0x00007ff832670000 - 0x00007ff8326d3000 	C:\windows\SYSTEM32\bcryptPrimitives.dll
0x00007ff82dfb0000 - 0x00007ff82e01a000 	C:\windows\SYSTEM32\oleacc.dll
0x00007ff826ab0000 - 0x00007ff826b42000 	C:\windows\SYSTEM32\mscms.dll
0x00007ff826db0000 - 0x00007ff826df1000 	C:\windows\SYSTEM32\icm32.dll
0x00007ff831df0000 - 0x00007ff831e36000 	C:\windows\SYSTEM32\powrprof.dll
0x0000000063fe0000 - 0x0000000064178000 	C:\Program Files\Java\jdk1.8.0_31\jre\bin\awt.dll
0x00007ff815ce0000 - 0x00007ff815d4b000 	C:\Program Files (x86)\Common Files\Intel\OpenCL\bin\x64\tbb\tbb.dll
0x00007ff8158c0000 - 0x00007ff81591a000 	C:\Program Files (x86)\Common Files\Intel\OpenCL\bin\x64\tbb\tbbmalloc.dll
0x00007ff805310000 - 0x00007ff805d39000 	C:\Program Files (x86)\Common Files\Intel\OpenCL\bin\x64\OclCpuBackEnd64.dll
0x00007ff804d80000 - 0x00007ff805305000 	C:\Program Files (x86)\Common Files\Intel\OpenCL\bin\x64\__ocl_svml_l9.dll
0x00007ff8046a0000 - 0x00007ff804d76000 	C:\Program Files (x86)\Common Files\Intel\OpenCL\bin\x64\clang_compiler64.dll

VM Arguments:
jvm_args: -Djava.library.path=C:\Users\Luuk\Source\Repos\Visualization_2IV35\2IV06 Visual Computing Project\Source\lib\lwjgl-2.9.3\native\windows;C:\Users\Luuk\Source\Repos\Visualization_2IV35\2IV06 Visual Computing Project\Source\lib\lwjgl-2.9.3\native\windows -Dfile.encoding=Cp1252 
java_command: engineTester.MainSimulator
java_class_path (initial): C:\Users\Luuk\Source\Repos\Visualization_2IV35\2IV06 Visual Computing Project\Source\bin;C:\Users\Luuk\Source\Repos\Visualization_2IV35\2IV06 Visual Computing Project\Source\lib\lwjgl-2.9.3\jar\lwjgl.jar;C:\Users\Luuk\Source\Repos\Visualization_2IV35\2IV06 Visual Computing Project\Source\lib\lwjgl-2.9.3\jar\lwjgl_util.jar;C:\Users\Luuk\Source\Repos\Visualization_2IV35\2IV06 Visual Computing Project\Source\lib\slick\lib\slick.jar
Launcher Type: SUN_STANDARD

Environment Variables:
PATH=C:\ProgramData\Oracle\Java\javapath;C:\Program Files (x86)\iis express\PHP\v5.4;C:\Program Files (x86)\NVIDIA Corporation\PhysX\Common;C:\windows\system32;C:\windows;C:\windows\System32\Wbem;C:\windows\System32\WindowsPowerShell\v1.0\;C:\Program Files (x86)\Microsoft ASP.NET\ASP.NET Web Pages\v1.0\;C:\Program Files (x86)\Windows Kits\8.0\Windows Performance Toolkit\;C:\Program Files\Microsoft SQL Server\110\Tools\Binn\;C:\Program Files\Microsoft\Web Platform Installer\;C:\Program Files (x86)\MiKTeX 2.9\miktex\bin\;C:\Program Files\Common Files\Autodesk Shared\;C:\Program Files (x86)\Autodesk\Backburner\;C:\Program Files\Java\jdk1.8.0_31\bin
USERNAME=Luuk
OS=Windows_NT
PROCESSOR_IDENTIFIER=Intel64 Family 6 Model 69 Stepping 1, GenuineIntel



---------------  S Y S T E M  ---------------

OS: Windows 8.1 , 64 bit Build 9600 

CPU:total 4 (2 cores per cpu, 2 threads per core) family 6 model 69 stepping 1, cmov, cx8, fxsr, mmx, sse, sse2, sse3, ssse3, sse4.1, sse4.2, popcnt, avx, avx2, aes, clmul, erms, lzcnt, ht, tsc, tscinvbit, bmi1, bmi2

Memory: 4k page, physical 8306732k(2584816k free), swap 17219628k(10876572k free)

vm_info: Java HotSpot(TM) 64-Bit Server VM (25.31-b07) for windows-amd64 JRE (1.8.0_31-b13), built on Dec 17 2014 21:00:28 by "java_re" with MS VC++ 10.0 (VS2010)

time: Tue Mar 17 18:07:37 2015
elapsed time: 1 seconds (0d 0h 0m 1s)

