#
# A fatal error has been detected by the Java Runtime Environment:
#
#  EXCEPTION_ACCESS_VIOLATION (0xc0000005) at pc=0x0000000000000000, pid=11880, tid=5580
#
# JRE version: Java(TM) SE Runtime Environment (8.0_31-b13) (build 1.8.0_31-b13)
# Java VM: Java HotSpot(TM) 64-Bit Server VM (25.31-b07 mixed mode windows-amd64 compressed oops)
# Problematic frame:
# C  0x0000000000000000
#
# Failed to write core dump. Minidumps are not enabled by default on client versions of Windows
#
# If you would like to submit a bug report, please visit:
#   http://bugreport.java.com/bugreport/crash.jsp
# The crash happened outside the Java Virtual Machine in native code.
# See problematic frame for where to report the bug.
#

---------------  T H R E A D  ---------------

Current thread (0x00000000025a0800):  JavaThread "main" [_thread_in_native, id=5580, stack(0x00000000024a0000,0x00000000025a0000)]

siginfo: ExceptionCode=0xc0000005, ExceptionInformation=0x0000000000000008 0x0000000000000000

Registers:
RAX=0x0000000000000000, RBX=0x0000000018bb6030, RCX=0x0000000018bb6030, RDX=0x0000000000000000
RSP=0x000000000259e548, RBP=0x000000000259e5f8, RSI=0x0000000011657000, RDI=0x00000000026a7540
R8 =0x000000000000007f, R9 =0x0000000000000054, R10=0x00000000000000a2, R11=0x0000000000000288
R12=0x0000000000000000, R13=0x0000000016cd13d0, R14=0x000000000259e620, R15=0x00000000025a0800
RIP=0x0000000000000000, EFLAGS=0x0000000000010202

Top of Stack: (sp=0x000000000259e548)
0x000000000259e548:   0000000180003c8d 0000000018bb6030
0x000000000259e558:   00000000025a0800 000000000259e5f8
0x000000000259e568:   0000000011657000 0000000016cd13d0
0x000000000259e578:   00000000026b5b74 00000000026a7540
0x000000000259e588:   00000000026b58eb 00000000025a0800
0x000000000259e598:   0000000016cd13d0 0000000011657000
0x000000000259e5a8:   00000000025a0800 00000000026b58a2
0x000000000259e5b8:   000000000259e5b8 0000000016cd13d0
0x000000000259e5c8:   000000000259e620 0000000016cd1a98
0x000000000259e5d8:   0000000000000000 0000000016cd13d0
0x000000000259e5e8:   0000000000000000 000000000259e618
0x000000000259e5f8:   000000000259e668 00000000026a7540
0x000000000259e608:   00000000d5eed380 00000000026af6b7
0x000000000259e618:   0000000018bb6030 00000000d5ef3f50
0x000000000259e628:   000000000259e628 0000000016cd1321
0x000000000259e638:   000000000259e680 0000000016cd1a98 

Instructions: (pc=0x0000000000000000)
0xffffffffffffffe0:   


Register to memory mapping:

RAX=0x0000000000000000 is an unknown value
RBX=0x0000000018bb6030 is an unknown value
RCX=0x0000000018bb6030 is an unknown value
RDX=0x0000000000000000 is an unknown value
RSP=0x000000000259e548 is pointing into the stack for thread: 0x00000000025a0800
RBP=0x000000000259e5f8 is pointing into the stack for thread: 0x00000000025a0800
RSI=0x0000000011657000 is an unknown value
RDI=0x00000000026a7540 is at code_begin+832 in an Interpreter codelet
invoke return entry points  [0x00000000026a7200, 0x00000000026a7b00]  2304 bytes
R8 =0x000000000000007f is an unknown value
R9 =0x0000000000000054 is an unknown value
R10=0x00000000000000a2 is an unknown value
R11=0x0000000000000288 is an unknown value
R12=0x0000000000000000 is an unknown value
R13={method} {0x0000000016cd13d8} 'ngetFunctionAddress' '(J)J' in 'org/lwjgl/opencl/CL'
R14=0x000000000259e620 is pointing into the stack for thread: 0x00000000025a0800
R15=0x00000000025a0800 is a thread


Stack: [0x00000000024a0000,0x00000000025a0000],  sp=0x000000000259e548,  free space=1017k
Native frames: (J=compiled Java code, j=interpreted, Vv=VM code, C=native code)

Java frames: (J=compiled Java code, j=interpreted, Vv=VM code)
j  org.lwjgl.opencl.CL.ngetFunctionAddress(J)J+0
j  org.lwjgl.opencl.CL.getFunctionAddress(Ljava/lang/String;)J+9
j  org.lwjgl.opencl.CLCapabilities.<clinit>()V+2
v  ~StubRoutines::call_stub
j  org.lwjgl.opencl.CL10.clGetPlatformIDs(Lorg/lwjgl/PointerBuffer;Ljava/nio/IntBuffer;)I+0
j  org.lwjgl.opencl.InfoUtilFactory$CLPlatformUtil.getPlatforms(Lorg/lwjgl/opencl/api/Filter;)Ljava/util/List;+6
j  org.lwjgl.opencl.CLPlatform.getPlatforms(Lorg/lwjgl/opencl/api/Filter;)Ljava/util/List;+4
j  org.lwjgl.opencl.CLPlatform.getPlatforms()Ljava/util/List;+1
j  engineTester.MainSimulator.displayInfo()V+0
j  engineTester.MainSimulator.main([Ljava/lang/String;)V+3
v  ~StubRoutines::call_stub

---------------  P R O C E S S  ---------------

Java Threads: ( => current thread )
  0x0000000018a8c800 JavaThread "Service Thread" daemon [_thread_blocked, id=6272, stack(0x0000000018e70000,0x0000000018f70000)]
  0x000000001725a800 JavaThread "C1 CompilerThread2" daemon [_thread_blocked, id=8688, stack(0x0000000018970000,0x0000000018a70000)]
  0x0000000017220000 JavaThread "C2 CompilerThread1" daemon [_thread_blocked, id=10548, stack(0x0000000018870000,0x0000000018970000)]
  0x000000001721a000 JavaThread "C2 CompilerThread0" daemon [_thread_blocked, id=9184, stack(0x0000000018770000,0x0000000018870000)]
  0x0000000017228800 JavaThread "Attach Listener" daemon [_thread_blocked, id=10664, stack(0x0000000018670000,0x0000000018770000)]
  0x0000000017227000 JavaThread "Signal Dispatcher" daemon [_thread_blocked, id=10708, stack(0x0000000018570000,0x0000000018670000)]
  0x0000000002695000 JavaThread "Finalizer" daemon [_thread_blocked, id=1020, stack(0x0000000018470000,0x0000000018570000)]
  0x000000000268c000 JavaThread "Reference Handler" daemon [_thread_blocked, id=9540, stack(0x0000000018370000,0x0000000018470000)]
=>0x00000000025a0800 JavaThread "main" [_thread_in_native, id=5580, stack(0x00000000024a0000,0x00000000025a0000)]

Other Threads:
  0x00000000171e6000 VMThread [stack: 0x0000000018270000,0x0000000018370000] [id=10420]
  0x0000000018a9e800 WatcherThread [stack: 0x0000000018f70000,0x0000000019070000] [id=11160]

VM state:not at safepoint (normal execution)

VM Mutex/Monitor currently owned by a thread: None

Heap:
 PSYoungGen      total 38400K, used 4008K [0x00000000d5b80000, 0x00000000d8600000, 0x0000000100000000)
  eden space 33280K, 12% used [0x00000000d5b80000,0x00000000d5f6a258,0x00000000d7c00000)
  from space 5120K, 0% used [0x00000000d8100000,0x00000000d8100000,0x00000000d8600000)
  to   space 5120K, 0% used [0x00000000d7c00000,0x00000000d7c00000,0x00000000d8100000)
 ParOldGen       total 87552K, used 0K [0x0000000081200000, 0x0000000086780000, 0x00000000d5b80000)
  object space 87552K, 0% used [0x0000000081200000,0x0000000081200000,0x0000000086780000)
 Metaspace       used 3400K, capacity 4856K, committed 5120K, reserved 1056768K
  class space    used 368K, capacity 424K, committed 512K, reserved 1048576K

Card table byte_map: [0x0000000011a60000,0x0000000011e60000] byte_map_base: 0x0000000011657000

Marking Bits: (ParMarkBitMap*) 0x0000000057a6d4f0
 Begin Bits: [0x0000000012510000, 0x00000000144c8000)
 End Bits:   [0x00000000144c8000, 0x0000000016480000)

Polling page: 0x0000000000ab0000

CodeCache: size=245760Kb used=1315Kb max_used=1315Kb free=244444Kb
 bounds [0x00000000026a0000, 0x0000000002910000, 0x00000000116a0000]
 total_blobs=419 nmethods=133 adapters=200
 compilation: enabled

Compilation events (10 events):
Event: 0.190 Thread 0x000000001725a800  129       1       sun.util.calendar.CalendarDate::getSeconds (5 bytes)
Event: 0.190 Thread 0x000000001725a800 nmethod 129 0x00000000027e2510 code [0x00000000027e2660, 0x00000000027e2770]
Event: 0.190 Thread 0x000000001725a800  130       1       sun.util.calendar.CalendarDate::getMillis (5 bytes)
Event: 0.190 Thread 0x000000001725a800 nmethod 130 0x00000000027e27d0 code [0x00000000027e2920, 0x00000000027e2a30]
Event: 0.195 Thread 0x000000001725a800  131       3       java.lang.CharacterDataLatin1::toUpperCase (53 bytes)
Event: 0.195 Thread 0x000000001725a800 nmethod 131 0x00000000027e8210 code [0x00000000027e8380, 0x00000000027e8670]
Event: 0.196 Thread 0x000000001725a800  133  s!   3       java.net.URLStreamHandler::getHostAddress (54 bytes)
Event: 0.197 Thread 0x000000001725a800 nmethod 133 0x00000000027e87d0 code [0x00000000027e8960, 0x00000000027e9038]
Event: 0.197 Thread 0x000000001725a800  132       1       sun.misc.URLClassPath$JarLoader::access$500 (5 bytes)
Event: 0.197 Thread 0x000000001725a800 nmethod 132 0x00000000027e91d0 code [0x00000000027e9320, 0x00000000027e9410]

GC Heap History (0 events):
No events

Deoptimization events (0 events):
No events

Internal exceptions (10 events):
Event: 0.185 Thread 0x00000000025a0800 Exception <a 'java/security/PrivilegedActionException'> (0x00000000d5e93aa8) thrown at [C:\workspace\8-2-build-windows-amd64-cygwin\jdk8u31\2394\hotspot\src\share\vm\prims\jvm.cpp, line 1312]
Event: 0.186 Thread 0x00000000025a0800 Exception <a 'java/security/PrivilegedActionException'> (0x00000000d5e9e510) thrown at [C:\workspace\8-2-build-windows-amd64-cygwin\jdk8u31\2394\hotspot\src\share\vm\prims\jvm.cpp, line 1312]
Event: 0.187 Thread 0x00000000025a0800 Exception <a 'java/security/PrivilegedActionException'> (0x00000000d5ea1e58) thrown at [C:\workspace\8-2-build-windows-amd64-cygwin\jdk8u31\2394\hotspot\src\share\vm\prims\jvm.cpp, line 1312]
Event: 0.188 Thread 0x00000000025a0800 Exception <a 'java/security/PrivilegedActionException'> (0x00000000d5ea8290) thrown at [C:\workspace\8-2-build-windows-amd64-cygwin\jdk8u31\2394\hotspot\src\share\vm\prims\jvm.cpp, line 1312]
Event: 0.189 Thread 0x00000000025a0800 Exception <a 'java/security/PrivilegedActionException'> (0x00000000d5eab1e0) thrown at [C:\workspace\8-2-build-windows-amd64-cygwin\jdk8u31\2394\hotspot\src\share\vm\prims\jvm.cpp, line 1312]
Event: 0.190 Thread 0x00000000025a0800 Exception <a 'java/security/PrivilegedActionException'> (0x00000000d5eaf450) thrown at [C:\workspace\8-2-build-windows-amd64-cygwin\jdk8u31\2394\hotspot\src\share\vm\prims\jvm.cpp, line 1312]
Event: 0.195 Thread 0x00000000025a0800 Exception <a 'java/security/PrivilegedActionException'> (0x00000000d5edde70) thrown at [C:\workspace\8-2-build-windows-amd64-cygwin\jdk8u31\2394\hotspot\src\share\vm\prims\jvm.cpp, line 1312]
Event: 0.196 Thread 0x00000000025a0800 Exception <a 'java/security/PrivilegedActionException'> (0x00000000d5ee92f8) thrown at [C:\workspace\8-2-build-windows-amd64-cygwin\jdk8u31\2394\hotspot\src\share\vm\prims\jvm.cpp, line 1312]
Event: 0.197 Thread 0x00000000025a0800 Exception <a 'java/security/PrivilegedActionException'> (0x00000000d5eed848) thrown at [C:\workspace\8-2-build-windows-amd64-cygwin\jdk8u31\2394\hotspot\src\share\vm\prims\jvm.cpp, line 1312]
Event: 0.197 Thread 0x00000000025a0800 Exception <a 'java/security/PrivilegedActionException'> (0x00000000d5ef0a28) thrown at [C:\workspace\8-2-build-windows-amd64-cygwin\jdk8u31\2394\hotspot\src\share\vm\prims\jvm.cpp, line 1312]

Events (10 events):
Event: 0.197 loading class org/lwjgl/MemoryUtil$CharSequenceNT
Event: 0.197 loading class org/lwjgl/MemoryUtil$CharSequenceNT done
Event: 0.197 loading class java/nio/StringCharBuffer
Event: 0.198 loading class java/nio/StringCharBuffer done
Event: 0.198 loading class sun/nio/cs/ISO_8859_1$Encoder
Event: 0.198 loading class sun/nio/cs/ISO_8859_1$Encoder done
Event: 0.198 loading class sun/nio/cs/Surrogate$Parser
Event: 0.198 loading class sun/nio/cs/Surrogate$Parser done
Event: 0.198 loading class sun/nio/cs/Surrogate
Event: 0.198 loading class sun/nio/cs/Surrogate done


Dynamic libraries:
0x00007ff649600000 - 0x00007ff649634000 	C:\Program Files\Java\jdk1.8.0_31\bin\javaw.exe
0x00007ff8c41c0000 - 0x00007ff8c436c000 	C:\windows\SYSTEM32\ntdll.dll
0x00007ff8c3c10000 - 0x00007ff8c3d4e000 	C:\windows\system32\KERNEL32.DLL
0x00007ff8c1430000 - 0x00007ff8c1545000 	C:\windows\system32\KERNELBASE.dll
0x00007ff8bfeb0000 - 0x00007ff8bff3e000 	C:\windows\system32\apphelp.dll
0x00007ff8b76f0000 - 0x00007ff8b7743000 	C:\windows\AppPatch\AppPatch64\AcGenral.DLL
0x00007ff8c1cf0000 - 0x00007ff8c1d9a000 	C:\windows\system32\msvcrt.dll
0x00007ff8c11b0000 - 0x00007ff8c11de000 	C:\windows\SYSTEM32\SspiCli.dll
0x00007ff8c1a60000 - 0x00007ff8c1ab4000 	C:\windows\system32\SHLWAPI.dll
0x00007ff8c1ac0000 - 0x00007ff8c1c37000 	C:\windows\system32\USER32.dll
0x00007ff8c23b0000 - 0x00007ff8c2544000 	C:\windows\system32\ole32.dll
0x00007ff8c26e0000 - 0x00007ff8c3bf8000 	C:\windows\system32\SHELL32.dll
0x00007ff8c0930000 - 0x00007ff8c0951000 	C:\windows\SYSTEM32\USERENV.dll
0x00007ff8c1c40000 - 0x00007ff8c1cea000 	C:\windows\system32\ADVAPI32.dll
0x00007ff8b4dd0000 - 0x00007ff8b4dee000 	C:\windows\SYSTEM32\MPR.dll
0x00007ff8c2550000 - 0x00007ff8c2691000 	C:\windows\system32\RPCRT4.dll
0x00007ff8c1840000 - 0x00007ff8c1899000 	C:\windows\SYSTEM32\sechost.dll
0x00007ff8c2030000 - 0x00007ff8c2241000 	C:\windows\SYSTEM32\combase.dll
0x00007ff8c2250000 - 0x00007ff8c23a1000 	C:\windows\system32\GDI32.dll
0x00007ff8c1310000 - 0x00007ff8c1325000 	C:\windows\SYSTEM32\profapi.dll
0x00007ff8bf6d0000 - 0x00007ff8bf782000 	C:\windows\SYSTEM32\SHCORE.dll
0x00007ff8c26a0000 - 0x00007ff8c26d6000 	C:\windows\system32\IMM32.DLL
0x00007ff8c18a0000 - 0x00007ff8c19f1000 	C:\windows\system32\MSCTF.dll
0x00007ff8bed40000 - 0x00007ff8befbb000 	C:\windows\WinSxS\amd64_microsoft.windows.common-controls_6595b64144ccf1df_6.0.9600.17415_none_6240486fecbd8abb\COMCTL32.dll
0x0000000057af0000 - 0x0000000057bc2000 	C:\Program Files\Java\jdk1.8.0_31\jre\bin\msvcr100.dll
0x0000000057290000 - 0x0000000057aea000 	C:\Program Files\Java\jdk1.8.0_31\jre\bin\server\jvm.dll
0x00007ff8b8b50000 - 0x00007ff8b8b59000 	C:\windows\SYSTEM32\WSOCK32.dll
0x00007ff8b4850000 - 0x00007ff8b4872000 	C:\windows\SYSTEM32\WINMM.dll
0x00007ff8c1e70000 - 0x00007ff8c1e77000 	C:\windows\system32\PSAPI.DLL
0x00007ff8c3f50000 - 0x00007ff8c3faa000 	C:\windows\system32\WS2_32.dll
0x00007ff8b2e60000 - 0x00007ff8b2e8a000 	C:\windows\SYSTEM32\WINMMBASE.dll
0x00007ff8c40f0000 - 0x00007ff8c40f9000 	C:\windows\system32\NSI.dll
0x00007ff8c13e0000 - 0x00007ff8c142f000 	C:\windows\SYSTEM32\cfgmgr32.dll
0x00007ff8c0110000 - 0x00007ff8c0138000 	C:\windows\SYSTEM32\DEVOBJ.dll
0x00000000580b0000 - 0x00000000580bf000 	C:\Program Files\Java\jdk1.8.0_31\jre\bin\verify.dll
0x0000000057260000 - 0x0000000057288000 	C:\Program Files\Java\jdk1.8.0_31\jre\bin\java.dll
0x0000000057240000 - 0x0000000057256000 	C:\Program Files\Java\jdk1.8.0_31\jre\bin\zip.dll
0x0000000180000000 - 0x0000000180053000 	C:\Users\Luuk\Source\Repos\Visualization_2IV35\2IV06 Visual Computing Project\Source\lib\lwjgl-2.9.3\native\windows\lwjgl64.dll
0x00007ff8b4150000 - 0x00007ff8b427b000 	C:\windows\SYSTEM32\OPENGL32.dll
0x00007ff8b93b0000 - 0x00007ff8b93ba000 	C:\windows\SYSTEM32\VERSION.dll
0x00007ff8b6a90000 - 0x00007ff8b6abe000 	C:\windows\SYSTEM32\GLU32.dll
0x00007ff8b4050000 - 0x00007ff8b4148000 	C:\windows\SYSTEM32\DDRAW.dll
0x00007ff8bc1b0000 - 0x00007ff8bc1b9000 	C:\windows\SYSTEM32\DCIMAN32.dll
0x00007ff8b2a20000 - 0x00007ff8b2baa000 	C:\windows\SYSTEM32\dbghelp.dll

VM Arguments:
jvm_args: -Djava.library.path=C:\Users\Luuk\Source\Repos\Visualization_2IV35\2IV06 Visual Computing Project\Source\lib\lwjgl-2.9.3\native\windows;C:\Users\Luuk\Source\Repos\Visualization_2IV35\2IV06 Visual Computing Project\Source\lib\lwjgl-2.9.3\native\windows -Dfile.encoding=Cp1252 
java_command: engineTester.MainSimulator
java_class_path (initial): C:\Users\Luuk\Source\Repos\Visualization_2IV35\2IV06 Visual Computing Project\Source\bin;C:\Users\Luuk\Source\Repos\Visualization_2IV35\2IV06 Visual Computing Project\Source\lib\lwjgl-2.9.3\jar\lwjgl.jar;C:\Users\Luuk\Source\Repos\Visualization_2IV35\2IV06 Visual Computing Project\Source\lib\lwjgl-2.9.3\jar\lwjgl_util.jar;C:\Users\Luuk\Source\Repos\Visualization_2IV35\2IV06 Visual Computing Project\Source\lib\slick\lib\slick.jar
Launcher Type: SUN_STANDARD

Environment Variables:
PATH=C:\ProgramData\Oracle\Java\javapath;C:\Program Files (x86)\iis express\PHP\v5.4;C:\Program Files (x86)\NVIDIA Corporation\PhysX\Common;C:\windows\system32;C:\windows;C:\windows\System32\Wbem;C:\windows\System32\WindowsPowerShell\v1.0\;C:\Program Files (x86)\Microsoft ASP.NET\ASP.NET Web Pages\v1.0\;C:\Program Files (x86)\Windows Kits\8.0\Windows Performance Toolkit\;C:\Program Files\Microsoft SQL Server\110\Tools\Binn\;C:\Program Files\Microsoft\Web Platform Installer\;C:\Program Files (x86)\MiKTeX 2.9\miktex\bin\;C:\Program Files\Common Files\Autodesk Shared\;C:\Program Files (x86)\Autodesk\Backburner\;C:\Program Files\Java\jdk1.8.0_31\bin
USERNAME=Luuk
OS=Windows_NT
PROCESSOR_IDENTIFIER=Intel64 Family 6 Model 69 Stepping 1, GenuineIntel



---------------  S Y S T E M  ---------------

OS: Windows 8.1 , 64 bit Build 9600 

CPU:total 4 (2 cores per cpu, 2 threads per core) family 6 model 69 stepping 1, cmov, cx8, fxsr, mmx, sse, sse2, sse3, ssse3, sse4.1, sse4.2, popcnt, avx, avx2, aes, clmul, erms, lzcnt, ht, tsc, tscinvbit, bmi1, bmi2

Memory: 4k page, physical 8306732k(2842596k free), swap 17219628k(10364504k free)

vm_info: Java HotSpot(TM) 64-Bit Server VM (25.31-b07) for windows-amd64 JRE (1.8.0_31-b13), built on Dec 17 2014 21:00:28 by "java_re" with MS VC++ 10.0 (VS2010)

time: Thu Mar 12 22:38:11 2015
elapsed time: 0 seconds (0d 0h 0m 0s)

