#
# A fatal error has been detected by the Java Runtime Environment:
#
#  EXCEPTION_ACCESS_VIOLATION (0xc0000005) at pc=0x00000000247d007a, pid=14808, tid=10676
#
# JRE version: Java(TM) SE Runtime Environment (8.0_31-b13) (build 1.8.0_31-b13)
# Java VM: Java HotSpot(TM) 64-Bit Server VM (25.31-b07 mixed mode windows-amd64 compressed oops)
# Problematic frame:
# C  0x00000000247d007a
#
# Failed to write core dump. Minidumps are not enabled by default on client versions of Windows
#
# If you would like to submit a bug report, please visit:
#   http://bugreport.java.com/bugreport/crash.jsp
# The crash happened outside the Java Virtual Machine in native code.
# See problematic frame for where to report the bug.
#

---------------  T H R E A D  ---------------

Current thread (0x0000000002c20800):  JavaThread "main" [_thread_in_native, id=10676, stack(0x0000000002a30000,0x0000000002b30000)]

siginfo: ExceptionCode=0xc0000005, writing address 0x00000000274b7eb0

Registers:
RAX=0x000000000000002e, RBX=0x00000000272d1d70, RCX=0x000000002745c000, RDX=0x0000000000002fec
RSP=0x0000000002b2e410, RBP=0x0000000002b2e420, RSI=0x000000000002feb0, RDI=0x0000000000000106
R8 =0x0000000027488000, R9 =0x000000002732d000, R10=0x00000000272fc000, R11=0x0000000027406000
R12=0x0000000000000000, R13=0x0000000000000000, R14=0x0000000000000000, R15=0x00007ff81ca417d0
RIP=0x00000000247d007a, EFLAGS=0x0000000000010206

Top of Stack: (sp=0x0000000002b2e410)
0x0000000002b2e410:   00000000247d0010 000000002479f960
0x0000000002b2e420:   00000000010d37b0 00007ff806b199eb
0x0000000002b2e430:   0000000000000100 00007ff820bde7cf
0x0000000002b2e440:   0000000000000080 00000000247c2e40
0x0000000002b2e450:   00007ff800000000 fffffffffffffffe
0x0000000002b2e460:   0000000000000080 00007ff81c31e320
0x0000000002b2e470:   0000000180000000 0000000000000100
0x0000000002b2e480:   0000000000000001 0000000000000000
0x0000000002b2e490:   0000000000000000 0000000000000000
0x0000000002b2e4a0:   0000000000000000 0000000000000105
0x0000000002b2e4b0:   0000000000000000 0000000000000000
0x0000000002b2e4c0:   00001c9b17954074 0000000000000002
0x0000000002b2e4d0:   0000000000000105 00007ff81ca2026c
0x0000000002b2e4e0:   00000000247c2f40 000000002479f940
0x0000000002b2e4f0:   000000002479f940 00007ff81ca1cf73
0x0000000002b2e500:   00000000010d37b0 000000002479f940 

Instructions: (pc=0x00000000247d007a)
0x00000000247d005a:   00 c4 e2 61 a8 c1 c4 c1 78 10 1c 32 c5 ea 59 ca
0x00000000247d006a:   c4 e2 79 18 c9 c4 e2 61 a8 c8 48 ff c2 48 ff c8
0x00000000247d007a:   c4 c1 78 11 0c 30 75 be 48 8d 65 f8 5e 5d c3 00
0x00000000247d008a:   00 00 00 00 00 00 03 00 00 00 00 00 00 00 50 00 


Register to memory mapping:

RAX=0x000000000000002e is an unknown value
RBX=0x00000000272d1d70 is an unknown value
RCX=0x000000002745c000 is an unknown value
RDX=0x0000000000002fec is an unknown value
RSP=0x0000000002b2e410 is pointing into the stack for thread: 0x0000000002c20800
RBP=0x0000000002b2e420 is pointing into the stack for thread: 0x0000000002c20800
RSI=0x000000000002feb0 is an unknown value
RDI=0x0000000000000106 is an unknown value
R8 =0x0000000027488000 is an unknown value
R9 =0x000000002732d000 is an unknown value
R10=0x00000000272fc000 is an unknown value
R11=0x0000000027406000 is an unknown value
R12=0x0000000000000000 is an unknown value
R13=0x0000000000000000 is an unknown value
R14=0x0000000000000000 is an unknown value
R15=0x00007ff81ca417d0 is an unknown value


Stack: [0x0000000002a30000,0x0000000002b30000],  sp=0x0000000002b2e410,  free space=1017k
Native frames: (J=compiled Java code, j=interpreted, Vv=VM code, C=native code)
C  0x00000000247d007a

Java frames: (J=compiled Java code, j=interpreted, Vv=VM code)
j  org.lwjgl.opencl.CL10.nclEnqueueReadBuffer(JJIJJJIJJJ)I+0
j  org.lwjgl.opencl.CL10.clEnqueueReadBuffer(Lorg/lwjgl/opencl/CLCommandQueue;Lorg/lwjgl/opencl/CLMem;IJLjava/nio/FloatBuffer;Lorg/lwjgl/PointerBuffer;Lorg/lwjgl/PointerBuffer;)I+85
j  engineTester.MainSimulator.OpenCLTest()V+235
j  engineTester.MainSimulator.main([Ljava/lang/String;)V+820
v  ~StubRoutines::call_stub

---------------  P R O C E S S  ---------------

Java Threads: ( => current thread )
  0x000000001910c800 JavaThread "Service Thread" daemon [_thread_blocked, id=11792, stack(0x00000000194f0000,0x00000000195f0000)]
  0x00000000178a3800 JavaThread "C1 CompilerThread2" daemon [_thread_blocked, id=11636, stack(0x0000000018ff0000,0x00000000190f0000)]
  0x00000000178a0800 JavaThread "C2 CompilerThread1" daemon [_thread_blocked, id=17224, stack(0x0000000018ef0000,0x0000000018ff0000)]
  0x000000001789a000 JavaThread "C2 CompilerThread0" daemon [_thread_blocked, id=720, stack(0x0000000018df0000,0x0000000018ef0000)]
  0x00000000178a8000 JavaThread "Attach Listener" daemon [_thread_blocked, id=7332, stack(0x0000000018cf0000,0x0000000018df0000)]
  0x00000000178a7000 JavaThread "Signal Dispatcher" daemon [_thread_blocked, id=14320, stack(0x0000000018bf0000,0x0000000018cf0000)]
  0x0000000002d15000 JavaThread "Finalizer" daemon [_thread_blocked, id=5172, stack(0x0000000018af0000,0x0000000018bf0000)]
  0x0000000002d0c000 JavaThread "Reference Handler" daemon [_thread_blocked, id=7456, stack(0x00000000189f0000,0x0000000018af0000)]
=>0x0000000002c20800 JavaThread "main" [_thread_in_native, id=10676, stack(0x0000000002a30000,0x0000000002b30000)]

Other Threads:
  0x0000000017866000 VMThread [stack: 0x00000000188f0000,0x00000000189f0000] [id=16268]
  0x0000000019127800 WatcherThread [stack: 0x00000000195f0000,0x00000000196f0000] [id=9924]

VM state:not at safepoint (normal execution)

VM Mutex/Monitor currently owned by a thread: None

Heap:
 PSYoungGen      total 38400K, used 27536K [0x00000000d5b80000, 0x00000000d8600000, 0x0000000100000000)
  eden space 33280K, 72% used [0x00000000d5b80000,0x00000000d7336798,0x00000000d7c00000)
  from space 5120K, 63% used [0x00000000d7c00000,0x00000000d7f2d8e0,0x00000000d8100000)
  to   space 5120K, 0% used [0x00000000d8100000,0x00000000d8100000,0x00000000d8600000)
 ParOldGen       total 87552K, used 8K [0x0000000081200000, 0x0000000086780000, 0x00000000d5b80000)
  object space 87552K, 0% used [0x0000000081200000,0x0000000081202000,0x0000000086780000)
 Metaspace       used 6061K, capacity 6305K, committed 6528K, reserved 1056768K
  class space    used 577K, capacity 626K, committed 640K, reserved 1048576K

Card table byte_map: [0x00000000120e0000,0x00000000124e0000] byte_map_base: 0x0000000011cd7000

Marking Bits: (ParMarkBitMap*) 0x0000000064a1d4f0
 Begin Bits: [0x0000000012b90000, 0x0000000014b48000)
 End Bits:   [0x0000000014b48000, 0x0000000016b00000)

Polling page: 0x0000000001040000

CodeCache: size=245760Kb used=2522Kb max_used=2522Kb free=243237Kb
 bounds [0x0000000002d20000, 0x0000000002fa0000, 0x0000000011d20000]
 total_blobs=994 nmethods=549 adapters=359
 compilation: enabled

Compilation events (10 events):
Event: 1.129 Thread 0x00000000178a3800  548       3       sun.reflect.ReflectionFactory::langReflectAccess (15 bytes)
Event: 1.130 Thread 0x00000000178a3800 nmethod 548 0x0000000002f85210 code [0x0000000002f85380, 0x0000000002f85590]
Event: 1.130 Thread 0x00000000178a3800  543   !   3       java.net.URLClassLoader::findClass (29 bytes)
Event: 1.130 Thread 0x00000000178a3800 nmethod 543 0x0000000002f84990 code [0x0000000002f84b20, 0x0000000002f85008]
Event: 1.130 Thread 0x00000000178a3800  544       3       java.net.URLClassLoader$1::<init> (15 bytes)
Event: 1.130 Thread 0x00000000178a3800 nmethod 544 0x0000000002f845d0 code [0x0000000002f84720, 0x0000000002f848f0]
Event: 1.130 Thread 0x00000000178a3800  546       3       java.net.URLClassLoader$1::run (5 bytes)
Event: 1.130 Thread 0x00000000178a3800 nmethod 546 0x0000000002f84210 code [0x0000000002f84380, 0x0000000002f84528]
Event: 1.130 Thread 0x00000000178a3800  547   !   3       java.net.URLClassLoader$1::run (73 bytes)
Event: 1.131 Thread 0x00000000178a3800 nmethod 547 0x0000000002f97250 code [0x0000000002f97420, 0x0000000002f979b8]

GC Heap History (2 events):
Event: 0.686 GC heap before
{Heap before GC invocations=1 (full 0):
 PSYoungGen      total 38400K, used 33280K [0x00000000d5b80000, 0x00000000d8600000, 0x0000000100000000)
  eden space 33280K, 100% used [0x00000000d5b80000,0x00000000d7c00000,0x00000000d7c00000)
  from space 5120K, 0% used [0x00000000d8100000,0x00000000d8100000,0x00000000d8600000)
  to   space 5120K, 0% used [0x00000000d7c00000,0x00000000d7c00000,0x00000000d8100000)
 ParOldGen       total 87552K, used 0K [0x0000000081200000, 0x0000000086780000, 0x00000000d5b80000)
  object space 87552K, 0% used [0x0000000081200000,0x0000000081200000,0x0000000086780000)
 Metaspace       used 5924K, capacity 6241K, committed 6272K, reserved 1056768K
  class space    used 567K, capacity 626K, committed 640K, reserved 1048576K
Event: 0.692 GC heap after
Heap after GC invocations=1 (full 0):
 PSYoungGen      total 38400K, used 3254K [0x00000000d5b80000, 0x00000000d8600000, 0x0000000100000000)
  eden space 33280K, 0% used [0x00000000d5b80000,0x00000000d5b80000,0x00000000d7c00000)
  from space 5120K, 63% used [0x00000000d7c00000,0x00000000d7f2d8e0,0x00000000d8100000)
  to   space 5120K, 0% used [0x00000000d8100000,0x00000000d8100000,0x00000000d8600000)
 ParOldGen       total 87552K, used 8K [0x0000000081200000, 0x0000000086780000, 0x00000000d5b80000)
  object space 87552K, 0% used [0x0000000081200000,0x0000000081202000,0x0000000086780000)
 Metaspace       used 5924K, capacity 6241K, committed 6272K, reserved 1056768K
  class space    used 567K, capacity 626K, committed 640K, reserved 1048576K
}

Deoptimization events (4 events):
Event: 0.580 Thread 0x0000000002c20800 Uncommon trap: reason=array_check action=maybe_recompile pc=0x0000000002f1f770 method=java.util.AbstractCollection.toArray([Ljava/lang/Object;)[Ljava/lang/Object; @ 119
Event: 0.581 Thread 0x0000000002c20800 Uncommon trap: reason=array_check action=maybe_recompile pc=0x0000000002f1f770 method=java.util.AbstractCollection.toArray([Ljava/lang/Object;)[Ljava/lang/Object; @ 119
Event: 0.581 Thread 0x0000000002c20800 Uncommon trap: reason=array_check action=maybe_recompile pc=0x0000000002f1f770 method=java.util.AbstractCollection.toArray([Ljava/lang/Object;)[Ljava/lang/Object; @ 119
Event: 0.581 Thread 0x0000000002c20800 Uncommon trap: reason=array_check action=maybe_recompile pc=0x0000000002f1f770 method=java.util.AbstractCollection.toArray([Ljava/lang/Object;)[Ljava/lang/Object; @ 119

Internal exceptions (10 events):
Event: 1.122 Thread 0x0000000002c20800 Exception <a 'java/security/PrivilegedActionException'> (0x00000000d7233d50) thrown at [C:\workspace\8-2-build-windows-amd64-cygwin\jdk8u31\2394\hotspot\src\share\vm\prims\jvm.cpp, line 1312]
Event: 1.123 Thread 0x0000000002c20800 Exception <a 'java/security/PrivilegedActionException'> (0x00000000d7237a08) thrown at [C:\workspace\8-2-build-windows-amd64-cygwin\jdk8u31\2394\hotspot\src\share\vm\prims\jvm.cpp, line 1312]
Event: 1.123 Thread 0x0000000002c20800 Exception <a 'java/security/PrivilegedActionException'> (0x00000000d723ad20) thrown at [C:\workspace\8-2-build-windows-amd64-cygwin\jdk8u31\2394\hotspot\src\share\vm\prims\jvm.cpp, line 1312]
Event: 1.123 Thread 0x0000000002c20800 Exception <a 'java/security/PrivilegedActionException'> (0x00000000d723db58) thrown at [C:\workspace\8-2-build-windows-amd64-cygwin\jdk8u31\2394\hotspot\src\share\vm\prims\jvm.cpp, line 1312]
Event: 1.124 Thread 0x0000000002c20800 Exception <a 'java/security/PrivilegedActionException'> (0x00000000d72962f0) thrown at [C:\workspace\8-2-build-windows-amd64-cygwin\jdk8u31\2394\hotspot\src\share\vm\prims\jvm.cpp, line 1312]
Event: 1.124 Thread 0x0000000002c20800 Exception <a 'java/security/PrivilegedActionException'> (0x00000000d72a1f18) thrown at [C:\workspace\8-2-build-windows-amd64-cygwin\jdk8u31\2394\hotspot\src\share\vm\prims\jvm.cpp, line 1312]
Event: 1.125 Thread 0x0000000002c20800 Exception <a 'java/security/PrivilegedActionException'> (0x00000000d72a5f50) thrown at [C:\workspace\8-2-build-windows-amd64-cygwin\jdk8u31\2394\hotspot\src\share\vm\prims\jvm.cpp, line 1312]
Event: 1.125 Thread 0x0000000002c20800 Exception <a 'java/security/PrivilegedActionException'> (0x00000000d72a9808) thrown at [C:\workspace\8-2-build-windows-amd64-cygwin\jdk8u31\2394\hotspot\src\share\vm\prims\jvm.cpp, line 1312]
Event: 1.125 Thread 0x0000000002c20800 Exception <a 'java/security/PrivilegedActionException'> (0x00000000d72ad8c0) thrown at [C:\workspace\8-2-build-windows-amd64-cygwin\jdk8u31\2394\hotspot\src\share\vm\prims\jvm.cpp, line 1312]
Event: 1.128 Thread 0x0000000002c20800 Exception <a 'java/security/PrivilegedActionException'> (0x00000000d72c9980) thrown at [C:\workspace\8-2-build-windows-amd64-cygwin\jdk8u31\2394\hotspot\src\share\vm\prims\jvm.cpp, line 1312]

Events (10 events):
Event: 1.125 loading class org/lwjgl/opencl/KHRICD
Event: 1.125 loading class org/lwjgl/opencl/KHRICD done
Event: 1.125 loading class org/lwjgl/opencl/APPLEGLSharing
Event: 1.125 loading class org/lwjgl/opencl/APPLEGLSharing done
Event: 1.125 loading class org/lwjgl/opencl/EXTDeviceFission
Event: 1.125 loading class org/lwjgl/opencl/EXTDeviceFission done
Event: 1.126 loading class java/util/AbstractList$Itr
Event: 1.126 loading class java/util/AbstractList$Itr done
Event: 1.128 loading class org/lwjgl/opencl/CLKernel
Event: 1.128 loading class org/lwjgl/opencl/CLKernel done


Dynamic libraries:
0x00007ff7c8190000 - 0x00007ff7c81c4000 	C:\Program Files\Java\jdk1.8.0_31\bin\javaw.exe
0x00007ff835650000 - 0x00007ff8357fc000 	C:\windows\SYSTEM32\ntdll.dll
0x00007ff832f00000 - 0x00007ff83303e000 	C:\windows\system32\KERNEL32.DLL
0x00007ff832ab0000 - 0x00007ff832bc5000 	C:\windows\system32\KERNELBASE.dll
0x00007ff831340000 - 0x00007ff8313ce000 	C:\windows\system32\apphelp.dll
0x00007ff81caa0000 - 0x00007ff81caf3000 	C:\windows\AppPatch\AppPatch64\AcGenral.DLL
0x00007ff835520000 - 0x00007ff8355ca000 	C:\windows\system32\msvcrt.dll
0x00007ff832640000 - 0x00007ff83266e000 	C:\windows\SYSTEM32\SspiCli.dll
0x00007ff833040000 - 0x00007ff833094000 	C:\windows\system32\SHLWAPI.dll
0x00007ff833bb0000 - 0x00007ff833d27000 	C:\windows\system32\USER32.dll
0x00007ff833740000 - 0x00007ff8338d4000 	C:\windows\system32\ole32.dll
0x00007ff833f50000 - 0x00007ff835468000 	C:\windows\system32\SHELL32.dll
0x00007ff831dc0000 - 0x00007ff831de1000 	C:\windows\SYSTEM32\USERENV.dll
0x00007ff835470000 - 0x00007ff83551a000 	C:\windows\system32\ADVAPI32.dll
0x00007ff8272d0000 - 0x00007ff8272ee000 	C:\windows\SYSTEM32\MPR.dll
0x00007ff833510000 - 0x00007ff833651000 	C:\windows\system32\RPCRT4.dll
0x00007ff832ea0000 - 0x00007ff832ef9000 	C:\windows\SYSTEM32\sechost.dll
0x00007ff8330a0000 - 0x00007ff8332b1000 	C:\windows\SYSTEM32\combase.dll
0x00007ff833d30000 - 0x00007ff833e81000 	C:\windows\system32\GDI32.dll
0x00007ff8327a0000 - 0x00007ff8327b5000 	C:\windows\SYSTEM32\profapi.dll
0x00007ff830b50000 - 0x00007ff830c02000 	C:\windows\SYSTEM32\SHCORE.dll
0x00007ff833b70000 - 0x00007ff833ba6000 	C:\windows\system32\IMM32.DLL
0x00007ff833950000 - 0x00007ff833aa1000 	C:\windows\system32\MSCTF.dll
0x00007ff82fe50000 - 0x00007ff8300cb000 	C:\windows\WinSxS\amd64_microsoft.windows.common-controls_6595b64144ccf1df_6.0.9600.17415_none_6240486fecbd8abb\COMCTL32.dll
0x0000000064aa0000 - 0x0000000064b72000 	C:\Program Files\Java\jdk1.8.0_31\jre\bin\msvcr100.dll
0x0000000064240000 - 0x0000000064a9a000 	C:\Program Files\Java\jdk1.8.0_31\jre\bin\server\jvm.dll
0x00007ff829ee0000 - 0x00007ff829ee9000 	C:\windows\SYSTEM32\WSOCK32.dll
0x00007ff82dd20000 - 0x00007ff82dd42000 	C:\windows\SYSTEM32\WINMM.dll
0x00007ff833940000 - 0x00007ff833947000 	C:\windows\system32\PSAPI.DLL
0x00007ff8338e0000 - 0x00007ff83393a000 	C:\windows\system32\WS2_32.dll
0x00007ff82c620000 - 0x00007ff82c64a000 	C:\windows\SYSTEM32\WINMMBASE.dll
0x00007ff835640000 - 0x00007ff835649000 	C:\windows\system32\NSI.dll
0x00007ff832bd0000 - 0x00007ff832c1f000 	C:\windows\SYSTEM32\cfgmgr32.dll
0x00007ff8315c0000 - 0x00007ff8315e8000 	C:\windows\SYSTEM32\DEVOBJ.dll
0x0000000065130000 - 0x000000006513f000 	C:\Program Files\Java\jdk1.8.0_31\jre\bin\verify.dll
0x0000000064210000 - 0x0000000064238000 	C:\Program Files\Java\jdk1.8.0_31\jre\bin\java.dll
0x00000000641f0000 - 0x0000000064206000 	C:\Program Files\Java\jdk1.8.0_31\jre\bin\zip.dll
0x0000000180000000 - 0x0000000180053000 	C:\Users\Luuk\Source\Repos\Visualization_2IV35\2IV06 Visual Computing Project\Source\lib\lwjgl-2.9.3\native\windows\lwjgl64.dll
0x00007ff81c680000 - 0x00007ff81c7ab000 	C:\windows\SYSTEM32\OPENGL32.dll
0x00007ff82abf0000 - 0x00007ff82abfa000 	C:\windows\SYSTEM32\VERSION.dll
0x00007ff828ab0000 - 0x00007ff828ade000 	C:\windows\SYSTEM32\GLU32.dll
0x00007ff81c580000 - 0x00007ff81c678000 	C:\windows\SYSTEM32\DDRAW.dll
0x00007ff82e360000 - 0x00007ff82e369000 	C:\windows\SYSTEM32\DCIMAN32.dll
0x00007ff828990000 - 0x00007ff8289aa000 	C:\windows\SYSTEM32\OpenCL.dll
0x00007ff820c30000 - 0x00007ff820c8e000 	C:\windows\SYSTEM32\IntelOpenCL64.dll
0x00007ff81c3f0000 - 0x00007ff81c57d000 	C:\Program Files (x86)\Common Files\Intel\OpenCL\bin\x64\intelocl64.dll
0x00007ff81ca10000 - 0x00007ff81ca98000 	C:\Program Files (x86)\Common Files\Intel\OpenCL\bin\x64\task_executor64.dll
0x00007ff81c310000 - 0x00007ff81c3e6000 	C:\Program Files (x86)\Common Files\Intel\OpenCL\bin\x64\cpu_device64.dll
0x00007ff809630000 - 0x00007ff80a1b3000 	C:\windows\SYSTEM32\igdrcl64.dll
0x00007ff8300d0000 - 0x00007ff830157000 	C:\windows\SYSTEM32\dxgi.dll
0x00007ff807e10000 - 0x00007ff809625000 	C:\windows\SYSTEM32\igdfcl64.dll
0x00007ff823eb0000 - 0x00007ff82403a000 	C:\windows\SYSTEM32\dbghelp.dll
0x00007ff81c2a0000 - 0x00007ff81c308000 	C:\windows\SYSTEM32\igdbcl64.dll
0x00007ff82e650000 - 0x00007ff82eff8000 	C:\windows\SYSTEM32\igdusc64.dll
0x00007ff831460000 - 0x00007ff831589000 	C:\windows\system32\uxtheme.dll
0x00007ff82c690000 - 0x00007ff82c73b000 	C:\Program Files\Common Files\microsoft shared\ink\tiptsf.dll
0x00007ff833660000 - 0x00007ff833721000 	C:\windows\system32\OLEAUT32.dll
0x00007ff8308e0000 - 0x00007ff830901000 	C:\windows\system32\dwmapi.dll
0x00007ff807530000 - 0x00007ff807e01000 	C:\windows\SYSTEM32\ig75icd64.dll
0x00007ff82f320000 - 0x00007ff82f332000 	C:\windows\SYSTEM32\WTSAPI32.dll
0x00007ff831590000 - 0x00007ff83159b000 	C:\windows\SYSTEM32\kernel.appcore.dll
0x00007ff8326e0000 - 0x00007ff8326eb000 	C:\windows\SYSTEM32\CRYPTBASE.dll
0x00007ff832670000 - 0x00007ff8326d3000 	C:\windows\SYSTEM32\bcryptPrimitives.dll
0x00007ff82dfb0000 - 0x00007ff82e01a000 	C:\windows\SYSTEM32\oleacc.dll
0x00007ff826ab0000 - 0x00007ff826b42000 	C:\windows\SYSTEM32\mscms.dll
0x00007ff826db0000 - 0x00007ff826df1000 	C:\windows\SYSTEM32\icm32.dll
0x00007ff831df0000 - 0x00007ff831e36000 	C:\windows\SYSTEM32\powrprof.dll
0x0000000063fe0000 - 0x0000000064178000 	C:\Program Files\Java\jdk1.8.0_31\jre\bin\awt.dll
0x00007ff81c230000 - 0x00007ff81c29b000 	C:\Program Files (x86)\Common Files\Intel\OpenCL\bin\x64\tbb\tbb.dll
0x00007ff820bd0000 - 0x00007ff820c2a000 	C:\Program Files (x86)\Common Files\Intel\OpenCL\bin\x64\tbb\tbbmalloc.dll
0x00007ff806b00000 - 0x00007ff807529000 	C:\Program Files (x86)\Common Files\Intel\OpenCL\bin\x64\OclCpuBackEnd64.dll
0x00007ff80bff0000 - 0x00007ff80c575000 	C:\Program Files (x86)\Common Files\Intel\OpenCL\bin\x64\__ocl_svml_l9.dll
0x00007ff806420000 - 0x00007ff806af6000 	C:\Program Files (x86)\Common Files\Intel\OpenCL\bin\x64\clang_compiler64.dll

VM Arguments:
jvm_args: -Djava.library.path=C:\Users\Luuk\Source\Repos\Visualization_2IV35\2IV06 Visual Computing Project\Source\lib\lwjgl-2.9.3\native\windows;C:\Users\Luuk\Source\Repos\Visualization_2IV35\2IV06 Visual Computing Project\Source\lib\lwjgl-2.9.3\native\windows -Dfile.encoding=Cp1252 
java_command: engineTester.MainSimulator
java_class_path (initial): C:\Users\Luuk\Source\Repos\Visualization_2IV35\2IV06 Visual Computing Project\Source\bin;C:\Users\Luuk\Source\Repos\Visualization_2IV35\2IV06 Visual Computing Project\Source\lib\lwjgl-2.9.3\jar\lwjgl.jar;C:\Users\Luuk\Source\Repos\Visualization_2IV35\2IV06 Visual Computing Project\Source\lib\lwjgl-2.9.3\jar\lwjgl_util.jar;C:\Users\Luuk\Source\Repos\Visualization_2IV35\2IV06 Visual Computing Project\Source\lib\slick\lib\slick.jar
Launcher Type: SUN_STANDARD

Environment Variables:
PATH=C:\ProgramData\Oracle\Java\javapath;C:\Program Files (x86)\iis express\PHP\v5.4;C:\Program Files (x86)\NVIDIA Corporation\PhysX\Common;C:\windows\system32;C:\windows;C:\windows\System32\Wbem;C:\windows\System32\WindowsPowerShell\v1.0\;C:\Program Files (x86)\Microsoft ASP.NET\ASP.NET Web Pages\v1.0\;C:\Program Files (x86)\Windows Kits\8.0\Windows Performance Toolkit\;C:\Program Files\Microsoft SQL Server\110\Tools\Binn\;C:\Program Files\Microsoft\Web Platform Installer\;C:\Program Files (x86)\MiKTeX 2.9\miktex\bin\;C:\Program Files\Common Files\Autodesk Shared\;C:\Program Files (x86)\Autodesk\Backburner\;C:\Program Files\Java\jdk1.8.0_31\bin
USERNAME=Luuk
OS=Windows_NT
PROCESSOR_IDENTIFIER=Intel64 Family 6 Model 69 Stepping 1, GenuineIntel



---------------  S Y S T E M  ---------------

OS: Windows 8.1 , 64 bit Build 9600 

CPU:total 4 (2 cores per cpu, 2 threads per core) family 6 model 69 stepping 1, cmov, cx8, fxsr, mmx, sse, sse2, sse3, ssse3, sse4.1, sse4.2, popcnt, avx, avx2, aes, clmul, erms, lzcnt, ht, tsc, tscinvbit, bmi1, bmi2

Memory: 4k page, physical 8306732k(2925612k free), swap 17219628k(11148224k free)

vm_info: Java HotSpot(TM) 64-Bit Server VM (25.31-b07) for windows-amd64 JRE (1.8.0_31-b13), built on Dec 17 2014 21:00:28 by "java_re" with MS VC++ 10.0 (VS2010)

time: Tue Mar 17 16:54:28 2015
elapsed time: 1 seconds (0d 0h 0m 1s)

