#
# A fatal error has been detected by the Java Runtime Environment:
#
#  EXCEPTION_ACCESS_VIOLATION (0xc0000005) at pc=0x0000000020d30c76, pid=8272, tid=2560
#
# JRE version: Java(TM) SE Runtime Environment (8.0_40-b26) (build 1.8.0_40-b26)
# Java VM: Java HotSpot(TM) 64-Bit Server VM (25.40-b25 mixed mode windows-amd64 compressed oops)
# Problematic frame:
# C  0x0000000020d30c76
#
# Failed to write core dump. Minidumps are not enabled by default on client versions of Windows
#
# If you would like to submit a bug report, please visit:
#   http://bugreport.java.com/bugreport/crash.jsp
# The crash happened outside the Java Virtual Machine in native code.
# See problematic frame for where to report the bug.
#

---------------  T H R E A D  ---------------

Current thread (0x0000000002360800):  JavaThread "main" [_thread_in_native, id=2560, stack(0x0000000002240000,0x0000000002340000)]

siginfo: ExceptionCode=0xc0000005, reading address 0x0000000027361000

Registers:
RAX=0x0000000000000120, RBX=0x00000000236e44f0, RCX=0x0000000000f57000, RDX=0x00000000000f5700
RSP=0x000000000233e610, RBP=0x000000000233e610, RSI=0x0000000020cb7c60, RDI=0x00000000000006a5
R8 =0x000000002640a000, R9 =0x0000000021c3cc80, R10=0x000000000233e698, R11=0x000000000233e680
R12=0x0000000000000000, R13=0x0000000000000000, R14=0x0000000000000000, R15=0x00007ffe763617d0
RIP=0x0000000020d30c76, EFLAGS=0x0000000000010206

Top of Stack: (sp=0x000000000233e610)
0x000000000233e610:   00000000008b5960 00007ffe5baa99eb
0x000000000233e620:   00000000428ef845 0000000000000000
0x000000000233e630:   00007ffe763617d0 0000000000000000
0x000000000233e640:   0000000000000000 fffffffffffffffe
0x000000000233e650:   0000000000000100 00007ffe7431e320
0x000000000233e660:   0000000000000080 0000000020cd2c40
0x000000000233e670:   00007ffe754734a0 0000000000000008
0x000000000233e680:   0000000000000000 0000000000000000
0x000000000233e690:   0000000000000000 000000000000068b
0x000000000233e6a0:   0000000000000000 0000000000000000
0x000000000233e6b0:   000080f3a2349e2e 0000000000000004
0x000000000233e6c0:   000000000000068b 00007ffe7634026c
0x000000000233e6d0:   0000000020cd3540 0000000020cb7c40
0x000000000233e6e0:   0000000020cb7c40 00007ffe7633cf73
0x000000000233e6f0:   00000000008b5960 0000000020cb7c40
0x000000000233e700:   0000000020cb7c40 0000000000000005 

Instructions: (pc=0x0000000020d30c76)
0x0000000020d30c56:   0f af d0 48 03 51 10 c5 f8 57 c0 66 66 66 66 66
0x0000000020d30c66:   66 2e 0f 1f 84 00 00 00 00 00 89 d1 48 c1 e1 04
0x0000000020d30c76:   c4 c1 78 10 0c 08 c4 e3 71 21 c8 00 c4 c1 78 11
0x0000000020d30c86:   0c 08 48 ff c2 48 ff c8 75 e0 48 89 ec 5d c3 00 


Register to memory mapping:

RAX=0x0000000000000120 is an unknown value
RBX=0x00000000236e44f0 is an unknown value
RCX=0x0000000000f57000 is an unknown value
RDX=0x00000000000f5700 is an unknown value
RSP=0x000000000233e610 is pointing into the stack for thread: 0x0000000002360800
RBP=0x000000000233e610 is pointing into the stack for thread: 0x0000000002360800
RSI=0x0000000020cb7c60 is an unknown value
RDI=0x00000000000006a5 is an unknown value
R8 =0x000000002640a000 is an unknown value
R9 =0x0000000021c3cc80 is an unknown value
R10=0x000000000233e698 is pointing into the stack for thread: 0x0000000002360800
R11=0x000000000233e680 is pointing into the stack for thread: 0x0000000002360800
R12=0x0000000000000000 is an unknown value
R13=0x0000000000000000 is an unknown value
R14=0x0000000000000000 is an unknown value
R15=0x00007ffe763617d0 is an unknown value


Stack: [0x0000000002240000,0x0000000002340000],  sp=0x000000000233e610,  free space=1017k
Native frames: (J=compiled Java code, j=interpreted, Vv=VM code, C=native code)
C  0x0000000020d30c76

Java frames: (J=compiled Java code, j=interpreted, Vv=VM code)
j  org.lwjgl.opencl.CL10.nclEnqueueReadBuffer(JJIJJJIJJJ)I+0
j  org.lwjgl.opencl.CL10.clEnqueueReadBuffer(Lorg/lwjgl/opencl/CLCommandQueue;Lorg/lwjgl/opencl/CLMem;IJLjava/nio/FloatBuffer;Lorg/lwjgl/PointerBuffer;Lorg/lwjgl/PointerBuffer;)I+85
j  engineTester.MainSimulator.OpenCLTest()V+264
j  engineTester.MainSimulator.main([Ljava/lang/String;)V+986
v  ~StubRoutines::call_stub

---------------  P R O C E S S  ---------------

Java Threads: ( => current thread )
  0x000000001713d800 JavaThread "Service Thread" daemon [_thread_blocked, id=4732, stack(0x0000000018d40000,0x0000000018e40000)]
  0x00000000170e8800 JavaThread "C1 CompilerThread2" daemon [_thread_blocked, id=9076, stack(0x0000000018840000,0x0000000018940000)]
  0x00000000170e2000 JavaThread "C2 CompilerThread1" daemon [_thread_blocked, id=7656, stack(0x0000000018740000,0x0000000018840000)]
  0x00000000170df800 JavaThread "C2 CompilerThread0" daemon [_thread_blocked, id=9280, stack(0x0000000018640000,0x0000000018740000)]
  0x00000000170de000 JavaThread "Attach Listener" daemon [_thread_blocked, id=8328, stack(0x0000000018540000,0x0000000018640000)]
  0x00000000170dc800 JavaThread "Signal Dispatcher" daemon [_thread_blocked, id=4620, stack(0x0000000018440000,0x0000000018540000)]
  0x0000000002456000 JavaThread "Finalizer" daemon [_thread_blocked, id=640, stack(0x0000000018340000,0x0000000018440000)]
  0x000000000244d000 JavaThread "Reference Handler" daemon [_thread_blocked, id=8164, stack(0x0000000018240000,0x0000000018340000)]
=>0x0000000002360800 JavaThread "main" [_thread_in_native, id=2560, stack(0x0000000002240000,0x0000000002340000)]

Other Threads:
  0x00000000170a7800 VMThread [stack: 0x0000000018140000,0x0000000018240000] [id=1408]
  0x000000001896c800 WatcherThread [stack: 0x0000000018e40000,0x0000000018f40000] [id=820]

VM state:not at safepoint (normal execution)

VM Mutex/Monitor currently owned by a thread: None

Heap:
 PSYoungGen      total 231936K, used 77284K [0x00000000d5b80000, 0x00000000ede80000, 0x0000000100000000)
  eden space 215040K, 30% used [0x00000000d5b80000,0x00000000d9b03030,0x00000000e2d80000)
  from space 16896K, 72% used [0x00000000e6e00000,0x00000000e79f61d0,0x00000000e7e80000)
  to   space 66048K, 0% used [0x00000000e2d80000,0x00000000e2d80000,0x00000000e6e00000)
 ParOldGen       total 225280K, used 121199K [0x0000000081200000, 0x000000008ee00000, 0x00000000d5b80000)
  object space 225280K, 53% used [0x0000000081200000,0x000000008885bcf0,0x000000008ee00000)
 Metaspace       used 6109K, capacity 6369K, committed 6528K, reserved 1056768K
  class space    used 583K, capacity 626K, committed 640K, reserved 1048576K

Card table byte_map: [0x0000000011920000,0x0000000011d20000] byte_map_base: 0x0000000011517000

Marking Bits: (ParMarkBitMap*) 0x000000006b2d4040
 Begin Bits: [0x00000000123d0000, 0x0000000014388000)
 End Bits:   [0x0000000014388000, 0x0000000016340000)

Polling page: 0x00000000009f0000

CodeCache: size=245760Kb used=2862Kb max_used=2873Kb free=242897Kb
 bounds [0x0000000002560000, 0x0000000002840000, 0x0000000011560000]
 total_blobs=988 nmethods=540 adapters=361
 compilation: enabled

Compilation events (10 events):
Event: 2.405 Thread 0x00000000170e8800  537       3       sun.reflect.MagicAccessorImpl::<init> (5 bytes)
Event: 2.406 Thread 0x00000000170e8800 nmethod 537 0x000000000282d950 code [0x000000000282daa0, 0x000000000282dc50]
Event: 2.406 Thread 0x00000000170e8800  538       3       java.lang.reflect.Field::getFieldAccessor (35 bytes)
Event: 2.406 Thread 0x00000000170e8800 nmethod 538 0x000000000282d510 code [0x000000000282d680, 0x000000000282d8c8]
Event: 2.406 Thread 0x00000000170e8800  539       3       java.lang.reflect.Field::acquireFieldAccessor (59 bytes)
Event: 2.406 Thread 0x00000000170e2000  541       4       java.lang.String::equals (81 bytes)
Event: 2.406 Thread 0x00000000170e8800 nmethod 539 0x000000000282c890 code [0x000000000282ca60, 0x000000000282d1c8]
Event: 2.406 Thread 0x00000000170e8800  540       3       java.lang.reflect.Field::getFieldAccessor (16 bytes)
Event: 2.407 Thread 0x00000000170e8800 nmethod 540 0x000000000282c510 code [0x000000000282c660, 0x000000000282c810]
Event: 2.410 Thread 0x00000000170e2000 nmethod 541 0x000000000282c050 code [0x000000000282c1a0, 0x000000000282c3d8]

GC Heap History (10 events):
Event: 0.858 GC heap before
{Heap before GC invocations=5 (full 0):
 PSYoungGen      total 71680K, used 71674K [0x00000000d5b80000, 0x00000000da680000, 0x0000000100000000)
  eden space 66560K, 100% used [0x00000000d5b80000,0x00000000d9c80000,0x00000000d9c80000)
  from space 5120K, 99% used [0x00000000da180000,0x00000000da67e9e8,0x00000000da680000)
  to   space 5120K, 0% used [0x00000000d9c80000,0x00000000d9c80000,0x00000000da180000)
 ParOldGen       total 87552K, used 1192K [0x0000000081200000, 0x0000000086780000, 0x00000000d5b80000)
  object space 87552K, 1% used [0x0000000081200000,0x000000008132a000,0x0000000086780000)
 Metaspace       used 6006K, capacity 6305K, committed 6528K, reserved 1056768K
  class space    used 572K, capacity 626K, committed 640K, reserved 1048576K
Event: 0.869 GC heap after
Heap after GC invocations=5 (full 0):
 PSYoungGen      total 71680K, used 5091K [0x00000000d5b80000, 0x00000000dee80000, 0x0000000100000000)
  eden space 66560K, 0% used [0x00000000d5b80000,0x00000000d5b80000,0x00000000d9c80000)
  from space 5120K, 99% used [0x00000000d9c80000,0x00000000da178e18,0x00000000da180000)
  to   space 8704K, 0% used [0x00000000de600000,0x00000000de600000,0x00000000dee80000)
 ParOldGen       total 87552K, used 4080K [0x0000000081200000, 0x0000000086780000, 0x00000000d5b80000)
  object space 87552K, 4% used [0x0000000081200000,0x00000000815fc000,0x0000000086780000)
 Metaspace       used 6006K, capacity 6305K, committed 6528K, reserved 1056768K
  class space    used 572K, capacity 626K, committed 640K, reserved 1048576K
}
Event: 0.928 GC heap before
{Heap before GC invocations=6 (full 0):
 PSYoungGen      total 71680K, used 71651K [0x00000000d5b80000, 0x00000000dee80000, 0x0000000100000000)
  eden space 66560K, 100% used [0x00000000d5b80000,0x00000000d9c80000,0x00000000d9c80000)
  from space 5120K, 99% used [0x00000000d9c80000,0x00000000da178e18,0x00000000da180000)
  to   space 8704K, 0% used [0x00000000de600000,0x00000000de600000,0x00000000dee80000)
 ParOldGen       total 87552K, used 4080K [0x0000000081200000, 0x0000000086780000, 0x00000000d5b80000)
  object space 87552K, 4% used [0x0000000081200000,0x00000000815fc000,0x0000000086780000)
 Metaspace       used 6006K, capacity 6305K, committed 6528K, reserved 1056768K
  class space    used 572K, capacity 626K, committed 640K, reserved 1048576K
Event: 0.938 GC heap after
Heap after GC invocations=6 (full 0):
 PSYoungGen      total 140800K, used 8523K [0x00000000d5b80000, 0x00000000df080000, 0x0000000100000000)
  eden space 132096K, 0% used [0x00000000d5b80000,0x00000000d5b80000,0x00000000ddc80000)
  from space 8704K, 97% used [0x00000000de600000,0x00000000dee52f48,0x00000000dee80000)
  to   space 9728K, 0% used [0x00000000ddc80000,0x00000000ddc80000,0x00000000de600000)
 ParOldGen       total 87552K, used 4088K [0x0000000081200000, 0x0000000086780000, 0x00000000d5b80000)
  object space 87552K, 4% used [0x0000000081200000,0x00000000815fe000,0x0000000086780000)
 Metaspace       used 6006K, capacity 6305K, committed 6528K, reserved 1056768K
  class space    used 572K, capacity 626K, committed 640K, reserved 1048576K
}
Event: 1.145 GC heap before
{Heap before GC invocations=7 (full 0):
 PSYoungGen      total 140800K, used 140619K [0x00000000d5b80000, 0x00000000df080000, 0x0000000100000000)
  eden space 132096K, 100% used [0x00000000d5b80000,0x00000000ddc80000,0x00000000ddc80000)
  from space 8704K, 97% used [0x00000000de600000,0x00000000dee52f48,0x00000000dee80000)
  to   space 9728K, 0% used [0x00000000ddc80000,0x00000000ddc80000,0x00000000de600000)
 ParOldGen       total 87552K, used 4088K [0x0000000081200000, 0x0000000086780000, 0x00000000d5b80000)
  object space 87552K, 4% used [0x0000000081200000,0x00000000815fe000,0x0000000086780000)
 Metaspace       used 6045K, capacity 6305K, committed 6528K, reserved 1056768K
  class space    used 576K, capacity 626K, committed 640K, reserved 1048576K
Event: 1.171 GC heap after
Heap after GC invocations=7 (full 0):
 PSYoungGen      total 141824K, used 9714K [0x00000000d5b80000, 0x00000000e7e80000, 0x0000000100000000)
  eden space 132096K, 0% used [0x00000000d5b80000,0x00000000d5b80000,0x00000000ddc80000)
  from space 9728K, 99% used [0x00000000ddc80000,0x00000000de5fca40,0x00000000de600000)
  to   space 16896K, 0% used [0x00000000e6e00000,0x00000000e6e00000,0x00000000e7e80000)
 ParOldGen       total 87552K, used 15666K [0x0000000081200000, 0x0000000086780000, 0x00000000d5b80000)
  object space 87552K, 17% used [0x0000000081200000,0x000000008214cba0,0x0000000086780000)
 Metaspace       used 6045K, capacity 6305K, committed 6528K, reserved 1056768K
  class space    used 576K, capacity 626K, committed 640K, reserved 1048576K
}
Event: 1.211 GC heap before
{Heap before GC invocations=8 (full 0):
 PSYoungGen      total 141824K, used 141810K [0x00000000d5b80000, 0x00000000e7e80000, 0x0000000100000000)
  eden space 132096K, 100% used [0x00000000d5b80000,0x00000000ddc80000,0x00000000ddc80000)
  from space 9728K, 99% used [0x00000000ddc80000,0x00000000de5fca40,0x00000000de600000)
  to   space 16896K, 0% used [0x00000000e6e00000,0x00000000e6e00000,0x00000000e7e80000)
 ParOldGen       total 87552K, used 15666K [0x0000000081200000, 0x0000000086780000, 0x00000000d5b80000)
  object space 87552K, 17% used [0x0000000081200000,0x000000008214cba0,0x0000000086780000)
 Metaspace       used 6045K, capacity 6305K, committed 6528K, reserved 1056768K
  class space    used 576K, capacity 626K, committed 640K, reserved 1048576K
Event: 1.363 GC heap after
Heap after GC invocations=8 (full 0):
 PSYoungGen      total 231936K, used 16878K [0x00000000d5b80000, 0x00000000ede80000, 0x0000000100000000)
  eden space 215040K, 0% used [0x00000000d5b80000,0x00000000d5b80000,0x00000000e2d80000)
  from space 16896K, 99% used [0x00000000e6e00000,0x00000000e7e7b858,0x00000000e7e80000)
  to   space 66048K, 0% used [0x00000000e2d80000,0x00000000e2d80000,0x00000000e6e00000)
 ParOldGen       total 121344K, used 121194K [0x0000000081200000, 0x0000000088880000, 0x00000000d5b80000)
  object space 121344K, 99% used [0x0000000081200000,0x000000008885aba0,0x0000000088880000)
 Metaspace       used 6045K, capacity 6305K, committed 6528K, reserved 1056768K
  class space    used 576K, capacity 626K, committed 640K, reserved 1048576K
}
Event: 1.363 GC heap before
{Heap before GC invocations=9 (full 1):
 PSYoungGen      total 231936K, used 16878K [0x00000000d5b80000, 0x00000000ede80000, 0x0000000100000000)
  eden space 215040K, 0% used [0x00000000d5b80000,0x00000000d5b80000,0x00000000e2d80000)
  from space 16896K, 99% used [0x00000000e6e00000,0x00000000e7e7b858,0x00000000e7e80000)
  to   space 66048K, 0% used [0x00000000e2d80000,0x00000000e2d80000,0x00000000e6e00000)
 ParOldGen       total 121344K, used 121194K [0x0000000081200000, 0x0000000088880000, 0x00000000d5b80000)
  object space 121344K, 99% used [0x0000000081200000,0x000000008885aba0,0x0000000088880000)
 Metaspace       used 6045K, capacity 6305K, committed 6528K, reserved 1056768K
  class space    used 576K, capacity 626K, committed 640K, reserved 1048576K
Event: 2.093 GC heap after
Heap after GC invocations=9 (full 1):
 PSYoungGen      total 231936K, used 12248K [0x00000000d5b80000, 0x00000000ede80000, 0x0000000100000000)
  eden space 215040K, 0% used [0x00000000d5b80000,0x00000000d5b80000,0x00000000e2d80000)
  from space 16896K, 72% used [0x00000000e6e00000,0x00000000e79f61d0,0x00000000e7e80000)
  to   space 66048K, 0% used [0x00000000e2d80000,0x00000000e2d80000,0x00000000e6e00000)
 ParOldGen       total 225280K, used 121199K [0x0000000081200000, 0x000000008ee00000, 0x00000000d5b80000)
  object space 225280K, 53% used [0x0000000081200000,0x000000008885bcf0,0x000000008ee00000)
 Metaspace       used 6045K, capacity 6305K, committed 6528K, reserved 1056768K
  class space    used 576K, capacity 626K, committed 640K, reserved 1048576K
}

Deoptimization events (10 events):
Event: 0.560 Thread 0x0000000002360800 Uncommon trap: reason=array_check action=maybe_recompile pc=0x000000000275faa0 method=java.util.AbstractCollection.toArray([Ljava/lang/Object;)[Ljava/lang/Object; @ 119
Event: 0.560 Thread 0x0000000002360800 Uncommon trap: reason=array_check action=maybe_recompile pc=0x000000000275faa0 method=java.util.AbstractCollection.toArray([Ljava/lang/Object;)[Ljava/lang/Object; @ 119
Event: 0.560 Thread 0x0000000002360800 Uncommon trap: reason=array_check action=maybe_recompile pc=0x000000000275faa0 method=java.util.AbstractCollection.toArray([Ljava/lang/Object;)[Ljava/lang/Object; @ 119
Event: 0.560 Thread 0x0000000002360800 Uncommon trap: reason=array_check action=maybe_recompile pc=0x000000000275faa0 method=java.util.AbstractCollection.toArray([Ljava/lang/Object;)[Ljava/lang/Object; @ 119
Event: 0.667 Thread 0x0000000002360800 Uncommon trap: reason=unstable_if action=reinterpret pc=0x0000000002762b20 method=sun.misc.FloatingDecimal$ASCIIToBinaryBuffer.floatValue()F @ 95
Event: 0.855 Thread 0x0000000002360800 Uncommon trap: reason=unstable_if action=reinterpret pc=0x00000000027adff0 method=renderEngine.OBJLoader.loadObjModel(Ljava/lang/String;LrenderEngine/Loader;)Lmodels/RawModel; @ 186
Event: 0.985 Thread 0x0000000002360800 Uncommon trap: reason=unstable_if action=reinterpret pc=0x00000000027bf93c method=renderEngine.OBJLoader.loadObjModel(Ljava/lang/String;LrenderEngine/Loader;)Lmodels/RawModel; @ 324
Event: 1.092 Thread 0x0000000002360800 Uncommon trap: reason=unstable_if action=reinterpret pc=0x00000000027eaa04 method=objects.HairFactory.Build()Lobjects/Hairs; @ 228
Event: 2.107 Thread 0x0000000002360800 Uncommon trap: reason=unstable_if action=reinterpret pc=0x0000000002823d18 method=objects.HairFactory.Build()Lobjects/Hairs; @ 378
Event: 2.405 Thread 0x0000000002360800 Uncommon trap: reason=unstable_if action=reinterpret pc=0x000000000282e420 method=java.lang.Integer.valueOf(I)Ljava/lang/Integer; @ 3

Internal exceptions (10 events):
Event: 0.117 Thread 0x0000000002360800 Exception <a 'java/security/PrivilegedActionException'> (0x00000000d5de52b8) thrown at [D:\re\workspace\8-2-build-windows-amd64-cygwin\jdk8u40\3098\hotspot\src\share\vm\prims\jvm.cpp, line 1382]
Event: 0.118 Thread 0x0000000002360800 Exception <a 'java/security/PrivilegedActionException'> (0x00000000d5de5e30) thrown at [D:\re\workspace\8-2-build-windows-amd64-cygwin\jdk8u40\3098\hotspot\src\share\vm\prims\jvm.cpp, line 1382]
Event: 0.118 Thread 0x0000000002360800 Exception <a 'org/lwjgl/LWJGLException'> (0x00000000d5de7f10) thrown at [D:\re\workspace\8-2-build-windows-amd64-cygwin\jdk8u40\3098\hotspot\src\share\vm\prims\jni.cpp, line 709]
Event: 0.118 Thread 0x0000000002360800 Exception <a 'org/lwjgl/LWJGLException'> (0x00000000d5de8758) thrown at [D:\re\workspace\8-2-build-windows-amd64-cygwin\jdk8u40\3098\hotspot\src\share\vm\prims\jni.cpp, line 709]
Event: 0.118 Thread 0x0000000002360800 Exception <a 'org/lwjgl/LWJGLException'> (0x00000000d5de8f58) thrown at [D:\re\workspace\8-2-build-windows-amd64-cygwin\jdk8u40\3098\hotspot\src\share\vm\prims\jni.cpp, line 709]
Event: 0.118 Thread 0x0000000002360800 Exception <a 'org/lwjgl/LWJGLException'> (0x00000000d5de9738) thrown at [D:\re\workspace\8-2-build-windows-amd64-cygwin\jdk8u40\3098\hotspot\src\share\vm\prims\jni.cpp, line 709]
Event: 0.177 Thread 0x0000000002360800 Exception <a 'java/security/PrivilegedActionException'> (0x00000000d5f39cd8) thrown at [D:\re\workspace\8-2-build-windows-amd64-cygwin\jdk8u40\3098\hotspot\src\share\vm\prims\jvm.cpp, line 1382]
Event: 0.177 Thread 0x0000000002360800 Exception <a 'java/security/PrivilegedActionException'> (0x00000000d5f3a020) thrown at [D:\re\workspace\8-2-build-windows-amd64-cygwin\jdk8u40\3098\hotspot\src\share\vm\prims\jvm.cpp, line 1382]
Event: 0.177 Thread 0x0000000002360800 Exception <a 'java/security/PrivilegedActionException'> (0x00000000d5f3df48) thrown at [D:\re\workspace\8-2-build-windows-amd64-cygwin\jdk8u40\3098\hotspot\src\share\vm\prims\jvm.cpp, line 1382]
Event: 0.177 Thread 0x0000000002360800 Exception <a 'java/security/PrivilegedActionException'> (0x00000000d5f3e290) thrown at [D:\re\workspace\8-2-build-windows-amd64-cygwin\jdk8u40\3098\hotspot\src\share\vm\prims\jvm.cpp, line 1382]

Events (10 events):
Event: 2.403 loading class org/lwjgl/opencl/APPLEGLSharing done
Event: 2.403 loading class org/lwjgl/opencl/EXTDeviceFission
Event: 2.403 loading class org/lwjgl/opencl/EXTDeviceFission done
Event: 2.403 loading class java/util/AbstractList$Itr
Event: 2.403 loading class java/util/AbstractList$Itr done
Event: 2.405 Thread 0x0000000002360800 Uncommon trap: trap_request=0xffffff65 fr.pc=0x000000000282e420
Event: 2.405 Thread 0x0000000002360800 DEOPT PACKING pc=0x000000000282e420 sp=0x000000000233e840
Event: 2.405 Thread 0x0000000002360800 DEOPT UNPACKING pc=0x00000000025a582a sp=0x000000000233e7e0 mode 2
Event: 2.406 loading class org/lwjgl/opencl/CLKernel
Event: 2.406 loading class org/lwjgl/opencl/CLKernel done


Dynamic libraries:
0x00007ff709fd0000 - 0x00007ff70a007000 	C:\Program Files\Java\jdk1.8.0_40\bin\javaw.exe
0x00007ffe84830000 - 0x00007ffe849dc000 	C:\windows\SYSTEM32\ntdll.dll
0x00007ffe840a0000 - 0x00007ffe841de000 	C:\windows\system32\KERNEL32.DLL
0x00007ffe81c30000 - 0x00007ffe81d45000 	C:\windows\system32\KERNELBASE.dll
0x00007ffe80520000 - 0x00007ffe805ae000 	C:\windows\system32\apphelp.dll
0x00007ffe77aa0000 - 0x00007ffe77af3000 	C:\windows\AppPatch\AppPatch64\AcGenral.DLL
0x00007ffe81eb0000 - 0x00007ffe81f5a000 	C:\windows\system32\msvcrt.dll
0x00007ffe81820000 - 0x00007ffe8184e000 	C:\windows\SYSTEM32\SspiCli.dll
0x00007ffe81f60000 - 0x00007ffe81fb4000 	C:\windows\system32\SHLWAPI.dll
0x00007ffe83c60000 - 0x00007ffe83dd7000 	C:\windows\system32\USER32.dll
0x00007ffe84690000 - 0x00007ffe84824000 	C:\windows\system32\ole32.dll
0x00007ffe825f0000 - 0x00007ffe83b08000 	C:\windows\system32\SHELL32.dll
0x00007ffe80fa0000 - 0x00007ffe80fc1000 	C:\windows\SYSTEM32\USERENV.dll
0x00007ffe824e0000 - 0x00007ffe8258a000 	C:\windows\system32\ADVAPI32.dll
0x00007ffe749d0000 - 0x00007ffe749ee000 	C:\windows\SYSTEM32\MPR.dll
0x00007ffe83b10000 - 0x00007ffe83c51000 	C:\windows\system32\RPCRT4.dll
0x00007ffe841e0000 - 0x00007ffe84239000 	C:\windows\SYSTEM32\sechost.dll
0x00007ffe84470000 - 0x00007ffe84681000 	C:\windows\SYSTEM32\combase.dll
0x00007ffe84240000 - 0x00007ffe84391000 	C:\windows\system32\GDI32.dll
0x00007ffe81980000 - 0x00007ffe81995000 	C:\windows\SYSTEM32\profapi.dll
0x00007ffe7fef0000 - 0x00007ffe7ffa2000 	C:\windows\SYSTEM32\SHCORE.dll
0x00007ffe82330000 - 0x00007ffe82366000 	C:\windows\system32\IMM32.DLL
0x00007ffe81fc0000 - 0x00007ffe82111000 	C:\windows\system32\MSCTF.dll
0x00007ffe7f440000 - 0x00007ffe7f6bb000 	C:\windows\WinSxS\amd64_microsoft.windows.common-controls_6595b64144ccf1df_6.0.9600.17415_none_6240486fecbd8abb\COMCTL32.dll
0x000000006a930000 - 0x000000006aa02000 	C:\Program Files\Java\jdk1.8.0_40\jre\bin\msvcr100.dll
0x000000006aad0000 - 0x000000006b353000 	C:\Program Files\Java\jdk1.8.0_40\jre\bin\server\jvm.dll
0x00007ffe79090000 - 0x00007ffe79099000 	C:\windows\SYSTEM32\WSOCK32.dll
0x00007ffe7cff0000 - 0x00007ffe7d012000 	C:\windows\SYSTEM32\WINMM.dll
0x00007ffe79b50000 - 0x00007ffe79b5a000 	C:\windows\SYSTEM32\VERSION.dll
0x00007ffe83fc0000 - 0x00007ffe83fc7000 	C:\windows\system32\PSAPI.DLL
0x00007ffe822d0000 - 0x00007ffe8232a000 	C:\windows\system32\WS2_32.dll
0x00007ffe7a3f0000 - 0x00007ffe7a41a000 	C:\windows\SYSTEM32\WINMMBASE.dll
0x00007ffe843a0000 - 0x00007ffe843a9000 	C:\windows\system32\NSI.dll
0x00007ffe81e60000 - 0x00007ffe81eaf000 	C:\windows\SYSTEM32\cfgmgr32.dll
0x00007ffe807a0000 - 0x00007ffe807c8000 	C:\windows\SYSTEM32\DEVOBJ.dll
0x000000006b8f0000 - 0x000000006b8ff000 	C:\Program Files\Java\jdk1.8.0_40\jre\bin\verify.dll
0x000000006aaa0000 - 0x000000006aac9000 	C:\Program Files\Java\jdk1.8.0_40\jre\bin\java.dll
0x000000006aa80000 - 0x000000006aa96000 	C:\Program Files\Java\jdk1.8.0_40\jre\bin\zip.dll
0x0000000180000000 - 0x0000000180053000 	C:\Users\Luuk\Source\Repos\Visualization_2IV35\2IV06 Visual Computing Project\Source\lib\lwjgl-2.9.3\native\windows\lwjgl64.dll
0x00007ffe77590000 - 0x00007ffe776bb000 	C:\windows\SYSTEM32\OPENGL32.dll
0x00007ffe77ca0000 - 0x00007ffe77cce000 	C:\windows\SYSTEM32\GLU32.dll
0x00007ffe77490000 - 0x00007ffe77588000 	C:\windows\SYSTEM32\DDRAW.dll
0x00007ffe7cfb0000 - 0x00007ffe7cfb9000 	C:\windows\SYSTEM32\DCIMAN32.dll
0x00007ffe77a80000 - 0x00007ffe77a9a000 	C:\windows\SYSTEM32\OpenCL.dll
0x00007ffe77430000 - 0x00007ffe7748e000 	C:\windows\SYSTEM32\IntelOpenCL64.dll
0x00007ffe772a0000 - 0x00007ffe7742d000 	C:\Program Files (x86)\Common Files\Intel\OpenCL\bin\x64\intelocl64.dll
0x00007ffe76330000 - 0x00007ffe763b8000 	C:\Program Files (x86)\Common Files\Intel\OpenCL\bin\x64\task_executor64.dll
0x00007ffe74310000 - 0x00007ffe743e6000 	C:\Program Files (x86)\Common Files\Intel\OpenCL\bin\x64\cpu_device64.dll
0x00007ffe61ee0000 - 0x00007ffe62a63000 	C:\windows\SYSTEM32\igdrcl64.dll
0x00007ffe7f3b0000 - 0x00007ffe7f437000 	C:\windows\SYSTEM32\dxgi.dll
0x00007ffe5cda0000 - 0x00007ffe5e5b5000 	C:\windows\SYSTEM32\igdfcl64.dll
0x00007ffe73220000 - 0x00007ffe733aa000 	C:\windows\SYSTEM32\dbghelp.dll
0x00007ffe764c0000 - 0x00007ffe76528000 	C:\windows\SYSTEM32\igdbcl64.dll
0x00007ffe7d990000 - 0x00007ffe7e338000 	C:\windows\SYSTEM32\igdusc64.dll
0x00007ffe80600000 - 0x00007ffe80729000 	C:\windows\system32\uxtheme.dll
0x00007ffe79c50000 - 0x00007ffe79cfb000 	C:\Program Files\Common Files\microsoft shared\ink\tiptsf.dll
0x00007ffe82390000 - 0x00007ffe82451000 	C:\windows\system32\OLEAUT32.dll
0x00007ffe7fb40000 - 0x00007ffe7fb61000 	C:\windows\system32\dwmapi.dll
0x00007ffe5c4c0000 - 0x00007ffe5cd91000 	C:\windows\SYSTEM32\ig75icd64.dll
0x00007ffe7d7e0000 - 0x00007ffe7d7f2000 	C:\windows\SYSTEM32\WTSAPI32.dll
0x00007ffe805f0000 - 0x00007ffe805fb000 	C:\windows\SYSTEM32\kernel.appcore.dll
0x00007ffe818c0000 - 0x00007ffe818cb000 	C:\windows\SYSTEM32\CRYPTBASE.dll
0x00007ffe81850000 - 0x00007ffe818b3000 	C:\windows\SYSTEM32\bcryptPrimitives.dll
0x00007ffe7d1b0000 - 0x00007ffe7d21a000 	C:\windows\SYSTEM32\oleacc.dll
0x00007ffe75cd0000 - 0x00007ffe75d62000 	C:\windows\SYSTEM32\mscms.dll
0x00007ffe75e70000 - 0x00007ffe75eb1000 	C:\windows\SYSTEM32\icm32.dll
0x00007ffe80fd0000 - 0x00007ffe81016000 	C:\windows\SYSTEM32\powrprof.dll
0x000000006a790000 - 0x000000006a928000 	C:\Program Files\Java\jdk1.8.0_40\jre\bin\awt.dll
0x00007ffe75a10000 - 0x00007ffe75a7b000 	C:\Program Files (x86)\Common Files\Intel\OpenCL\bin\x64\tbb\tbb.dll
0x00007ffe75440000 - 0x00007ffe7549a000 	C:\Program Files (x86)\Common Files\Intel\OpenCL\bin\x64\tbb\tbbmalloc.dll
0x00007ffe5ba90000 - 0x00007ffe5c4b9000 	C:\Program Files (x86)\Common Files\Intel\OpenCL\bin\x64\OclCpuBackEnd64.dll
0x00007ffe69ba0000 - 0x00007ffe6a125000 	C:\Program Files (x86)\Common Files\Intel\OpenCL\bin\x64\__ocl_svml_l9.dll
0x00007ffe62be0000 - 0x00007ffe632b6000 	C:\Program Files (x86)\Common Files\Intel\OpenCL\bin\x64\clang_compiler64.dll

VM Arguments:
jvm_args: -Djava.library.path=C:\Users\Luuk\Source\Repos\Visualization_2IV35\2IV06 Visual Computing Project\Source\lib\lwjgl-2.9.3\native\windows;C:\Users\Luuk\Source\Repos\Visualization_2IV35\2IV06 Visual Computing Project\Source\lib\lwjgl-2.9.3\native\windows -Dfile.encoding=Cp1252 
java_command: engineTester.MainSimulator
java_class_path (initial): C:\Users\Luuk\Source\Repos\Visualization_2IV35\2IV06 Visual Computing Project\Source\bin;C:\Users\Luuk\Source\Repos\Visualization_2IV35\2IV06 Visual Computing Project\Source\lib\lwjgl-2.9.3\jar\lwjgl.jar;C:\Users\Luuk\Source\Repos\Visualization_2IV35\2IV06 Visual Computing Project\Source\lib\lwjgl-2.9.3\jar\lwjgl_util.jar;C:\Users\Luuk\Source\Repos\Visualization_2IV35\2IV06 Visual Computing Project\Source\lib\slick\lib\slick.jar
Launcher Type: SUN_STANDARD

Environment Variables:
JAVA_HOME=C:\Program Files\Java\jdk1.8.0_40\jre\bin
PATH=C:/Program Files/Java/jdk1.8.0_40/jre/bin/server;C:/Program Files/Java/jdk1.8.0_40/jre/bin;C:/Program Files/Java/jdk1.8.0_40/jre/lib/amd64;C:\ProgramData\Oracle\Java\javapath;C:\Python27\;C:\Python27\Scripts;C:\Program Files (x86)\iis express\PHP\v5.4;C:\Program Files (x86)\NVIDIA Corporation\PhysX\Common;C:\windows\system32;C:\windows;C:\windows\System32\Wbem;C:\windows\System32\WindowsPowerShell\v1.0\;C:\Program Files (x86)\Microsoft ASP.NET\ASP.NET Web Pages\v1.0\;C:\Program Files (x86)\Windows Kits\8.0\Windows Performance Toolkit\;C:\Program Files\Microsoft SQL Server\110\Tools\Binn\;C:\Program Files\Microsoft\Web Platform Installer\;C:\Program Files (x86)\MiKTeX 2.9\miktex\bin\;C:\Program Files\Common Files\Autodesk Shared\;C:\Program Files (x86)\Autodesk\Backburner\;C:\Program Files (x86)\Skype\Phone\;C:\Program Files\Java\jdk1.8.0_31\bin;C:\Users\Luuk\Desktop\eclipse-java-luna-SR1-win32-x86_64\eclipse;
USERNAME=Luuk
OS=Windows_NT
PROCESSOR_IDENTIFIER=Intel64 Family 6 Model 69 Stepping 1, GenuineIntel



---------------  S Y S T E M  ---------------

OS: Windows 8.1 , 64 bit Build 9600 (6.3.9600.17415)

CPU:total 4 (2 cores per cpu, 2 threads per core) family 6 model 69 stepping 1, cmov, cx8, fxsr, mmx, sse, sse2, sse3, ssse3, sse4.1, sse4.2, popcnt, avx, avx2, aes, clmul, erms, lzcnt, ht, tsc, tscinvbit, bmi1, bmi2

Memory: 4k page, physical 8306732k(3948296k free), swap 17219628k(10995256k free)

vm_info: Java HotSpot(TM) 64-Bit Server VM (25.40-b25) for windows-amd64 JRE (1.8.0_40-b26), built on Mar  7 2015 13:51:59 by "java_re" with MS VC++ 10.0 (VS2010)

time: Wed Apr 08 20:48:08 2015
elapsed time: 2 seconds (0d 0h 0m 2s)

