#
# A fatal error has been detected by the Java Runtime Environment:
#
#  EXCEPTION_ACCESS_VIOLATION (0xc0000005) at pc=0x00007ffa1332a940, pid=3272, tid=344
#
# JRE version: Java(TM) SE Runtime Environment (8.0_31-b13) (build 1.8.0_31-b13)
# Java VM: Java HotSpot(TM) 64-Bit Server VM (25.31-b07 mixed mode windows-amd64 compressed oops)
# Problematic frame:
# C  [ig75icd64.dll+0x9a940]
#
# Failed to write core dump. Minidumps are not enabled by default on client versions of Windows
#
# If you would like to submit a bug report, please visit:
#   http://bugreport.java.com/bugreport/crash.jsp
# The crash happened outside the Java Virtual Machine in native code.
# See problematic frame for where to report the bug.
#

---------------  T H R E A D  ---------------

Current thread (0x0000000002800800):  JavaThread "main" [_thread_in_native, id=344, stack(0x00000000026c0000,0x00000000027c0000)]

siginfo: ExceptionCode=0xc0000005, reading address 0x0000000000000000

Registers:
RAX=0x0000000000000000, RBX=0x000000001b726000, RCX=0x0000000000000000, RDX=0x0000000000000000
RSP=0x00000000027bc0b0, RBP=0x00000000027bc1e0, RSI=0x000000001c0d2700, RDI=0x000000001b726000
R8 =0x0000000000000180, R9 =0x0000000000000003, R10=0x0000000000000000, R11=0x0000000000000202
R12=0x0000000000000000, R13=0x0000000000000000, R14=0x00000000027bc860, R15=0x0000000000000010
RIP=0x00007ffa1332a940, EFLAGS=0x0000000000010206

Top of Stack: (sp=0x00000000027bc0b0)
0x00000000027bc0b0:   cafebabecafebabe 0000000000000000
0x00000000027bc0c0:   0000000000000000 0000000000000000
0x00000000027bc0d0:   000000001aaf2c80 00007ffa13500eb9
0x00000000027bc0e0:   0000000000000002 000000001c0d2700
0x00000000027bc0f0:   00000000027bc1e0 00000000027bc1f0
0x00000000027bc100:   0000000002800801 00000000ffffffff
0x00000000027bc110:   0000000300000180 00000000027bc860
0x00000000027bc120:   0000000000000002 000000001ab139c0
0x00000000027bc130:   0000000000000002 00000000195f0b90
0x00000000027bc140:   0000000000000002 00000000715d6dd7
0x00000000027bc150:   0000000000000002 00000000715e57c5
0x00000000027bc160:   000000000280be60 00000000025b0cc0
0x00000000027bc170:   000000010000003c 0000000000000000
0x00000000027bc180:   0000000002800800 000000001c1022e0
0x00000000027bc190:   0000000000000002 000000001c0b47b0
0x00000000027bc1a0:   0000000000000002 000000000000001c 

Instructions: (pc=0x00007ffa1332a940)
0x00007ffa1332a920:   c2 10 66 0f e7 47 f0 49 3b c2 72 e4 e9 ab 00 00
0x00007ffa1332a930:   00 4d 85 c9 74 6c 66 66 0f 1f 84 00 00 00 00 00
0x00007ffa1332a940:   66 0f 6f 3a 66 0f 6f 72 10 66 0f 6f 6a 20 41 ff
0x00007ffa1332a950:   c2 48 83 ef 80 41 8b c2 66 0f 6f 62 30 66 0f 6f 


Register to memory mapping:

RAX=0x0000000000000000 is an unknown value
RBX=0x000000001b726000 is an unknown value
RCX=0x0000000000000000 is an unknown value
RDX=0x0000000000000000 is an unknown value
RSP=0x00000000027bc0b0 is pointing into the stack for thread: 0x0000000002800800
RBP=0x00000000027bc1e0 is pointing into the stack for thread: 0x0000000002800800
RSI=0x000000001c0d2700 is an unknown value
RDI=0x000000001b726000 is an unknown value
R8 =0x0000000000000180 is an unknown value
R9 =0x0000000000000003 is an unknown value
R10=0x0000000000000000 is an unknown value
R11=0x0000000000000202 is an unknown value
R12=0x0000000000000000 is an unknown value
R13=0x0000000000000000 is an unknown value
R14=0x00000000027bc860 is pointing into the stack for thread: 0x0000000002800800
R15=0x0000000000000010 is an unknown value


Stack: [0x00000000026c0000,0x00000000027c0000],  sp=0x00000000027bc0b0,  free space=1008k
Native frames: (J=compiled Java code, j=interpreted, Vv=VM code, C=native code)
C  [ig75icd64.dll+0x9a940]
C  [ig75icd64.dll+0x270eb9]
C  [ig75icd64.dll+0x1b3689]
C  [ig75icd64.dll+0x2791fe]
C  [ig75icd64.dll+0x17af13]
C  [ig75icd64.dll+0x4bdca5]
C  [ig75icd64.dll+0x4bdde7]
C  [ig75icd64.dll+0x4be2f1]
C  0x0000000002915b74

Java frames: (J=compiled Java code, j=interpreted, Vv=VM code)
j  org.lwjgl.opengl.GL11.nglDrawElementsBO(IIIJJ)V+0
j  org.lwjgl.opengl.GL11.glDrawElements(IIIJ)V+28
j  renderEngine.Renderer.render(Lentities/Entity;Lshaders/StaticShader;)V+82
j  engineTester.MainSimulator.main([Ljava/lang/String;)V+1483
v  ~StubRoutines::call_stub

---------------  P R O C E S S  ---------------

Java Threads: ( => current thread )
  0x0000000018d18800 JavaThread "Service Thread" daemon [_thread_blocked, id=6112, stack(0x00000000190f0000,0x00000000191f0000)]
  0x0000000017489000 JavaThread "C1 CompilerThread2" daemon [_thread_blocked, id=3656, stack(0x0000000018bf0000,0x0000000018cf0000)]
  0x0000000017488000 JavaThread "C2 CompilerThread1" daemon [_thread_blocked, id=5868, stack(0x0000000018af0000,0x0000000018bf0000)]
  0x000000001747b800 JavaThread "C2 CompilerThread0" daemon [_thread_blocked, id=7132, stack(0x00000000189f0000,0x0000000018af0000)]
  0x000000001747a000 JavaThread "Attach Listener" daemon [_thread_blocked, id=4204, stack(0x00000000188f0000,0x00000000189f0000)]
  0x0000000017486800 JavaThread "Signal Dispatcher" daemon [_thread_blocked, id=3836, stack(0x00000000187f0000,0x00000000188f0000)]
  0x00000000028f3800 JavaThread "Finalizer" daemon [_thread_blocked, id=7472, stack(0x00000000186f0000,0x00000000187f0000)]
  0x00000000028e9800 JavaThread "Reference Handler" daemon [_thread_blocked, id=1620, stack(0x00000000185f0000,0x00000000186f0000)]
=>0x0000000002800800 JavaThread "main" [_thread_in_native, id=344, stack(0x00000000026c0000,0x00000000027c0000)]

Other Threads:
  0x0000000017446800 VMThread [stack: 0x00000000184f0000,0x00000000185f0000] [id=160]
  0x0000000018d19800 WatcherThread [stack: 0x00000000191f0000,0x00000000192f0000] [id=6336]

VM state:not at safepoint (normal execution)

VM Mutex/Monitor currently owned by a thread: None

Heap:
 PSYoungGen      total 38400K, used 7384K [0x00000000d5b80000, 0x00000000d8600000, 0x0000000100000000)
  eden space 33280K, 22% used [0x00000000d5b80000,0x00000000d62b6298,0x00000000d7c00000)
  from space 5120K, 0% used [0x00000000d8100000,0x00000000d8100000,0x00000000d8600000)
  to   space 5120K, 0% used [0x00000000d7c00000,0x00000000d7c00000,0x00000000d8100000)
 ParOldGen       total 87552K, used 0K [0x0000000081200000, 0x0000000086780000, 0x00000000d5b80000)
  object space 87552K, 0% used [0x0000000081200000,0x0000000081200000,0x0000000086780000)
 Metaspace       used 5005K, capacity 5891K, committed 6016K, reserved 1056768K
  class space    used 484K, capacity 528K, committed 640K, reserved 1048576K

Card table byte_map: [0x0000000011cc0000,0x00000000120c0000] byte_map_base: 0x00000000118b7000

Marking Bits: (ParMarkBitMap*) 0x0000000071d6d4f0
 Begin Bits: [0x0000000012770000, 0x0000000014728000)
 End Bits:   [0x0000000014728000, 0x00000000166e0000)

Polling page: 0x00000000025d0000

CodeCache: size=245760Kb used=1956Kb max_used=1956Kb free=243803Kb
 bounds [0x0000000002900000, 0x0000000002b70000, 0x0000000011900000]
 total_blobs=706 nmethods=325 adapters=295
 compilation: enabled

Compilation events (10 events):
Event: 0.503 Thread 0x0000000017489000  316       3       engineTester.Particle::clearNeighbourList (10 bytes)
Event: 0.503 Thread 0x0000000017489000 nmethod 316 0x0000000002aad010 code [0x0000000002aad180, 0x0000000002aad3a8]
Event: 0.503 Thread 0x0000000017489000  318       3       java.util.ArrayList::iterator (10 bytes)
Event: 0.503 Thread 0x0000000017489000 nmethod 318 0x0000000002aaca50 code [0x0000000002aacbc0, 0x0000000002aaceb0]
Event: 0.503 Thread 0x0000000017489000  319       3       java.util.ArrayList$Itr::<init> (6 bytes)
Event: 0.503 Thread 0x0000000017489000 nmethod 319 0x0000000002aac590 code [0x0000000002aac700, 0x0000000002aac930]
Event: 0.503 Thread 0x0000000017489000  317       3       engineTester.Particle::addNeighbourParticle (12 bytes)
Event: 0.503 Thread 0x0000000017489000 nmethod 317 0x0000000002aac110 code [0x0000000002aac280, 0x0000000002aac4a8]
Event: 0.518 Thread 0x0000000017489000  320 %     3       engineTester.MainSimulator::main @ 1415 (1521 bytes)
Event: 0.519 Thread 0x000000001747b800  325       4       java.lang.String::equals (81 bytes)

GC Heap History (0 events):
No events

Deoptimization events (1 events):
Event: 0.518 Thread 0x0000000002800800 Uncommon trap: reason=unreached action=reinterpret pc=0x0000000002ad4ac4 method=engineTester.MainSimulator.main([Ljava/lang/String;)V @ 1444

Internal exceptions (10 events):
Event: 0.388 Thread 0x0000000002800800 Exception <a 'java/security/PrivilegedActionException'> (0x00000000d61b57e0) thrown at [C:\workspace\8-2-build-windows-amd64-cygwin\jdk8u31\2394\hotspot\src\share\vm\prims\jvm.cpp, line 1312]
Event: 0.389 Thread 0x0000000002800800 Exception <a 'java/security/PrivilegedActionException'> (0x00000000d61b9770) thrown at [C:\workspace\8-2-build-windows-amd64-cygwin\jdk8u31\2394\hotspot\src\share\vm\prims\jvm.cpp, line 1312]
Event: 0.389 Thread 0x0000000002800800 Exception <a 'java/security/PrivilegedActionException'> (0x00000000d61bf918) thrown at [C:\workspace\8-2-build-windows-amd64-cygwin\jdk8u31\2394\hotspot\src\share\vm\prims\jvm.cpp, line 1312]
Event: 0.393 Thread 0x0000000002800800 Exception <a 'java/security/PrivilegedActionException'> (0x00000000d61d51a8) thrown at [C:\workspace\8-2-build-windows-amd64-cygwin\jdk8u31\2394\hotspot\src\share\vm\prims\jvm.cpp, line 1312]
Event: 0.395 Thread 0x0000000002800800 Exception <a 'java/security/PrivilegedActionException'> (0x00000000d61e2870) thrown at [C:\workspace\8-2-build-windows-amd64-cygwin\jdk8u31\2394\hotspot\src\share\vm\prims\jvm.cpp, line 1312]
Event: 0.401 Thread 0x0000000002800800 Exception <a 'java/security/PrivilegedActionException'> (0x00000000d61e7f80) thrown at [C:\workspace\8-2-build-windows-amd64-cygwin\jdk8u31\2394\hotspot\src\share\vm\prims\jvm.cpp, line 1312]
Event: 0.402 Thread 0x0000000002800800 Exception <a 'java/security/PrivilegedActionException'> (0x00000000d61ea068) thrown at [C:\workspace\8-2-build-windows-amd64-cygwin\jdk8u31\2394\hotspot\src\share\vm\prims\jvm.cpp, line 1312]
Event: 0.404 Thread 0x0000000002800800 Exception <a 'java/security/PrivilegedActionException'> (0x00000000d6225a08) thrown at [C:\workspace\8-2-build-windows-amd64-cygwin\jdk8u31\2394\hotspot\src\share\vm\prims\jvm.cpp, line 1312]
Event: 0.404 Thread 0x0000000002800800 Exception <a 'java/security/PrivilegedActionException'> (0x00000000d6227a38) thrown at [C:\workspace\8-2-build-windows-amd64-cygwin\jdk8u31\2394\hotspot\src\share\vm\prims\jvm.cpp, line 1312]
Event: 0.519 Thread 0x0000000002800800 Exception <a 'java/security/PrivilegedActionException'> (0x00000000d624e728) thrown at [C:\workspace\8-2-build-windows-amd64-cygwin\jdk8u31\2394\hotspot\src\share\vm\prims\jvm.cpp, line 1312]

Events (10 events):
Event: 0.404 loading class entities/Camera done
Event: 0.404 loading class toolbox/Maths
Event: 0.404 loading class toolbox/Maths done
Event: 0.497 Thread 0x0000000002800800 DEOPT PACKING pc=0x0000000002ab76bd sp=0x00000000027beea0
Event: 0.497 Thread 0x0000000002800800 DEOPT UNPACKING pc=0x00000000029475bf sp=0x00000000027bef00 mode 0
Event: 0.518 Thread 0x0000000002800800 Uncommon trap: trap_request=0xffffffad fr.pc=0x0000000002ad4ac4
Event: 0.518 Thread 0x0000000002800800 DEOPT PACKING pc=0x0000000002ad4ac4 sp=0x00000000027bf200
Event: 0.518 Thread 0x0000000002800800 DEOPT UNPACKING pc=0x000000000294556a sp=0x00000000027bf188 mode 2
Event: 0.519 loading class org/lwjgl/opengl/GL13
Event: 0.519 loading class org/lwjgl/opengl/GL13 done


Dynamic libraries:
0x00007ff68e120000 - 0x00007ff68e154000 	C:\Program Files\Java\jre1.8.0_31\bin\javaw.exe
0x00007ffa350f0000 - 0x00007ffa35296000 	C:\windows\SYSTEM32\ntdll.dll
0x00007ffa330f0000 - 0x00007ffa3322a000 	C:\windows\system32\KERNEL32.DLL
0x00007ffa32630000 - 0x00007ffa3273f000 	C:\windows\system32\KERNELBASE.dll
0x00007ffa31070000 - 0x00007ffa310f8000 	C:\windows\system32\apphelp.dll
0x00007ffa28960000 - 0x00007ffa289af000 	C:\windows\AppPatch\AppPatch64\AcGenral.DLL
0x00007ffa32b80000 - 0x00007ffa32c27000 	C:\windows\system32\msvcrt.dll
0x00007ffa322a0000 - 0x00007ffa322cb000 	C:\windows\SYSTEM32\SspiCli.dll
0x00007ffa334f0000 - 0x00007ffa33541000 	C:\windows\system32\SHLWAPI.dll
0x00007ffa32a00000 - 0x00007ffa32b71000 	C:\windows\system32\USER32.dll
0x00007ffa34f70000 - 0x00007ffa350e8000 	C:\windows\system32\ole32.dll
0x00007ffa33980000 - 0x00007ffa34d8f000 	C:\windows\system32\SHELL32.dll
0x00007ffa31ab0000 - 0x00007ffa31ace000 	C:\windows\SYSTEM32\USERENV.dll
0x00007ffa32c30000 - 0x00007ffa32cd5000 	C:\windows\system32\ADVAPI32.dll
0x00007ffa26400000 - 0x00007ffa2641b000 	C:\windows\SYSTEM32\MPR.dll
0x00007ffa32ce0000 - 0x00007ffa32e17000 	C:\windows\system32\RPCRT4.dll
0x00007ffa33090000 - 0x00007ffa330e7000 	C:\windows\SYSTEM32\sechost.dll
0x00007ffa33230000 - 0x00007ffa33406000 	C:\windows\SYSTEM32\combase.dll
0x00007ffa32e20000 - 0x00007ffa32f64000 	C:\windows\system32\GDI32.dll
0x00007ffa32460000 - 0x00007ffa32474000 	C:\windows\SYSTEM32\profapi.dll
0x00007ffa30870000 - 0x00007ffa3090f000 	C:\windows\SYSTEM32\SHCORE.dll
0x00007ffa33410000 - 0x00007ffa33444000 	C:\windows\system32\IMM32.DLL
0x00007ffa33640000 - 0x00007ffa33779000 	C:\windows\system32\MSCTF.dll
0x00007ffa2fd90000 - 0x00007ffa2ffea000 	C:\windows\WinSxS\amd64_microsoft.windows.common-controls_6595b64144ccf1df_6.0.9600.17031_none_6242a4b3ecbb55a1\COMCTL32.dll
0x0000000071420000 - 0x00000000714f2000 	C:\Program Files\Java\jre1.8.0_31\bin\msvcr100.dll
0x0000000071590000 - 0x0000000071dea000 	C:\Program Files\Java\jre1.8.0_31\bin\server\jvm.dll
0x00007ffa2aac0000 - 0x00007ffa2aac9000 	C:\windows\SYSTEM32\WSOCK32.dll
0x00007ffa29ba0000 - 0x00007ffa29bbf000 	C:\windows\SYSTEM32\WINMM.dll
0x00007ffa32970000 - 0x00007ffa32977000 	C:\windows\system32\PSAPI.DLL
0x00007ffa32980000 - 0x00007ffa329d8000 	C:\windows\system32\WS2_32.dll
0x00007ffa1f380000 - 0x00007ffa1f3aa000 	C:\windows\SYSTEM32\WINMMBASE.dll
0x00007ffa32fd0000 - 0x00007ffa32fd9000 	C:\windows\system32\NSI.dll
0x00007ffa32530000 - 0x00007ffa3257a000 	C:\windows\SYSTEM32\cfgmgr32.dll
0x00007ffa312f0000 - 0x00007ffa31316000 	C:\windows\SYSTEM32\DEVOBJ.dll
0x0000000072460000 - 0x000000007246f000 	C:\Program Files\Java\jre1.8.0_31\bin\verify.dll
0x0000000071560000 - 0x0000000071588000 	C:\Program Files\Java\jre1.8.0_31\bin\java.dll
0x0000000071540000 - 0x0000000071556000 	C:\Program Files\Java\jre1.8.0_31\bin\zip.dll
0x0000000180000000 - 0x0000000180053000 	C:\Users\Luuk\Source\Repos\Visualization_2IV35\2IV06 Visual Computing Project\Source\lib\lwjgl-2.9.3\native\windows\lwjgl64.dll
0x00007ffa27520000 - 0x00007ffa27641000 	C:\windows\SYSTEM32\OPENGL32.dll
0x00007ffa2bb10000 - 0x00007ffa2bb1a000 	C:\windows\SYSTEM32\VERSION.dll
0x00007ffa28740000 - 0x00007ffa2876c000 	C:\windows\SYSTEM32\GLU32.dll
0x00007ffa26d70000 - 0x00007ffa26e64000 	C:\windows\SYSTEM32\DDRAW.dll
0x00007ffa2a670000 - 0x00007ffa2a679000 	C:\windows\SYSTEM32\DCIMAN32.dll
0x00007ffa31150000 - 0x00007ffa31271000 	C:\windows\system32\uxtheme.dll
0x00007ffa29ac0000 - 0x00007ffa29b58000 	C:\Program Files\Common Files\microsoft shared\ink\tiptsf.dll
0x00007ffa33560000 - 0x00007ffa33621000 	C:\windows\system32\OLEAUT32.dll
0x00007ffa306a0000 - 0x00007ffa306c0000 	C:\windows\system32\dwmapi.dll
0x00007ffa13290000 - 0x00007ffa13b61000 	C:\windows\SYSTEM32\ig75icd64.dll
0x00007ffa2e310000 - 0x00007ffa2ecb8000 	C:\windows\SYSTEM32\igdusc64.dll
0x00007ffa2ee60000 - 0x00007ffa2ee71000 	C:\windows\SYSTEM32\WTSAPI32.dll
0x00007ffa31110000 - 0x00007ffa3111a000 	C:\windows\SYSTEM32\kernel.appcore.dll
0x00007ffa32330000 - 0x00007ffa3233a000 	C:\windows\SYSTEM32\CRYPTBASE.dll
0x00007ffa322d0000 - 0x00007ffa32330000 	C:\windows\SYSTEM32\bcryptPrimitives.dll
0x00007ffa2dda0000 - 0x00007ffa2de03000 	C:\windows\SYSTEM32\oleacc.dll
0x00007ffa26ce0000 - 0x00007ffa26d6d000 	C:\windows\SYSTEM32\mscms.dll
0x00007ffa283f0000 - 0x00007ffa28431000 	C:\windows\SYSTEM32\icm32.dll
0x00007ffa32400000 - 0x00007ffa32445000 	C:\windows\SYSTEM32\powrprof.dll
0x0000000071280000 - 0x0000000071418000 	C:\Program Files\Java\jre1.8.0_31\bin\awt.dll
0x00007ffa247f0000 - 0x00007ffa24978000 	C:\windows\SYSTEM32\dbghelp.dll

VM Arguments:
jvm_args: -Djava.library.path=C:\Users\Luuk\Source\Repos\Visualization_2IV35\2IV06 Visual Computing Project\Source\lib\lwjgl-2.9.3\native\windows;C:\Users\Luuk\Source\Repos\Visualization_2IV35\2IV06 Visual Computing Project\Source\lib\lwjgl-2.9.3\native\windows -Dfile.encoding=Cp1252 
java_command: engineTester.MainSimulator
java_class_path (initial): C:\Users\Luuk\Source\Repos\Visualization_2IV35\2IV06 Visual Computing Project\Source\bin;C:\Users\Luuk\Source\Repos\Visualization_2IV35\2IV06 Visual Computing Project\Source\lib\lwjgl-2.9.3\jar\lwjgl.jar;C:\Users\Luuk\Source\Repos\Visualization_2IV35\2IV06 Visual Computing Project\Source\lib\lwjgl-2.9.3\jar\lwjgl_util.jar;C:\Users\Luuk\Source\Repos\Visualization_2IV35\2IV06 Visual Computing Project\Source\lib\slick\lib\slick.jar
Launcher Type: SUN_STANDARD

Environment Variables:
PATH=C:/Program Files/Java/jre1.8.0_31/bin/server;C:/Program Files/Java/jre1.8.0_31/bin;C:/Program Files/Java/jre1.8.0_31/lib/amd64;C:\ProgramData\Oracle\Java\javapath;C:\Python27\;C:\Python27\Scripts;C:\Program Files (x86)\iis express\PHP\v5.4;C:\Program Files (x86)\NVIDIA Corporation\PhysX\Common;C:\windows\system32;C:\windows;C:\windows\System32\Wbem;C:\windows\System32\WindowsPowerShell\v1.0\;C:\Program Files (x86)\Microsoft ASP.NET\ASP.NET Web Pages\v1.0\;C:\Program Files (x86)\Windows Kits\8.0\Windows Performance Toolkit\;C:\Program Files\Microsoft SQL Server\110\Tools\Binn\;C:\Program Files\Microsoft\Web Platform Installer\;C:\Program Files (x86)\MiKTeX 2.9\miktex\bin\;C:\Users\Luuk\AppData\Roaming\Python\Scripts;C:\Program Files\adt-bundle\eclipse;
USERNAME=Luuk
OS=Windows_NT
PROCESSOR_IDENTIFIER=Intel64 Family 6 Model 69 Stepping 1, GenuineIntel



---------------  S Y S T E M  ---------------

OS: Windows 8.1 , 64 bit Build 9600 

CPU:total 4 (2 cores per cpu, 2 threads per core) family 6 model 69 stepping 1, cmov, cx8, fxsr, mmx, sse, sse2, sse3, ssse3, sse4.1, sse4.2, popcnt, avx, avx2, aes, clmul, erms, lzcnt, ht, tsc, tscinvbit, bmi1, bmi2

Memory: 4k page, physical 8306732k(3909860k free), swap 17219628k(12508984k free)

vm_info: Java HotSpot(TM) 64-Bit Server VM (25.31-b07) for windows-amd64 JRE (1.8.0_31-b13), built on Dec 17 2014 21:00:28 by "java_re" with MS VC++ 10.0 (VS2010)

time: Tue Feb 10 14:13:02 2015
elapsed time: 0 seconds (0d 0h 0m 0s)

