#
# A fatal error has been detected by the Java Runtime Environment:
#
#  EXCEPTION_ACCESS_VIOLATION (0xc0000005) at pc=0x000000001bfb0af0, pid=1064, tid=9120
#
# JRE version: Java(TM) SE Runtime Environment (8.0_40-b26) (build 1.8.0_40-b26)
# Java VM: Java HotSpot(TM) 64-Bit Server VM (25.40-b25 mixed mode windows-amd64 compressed oops)
# Problematic frame:
# C  0x000000001bfb0af0
#
# Failed to write core dump. Minidumps are not enabled by default on client versions of Windows
#
# If you would like to submit a bug report, please visit:
#   http://bugreport.java.com/bugreport/crash.jsp
# The crash happened outside the Java Virtual Machine in native code.
# See problematic frame for where to report the bug.
#

---------------  T H R E A D  ---------------

Current thread (0x0000000002a40800):  JavaThread "main" [_thread_in_native, id=9120, stack(0x00000000028c0000,0x00000000029c0000)]

siginfo: ExceptionCode=0xc0000005, writing address 0x00000000253990b0

Registers:
RAX=0x000000000004840b, RBX=0x0000000023f0b4f0, RCX=0x00000000004880b0, RDX=0x000000000004880c
RSP=0x00000000029be3a0, RBP=0x00000000029be3b0, RSI=0x0000000000048c0b, RDI=0x00000000000007c4
R8 =0x000000000000001d, R9 =0x0000000024f11000, R10=0x0000000024dee000, R11=0x000000000004882b
R12=0x0000000000000000, R13=0x0000000000000000, R14=0x0000000000000000, R15=0x00007ffe775417d0
RIP=0x000000001bfb0af0, EFLAGS=0x0000000000010202

Top of Stack: (sp=0x00000000029be3a0)
0x00000000029be3a0:   000000001bfb0a60 0000000021767b60
0x00000000029be3b0:   0000000000fc5c00 00007ffe5baa99eb
0x00000000029be3c0:   00000000428ef845 0000000000000000
0x00000000029be3d0:   00007ffe775417d0 0000000000000000
0x00000000029be3e0:   0000000000000000 fffffffffffffffe
0x00000000029be3f0:   0000000000000100 00007ffe71e7e320
0x00000000029be400:   0000000000000080 0000000021782e40
0x00000000029be410:   00007ffe750734a0 0000000000000033
0x00000000029be420:   0000000000000000 0000000000000000
0x00000000029be430:   0000000000000000 00000000000007bb
0x00000000029be440:   0000000000000000 0000000000000000
0x00000000029be450:   00003d2515766cb8 0000000000000001
0x00000000029be460:   00000000000007bb 00007ffe7752026c
0x00000000029be470:   0000000000001fa2 0000000021767b40
0x00000000029be480:   0000000021767b40 00007ffe7751cf73
0x00000000029be490:   0000000000fc5c00 0000000021767b40 

Instructions: (pc=0x000000001bfb0af0)
0x000000001bfb0ad0:   8d b0 00 04 00 00 c4 c1 7a 10 1c b2 8d 80 00 fc
0x000000001bfb0ae0:   ff ff c4 c1 62 5c 1c 82 c5 f2 10 db c5 e8 16 d3
0x000000001bfb0af0:   c4 c1 78 11 14 09 48 89 d0 eb 08 0f 1f 44 00 00
0x000000001bfb0b00:   48 ff c0 49 ff c8 75 88 48 8d 65 f8 5e 5d c3 00 


Register to memory mapping:

RAX=0x000000000004840b is an unknown value
RBX=0x0000000023f0b4f0 is an unknown value
RCX=0x00000000004880b0 is an unknown value
RDX=0x000000000004880c is an unknown value
RSP=0x00000000029be3a0 is pointing into the stack for thread: 0x0000000002a40800
RBP=0x00000000029be3b0 is pointing into the stack for thread: 0x0000000002a40800
RSI=0x0000000000048c0b is an unknown value
RDI=0x00000000000007c4 is an unknown value
R8 =0x000000000000001d is an unknown value
R9 =0x0000000024f11000 is an unknown value
R10=0x0000000024dee000 is an unknown value
R11=0x000000000004882b is an unknown value
R12=0x0000000000000000 is an unknown value
R13=0x0000000000000000 is an unknown value
R14=0x0000000000000000 is an unknown value
R15=0x00007ffe775417d0 is an unknown value


Stack: [0x00000000028c0000,0x00000000029c0000],  sp=0x00000000029be3a0,  free space=1016k
Native frames: (J=compiled Java code, j=interpreted, Vv=VM code, C=native code)
C  0x000000001bfb0af0

Java frames: (J=compiled Java code, j=interpreted, Vv=VM code)
j  org.lwjgl.opencl.CL10.nclEnqueueReadBuffer(JJIJJJIJJJ)I+0
j  org.lwjgl.opencl.CL10.clEnqueueReadBuffer(Lorg/lwjgl/opencl/CLCommandQueue;Lorg/lwjgl/opencl/CLMem;IJLjava/nio/FloatBuffer;Lorg/lwjgl/PointerBuffer;Lorg/lwjgl/PointerBuffer;)I+85
j  engineTester.MainSimulator.OpenCLTest()V+299
j  engineTester.MainSimulator.main([Ljava/lang/String;)V+986
v  ~StubRoutines::call_stub

---------------  P R O C E S S  ---------------

Java Threads: ( => current thread )
  0x0000000018f3e000 JavaThread "Service Thread" daemon [_thread_blocked, id=1660, stack(0x0000000019310000,0x0000000019410000)]
  0x00000000176c9000 JavaThread "C1 CompilerThread2" daemon [_thread_blocked, id=7944, stack(0x0000000018e10000,0x0000000018f10000)]
  0x00000000176c2000 JavaThread "C2 CompilerThread1" daemon [_thread_blocked, id=10152, stack(0x0000000018d10000,0x0000000018e10000)]
  0x00000000176bf800 JavaThread "C2 CompilerThread0" daemon [_thread_blocked, id=6848, stack(0x0000000018c10000,0x0000000018d10000)]
  0x00000000176be000 JavaThread "Attach Listener" daemon [_thread_blocked, id=9700, stack(0x0000000018b10000,0x0000000018c10000)]
  0x00000000176bc800 JavaThread "Signal Dispatcher" daemon [_thread_blocked, id=10164, stack(0x0000000018a10000,0x0000000018b10000)]
  0x0000000002b37000 JavaThread "Finalizer" daemon [_thread_blocked, id=8212, stack(0x0000000018910000,0x0000000018a10000)]
  0x0000000002b2d000 JavaThread "Reference Handler" daemon [_thread_blocked, id=7360, stack(0x0000000018810000,0x0000000018910000)]
=>0x0000000002a40800 JavaThread "main" [_thread_in_native, id=9120, stack(0x00000000028c0000,0x00000000029c0000)]

Other Threads:
  0x0000000017687800 VMThread [stack: 0x0000000018710000,0x0000000018810000] [id=8920]
  0x0000000018f3e800 WatcherThread [stack: 0x0000000019410000,0x0000000019510000] [id=7276]

VM state:not at safepoint (normal execution)

VM Mutex/Monitor currently owned by a thread: None

Heap:
 PSYoungGen      total 234496K, used 126610K [0x00000000d5b80000, 0x00000000ebf80000, 0x0000000100000000)
  eden space 225792K, 56% used [0x00000000d5b80000,0x00000000dd724b08,0x00000000e3800000)
  from space 8704K, 0% used [0x00000000e6800000,0x00000000e6800000,0x00000000e7080000)
  to   space 49152K, 0% used [0x00000000e3800000,0x00000000e3800000,0x00000000e6800000)
 ParOldGen       total 174592K, used 78129K [0x0000000081200000, 0x000000008bc80000, 0x00000000d5b80000)
  object space 174592K, 44% used [0x0000000081200000,0x0000000085e4c650,0x000000008bc80000)
 Metaspace       used 6110K, capacity 6369K, committed 6528K, reserved 1056768K
  class space    used 583K, capacity 626K, committed 640K, reserved 1048576K

Card table byte_map: [0x0000000011f00000,0x0000000012300000] byte_map_base: 0x0000000011af7000

Marking Bits: (ParMarkBitMap*) 0x000000006b2d4040
 Begin Bits: [0x00000000129b0000, 0x0000000014968000)
 End Bits:   [0x0000000014968000, 0x0000000016920000)

Polling page: 0x0000000000f30000

CodeCache: size=245760Kb used=2861Kb max_used=2872Kb free=242898Kb
 bounds [0x0000000002b40000, 0x0000000002e20000, 0x0000000011b40000]
 total_blobs=986 nmethods=538 adapters=361
 compilation: enabled

Compilation events (10 events):
Event: 2.019 Thread 0x00000000176c9000  536       3       java.lang.reflect.Field::getFieldAccessor (35 bytes)
Event: 2.019 Thread 0x00000000176c9000 nmethod 536 0x0000000002e0a1d0 code [0x0000000002e0a340, 0x0000000002e0a588]
Event: 2.019 Thread 0x00000000176c9000  537       3       java.lang.reflect.Field::acquireFieldAccessor (59 bytes)
Event: 2.019 Thread 0x00000000176bf800  540       4       java.lang.String::equals (81 bytes)
Event: 2.019 Thread 0x00000000176c9000 nmethod 537 0x0000000002e0c290 code [0x0000000002e0c460, 0x0000000002e0cba8]
Event: 2.020 Thread 0x00000000176c9000  538       3       java.lang.reflect.Field::getFieldAccessor (16 bytes)
Event: 2.020 Thread 0x00000000176c9000 nmethod 538 0x0000000002e09e50 code [0x0000000002e09fa0, 0x0000000002e0a150]
Event: 2.020 Thread 0x00000000176c9000  539       3       sun.reflect.ReflectionFactory::newFieldAccessor (9 bytes)
Event: 2.020 Thread 0x00000000176c9000 nmethod 539 0x0000000002e0bc10 code [0x0000000002e0bda0, 0x0000000002e0c118]
Event: 2.023 Thread 0x00000000176bf800 nmethod 540 0x0000000002e0b6d0 code [0x0000000002e0b820, 0x0000000002e0ba58]

GC Heap History (10 events):
Event: 0.767 GC heap before
{Heap before GC invocations=3 (full 0):
 PSYoungGen      total 71680K, used 70201K [0x00000000d5b80000, 0x00000000da680000, 0x0000000100000000)
  eden space 66560K, 100% used [0x00000000d5b80000,0x00000000d9c80000,0x00000000d9c80000)
  from space 5120K, 71% used [0x00000000da180000,0x00000000da50e570,0x00000000da680000)
  to   space 5120K, 0% used [0x00000000d9c80000,0x00000000d9c80000,0x00000000da180000)
 ParOldGen       total 87552K, used 16K [0x0000000081200000, 0x0000000086780000, 0x00000000d5b80000)
  object space 87552K, 0% used [0x0000000081200000,0x0000000081204000,0x0000000086780000)
 Metaspace       used 6006K, capacity 6305K, committed 6528K, reserved 1056768K
  class space    used 572K, capacity 626K, committed 640K, reserved 1048576K
Event: 0.775 GC heap after
Heap after GC invocations=3 (full 0):
 PSYoungGen      total 71680K, used 5098K [0x00000000d5b80000, 0x00000000de780000, 0x0000000100000000)
  eden space 66560K, 0% used [0x00000000d5b80000,0x00000000d5b80000,0x00000000d9c80000)
  from space 5120K, 99% used [0x00000000d9c80000,0x00000000da17a9f8,0x00000000da180000)
  to   space 5120K, 0% used [0x00000000de280000,0x00000000de280000,0x00000000de780000)
 ParOldGen       total 87552K, used 1184K [0x0000000081200000, 0x0000000086780000, 0x00000000d5b80000)
  object space 87552K, 1% used [0x0000000081200000,0x0000000081328000,0x0000000086780000)
 Metaspace       used 6006K, capacity 6305K, committed 6528K, reserved 1056768K
  class space    used 572K, capacity 626K, committed 640K, reserved 1048576K
}
Event: 0.833 GC heap before
{Heap before GC invocations=4 (full 0):
 PSYoungGen      total 71680K, used 71658K [0x00000000d5b80000, 0x00000000de780000, 0x0000000100000000)
  eden space 66560K, 100% used [0x00000000d5b80000,0x00000000d9c80000,0x00000000d9c80000)
  from space 5120K, 99% used [0x00000000d9c80000,0x00000000da17a9f8,0x00000000da180000)
  to   space 5120K, 0% used [0x00000000de280000,0x00000000de280000,0x00000000de780000)
 ParOldGen       total 87552K, used 1184K [0x0000000081200000, 0x0000000086780000, 0x00000000d5b80000)
  object space 87552K, 1% used [0x0000000081200000,0x0000000081328000,0x0000000086780000)
 Metaspace       used 6006K, capacity 6305K, committed 6528K, reserved 1056768K
  class space    used 572K, capacity 626K, committed 640K, reserved 1048576K
Event: 0.843 GC heap after
Heap after GC invocations=4 (full 0):
 PSYoungGen      total 138240K, used 5091K [0x00000000d5b80000, 0x00000000de780000, 0x0000000100000000)
  eden space 133120K, 0% used [0x00000000d5b80000,0x00000000d5b80000,0x00000000ddd80000)
  from space 5120K, 99% used [0x00000000de280000,0x00000000de778e18,0x00000000de780000)
  to   space 5120K, 0% used [0x00000000ddd80000,0x00000000ddd80000,0x00000000de280000)
 ParOldGen       total 87552K, used 4072K [0x0000000081200000, 0x0000000086780000, 0x00000000d5b80000)
  object space 87552K, 4% used [0x0000000081200000,0x00000000815fa000,0x0000000086780000)
 Metaspace       used 6006K, capacity 6305K, committed 6528K, reserved 1056768K
  class space    used 572K, capacity 626K, committed 640K, reserved 1048576K
}
Event: 1.010 GC heap before
{Heap before GC invocations=5 (full 0):
 PSYoungGen      total 138240K, used 138211K [0x00000000d5b80000, 0x00000000de780000, 0x0000000100000000)
  eden space 133120K, 100% used [0x00000000d5b80000,0x00000000ddd80000,0x00000000ddd80000)
  from space 5120K, 99% used [0x00000000de280000,0x00000000de778e18,0x00000000de780000)
  to   space 5120K, 0% used [0x00000000ddd80000,0x00000000ddd80000,0x00000000de280000)
 ParOldGen       total 87552K, used 4072K [0x0000000081200000, 0x0000000086780000, 0x00000000d5b80000)
  object space 87552K, 4% used [0x0000000081200000,0x00000000815fa000,0x0000000086780000)
 Metaspace       used 6031K, capacity 6305K, committed 6528K, reserved 1056768K
  class space    used 574K, capacity 626K, committed 640K, reserved 1048576K
Event: 1.016 GC heap after
Heap after GC invocations=5 (full 0):
 PSYoungGen      total 138240K, used 5109K [0x00000000d5b80000, 0x00000000e7080000, 0x0000000100000000)
  eden space 133120K, 0% used [0x00000000d5b80000,0x00000000d5b80000,0x00000000ddd80000)
  from space 5120K, 99% used [0x00000000ddd80000,0x00000000de27d608,0x00000000de280000)
  to   space 8704K, 0% used [0x00000000e6800000,0x00000000e6800000,0x00000000e7080000)
 ParOldGen       total 87552K, used 4288K [0x0000000081200000, 0x0000000086780000, 0x00000000d5b80000)
  object space 87552K, 4% used [0x0000000081200000,0x0000000081630000,0x0000000086780000)
 Metaspace       used 6031K, capacity 6305K, committed 6528K, reserved 1056768K
  class space    used 574K, capacity 626K, committed 640K, reserved 1048576K
}
Event: 1.157 GC heap before
{Heap before GC invocations=6 (full 0):
 PSYoungGen      total 138240K, used 138229K [0x00000000d5b80000, 0x00000000e7080000, 0x0000000100000000)
  eden space 133120K, 100% used [0x00000000d5b80000,0x00000000ddd80000,0x00000000ddd80000)
  from space 5120K, 99% used [0x00000000ddd80000,0x00000000de27d608,0x00000000de280000)
  to   space 8704K, 0% used [0x00000000e6800000,0x00000000e6800000,0x00000000e7080000)
 ParOldGen       total 87552K, used 4288K [0x0000000081200000, 0x0000000086780000, 0x00000000d5b80000)
  object space 87552K, 4% used [0x0000000081200000,0x0000000081630000,0x0000000086780000)
 Metaspace       used 6045K, capacity 6305K, committed 6528K, reserved 1056768K
  class space    used 576K, capacity 626K, committed 640K, reserved 1048576K
Event: 1.256 GC heap after
Heap after GC invocations=6 (full 0):
 PSYoungGen      total 234496K, used 8697K [0x00000000d5b80000, 0x00000000ebf80000, 0x0000000100000000)
  eden space 225792K, 0% used [0x00000000d5b80000,0x00000000d5b80000,0x00000000e3800000)
  from space 8704K, 99% used [0x00000000e6800000,0x00000000e707e738,0x00000000e7080000)
  to   space 49152K, 0% used [0x00000000e3800000,0x00000000e3800000,0x00000000e6800000)
 ParOldGen       total 87552K, used 73864K [0x0000000081200000, 0x0000000086780000, 0x00000000d5b80000)
  object space 87552K, 84% used [0x0000000081200000,0x0000000085a22000,0x0000000086780000)
 Metaspace       used 6045K, capacity 6305K, committed 6528K, reserved 1056768K
  class space    used 576K, capacity 626K, committed 640K, reserved 1048576K
}
Event: 1.256 GC heap before
{Heap before GC invocations=7 (full 1):
 PSYoungGen      total 234496K, used 8697K [0x00000000d5b80000, 0x00000000ebf80000, 0x0000000100000000)
  eden space 225792K, 0% used [0x00000000d5b80000,0x00000000d5b80000,0x00000000e3800000)
  from space 8704K, 99% used [0x00000000e6800000,0x00000000e707e738,0x00000000e7080000)
  to   space 49152K, 0% used [0x00000000e3800000,0x00000000e3800000,0x00000000e6800000)
 ParOldGen       total 87552K, used 73864K [0x0000000081200000, 0x0000000086780000, 0x00000000d5b80000)
  object space 87552K, 84% used [0x0000000081200000,0x0000000085a22000,0x0000000086780000)
 Metaspace       used 6045K, capacity 6305K, committed 6528K, reserved 1056768K
  class space    used 576K, capacity 626K, committed 640K, reserved 1048576K
Event: 1.691 GC heap after
Heap after GC invocations=7 (full 1):
 PSYoungGen      total 234496K, used 0K [0x00000000d5b80000, 0x00000000ebf80000, 0x0000000100000000)
  eden space 225792K, 0% used [0x00000000d5b80000,0x00000000d5b80000,0x00000000e3800000)
  from space 8704K, 0% used [0x00000000e6800000,0x00000000e6800000,0x00000000e7080000)
  to   space 49152K, 0% used [0x00000000e3800000,0x00000000e3800000,0x00000000e6800000)
 ParOldGen       total 174592K, used 78129K [0x0000000081200000, 0x000000008bc80000, 0x00000000d5b80000)
  object space 174592K, 44% used [0x0000000081200000,0x0000000085e4c650,0x000000008bc80000)
 Metaspace       used 6045K, capacity 6305K, committed 6528K, reserved 1056768K
  class space    used 576K, capacity 626K, committed 640K, reserved 1048576K
}

Deoptimization events (10 events):
Event: 0.547 Thread 0x0000000002a40800 Uncommon trap: reason=array_check action=maybe_recompile pc=0x0000000002d46e60 method=java.util.AbstractCollection.toArray([Ljava/lang/Object;)[Ljava/lang/Object; @ 119
Event: 0.547 Thread 0x0000000002a40800 Uncommon trap: reason=array_check action=maybe_recompile pc=0x0000000002d46e60 method=java.util.AbstractCollection.toArray([Ljava/lang/Object;)[Ljava/lang/Object; @ 119
Event: 0.547 Thread 0x0000000002a40800 Uncommon trap: reason=array_check action=maybe_recompile pc=0x0000000002d46e60 method=java.util.AbstractCollection.toArray([Ljava/lang/Object;)[Ljava/lang/Object; @ 119
Event: 0.547 Thread 0x0000000002a40800 Uncommon trap: reason=array_check action=maybe_recompile pc=0x0000000002d46e60 method=java.util.AbstractCollection.toArray([Ljava/lang/Object;)[Ljava/lang/Object; @ 119
Event: 0.636 Thread 0x0000000002a40800 Uncommon trap: reason=unstable_if action=reinterpret pc=0x0000000002d434a0 method=sun.misc.FloatingDecimal$ASCIIToBinaryBuffer.floatValue()F @ 95
Event: 0.831 Thread 0x0000000002a40800 Uncommon trap: reason=unstable_if action=reinterpret pc=0x0000000002d8c270 method=renderEngine.OBJLoader.loadObjModel(Ljava/lang/String;LrenderEngine/Loader;)Lmodels/RawModel; @ 186
Event: 0.963 Thread 0x0000000002a40800 Uncommon trap: reason=unstable_if action=reinterpret pc=0x0000000002d9f0bc method=renderEngine.OBJLoader.loadObjModel(Ljava/lang/String;LrenderEngine/Loader;)Lmodels/RawModel; @ 324
Event: 1.061 Thread 0x0000000002a40800 Uncommon trap: reason=unstable_if action=reinterpret pc=0x0000000002dc98c4 method=objects.HairFactory.Build()Lobjects/Hairs; @ 228
Event: 1.719 Thread 0x0000000002a40800 Uncommon trap: reason=unstable_if action=reinterpret pc=0x0000000002e02a58 method=objects.HairFactory.Build()Lobjects/Hairs; @ 378
Event: 2.019 Thread 0x0000000002a40800 Uncommon trap: reason=unstable_if action=reinterpret pc=0x0000000002e0d0e0 method=java.lang.Integer.valueOf(I)Ljava/lang/Integer; @ 3

Internal exceptions (10 events):
Event: 0.107 Thread 0x0000000002a40800 Exception <a 'java/security/PrivilegedActionException'> (0x00000000d5de54d8) thrown at [D:\re\workspace\8-2-build-windows-amd64-cygwin\jdk8u40\3098\hotspot\src\share\vm\prims\jvm.cpp, line 1382]
Event: 0.107 Thread 0x0000000002a40800 Exception <a 'java/security/PrivilegedActionException'> (0x00000000d5de6050) thrown at [D:\re\workspace\8-2-build-windows-amd64-cygwin\jdk8u40\3098\hotspot\src\share\vm\prims\jvm.cpp, line 1382]
Event: 0.107 Thread 0x0000000002a40800 Exception <a 'org/lwjgl/LWJGLException'> (0x00000000d5de8130) thrown at [D:\re\workspace\8-2-build-windows-amd64-cygwin\jdk8u40\3098\hotspot\src\share\vm\prims\jni.cpp, line 709]
Event: 0.107 Thread 0x0000000002a40800 Exception <a 'org/lwjgl/LWJGLException'> (0x00000000d5de8978) thrown at [D:\re\workspace\8-2-build-windows-amd64-cygwin\jdk8u40\3098\hotspot\src\share\vm\prims\jni.cpp, line 709]
Event: 0.108 Thread 0x0000000002a40800 Exception <a 'org/lwjgl/LWJGLException'> (0x00000000d5de9178) thrown at [D:\re\workspace\8-2-build-windows-amd64-cygwin\jdk8u40\3098\hotspot\src\share\vm\prims\jni.cpp, line 709]
Event: 0.108 Thread 0x0000000002a40800 Exception <a 'org/lwjgl/LWJGLException'> (0x00000000d5de9958) thrown at [D:\re\workspace\8-2-build-windows-amd64-cygwin\jdk8u40\3098\hotspot\src\share\vm\prims\jni.cpp, line 709]
Event: 0.166 Thread 0x0000000002a40800 Exception <a 'java/security/PrivilegedActionException'> (0x00000000d5f3a0a0) thrown at [D:\re\workspace\8-2-build-windows-amd64-cygwin\jdk8u40\3098\hotspot\src\share\vm\prims\jvm.cpp, line 1382]
Event: 0.166 Thread 0x0000000002a40800 Exception <a 'java/security/PrivilegedActionException'> (0x00000000d5f3a3e8) thrown at [D:\re\workspace\8-2-build-windows-amd64-cygwin\jdk8u40\3098\hotspot\src\share\vm\prims\jvm.cpp, line 1382]
Event: 0.167 Thread 0x0000000002a40800 Exception <a 'java/security/PrivilegedActionException'> (0x00000000d5f3e310) thrown at [D:\re\workspace\8-2-build-windows-amd64-cygwin\jdk8u40\3098\hotspot\src\share\vm\prims\jvm.cpp, line 1382]
Event: 0.167 Thread 0x0000000002a40800 Exception <a 'java/security/PrivilegedActionException'> (0x00000000d5f3e658) thrown at [D:\re\workspace\8-2-build-windows-amd64-cygwin\jdk8u40\3098\hotspot\src\share\vm\prims\jvm.cpp, line 1382]

Events (10 events):
Event: 2.016 loading class org/lwjgl/opencl/APPLEGLSharing done
Event: 2.016 loading class org/lwjgl/opencl/EXTDeviceFission
Event: 2.016 loading class org/lwjgl/opencl/EXTDeviceFission done
Event: 2.016 loading class java/util/AbstractList$Itr
Event: 2.016 loading class java/util/AbstractList$Itr done
Event: 2.019 Thread 0x0000000002a40800 Uncommon trap: trap_request=0xffffff65 fr.pc=0x0000000002e0d0e0
Event: 2.019 Thread 0x0000000002a40800 DEOPT PACKING pc=0x0000000002e0d0e0 sp=0x00000000029be5e0
Event: 2.019 Thread 0x0000000002a40800 DEOPT UNPACKING pc=0x0000000002b8582a sp=0x00000000029be580 mode 2
Event: 2.019 loading class org/lwjgl/opencl/CLKernel
Event: 2.019 loading class org/lwjgl/opencl/CLKernel done


Dynamic libraries:
0x00007ff709fd0000 - 0x00007ff70a007000 	C:\Program Files\Java\jdk1.8.0_40\bin\javaw.exe
0x00007ffe84830000 - 0x00007ffe849dc000 	C:\windows\SYSTEM32\ntdll.dll
0x00007ffe840a0000 - 0x00007ffe841de000 	C:\windows\system32\KERNEL32.DLL
0x00007ffe81c30000 - 0x00007ffe81d45000 	C:\windows\system32\KERNELBASE.dll
0x00007ffe80520000 - 0x00007ffe805ae000 	C:\windows\system32\apphelp.dll
0x00007ffe77780000 - 0x00007ffe777d3000 	C:\windows\AppPatch\AppPatch64\AcGenral.DLL
0x00007ffe81eb0000 - 0x00007ffe81f5a000 	C:\windows\system32\msvcrt.dll
0x00007ffe81820000 - 0x00007ffe8184e000 	C:\windows\SYSTEM32\SspiCli.dll
0x00007ffe81f60000 - 0x00007ffe81fb4000 	C:\windows\system32\SHLWAPI.dll
0x00007ffe83c60000 - 0x00007ffe83dd7000 	C:\windows\system32\USER32.dll
0x00007ffe84690000 - 0x00007ffe84824000 	C:\windows\system32\ole32.dll
0x00007ffe825f0000 - 0x00007ffe83b08000 	C:\windows\system32\SHELL32.dll
0x00007ffe80fa0000 - 0x00007ffe80fc1000 	C:\windows\SYSTEM32\USERENV.dll
0x00007ffe824e0000 - 0x00007ffe8258a000 	C:\windows\system32\ADVAPI32.dll
0x00007ffe749d0000 - 0x00007ffe749ee000 	C:\windows\SYSTEM32\MPR.dll
0x00007ffe83b10000 - 0x00007ffe83c51000 	C:\windows\system32\RPCRT4.dll
0x00007ffe841e0000 - 0x00007ffe84239000 	C:\windows\SYSTEM32\sechost.dll
0x00007ffe84470000 - 0x00007ffe84681000 	C:\windows\SYSTEM32\combase.dll
0x00007ffe84240000 - 0x00007ffe84391000 	C:\windows\system32\GDI32.dll
0x00007ffe81980000 - 0x00007ffe81995000 	C:\windows\SYSTEM32\profapi.dll
0x00007ffe7fef0000 - 0x00007ffe7ffa2000 	C:\windows\SYSTEM32\SHCORE.dll
0x00007ffe82330000 - 0x00007ffe82366000 	C:\windows\system32\IMM32.DLL
0x00007ffe81fc0000 - 0x00007ffe82111000 	C:\windows\system32\MSCTF.dll
0x00007ffe7f440000 - 0x00007ffe7f6bb000 	C:\windows\WinSxS\amd64_microsoft.windows.common-controls_6595b64144ccf1df_6.0.9600.17415_none_6240486fecbd8abb\COMCTL32.dll
0x000000006a930000 - 0x000000006aa02000 	C:\Program Files\Java\jdk1.8.0_40\jre\bin\msvcr100.dll
0x000000006aad0000 - 0x000000006b353000 	C:\Program Files\Java\jdk1.8.0_40\jre\bin\server\jvm.dll
0x00007ffe79090000 - 0x00007ffe79099000 	C:\windows\SYSTEM32\WSOCK32.dll
0x00007ffe7cff0000 - 0x00007ffe7d012000 	C:\windows\SYSTEM32\WINMM.dll
0x00007ffe79b50000 - 0x00007ffe79b5a000 	C:\windows\SYSTEM32\VERSION.dll
0x00007ffe83fc0000 - 0x00007ffe83fc7000 	C:\windows\system32\PSAPI.DLL
0x00007ffe822d0000 - 0x00007ffe8232a000 	C:\windows\system32\WS2_32.dll
0x00007ffe7a3f0000 - 0x00007ffe7a41a000 	C:\windows\SYSTEM32\WINMMBASE.dll
0x00007ffe843a0000 - 0x00007ffe843a9000 	C:\windows\system32\NSI.dll
0x00007ffe81e60000 - 0x00007ffe81eaf000 	C:\windows\SYSTEM32\cfgmgr32.dll
0x00007ffe807a0000 - 0x00007ffe807c8000 	C:\windows\SYSTEM32\DEVOBJ.dll
0x000000006b8f0000 - 0x000000006b8ff000 	C:\Program Files\Java\jdk1.8.0_40\jre\bin\verify.dll
0x000000006aaa0000 - 0x000000006aac9000 	C:\Program Files\Java\jdk1.8.0_40\jre\bin\java.dll
0x000000006aa80000 - 0x000000006aa96000 	C:\Program Files\Java\jdk1.8.0_40\jre\bin\zip.dll
0x0000000180000000 - 0x0000000180053000 	C:\Users\Luuk\Source\Repos\Visualization_2IV35\2IV06 Visual Computing Project\Source\lib\lwjgl-2.9.3\native\windows\lwjgl64.dll
0x00007ffe77600000 - 0x00007ffe7772b000 	C:\windows\SYSTEM32\OPENGL32.dll
0x00007ffe77ca0000 - 0x00007ffe77cce000 	C:\windows\SYSTEM32\GLU32.dll
0x00007ffe77290000 - 0x00007ffe77388000 	C:\windows\SYSTEM32\DDRAW.dll
0x00007ffe7cfb0000 - 0x00007ffe7cfb9000 	C:\windows\SYSTEM32\DCIMAN32.dll
0x00007ffe77a50000 - 0x00007ffe77a6a000 	C:\windows\SYSTEM32\OpenCL.dll
0x00007ffe775a0000 - 0x00007ffe775fe000 	C:\windows\SYSTEM32\IntelOpenCL64.dll
0x00007ffe72b00000 - 0x00007ffe72c8d000 	C:\Program Files (x86)\Common Files\Intel\OpenCL\bin\x64\intelocl64.dll
0x00007ffe77510000 - 0x00007ffe77598000 	C:\Program Files (x86)\Common Files\Intel\OpenCL\bin\x64\task_executor64.dll
0x00007ffe71e70000 - 0x00007ffe71f46000 	C:\Program Files (x86)\Common Files\Intel\OpenCL\bin\x64\cpu_device64.dll
0x00007ffe61ee0000 - 0x00007ffe62a63000 	C:\windows\SYSTEM32\igdrcl64.dll
0x00007ffe7f3b0000 - 0x00007ffe7f437000 	C:\windows\SYSTEM32\dxgi.dll
0x00007ffe5cda0000 - 0x00007ffe5e5b5000 	C:\windows\SYSTEM32\igdfcl64.dll
0x00007ffe73220000 - 0x00007ffe733aa000 	C:\windows\SYSTEM32\dbghelp.dll
0x00007ffe764c0000 - 0x00007ffe76528000 	C:\windows\SYSTEM32\igdbcl64.dll
0x00007ffe7d990000 - 0x00007ffe7e338000 	C:\windows\SYSTEM32\igdusc64.dll
0x00007ffe80600000 - 0x00007ffe80729000 	C:\windows\system32\uxtheme.dll
0x00007ffe79c50000 - 0x00007ffe79cfb000 	C:\Program Files\Common Files\microsoft shared\ink\tiptsf.dll
0x00007ffe82390000 - 0x00007ffe82451000 	C:\windows\system32\OLEAUT32.dll
0x00007ffe7fb40000 - 0x00007ffe7fb61000 	C:\windows\system32\dwmapi.dll
0x00007ffe5c4c0000 - 0x00007ffe5cd91000 	C:\windows\SYSTEM32\ig75icd64.dll
0x00007ffe7d7e0000 - 0x00007ffe7d7f2000 	C:\windows\SYSTEM32\WTSAPI32.dll
0x00007ffe805f0000 - 0x00007ffe805fb000 	C:\windows\SYSTEM32\kernel.appcore.dll
0x00007ffe818c0000 - 0x00007ffe818cb000 	C:\windows\SYSTEM32\CRYPTBASE.dll
0x00007ffe81850000 - 0x00007ffe818b3000 	C:\windows\SYSTEM32\bcryptPrimitives.dll
0x00007ffe7d1b0000 - 0x00007ffe7d21a000 	C:\windows\SYSTEM32\oleacc.dll
0x00007ffe76320000 - 0x00007ffe763b2000 	C:\windows\SYSTEM32\mscms.dll
0x00007ffe75a30000 - 0x00007ffe75a71000 	C:\windows\SYSTEM32\icm32.dll
0x00007ffe80fd0000 - 0x00007ffe81016000 	C:\windows\SYSTEM32\powrprof.dll
0x000000006a790000 - 0x000000006a928000 	C:\Program Files\Java\jdk1.8.0_40\jre\bin\awt.dll
0x00007ffe75430000 - 0x00007ffe7549b000 	C:\Program Files (x86)\Common Files\Intel\OpenCL\bin\x64\tbb\tbb.dll
0x00007ffe75040000 - 0x00007ffe7509a000 	C:\Program Files (x86)\Common Files\Intel\OpenCL\bin\x64\tbb\tbbmalloc.dll
0x00007ffe5ba90000 - 0x00007ffe5c4b9000 	C:\Program Files (x86)\Common Files\Intel\OpenCL\bin\x64\OclCpuBackEnd64.dll
0x00007ffe62d30000 - 0x00007ffe632b5000 	C:\Program Files (x86)\Common Files\Intel\OpenCL\bin\x64\__ocl_svml_l9.dll
0x00007ffe5b3b0000 - 0x00007ffe5ba86000 	C:\Program Files (x86)\Common Files\Intel\OpenCL\bin\x64\clang_compiler64.dll

VM Arguments:
jvm_args: -Djava.library.path=C:\Users\Luuk\Source\Repos\Visualization_2IV35\2IV06 Visual Computing Project\Source\lib\lwjgl-2.9.3\native\windows;C:\Users\Luuk\Source\Repos\Visualization_2IV35\2IV06 Visual Computing Project\Source\lib\lwjgl-2.9.3\native\windows -Dfile.encoding=Cp1252 
java_command: engineTester.MainSimulator
java_class_path (initial): C:\Users\Luuk\Source\Repos\Visualization_2IV35\2IV06 Visual Computing Project\Source\bin;C:\Users\Luuk\Source\Repos\Visualization_2IV35\2IV06 Visual Computing Project\Source\lib\lwjgl-2.9.3\jar\lwjgl.jar;C:\Users\Luuk\Source\Repos\Visualization_2IV35\2IV06 Visual Computing Project\Source\lib\lwjgl-2.9.3\jar\lwjgl_util.jar;C:\Users\Luuk\Source\Repos\Visualization_2IV35\2IV06 Visual Computing Project\Source\lib\slick\lib\slick.jar
Launcher Type: SUN_STANDARD

Environment Variables:
JAVA_HOME=C:\Program Files\Java\jdk1.8.0_40\jre\bin
PATH=C:/Program Files/Java/jdk1.8.0_40/jre/bin/server;C:/Program Files/Java/jdk1.8.0_40/jre/bin;C:/Program Files/Java/jdk1.8.0_40/jre/lib/amd64;C:\ProgramData\Oracle\Java\javapath;C:\Python27\;C:\Python27\Scripts;C:\Program Files (x86)\iis express\PHP\v5.4;C:\Program Files (x86)\NVIDIA Corporation\PhysX\Common;C:\windows\system32;C:\windows;C:\windows\System32\Wbem;C:\windows\System32\WindowsPowerShell\v1.0\;C:\Program Files (x86)\Microsoft ASP.NET\ASP.NET Web Pages\v1.0\;C:\Program Files (x86)\Windows Kits\8.0\Windows Performance Toolkit\;C:\Program Files\Microsoft SQL Server\110\Tools\Binn\;C:\Program Files\Microsoft\Web Platform Installer\;C:\Program Files (x86)\MiKTeX 2.9\miktex\bin\;C:\Program Files\Common Files\Autodesk Shared\;C:\Program Files (x86)\Autodesk\Backburner\;C:\Program Files (x86)\Skype\Phone\;C:\Program Files\Java\jdk1.8.0_31\bin;C:\Users\Luuk\Desktop\eclipse-java-luna-SR1-win32-x86_64\eclipse;
USERNAME=Luuk
OS=Windows_NT
PROCESSOR_IDENTIFIER=Intel64 Family 6 Model 69 Stepping 1, GenuineIntel



---------------  S Y S T E M  ---------------

OS: Windows 8.1 , 64 bit Build 9600 (6.3.9600.17415)

CPU:total 4 (2 cores per cpu, 2 threads per core) family 6 model 69 stepping 1, cmov, cx8, fxsr, mmx, sse, sse2, sse3, ssse3, sse4.1, sse4.2, popcnt, avx, avx2, aes, clmul, erms, lzcnt, ht, tsc, tscinvbit, bmi1, bmi2

Memory: 4k page, physical 8306732k(4127612k free), swap 17219628k(11376464k free)

vm_info: Java HotSpot(TM) 64-Bit Server VM (25.40-b25) for windows-amd64 JRE (1.8.0_40-b26), built on Mar  7 2015 13:51:59 by "java_re" with MS VC++ 10.0 (VS2010)

time: Wed Apr 08 21:35:15 2015
elapsed time: 2 seconds (0d 0h 0m 2s)

