2014-11-20 12:30:24 8552 [Note] Plugin 'FEDERATED' is disabled.
2014-11-20 12:30:24 8552 [Note] InnoDB: The InnoDB memory heap is disabled
2014-11-20 12:30:24 8552 [Note] InnoDB: Mutexes and rw_locks use Windows interlocked functions
2014-11-20 12:30:24 8552 [Note] InnoDB: Compressed tables use zlib 1.2.3
2014-11-20 12:30:24 8552 [Note] InnoDB: Not using CPU crc32 instructions
2014-11-20 12:30:24 8552 [Note] InnoDB: Initializing buffer pool, size = 128.0M
2014-11-20 12:30:24 8552 [Note] InnoDB: Completed initialization of buffer pool
2014-11-20 12:30:24 8552 [Note] InnoDB: Highest supported file format is Barracuda.
2014-11-20 12:30:24 8552 [Note] InnoDB: The log sequence numbers 1626134 and 1626134 in ibdata files do not match the log sequence number 1626686 in the ib_logfiles!
2014-11-20 12:30:24 8552 [Note] InnoDB: Database was not shutdown normally!
2014-11-20 12:30:24 8552 [Note] InnoDB: Starting crash recovery.
2014-11-20 12:30:24 8552 [Note] InnoDB: Reading tablespace information from the .ibd files...
2014-11-20 12:30:24 8552 [Note] InnoDB: Restoring possible half-written data pages 
2014-11-20 12:30:24 8552 [Note] InnoDB: from the doublewrite buffer...
2014-11-20 12:30:25 8552 [Note] InnoDB: 128 rollback segment(s) are active.
2014-11-20 12:30:25 8552 [Note] InnoDB: Waiting for purge to start
2014-11-20 12:30:25 8552 [Note] InnoDB: 5.6.13 started; log sequence number 1626686
2014-11-20 12:30:25 8552 [Note] Server hostname (bind-address): '*'; port: 3307
2014-11-20 12:30:25 8552 [Note] IPv6 is available.
2014-11-20 12:30:25 8552 [Note]   - '::' resolves to '::';
2014-11-20 12:30:25 8552 [Note] Server socket created on IP: '::'.
2014-11-20 12:30:25 8552 [Note] Event Scheduler: Loaded 0 events
2014-11-20 12:30:25 8552 [Note] D:\Documents\GitHub\2IV35\USBWebserver v8.6/mysql/bin/mysqld_usbwv8.exe: ready for connections.
Version: '5.6.13'  socket: ''  port: 3307  MySQL Community Server (GPL)
2014-11-21 13:09:21 3448 [Note] Plugin 'FEDERATED' is disabled.
2014-11-21 13:09:21 3448 [Note] InnoDB: The InnoDB memory heap is disabled
2014-11-21 13:09:21 3448 [Note] InnoDB: Mutexes and rw_locks use Windows interlocked functions
2014-11-21 13:09:21 3448 [Note] InnoDB: Compressed tables use zlib 1.2.3
2014-11-21 13:09:21 3448 [Note] InnoDB: Not using CPU crc32 instructions
2014-11-21 13:09:21 3448 [Note] InnoDB: Initializing buffer pool, size = 128.0M
2014-11-21 13:09:21 3448 [Note] InnoDB: Completed initialization of buffer pool
2014-11-21 13:09:21 3448 [Note] InnoDB: Highest supported file format is Barracuda.
2014-11-21 13:09:21 3448 [Note] InnoDB: The log sequence numbers 1626134 and 1626134 in ibdata files do not match the log sequence number 1626696 in the ib_logfiles!
2014-11-21 13:09:21 3448 [Note] InnoDB: Database was not shutdown normally!
2014-11-21 13:09:21 3448 [Note] InnoDB: Starting crash recovery.
2014-11-21 13:09:21 3448 [Note] InnoDB: Reading tablespace information from the .ibd files...
2014-11-21 13:09:21 3448 [Note] InnoDB: Restoring possible half-written data pages 
2014-11-21 13:09:21 3448 [Note] InnoDB: from the doublewrite buffer...
2014-11-21 13:09:21 3448 [Note] InnoDB: 128 rollback segment(s) are active.
2014-11-21 13:09:21 3448 [Note] InnoDB: Waiting for purge to start
2014-11-21 13:09:21 3448 [Note] InnoDB: 5.6.13 started; log sequence number 1626696
2014-11-21 13:09:21 3448 [Note] Server hostname (bind-address): '*'; port: 3307
2014-11-21 13:09:21 3448 [Note] IPv6 is available.
2014-11-21 13:09:21 3448 [Note]   - '::' resolves to '::';
2014-11-21 13:09:21 3448 [Note] Server socket created on IP: '::'.
2014-11-21 13:09:21 3448 [Note] Event Scheduler: Loaded 0 events
2014-11-21 13:09:21 3448 [Note] D:\Documents\GitHub\2IV35\USBWebserver v8.6/mysql/bin/mysqld_usbwv8.exe: ready for connections.
Version: '5.6.13'  socket: ''  port: 3307  MySQL Community Server (GPL)
2014-11-21 16:01:57 5568 [Note] Plugin 'FEDERATED' is disabled.
2014-11-21 16:01:57 5568 [Note] InnoDB: The InnoDB memory heap is disabled
2014-11-21 16:01:57 5568 [Note] InnoDB: Mutexes and rw_locks use Windows interlocked functions
2014-11-21 16:01:57 5568 [Note] InnoDB: Compressed tables use zlib 1.2.3
2014-11-21 16:01:57 5568 [Note] InnoDB: Not using CPU crc32 instructions
2014-11-21 16:01:57 5568 [Note] InnoDB: Initializing buffer pool, size = 128.0M
2014-11-21 16:01:57 5568 [Note] InnoDB: Completed initialization of buffer pool
2014-11-21 16:01:57 5568 [Note] InnoDB: Highest supported file format is Barracuda.
2014-11-21 16:01:57 5568 [Note] InnoDB: The log sequence numbers 1626134 and 1626134 in ibdata files do not match the log sequence number 1626706 in the ib_logfiles!
2014-11-21 16:01:57 5568 [Note] InnoDB: Database was not shutdown normally!
2014-11-21 16:01:57 5568 [Note] InnoDB: Starting crash recovery.
2014-11-21 16:01:57 5568 [Note] InnoDB: Reading tablespace information from the .ibd files...
2014-11-21 16:01:57 5568 [Note] InnoDB: Restoring possible half-written data pages 
2014-11-21 16:01:57 5568 [Note] InnoDB: from the doublewrite buffer...
2014-11-21 16:01:57 5568 [Note] InnoDB: 128 rollback segment(s) are active.
2014-11-21 16:01:57 5568 [Note] InnoDB: Waiting for purge to start
2014-11-21 16:01:57 5568 [Note] InnoDB: 5.6.13 started; log sequence number 1626706
2014-11-21 16:01:57 5568 [Note] Server hostname (bind-address): '*'; port: 3307
2014-11-21 16:01:57 5568 [Note] IPv6 is available.
2014-11-21 16:01:57 5568 [Note]   - '::' resolves to '::';
2014-11-21 16:01:57 5568 [Note] Server socket created on IP: '::'.
2014-11-21 16:01:57 5568 [Note] Event Scheduler: Loaded 0 events
2014-11-21 16:01:57 5568 [Note] D:\Documents\GitHub\2IV35\USBWebserver v8.6/mysql/bin/mysqld_usbwv8.exe: ready for connections.
Version: '5.6.13'  socket: ''  port: 3307  MySQL Community Server (GPL)
2014-11-22 23:44:16 8388 [Note] Plugin 'FEDERATED' is disabled.
2014-11-22 23:44:16 8388 [Note] InnoDB: The InnoDB memory heap is disabled
2014-11-22 23:44:16 8388 [Note] InnoDB: Mutexes and rw_locks use Windows interlocked functions
2014-11-22 23:44:16 8388 [Note] InnoDB: Compressed tables use zlib 1.2.3
2014-11-22 23:44:16 8388 [Note] InnoDB: Not using CPU crc32 instructions
2014-11-22 23:44:16 8388 [Note] InnoDB: Initializing buffer pool, size = 128.0M
2014-11-22 23:44:16 8388 [Note] InnoDB: Completed initialization of buffer pool
2014-11-22 23:44:16 8388 [Note] InnoDB: Highest supported file format is Barracuda.
2014-11-22 23:44:16 8388 [Note] InnoDB: The log sequence numbers 1626134 and 1626134 in ibdata files do not match the log sequence number 1626716 in the ib_logfiles!
2014-11-22 23:44:16 8388 [Note] InnoDB: Database was not shutdown normally!
2014-11-22 23:44:16 8388 [Note] InnoDB: Starting crash recovery.
2014-11-22 23:44:16 8388 [Note] InnoDB: Reading tablespace information from the .ibd files...
2014-11-22 23:44:16 8388 [Note] InnoDB: Restoring possible half-written data pages 
2014-11-22 23:44:16 8388 [Note] InnoDB: from the doublewrite buffer...
2014-11-22 23:44:17 8388 [Note] InnoDB: 128 rollback segment(s) are active.
2014-11-22 23:44:17 8388 [Note] InnoDB: Waiting for purge to start
2014-11-22 23:44:17 8388 [Note] InnoDB: 5.6.13 started; log sequence number 1626716
2014-11-22 23:44:17 8388 [Note] Server hostname (bind-address): '*'; port: 3307
2014-11-22 23:44:17 8388 [Note] IPv6 is available.
2014-11-22 23:44:17 8388 [Note]   - '::' resolves to '::';
2014-11-22 23:44:17 8388 [Note] Server socket created on IP: '::'.
2014-11-22 23:44:17 8388 [Note] Event Scheduler: Loaded 0 events
2014-11-22 23:44:17 8388 [Note] D:\Documents\GitHub\2IV35\USBWebserver v8.6/mysql/bin/mysqld_usbwv8.exe: ready for connections.
Version: '5.6.13'  socket: ''  port: 3307  MySQL Community Server (GPL)
2014-11-24 12:53:00 3204 [Note] Plugin 'FEDERATED' is disabled.
2014-11-24 12:53:00 3204 [Note] InnoDB: The InnoDB memory heap is disabled
2014-11-24 12:53:00 3204 [Note] InnoDB: Mutexes and rw_locks use Windows interlocked functions
2014-11-24 12:53:00 3204 [Note] InnoDB: Compressed tables use zlib 1.2.3
2014-11-24 12:53:00 3204 [Note] InnoDB: Not using CPU crc32 instructions
2014-11-24 12:53:00 3204 [Note] InnoDB: Initializing buffer pool, size = 128.0M
2014-11-24 12:53:00 3204 [Note] InnoDB: Completed initialization of buffer pool
2014-11-24 12:53:00 3204 [Note] InnoDB: Highest supported file format is Barracuda.
2014-11-24 12:53:00 3204 [Note] InnoDB: The log sequence numbers 1626134 and 1626134 in ibdata files do not match the log sequence number 1626726 in the ib_logfiles!
2014-11-24 12:53:00 3204 [Note] InnoDB: Database was not shutdown normally!
2014-11-24 12:53:00 3204 [Note] InnoDB: Starting crash recovery.
2014-11-24 12:53:00 3204 [Note] InnoDB: Reading tablespace information from the .ibd files...
2014-11-24 12:53:00 3204 [Note] InnoDB: Restoring possible half-written data pages 
2014-11-24 12:53:00 3204 [Note] InnoDB: from the doublewrite buffer...
2014-11-24 12:53:00 3204 [Note] InnoDB: 128 rollback segment(s) are active.
2014-11-24 12:53:00 3204 [Note] InnoDB: Waiting for purge to start
2014-11-24 12:53:00 3204 [Note] InnoDB: 5.6.13 started; log sequence number 1626726
2014-11-24 12:53:00 3204 [Note] Server hostname (bind-address): '*'; port: 3307
2014-11-24 12:53:00 3204 [Note] IPv6 is available.
2014-11-24 12:53:00 3204 [Note]   - '::' resolves to '::';
2014-11-24 12:53:00 3204 [Note] Server socket created on IP: '::'.
2014-11-24 12:53:00 3204 [Note] Event Scheduler: Loaded 0 events
2014-11-24 12:53:00 3204 [Note] D:\Documents\GitHub\2IV35\USBWebserver v8.6/mysql/bin/mysqld_usbwv8.exe: ready for connections.
Version: '5.6.13'  socket: ''  port: 3307  MySQL Community Server (GPL)
2014-11-24 16:10:35 4040 [Note] Plugin 'FEDERATED' is disabled.
2014-11-24 16:10:35 4040 [Note] InnoDB: The InnoDB memory heap is disabled
2014-11-24 16:10:35 4040 [Note] InnoDB: Mutexes and rw_locks use Windows interlocked functions
2014-11-24 16:10:35 4040 [Note] InnoDB: Compressed tables use zlib 1.2.3
2014-11-24 16:10:35 4040 [Note] InnoDB: Not using CPU crc32 instructions
2014-11-24 16:10:35 4040 [Note] InnoDB: Initializing buffer pool, size = 128.0M
2014-11-24 16:10:35 4040 [Note] InnoDB: Completed initialization of buffer pool
2014-11-24 16:10:35 4040 [Note] InnoDB: Highest supported file format is Barracuda.
2014-11-24 16:10:35 4040 [Note] InnoDB: The log sequence numbers 1626134 and 1626134 in ibdata files do not match the log sequence number 1626736 in the ib_logfiles!
2014-11-24 16:10:35 4040 [Note] InnoDB: Database was not shutdown normally!
2014-11-24 16:10:35 4040 [Note] InnoDB: Starting crash recovery.
2014-11-24 16:10:35 4040 [Note] InnoDB: Reading tablespace information from the .ibd files...
2014-11-24 16:10:35 4040 [Note] InnoDB: Restoring possible half-written data pages 
2014-11-24 16:10:35 4040 [Note] InnoDB: from the doublewrite buffer...
2014-11-24 16:10:35 4040 [Note] InnoDB: 128 rollback segment(s) are active.
2014-11-24 16:10:35 4040 [Note] InnoDB: Waiting for purge to start
2014-11-24 16:10:35 4040 [Note] InnoDB: 5.6.13 started; log sequence number 1626736
2014-11-24 16:10:35 4040 [Note] Server hostname (bind-address): '*'; port: 3307
2014-11-24 16:10:35 4040 [Note] IPv6 is available.
2014-11-24 16:10:35 4040 [Note]   - '::' resolves to '::';
2014-11-24 16:10:35 4040 [Note] Server socket created on IP: '::'.
2014-11-24 16:10:35 4040 [Note] Event Scheduler: Loaded 0 events
2014-11-24 16:10:35 4040 [Note] D:\Documents\GitHub\2IV35\USBWebserver v8.6/mysql/bin/mysqld_usbwv8.exe: ready for connections.
Version: '5.6.13'  socket: ''  port: 3307  MySQL Community Server (GPL)
2014-11-29 14:03:03 7700 [Note] Plugin 'FEDERATED' is disabled.
2014-11-29 14:03:03 7700 [Note] InnoDB: The InnoDB memory heap is disabled
2014-11-29 14:03:03 7700 [Note] InnoDB: Mutexes and rw_locks use Windows interlocked functions
2014-11-29 14:03:03 7700 [Note] InnoDB: Compressed tables use zlib 1.2.3
2014-11-29 14:03:03 7700 [Note] InnoDB: Not using CPU crc32 instructions
2014-11-29 14:03:03 7700 [Note] InnoDB: Initializing buffer pool, size = 128.0M
2014-11-29 14:03:03 7700 [Note] InnoDB: Completed initialization of buffer pool
2014-11-29 14:03:03 7700 [Note] InnoDB: Highest supported file format is Barracuda.
2014-11-29 14:03:03 7700 [Note] InnoDB: The log sequence numbers 1626134 and 1626134 in ibdata files do not match the log sequence number 1626746 in the ib_logfiles!
2014-11-29 14:03:03 7700 [Note] InnoDB: Database was not shutdown normally!
2014-11-29 14:03:03 7700 [Note] InnoDB: Starting crash recovery.
2014-11-29 14:03:03 7700 [Note] InnoDB: Reading tablespace information from the .ibd files...
2014-11-29 14:03:03 7700 [Note] InnoDB: Restoring possible half-written data pages 
2014-11-29 14:03:03 7700 [Note] InnoDB: from the doublewrite buffer...
2014-11-29 14:03:03 7700 [Note] InnoDB: 128 rollback segment(s) are active.
2014-11-29 14:03:03 7700 [Note] InnoDB: Waiting for purge to start
2014-11-29 14:03:03 7700 [Note] InnoDB: 5.6.13 started; log sequence number 1626746
2014-11-29 14:03:03 7700 [Note] Server hostname (bind-address): '*'; port: 3307
2014-11-29 14:03:03 7700 [Note] IPv6 is available.
2014-11-29 14:03:03 7700 [Note]   - '::' resolves to '::';
2014-11-29 14:03:03 7700 [Note] Server socket created on IP: '::'.
2014-11-29 14:03:03 7700 [Note] Event Scheduler: Loaded 0 events
2014-11-29 14:03:03 7700 [Note] D:\Documents\GitHub\2IV35\USBWebserver v8.6/mysql/bin/mysqld_usbwv8.exe: ready for connections.
Version: '5.6.13'  socket: ''  port: 3307  MySQL Community Server (GPL)
2014-12-03 09:52:47 14648 [Note] Plugin 'FEDERATED' is disabled.
2014-12-03 09:52:47 14648 [Note] InnoDB: The InnoDB memory heap is disabled
2014-12-03 09:52:47 14648 [Note] InnoDB: Mutexes and rw_locks use Windows interlocked functions
2014-12-03 09:52:47 14648 [Note] InnoDB: Compressed tables use zlib 1.2.3
2014-12-03 09:52:47 14648 [Note] InnoDB: Not using CPU crc32 instructions
2014-12-03 09:52:47 14648 [Note] InnoDB: Initializing buffer pool, size = 128.0M
2014-12-03 09:52:47 14648 [Note] InnoDB: Completed initialization of buffer pool
2014-12-03 09:52:47 14648 [Note] InnoDB: Highest supported file format is Barracuda.
2014-12-03 09:52:47 14648 [Note] InnoDB: The log sequence numbers 1626134 and 1626134 in ibdata files do not match the log sequence number 1626756 in the ib_logfiles!
2014-12-03 09:52:47 14648 [Note] InnoDB: Database was not shutdown normally!
2014-12-03 09:52:47 14648 [Note] InnoDB: Starting crash recovery.
2014-12-03 09:52:47 14648 [Note] InnoDB: Reading tablespace information from the .ibd files...
2014-12-03 09:52:47 14648 [Note] InnoDB: Restoring possible half-written data pages 
2014-12-03 09:52:47 14648 [Note] InnoDB: from the doublewrite buffer...
2014-12-03 09:52:47 14648 [Note] InnoDB: 128 rollback segment(s) are active.
2014-12-03 09:52:47 14648 [Note] InnoDB: Waiting for purge to start
2014-12-03 09:52:47 14648 [Note] InnoDB: 5.6.13 started; log sequence number 1626756
2014-12-03 09:52:47 14648 [Note] Server hostname (bind-address): '*'; port: 3307
2014-12-03 09:52:47 14648 [Note] IPv6 is available.
2014-12-03 09:52:47 14648 [Note]   - '::' resolves to '::';
2014-12-03 09:52:47 14648 [Note] Server socket created on IP: '::'.
2014-12-03 09:52:48 14648 [Note] Event Scheduler: Loaded 0 events
2014-12-03 09:52:48 14648 [Note] D:\Documents\GitHub\2IV35\USBWebserver v8.6/mysql/bin/mysqld_usbwv8.exe: ready for connections.
Version: '5.6.13'  socket: ''  port: 3307  MySQL Community Server (GPL)
2014-12-03 13:03:58 1452 [Note] Plugin 'FEDERATED' is disabled.
2014-12-03 13:03:58 1452 [Note] InnoDB: The InnoDB memory heap is disabled
2014-12-03 13:03:58 1452 [Note] InnoDB: Mutexes and rw_locks use Windows interlocked functions
2014-12-03 13:03:58 1452 [Note] InnoDB: Compressed tables use zlib 1.2.3
2014-12-03 13:03:58 1452 [Note] InnoDB: Not using CPU crc32 instructions
2014-12-03 13:03:58 1452 [Note] InnoDB: Initializing buffer pool, size = 128.0M
2014-12-03 13:03:58 1452 [Note] InnoDB: Completed initialization of buffer pool
2014-12-03 13:03:58 1452 [Note] InnoDB: Highest supported file format is Barracuda.
2014-12-03 13:03:58 1452 [Note] InnoDB: The log sequence numbers 1626134 and 1626134 in ibdata files do not match the log sequence number 1626766 in the ib_logfiles!
2014-12-03 13:03:58 1452 [Note] InnoDB: Database was not shutdown normally!
2014-12-03 13:03:58 1452 [Note] InnoDB: Starting crash recovery.
2014-12-03 13:03:58 1452 [Note] InnoDB: Reading tablespace information from the .ibd files...
2014-12-03 13:03:58 1452 [Note] InnoDB: Restoring possible half-written data pages 
2014-12-03 13:03:58 1452 [Note] InnoDB: from the doublewrite buffer...
2014-12-03 13:03:59 1452 [Note] InnoDB: 128 rollback segment(s) are active.
2014-12-03 13:03:59 1452 [Note] InnoDB: Waiting for purge to start
2014-12-03 13:03:59 1452 [Note] InnoDB: 5.6.13 started; log sequence number 1626766
2014-12-03 13:03:59 1452 [Note] Server hostname (bind-address): '*'; port: 3307
2014-12-03 13:03:59 1452 [Note] IPv6 is available.
2014-12-03 13:03:59 1452 [Note]   - '::' resolves to '::';
2014-12-03 13:03:59 1452 [Note] Server socket created on IP: '::'.
2014-12-03 13:03:59 1452 [Note] Event Scheduler: Loaded 0 events
2014-12-03 13:03:59 1452 [Note] D:\Documents\GitHub\2IV35\USBWebserver v8.6/mysql/bin/mysqld_usbwv8.exe: ready for connections.
Version: '5.6.13'  socket: ''  port: 3307  MySQL Community Server (GPL)
2014-12-04 12:49:26 14732 [Note] Plugin 'FEDERATED' is disabled.
2014-12-04 12:49:26 14732 [Note] InnoDB: The InnoDB memory heap is disabled
2014-12-04 12:49:26 14732 [Note] InnoDB: Mutexes and rw_locks use Windows interlocked functions
2014-12-04 12:49:26 14732 [Note] InnoDB: Compressed tables use zlib 1.2.3
2014-12-04 12:49:26 14732 [Note] InnoDB: Not using CPU crc32 instructions
2014-12-04 12:49:26 14732 [Note] InnoDB: Initializing buffer pool, size = 128.0M
2014-12-04 12:49:26 14732 [Note] InnoDB: Completed initialization of buffer pool
2014-12-04 12:49:26 14732 [Note] InnoDB: Highest supported file format is Barracuda.
2014-12-04 12:49:26 14732 [Note] InnoDB: The log sequence numbers 1626134 and 1626134 in ibdata files do not match the log sequence number 1626776 in the ib_logfiles!
2014-12-04 12:49:26 14732 [Note] InnoDB: Database was not shutdown normally!
2014-12-04 12:49:26 14732 [Note] InnoDB: Starting crash recovery.
2014-12-04 12:49:26 14732 [Note] InnoDB: Reading tablespace information from the .ibd files...
2014-12-04 12:49:26 14732 [Note] InnoDB: Restoring possible half-written data pages 
2014-12-04 12:49:26 14732 [Note] InnoDB: from the doublewrite buffer...
2014-12-04 12:49:26 14732 [Note] InnoDB: 128 rollback segment(s) are active.
2014-12-04 12:49:26 14732 [Note] InnoDB: Waiting for purge to start
2014-12-04 12:49:26 14732 [Note] InnoDB: 5.6.13 started; log sequence number 1626776
2014-12-04 12:49:26 14732 [Note] Server hostname (bind-address): '*'; port: 3307
2014-12-04 12:49:26 14732 [Note] IPv6 is available.
2014-12-04 12:49:26 14732 [Note]   - '::' resolves to '::';
2014-12-04 12:49:26 14732 [Note] Server socket created on IP: '::'.
2014-12-04 12:49:26 14732 [Note] Event Scheduler: Loaded 0 events
2014-12-04 12:49:26 14732 [Note] D:\Documents\GitHub\2IV35\USBWebserver v8.6/mysql/bin/mysqld_usbwv8.exe: ready for connections.
Version: '5.6.13'  socket: ''  port: 3307  MySQL Community Server (GPL)
2014-12-05 11:57:32 13060 [Note] Plugin 'FEDERATED' is disabled.
2014-12-05 11:57:32 13060 [Note] InnoDB: The InnoDB memory heap is disabled
2014-12-05 11:57:32 13060 [Note] InnoDB: Mutexes and rw_locks use Windows interlocked functions
2014-12-05 11:57:32 13060 [Note] InnoDB: Compressed tables use zlib 1.2.3
2014-12-05 11:57:32 13060 [Note] InnoDB: Not using CPU crc32 instructions
2014-12-05 11:57:32 13060 [Note] InnoDB: Initializing buffer pool, size = 128.0M
2014-12-05 11:57:32 13060 [Note] InnoDB: Completed initialization of buffer pool
2014-12-05 11:57:32 13060 [Note] InnoDB: Highest supported file format is Barracuda.
2014-12-05 11:57:32 13060 [Note] InnoDB: The log sequence numbers 1626134 and 1626134 in ibdata files do not match the log sequence number 1626786 in the ib_logfiles!
2014-12-05 11:57:32 13060 [Note] InnoDB: Database was not shutdown normally!
2014-12-05 11:57:32 13060 [Note] InnoDB: Starting crash recovery.
2014-12-05 11:57:32 13060 [Note] InnoDB: Reading tablespace information from the .ibd files...
2014-12-05 11:57:32 13060 [Note] InnoDB: Restoring possible half-written data pages 
2014-12-05 11:57:32 13060 [Note] InnoDB: from the doublewrite buffer...
2014-12-05 11:57:33 13060 [Note] InnoDB: 128 rollback segment(s) are active.
2014-12-05 11:57:33 13060 [Note] InnoDB: Waiting for purge to start
2014-12-05 11:57:33 13060 [Note] InnoDB: 5.6.13 started; log sequence number 1626786
2014-12-05 11:57:33 13060 [Note] Server hostname (bind-address): '*'; port: 3307
2014-12-05 11:57:33 13060 [Note] IPv6 is available.
2014-12-05 11:57:33 13060 [Note]   - '::' resolves to '::';
2014-12-05 11:57:33 13060 [Note] Server socket created on IP: '::'.
2014-12-05 11:57:33 13060 [Note] Event Scheduler: Loaded 0 events
2014-12-05 11:57:33 13060 [Note] D:\Documents\GitHub\2IV35\USBWebserver v8.6/mysql/bin/mysqld_usbwv8.exe: ready for connections.
Version: '5.6.13'  socket: ''  port: 3307  MySQL Community Server (GPL)
2015-01-23 15:03:34 11340 [Note] Plugin 'FEDERATED' is disabled.
2015-01-23 15:03:34 11340 [Note] InnoDB: The InnoDB memory heap is disabled
2015-01-23 15:03:34 11340 [Note] InnoDB: Mutexes and rw_locks use Windows interlocked functions
2015-01-23 15:03:34 11340 [Note] InnoDB: Compressed tables use zlib 1.2.3
2015-01-23 15:03:34 11340 [Note] InnoDB: Not using CPU crc32 instructions
2015-01-23 15:03:34 11340 [Note] InnoDB: Initializing buffer pool, size = 128.0M
2015-01-23 15:03:34 11340 [Note] InnoDB: Completed initialization of buffer pool
2015-01-23 15:03:35 11340 [Note] InnoDB: Highest supported file format is Barracuda.
2015-01-23 15:03:35 11340 [Note] InnoDB: The log sequence numbers 1626134 and 1626134 in ibdata files do not match the log sequence number 1626796 in the ib_logfiles!
2015-01-23 15:03:35 11340 [Note] InnoDB: Database was not shutdown normally!
2015-01-23 15:03:35 11340 [Note] InnoDB: Starting crash recovery.
2015-01-23 15:03:35 11340 [Note] InnoDB: Reading tablespace information from the .ibd files...
2015-01-23 15:03:35 11340 [Note] InnoDB: Restoring possible half-written data pages 
2015-01-23 15:03:35 11340 [Note] InnoDB: from the doublewrite buffer...
2015-01-23 15:03:35 11340 [Note] InnoDB: 128 rollback segment(s) are active.
2015-01-23 15:03:35 11340 [Note] InnoDB: Waiting for purge to start
2015-01-23 15:03:35 11340 [Note] InnoDB: 5.6.13 started; log sequence number 1626796
2015-01-23 15:03:35 11340 [Note] Server hostname (bind-address): '*'; port: 3307
2015-01-23 15:03:35 11340 [Note] IPv6 is available.
2015-01-23 15:03:35 11340 [Note]   - '::' resolves to '::';
2015-01-23 15:03:35 11340 [Note] Server socket created on IP: '::'.
2015-01-23 15:03:37 11340 [Note] Event Scheduler: Loaded 0 events
2015-01-23 15:03:37 11340 [Note] D:\Documents\GitHub\Visualization_2IV35\USBWebserver v8.6/mysql/bin/mysqld_usbwv8.exe: ready for connections.
Version: '5.6.13'  socket: ''  port: 3307  MySQL Community Server (GPL)
2015-01-23 15:28:57 6508 [Note] Plugin 'FEDERATED' is disabled.
2015-01-23 15:28:57 6508 [Note] InnoDB: The InnoDB memory heap is disabled
2015-01-23 15:28:57 6508 [Note] InnoDB: Mutexes and rw_locks use Windows interlocked functions
2015-01-23 15:28:57 6508 [Note] InnoDB: Compressed tables use zlib 1.2.3
2015-01-23 15:28:57 6508 [Note] InnoDB: Not using CPU crc32 instructions
2015-01-23 15:28:57 6508 [Note] InnoDB: Initializing buffer pool, size = 128.0M
2015-01-23 15:28:57 6508 [Note] InnoDB: Completed initialization of buffer pool
2015-01-23 15:28:57 6508 [Note] InnoDB: Highest supported file format is Barracuda.
2015-01-23 15:28:57 6508 [Note] InnoDB: The log sequence numbers 1626134 and 1626134 in ibdata files do not match the log sequence number 1626806 in the ib_logfiles!
2015-01-23 15:28:57 6508 [Note] InnoDB: Database was not shutdown normally!
2015-01-23 15:28:57 6508 [Note] InnoDB: Starting crash recovery.
2015-01-23 15:28:57 6508 [Note] InnoDB: Reading tablespace information from the .ibd files...
2015-01-23 15:28:57 6508 [Note] InnoDB: Restoring possible half-written data pages 
2015-01-23 15:28:57 6508 [Note] InnoDB: from the doublewrite buffer...
2015-01-23 15:28:57 6508 [Note] InnoDB: 128 rollback segment(s) are active.
2015-01-23 15:28:57 6508 [Note] InnoDB: Waiting for purge to start
2015-01-23 15:28:57 6508 [Note] InnoDB: 5.6.13 started; log sequence number 1626806
2015-01-23 15:28:57 6508 [Note] Server hostname (bind-address): '*'; port: 3307
2015-01-23 15:28:57 6508 [Note] IPv6 is available.
2015-01-23 15:28:57 6508 [Note]   - '::' resolves to '::';
2015-01-23 15:28:57 6508 [Note] Server socket created on IP: '::'.
2015-01-23 15:28:57 6508 [Note] Event Scheduler: Loaded 0 events
2015-01-23 15:28:57 6508 [Note] D:\Documents\GitHub\Visualization_2IV35\USBWebserver v8.6/mysql/bin/mysqld_usbwv8.exe: ready for connections.
Version: '5.6.13'  socket: ''  port: 3307  MySQL Community Server (GPL)
2015-01-23 15:42:56 11796 [Note] Plugin 'FEDERATED' is disabled.
2015-01-23 15:42:56 11796 [Note] InnoDB: The InnoDB memory heap is disabled
2015-01-23 15:42:56 11796 [Note] InnoDB: Mutexes and rw_locks use Windows interlocked functions
2015-01-23 15:42:56 11796 [Note] InnoDB: Compressed tables use zlib 1.2.3
2015-01-23 15:42:56 11796 [Note] InnoDB: Not using CPU crc32 instructions
2015-01-23 15:42:56 11796 [Note] InnoDB: Initializing buffer pool, size = 128.0M
2015-01-23 15:42:56 11796 [Note] InnoDB: Completed initialization of buffer pool
2015-01-23 15:42:56 11796 [ERROR] InnoDB: D:\Documents\GitHub\Visualization_2IV35\USBWebserver v8.6\mysql\data\ibdata1 can't be opened in read-write mode
2015-01-23 15:42:56 11796 [ERROR] InnoDB: The system tablespace must be writable!
2015-01-23 15:42:56 11796 [ERROR] Plugin 'InnoDB' init function returned error.
2015-01-23 15:42:56 11796 [ERROR] Plugin 'InnoDB' registration as a STORAGE ENGINE failed.
2015-01-23 15:42:56 11796 [ERROR] Unknown/unsupported storage engine: InnoDB
2015-01-23 15:42:56 11796 [ERROR] Aborting

2015-01-23 15:42:56 11796 [Note] Binlog end
2015-01-23 15:42:56 11796 [Note] Shutting down plugin 'partition'
2015-01-23 15:42:56 11796 [Note] Shutting down plugin 'PERFORMANCE_SCHEMA'
2015-01-23 15:42:56 11796 [Note] Shutting down plugin 'INNODB_SYS_DATAFILES'
2015-01-23 15:42:56 11796 [Note] Shutting down plugin 'INNODB_SYS_TABLESPACES'
2015-01-23 15:42:56 11796 [Note] Shutting down plugin 'INNODB_SYS_FOREIGN_COLS'
2015-01-23 15:42:56 11796 [Note] Shutting down plugin 'INNODB_SYS_FOREIGN'
2015-01-23 15:42:56 11796 [Note] Shutting down plugin 'INNODB_SYS_FIELDS'
2015-01-23 15:42:56 11796 [Note] Shutting down plugin 'INNODB_SYS_COLUMNS'
2015-01-23 15:42:56 11796 [Note] Shutting down plugin 'INNODB_SYS_INDEXES'
2015-01-23 15:42:56 11796 [Note] Shutting down plugin 'INNODB_SYS_TABLESTATS'
2015-01-23 15:42:56 11796 [Note] Shutting down plugin 'INNODB_SYS_TABLES'
2015-01-23 15:42:56 11796 [Note] Shutting down plugin 'INNODB_FT_INDEX_TABLE'
2015-01-23 15:42:56 11796 [Note] Shutting down plugin 'INNODB_FT_INDEX_CACHE'
2015-01-23 15:42:56 11796 [Note] Shutting down plugin 'INNODB_FT_CONFIG'
2015-01-23 15:42:56 11796 [Note] Shutting down plugin 'INNODB_FT_BEING_DELETED'
2015-01-23 15:42:56 11796 [Note] Shutting down plugin 'INNODB_FT_DELETED'
2015-01-23 15:42:56 11796 [Note] Shutting down plugin 'INNODB_FT_DEFAULT_STOPWORD'
2015-01-23 15:42:56 11796 [Note] Shutting down plugin 'INNODB_METRICS'
2015-01-23 15:42:56 11796 [Note] Shutting down plugin 'INNODB_BUFFER_POOL_STATS'
2015-01-23 15:42:56 11796 [Note] Shutting down plugin 'INNODB_BUFFER_PAGE_LRU'
2015-01-23 15:42:56 11796 [Note] Shutting down plugin 'INNODB_BUFFER_PAGE'
2015-01-23 15:42:56 11796 [Note] Shutting down plugin 'INNODB_CMP_PER_INDEX_RESET'
2015-01-23 15:42:56 11796 [Note] Shutting down plugin 'INNODB_CMP_PER_INDEX'
2015-01-23 15:42:56 11796 [Note] Shutting down plugin 'INNODB_CMPMEM_RESET'
2015-01-23 15:42:56 11796 [Note] Shutting down plugin 'INNODB_CMPMEM'
2015-01-23 15:42:56 11796 [Note] Shutting down plugin 'INNODB_CMP_RESET'
2015-01-23 15:42:56 11796 [Note] Shutting down plugin 'INNODB_CMP'
2015-01-23 15:42:56 11796 [Note] Shutting down plugin 'INNODB_LOCK_WAITS'
2015-01-23 15:42:56 11796 [Note] Shutting down plugin 'INNODB_LOCKS'
2015-01-23 15:42:56 11796 [Note] Shutting down plugin 'INNODB_TRX'
2015-01-23 15:42:56 11796 [Note] Shutting down plugin 'BLACKHOLE'
2015-01-23 15:42:56 11796 [Note] Shutting down plugin 'ARCHIVE'
2015-01-23 15:42:56 11796 [Note] Shutting down plugin 'MRG_MYISAM'
2015-01-23 15:42:56 11796 [Note] Shutting down plugin 'MyISAM'
2015-01-23 15:42:56 11796 [Note] Shutting down plugin 'MEMORY'
2015-01-23 15:42:56 11796 [Note] Shutting down plugin 'CSV'
2015-01-23 15:42:56 11796 [Note] Shutting down plugin 'sha256_password'
2015-01-23 15:42:56 11796 [Note] Shutting down plugin 'mysql_old_password'
2015-01-23 15:42:56 11796 [Note] Shutting down plugin 'mysql_native_password'
2015-01-23 15:42:56 11796 [Note] Shutting down plugin 'binlog'
2015-01-23 15:42:56 11796 [Note] D:\Documents\GitHub\Visualization_2IV35\USBWebserver v8.6/mysql/bin/mysqld_usbwv8.exe: Shutdown complete

2015-01-23 15:43:11 14196 [Note] Plugin 'FEDERATED' is disabled.
2015-01-23 15:43:11 14196 [Note] InnoDB: The InnoDB memory heap is disabled
2015-01-23 15:43:11 14196 [Note] InnoDB: Mutexes and rw_locks use Windows interlocked functions
2015-01-23 15:43:11 14196 [Note] InnoDB: Compressed tables use zlib 1.2.3
2015-01-23 15:43:11 14196 [Note] InnoDB: Not using CPU crc32 instructions
2015-01-23 15:43:11 14196 [Note] InnoDB: Initializing buffer pool, size = 128.0M
2015-01-23 15:43:12 14196 [Note] InnoDB: Completed initialization of buffer pool
2015-01-23 15:43:12 14196 [Note] InnoDB: Highest supported file format is Barracuda.
2015-01-23 15:43:12 14196 [Note] InnoDB: The log sequence numbers 1626134 and 1626134 in ibdata files do not match the log sequence number 1626816 in the ib_logfiles!
2015-01-23 15:43:12 14196 [Note] InnoDB: Database was not shutdown normally!
2015-01-23 15:43:12 14196 [Note] InnoDB: Starting crash recovery.
2015-01-23 15:43:12 14196 [Note] InnoDB: Reading tablespace information from the .ibd files...
2015-01-23 15:43:12 14196 [Note] InnoDB: Restoring possible half-written data pages 
2015-01-23 15:43:12 14196 [Note] InnoDB: from the doublewrite buffer...
2015-01-23 15:43:12 14196 [Note] InnoDB: 128 rollback segment(s) are active.
2015-01-23 15:43:12 14196 [Note] InnoDB: Waiting for purge to start
2015-01-23 15:43:12 14196 [Note] InnoDB: 5.6.13 started; log sequence number 1626816
2015-01-23 15:43:12 14196 [Note] Server hostname (bind-address): '*'; port: 3307
2015-01-23 15:43:12 14196 [Note] IPv6 is available.
2015-01-23 15:43:12 14196 [Note]   - '::' resolves to '::';
2015-01-23 15:43:12 14196 [Note] Server socket created on IP: '::'.
2015-01-23 15:43:12 14196 [Note] Event Scheduler: Loaded 0 events
2015-01-23 15:43:12 14196 [Note] D:\Documents\GitHub\Visualization_2IV35\USBWebserver v8.6/mysql/bin/mysqld_usbwv8.exe: ready for connections.
Version: '5.6.13'  socket: ''  port: 3307  MySQL Community Server (GPL)
2015-01-23 15:57:54 9336 [Note] Plugin 'FEDERATED' is disabled.
2015-01-23 15:57:54 9336 [Note] InnoDB: The InnoDB memory heap is disabled
2015-01-23 15:57:54 9336 [Note] InnoDB: Mutexes and rw_locks use Windows interlocked functions
2015-01-23 15:57:54 9336 [Note] InnoDB: Compressed tables use zlib 1.2.3
2015-01-23 15:57:54 9336 [Note] InnoDB: Not using CPU crc32 instructions
2015-01-23 15:57:54 9336 [Note] InnoDB: Initializing buffer pool, size = 128.0M
2015-01-23 15:57:54 9336 [Note] InnoDB: Completed initialization of buffer pool
2015-01-23 15:57:54 9336 [Note] InnoDB: Highest supported file format is Barracuda.
2015-01-23 15:57:54 9336 [Note] InnoDB: The log sequence numbers 1626134 and 1626134 in ibdata files do not match the log sequence number 1626826 in the ib_logfiles!
2015-01-23 15:57:54 9336 [Note] InnoDB: Database was not shutdown normally!
2015-01-23 15:57:54 9336 [Note] InnoDB: Starting crash recovery.
2015-01-23 15:57:54 9336 [Note] InnoDB: Reading tablespace information from the .ibd files...
2015-01-23 15:57:54 9336 [Note] InnoDB: Restoring possible half-written data pages 
2015-01-23 15:57:54 9336 [Note] InnoDB: from the doublewrite buffer...
2015-01-23 15:57:54 9336 [Note] InnoDB: 128 rollback segment(s) are active.
2015-01-23 15:57:54 9336 [Note] InnoDB: Waiting for purge to start
2015-01-23 15:57:55 9336 [Note] InnoDB: 5.6.13 started; log sequence number 1626826
2015-01-23 15:57:55 9336 [Note] Server hostname (bind-address): '*'; port: 3307
2015-01-23 15:57:55 9336 [Note] IPv6 is available.
2015-01-23 15:57:55 9336 [Note]   - '::' resolves to '::';
2015-01-23 15:57:55 9336 [Note] Server socket created on IP: '::'.
2015-01-23 15:57:55 9336 [Note] Event Scheduler: Loaded 0 events
2015-01-23 15:57:55 9336 [Note] D:\Documents\GitHub\Visualization_2IV35\USBWebserver v8.6/mysql/bin/mysqld_usbwv8.exe: ready for connections.
Version: '5.6.13'  socket: ''  port: 3307  MySQL Community Server (GPL)
