This is pdfTeX, Version 3.1415926-2.5-1.40.14 (MiKTeX 2.9) (preloaded format=pdflatex 2014.9.9)  11 JAN 2015 20:32
entering extended mode
**C:/Users/Luuk/Source/Repos/Visualization_2IV35/Assignment*2/Report/2IV35.tex
("C:/Users/Luuk/Source/Repos/Visualization_2IV35/Assignment 2/Report/2IV35.tex"
LaTeX2e <2011/06/27>
Babel <v3.8m> and hyphenation patterns for english, afrikaans, ancientgreek, ar
abic, armenian, assamese, basque, bengali, bokmal, bulgarian, catalan, coptic, 
croatian, czech, danish, dutch, esperanto, estonian, farsi, finnish, french, ga
lician, german, german-x-2013-05-26, greek, gujarati, hindi, hungarian, iceland
ic, indonesian, interlingua, irish, italian, kannada, kurmanji, latin, latvian,
 lithuanian, malayalam, marathi, mongolian, mongolianlmc, monogreek, ngerman, n
german-x-2013-05-26, nynorsk, oriya, panjabi, pinyin, polish, portuguese, roman
ian, russian, sanskrit, serbian, slovak, slovenian, spanish, swedish, swissgerm
an, tamil, telugu, turkish, turkmen, ukenglish, ukrainian, uppersorbian, usengl
ishmax, welsh, loaded.
("C:\Program Files (x86)\MiKTeX 2.9\tex\latex\base\article.cls"
Document Class: article 2007/10/19 v1.4h Standard LaTeX document class
("C:\Program Files (x86)\MiKTeX 2.9\tex\latex\base\size11.clo"
File: size11.clo 2007/10/19 v1.4h Standard LaTeX file (size option)
)
\c@part=\count79
\c@section=\count80
\c@subsection=\count81
\c@subsubsection=\count82
\c@paragraph=\count83
\c@subparagraph=\count84
\c@figure=\count85
\c@table=\count86
\abovecaptionskip=\skip41
\belowcaptionskip=\skip42
\bibindent=\dimen102
)
("C:\Program Files (x86)\MiKTeX 2.9\tex\latex\a4wide\a4wide.sty"
Package: a4wide 1994/08/30

("C:\Program Files (x86)\MiKTeX 2.9\tex\latex\ntgclass\a4.sty"
Package: a4 2004/04/15 v1.2g A4 based page layout
))
("C:\Program Files (x86)\MiKTeX 2.9\tex\latex\graphics\graphicx.sty"
Package: graphicx 1999/02/16 v1.0f Enhanced LaTeX Graphics (DPC,SPQR)

("C:\Program Files (x86)\MiKTeX 2.9\tex\latex\graphics\keyval.sty"
Package: keyval 1999/03/16 v1.13 key=value parser (DPC)
\KV@toks@=\toks14
)
("C:\Program Files (x86)\MiKTeX 2.9\tex\latex\graphics\graphics.sty"
Package: graphics 2009/02/05 v1.0o Standard LaTeX Graphics (DPC,SPQR)

("C:\Program Files (x86)\MiKTeX 2.9\tex\latex\graphics\trig.sty"
Package: trig 1999/03/16 v1.09 sin cos tan (DPC)
)
("C:\Program Files (x86)\MiKTeX 2.9\tex\latex\00miktex\graphics.cfg"
File: graphics.cfg 2007/01/18 v1.5 graphics configuration of teTeX/TeXLive
)
Package graphics Info: Driver file: pdftex.def on input line 91.

("C:\Program Files (x86)\MiKTeX 2.9\tex\latex\pdftex-def\pdftex.def"
File: pdftex.def 2011/05/27 v0.06d Graphics/color for pdfTeX

("C:\Program Files (x86)\MiKTeX 2.9\tex\generic\oberdiek\infwarerr.sty"
Package: infwarerr 2010/04/08 v1.3 Providing info/warning/error messages (HO)
)
("C:\Program Files (x86)\MiKTeX 2.9\tex\generic\oberdiek\ltxcmds.sty"
Package: ltxcmds 2011/11/09 v1.22 LaTeX kernel commands for general use (HO)
)
\Gread@gobject=\count87
))
\Gin@req@height=\dimen103
\Gin@req@width=\dimen104
)
("C:\Program Files (x86)\MiKTeX 2.9\tex\latex\fancyhdr\fancyhdr.sty"
\fancy@headwidth=\skip43
\f@ncyO@elh=\skip44
\f@ncyO@erh=\skip45
\f@ncyO@olh=\skip46
\f@ncyO@orh=\skip47
\f@ncyO@elf=\skip48
\f@ncyO@erf=\skip49
\f@ncyO@olf=\skip50
\f@ncyO@orf=\skip51
)
("C:\Program Files (x86)\MiKTeX 2.9\tex\latex\amsmath\amsmath.sty"
Package: amsmath 2013/01/14 v2.14 AMS math features
\@mathmargin=\skip52

For additional information on amsmath, use the `?' option.
("C:\Program Files (x86)\MiKTeX 2.9\tex\latex\amsmath\amstext.sty"
Package: amstext 2000/06/29 v2.01

("C:\Program Files (x86)\MiKTeX 2.9\tex\latex\amsmath\amsgen.sty"
File: amsgen.sty 1999/11/30 v2.0
\@emptytoks=\toks15
\ex@=\dimen105
))
("C:\Program Files (x86)\MiKTeX 2.9\tex\latex\amsmath\amsbsy.sty"
Package: amsbsy 1999/11/29 v1.2d
\pmbraise@=\dimen106
)
("C:\Program Files (x86)\MiKTeX 2.9\tex\latex\amsmath\amsopn.sty"
Package: amsopn 1999/12/14 v2.01 operator names
)
\inf@bad=\count88
LaTeX Info: Redefining \frac on input line 210.
\uproot@=\count89
\leftroot@=\count90
LaTeX Info: Redefining \overline on input line 306.
\classnum@=\count91
\DOTSCASE@=\count92
LaTeX Info: Redefining \ldots on input line 378.
LaTeX Info: Redefining \dots on input line 381.
LaTeX Info: Redefining \cdots on input line 466.
\Mathstrutbox@=\box26
\strutbox@=\box27
\big@size=\dimen107
LaTeX Font Info:    Redeclaring font encoding OML on input line 566.
LaTeX Font Info:    Redeclaring font encoding OMS on input line 567.
\macc@depth=\count93
\c@MaxMatrixCols=\count94
\dotsspace@=\muskip10
\c@parentequation=\count95
\dspbrk@lvl=\count96
\tag@help=\toks16
\row@=\count97
\column@=\count98
\maxfields@=\count99
\andhelp@=\toks17
\eqnshift@=\dimen108
\alignsep@=\dimen109
\tagshift@=\dimen110
\tagwidth@=\dimen111
\totwidth@=\dimen112
\lineht@=\dimen113
\@envbody=\toks18
\multlinegap=\skip53
\multlinetaggap=\skip54
\mathdisplay@stack=\toks19
LaTeX Info: Redefining \[ on input line 2665.
LaTeX Info: Redefining \] on input line 2666.
)
("C:\Program Files (x86)\MiKTeX 2.9\tex\latex\amsfonts\amssymb.sty"
Package: amssymb 2013/01/14 v3.01 AMS font symbols

("C:\Program Files (x86)\MiKTeX 2.9\tex\latex\amsfonts\amsfonts.sty"
Package: amsfonts 2013/01/14 v3.01 Basic AMSFonts support
\symAMSa=\mathgroup4
\symAMSb=\mathgroup5
LaTeX Font Info:    Overwriting math alphabet `\mathfrak' in version `bold'
(Font)                  U/euf/m/n --> U/euf/b/n on input line 106.
))
("C:\Program Files (x86)\MiKTeX 2.9\tex\latex\tools\enumerate.sty"
Package: enumerate 1999/03/05 v3.00 enumerate extensions (DPC)
\@enLab=\toks20
)
("C:\Program Files (x86)\MiKTeX 2.9\tex\latex\caption\caption.sty"
Package: caption 2013/05/02 v3.3-89 Customizing captions (AR)

("C:\Program Files (x86)\MiKTeX 2.9\tex\latex\caption\caption3.sty"
Package: caption3 2013/05/02 v1.6-88 caption3 kernel (AR)
Package caption3 Info: TeX engine: e-TeX on input line 57.
\captionmargin=\dimen114
\captionmargin@=\dimen115
\captionwidth=\dimen116
\caption@tempdima=\dimen117
\caption@indent=\dimen118
\caption@parindent=\dimen119
\caption@hangindent=\dimen120
)
\c@ContinuedFloat=\count100
)
("C:\Program Files (x86)\MiKTeX 2.9\tex\latex\caption\subcaption.sty"
Package: subcaption 2013/02/03 v1.1-62 Sub-captions (AR)
\c@subfigure=\count101
\c@subtable=\count102
)
("C:\Program Files (x86)\MiKTeX 2.9\tex\latex\wrapfig\wrapfig.sty"
\wrapoverhang=\dimen121
\WF@size=\dimen122
\c@WF@wrappedlines=\count103
\WF@box=\box28
\WF@everypar=\toks21
Package: wrapfig 2003/01/31  v 3.6
)
("C:\Users\Luuk\Source\Repos\Visualization_2IV35\Assignment 2\Report\2IV35.aux"
)
LaTeX Font Info:    Checking defaults for OML/cmm/m/it on input line 34.
LaTeX Font Info:    ... okay on input line 34.
LaTeX Font Info:    Checking defaults for T1/cmr/m/n on input line 34.
LaTeX Font Info:    ... okay on input line 34.
LaTeX Font Info:    Checking defaults for OT1/cmr/m/n on input line 34.
LaTeX Font Info:    ... okay on input line 34.
LaTeX Font Info:    Checking defaults for OMS/cmsy/m/n on input line 34.
LaTeX Font Info:    ... okay on input line 34.
LaTeX Font Info:    Checking defaults for OMX/cmex/m/n on input line 34.
LaTeX Font Info:    ... okay on input line 34.
LaTeX Font Info:    Checking defaults for U/cmr/m/n on input line 34.
LaTeX Font Info:    ... okay on input line 34.
 ("C:\Program Files (x86)\MiKTeX 2.9\tex\context\base\supp-pdf.mkii"
[Loading MPS to PDF converter (version 2006.09.02).]
\scratchcounter=\count104
\scratchdimen=\dimen123
\scratchbox=\box29
\nofMPsegments=\count105
\nofMParguments=\count106
\everyMPshowfont=\toks22
\MPscratchCnt=\count107
\MPscratchDim=\dimen124
\MPnumerator=\count108
\makeMPintoPDFobject=\count109
\everyMPtoPDFconversion=\toks23
)
Package caption Info: Begin \AtBeginDocument code.
Package caption Info: wrapfig package is loaded.
Package caption Info: End \AtBeginDocument code.


LaTeX Font Warning: Font shape `OT1/cmr/bx/sc' undefined
(Font)              using `OT1/cmr/bx/n' instead on input line 39.

LaTeX Font Info:    Try loading font information for U+msa on input line 54.
("C:\Program Files (x86)\MiKTeX 2.9\tex\latex\amsfonts\umsa.fd"
File: umsa.fd 2013/01/14 v3.01 AMS symbols A
)
LaTeX Font Info:    Try loading font information for U+msb on input line 54.

("C:\Program Files (x86)\MiKTeX 2.9\tex\latex\amsfonts\umsb.fd"
File: umsb.fd 2013/01/14 v3.01 AMS symbols B
) [1

{C:/ProgramData/MiKTeX/2.9/pdftex/config/pdftex.map}]
("C:\Users\Luuk\Source\Repos\Visualization_2IV35\Assignment 2\Report\2IV35.toc"
)
\tf@toc=\write3
 [2]
Underfull \hbox (badness 10000) in paragraph at lines 76--82

 []

<Images/res4.png, id=14, 433.11812pt x 420.57124pt>
File: Images/res4.png Graphic file (type png)
 <use Images/res4.png>
Package pdftex.def Info: Images/res4.png used on input line 92.
(pdftex.def)             Requested size: 132.79747pt x 128.95108pt.

<Images/res2.png, id=16, 415.5525pt x 405.01312pt>
File: Images/res2.png Graphic file (type png)
 <use Images/res2.png>
Package pdftex.def Info: Images/res2.png used on input line 97.
(pdftex.def)             Requested size: 132.79747pt x 129.42761pt.

<Images/res1.png, id=17, 409.02812pt x 404.51125pt>
File: Images/res1.png Graphic file (type png)
 <use Images/res1.png>
Package pdftex.def Info: Images/res1.png used on input line 102.
(pdftex.def)             Requested size: 132.79747pt x 131.3288pt.

[3 <C:/Users/Luuk/Source/Repos/Visualization_2IV35/Assignment 2/Report/Images/r
es4.png> <C:/Users/Luuk/Source/Repos/Visualization_2IV35/Assignment 2/Report/Im
ages/res2.png> <C:/Users/Luuk/Source/Repos/Visualization_2IV35/Assignment 2/Rep
ort/Images/res1.png>]
Missing character: There is no â in font cmr10!
Missing character: There is no € in font cmr10!
Missing character: There is no “ in font cmr10!

<SanderImages/visMIPZ.png, id=27, 738.96075pt x 601.64775pt>
File: SanderImages/visMIPZ.png Graphic file (type png)

<use SanderImages/visMIPZ.png>
Package pdftex.def Info: SanderImages/visMIPZ.png used on input line 119.
(pdftex.def)             Requested size: 208.04779pt x 169.38744pt.

<SanderImages/FishCompZ.png, id=28, 640.89438pt x 491.8375pt>
File: SanderImages/FishCompZ.png Graphic file (type png)

<use SanderImages/FishCompZ.png>
Package pdftex.def Info: SanderImages/FishCompZ.png used on input line 124.
(pdftex.def)             Requested size: 216.90276pt x 166.44954pt.
 [4 <C:/Users/Luuk/Source/Repos/Visualization_2IV35/Assignment 2/Report/SanderI
mages/visMIPZ.png> <C:/Users/Luuk/Source/Repos/Visualization_2IV35/Assignment 2
/Report/SanderImages/FishCompZ.png>]
<SanderImages/PigMIP2.png, id=32, 1154.51324pt x 603.4545pt>
File: SanderImages/PigMIP2.png Graphic file (type png)

<use SanderImages/PigMIP2.png>
Package pdftex.def Info: SanderImages/PigMIP2.png used on input line 136.
(pdftex.def)             Requested size: 442.65375pt x 231.36845pt.

<SanderImages/SkeletonMIPZ.png, id=33, 605.8635pt x 520.344pt>
File: SanderImages/SkeletonMIPZ.png Graphic file (type png)

<use SanderImages/SkeletonMIPZ.png>
Package pdftex.def Info: SanderImages/SkeletonMIPZ.png used on input line 144.
(pdftex.def)             Requested size: 141.65244pt x 121.65361pt.

<SanderImages/BonsaiMIPZ.png, id=34, 594.72188pt x 493.34312pt>
File: SanderImages/BonsaiMIPZ.png Graphic file (type png)

<use SanderImages/BonsaiMIPZ.png>
Package pdftex.def Info: SanderImages/BonsaiMIPZ.png used on input line 149.
(pdftex.def)             Requested size: 146.07654pt x 121.17499pt.

<SanderImages/OrangeMIPZ.png, id=35, 665.48625pt x 601.0455pt>
File: SanderImages/OrangeMIPZ.png Graphic file (type png)

<use SanderImages/OrangeMIPZ.png>
Package pdftex.def Info: SanderImages/OrangeMIPZ.png used on input line 154.
(pdftex.def)             Requested size: 132.79747pt x 119.93182pt.
 [5 <C:/Users/Luuk/Source/Repos/Visualization_2IV35/Assignment 2/Report/SanderI
mages/PigMIP2.png> <C:/Users/Luuk/Source/Repos/Visualization_2IV35/Assignment 2
/Report/SanderImages/SkeletonMIPZ.png> <C:/Users/Luuk/Source/Repos/Visualizatio
n_2IV35/Assignment 2/Report/SanderImages/BonsaiMIPZ.png> <C:/Users/Luuk/Source/
Repos/Visualization_2IV35/Assignment 2/Report/SanderImages/OrangeMIPZ.png>]
<Images/BonsaiCOMP.png, id=40, 1445.4pt x 743.77875pt>
File: Images/BonsaiCOMP.png Graphic file (type png)

<use Images/BonsaiCOMP.png>
Package pdftex.def Info: Images/BonsaiCOMP.png used on input line 174.
(pdftex.def)             Requested size: 442.65375pt x 227.77715pt.

<Images/OrangeCOMP.png, id=41, 1445.4pt x 744.53156pt>
File: Images/OrangeCOMP.png Graphic file (type png)

<use Images/OrangeCOMP.png>
Package pdftex.def Info: Images/OrangeCOMP.png used on input line 180.
(pdftex.def)             Requested size: 442.65375pt x 228.00768pt.


LaTeX Warning: `!h' float specifier changed to `!ht'.

<Images/PigCOMP.png, id=42, 963.6pt x 519.44063pt>
File: Images/PigCOMP.png Graphic file (type png)
 <use Images/PigCOMP.png>
Package pdftex.def Info: Images/PigCOMP.png used on input line 186.
(pdftex.def)             Requested size: 442.65375pt x 238.61269pt.


LaTeX Warning: `!h' float specifier changed to `!ht'.

[6 <C:/Users/Luuk/Source/Repos/Visualization_2IV35/Assignment 2/Report/Images/B
onsaiCOMP.png>] [7 <C:/Users/Luuk/Source/Repos/Visualization_2IV35/Assignment 2
/Report/Images/OrangeCOMP.png> <C:/Users/Luuk/Source/Repos/Visualization_2IV35/
Assignment 2/Report/Images/PigCOMP.png>] [8]
("C:\Users\Luuk\Source\Repos\Visualization_2IV35\Assignment 2\Report\2IV35.aux"
)

LaTeX Font Warning: Some font shapes were not available, defaults substituted.

 ) 
Here is how much of TeX's memory you used:
 3451 strings out of 493921
 50197 string characters out of 3144880
 107914 words of memory out of 3000000
 6701 multiletter control sequences out of 15000+200000
 15221 words of font info for 57 fonts, out of 3000000 for 9000
 841 hyphenation exceptions out of 8191
 36i,10n,43p,578b,528s stack positions out of 5000i,500n,10000p,200000b,50000s
<C:/Program Files (x86)/MiKTeX 2.9/fonts/type1/public/amsfonts/cm/cmbx10.pfb>
<C:/Program Files (x86)/MiKTeX 2.9/fonts/type1/public/amsfonts/cm/cmbx12.pfb><C
:/Program Files (x86)/MiKTeX 2.9/fonts/type1/public/amsfonts/cm/cmbxti10.pfb><C
:/Program Files (x86)/MiKTeX 2.9/fonts/type1/public/amsfonts/cm/cmcsc10.pfb><C:
/Program Files (x86)/MiKTeX 2.9/fonts/type1/public/amsfonts/cm/cmmi10.pfb><C:/P
rogram Files (x86)/MiKTeX 2.9/fonts/type1/public/amsfonts/cm/cmmi8.pfb><C:/Prog
ram Files (x86)/MiKTeX 2.9/fonts/type1/public/amsfonts/cm/cmr10.pfb><C:/Program
 Files (x86)/MiKTeX 2.9/fonts/type1/public/amsfonts/cm/cmr12.pfb><C:/Program Fi
les (x86)/MiKTeX 2.9/fonts/type1/public/amsfonts/cm/cmr7.pfb><C:/Program Files 
(x86)/MiKTeX 2.9/fonts/type1/public/amsfonts/cm/cmr8.pfb><C:/Program Files (x86
)/MiKTeX 2.9/fonts/type1/public/amsfonts/cm/cmssbx10.pfb><C:/Program Files (x86
)/MiKTeX 2.9/fonts/type1/public/amsfonts/cm/cmsy10.pfb><C:/Program Files (x86)/
MiKTeX 2.9/fonts/type1/public/amsfonts/cm/cmsy8.pfb>
Output written on 2IV35.pdf (8 pages, 5392117 bytes).
PDF statistics:
 101 PDF objects out of 1000 (max. 8388607)
 0 named destinations out of 1000 (max. 500000)
 61 words of extra memory for PDF output out of 10000 (max. 10000000)

